【11:30:59.596】  Yuebon.Quartz.Job.MessageNotice.OperateTrajectoryQuartz T18 
方法名称：SendTrajectoryNotice
日志内容：消息推送,用户:2019091014550757968715
{
  "ErrCode": "用户拒绝接受消息",
  "ErrMsg": null,
  "Success": false,
  "ResData": null
}
【11:31:01.750】  Yuebon.Quartz.Job.MessageNotice.OperateTrajectoryQuartz T18 
方法名称：SendTrajectoryNotice
日志内容：消息推送,用户:2019100511085423515104
{
  "ErrCode": "用户拒绝接受消息",
  "ErrMsg": null,
  "Success": false,
  "ResData": null
}
【11:31:02.343】  Yuebon.Quartz.Job.MessageNotice.OperateTrajectoryQuartz T18 
方法名称：SendTrajectoryNotice
日志内容：消息推送,用户:2019103023312014234238
{
  "ErrCode": "-1",
  "ErrMsg": null,
  "Success": false,
  "ResData": null
}
【11:34:35.502】  Yuebon.Quartz.Job.MessageNotice.OperateTrajectoryQuartz T22 
方法名称：SendTrajectoryNotice
日志内容：消息推送,用户:2019091014550757968715
{
  "ErrCode": "用户拒绝接受消息",
  "ErrMsg": null,
  "Success": false,
  "ResData": null
}
【11:34:36.695】  Yuebon.Quartz.Job.MessageNotice.OperateTrajectoryQuartz T22 
方法名称：SendTrajectoryNotice
日志内容：消息推送,用户:2019100511085423515104
{
  "ErrCode": "用户拒绝接受消息",
  "ErrMsg": null,
  "Success": false,
  "ResData": null
}
【11:34:36.828】  Yuebon.Quartz.Job.MessageNotice.OperateTrajectoryQuartz T22 
方法名称：SendTrajectoryNotice
日志内容：消息推送,用户:2019103023312014234238
{
  "ErrCode": "-1",
  "ErrMsg": null,
  "Success": false,
  "ResData": null
}
【11:37:03.520】  Yuebon.Quartz.Job.MessageNotice.OperateTrajectoryQuartz T5 
方法名称：SendTrajectoryNotice
日志内容：消息推送,用户:2019091014550757968715
{
  "ErrCode": "用户拒绝接受消息",
  "ErrMsg": null,
  "Success": false,
  "ResData": null
}
【11:42:38.242】  Yuebon.Quartz.Job.MessageNotice.OperateTrajectoryQuartz T22 
方法名称：SendTrajectoryNotice
日志内容：消息推送,用户:2019091014550757968715
{
  "ErrCode": "用户拒绝接受消息",
  "ErrMsg": null,
  "Success": false,
  "ResData": null
}
【11:42:45.036】  Yuebon.Quartz.Job.MessageNotice.OperateTrajectoryQuartz T22 
方法名称：SendTrajectoryNotice
日志内容：消息推送,用户:2019100511085423515104
{
  "ErrCode": "用户拒绝接受消息",
  "ErrMsg": null,
  "Success": false,
  "ResData": null
}
【11:42:45.111】  Yuebon.Quartz.Job.MessageNotice.OperateTrajectoryQuartz T22 
方法名称：SendTrajectoryNotice
日志内容：消息推送,用户:2019103023312014234238
{
  "ErrCode": "-1",
  "ErrMsg": null,
  "Success": false,
  "ResData": null
}
【11:44:23.667】  Yuebon.Quartz.Job.MessageNotice.OperateTrajectoryQuartz T22 
方法名称：SendTrajectoryNotice
日志内容：消息推送,用户:2019091014550757968715
{
  "ErrCode": "用户拒绝接受消息",
  "ErrMsg": null,
  "Success": false,
  "ResData": null
}
【11:44:31.629】  Yuebon.Quartz.Job.MessageNotice.OperateTrajectoryQuartz T22 
方法名称：SendTrajectoryNotice
日志内容：消息推送,用户:2019100511085423515104
{
  "ErrCode": "用户拒绝接受消息",
  "ErrMsg": null,
  "Success": false,
  "ResData": null
}
【11:44:31.677】  Yuebon.Quartz.Job.MessageNotice.OperateTrajectoryQuartz T22 
方法名称：SendTrajectoryNotice
日志内容：消息推送,用户:2019103023312014234238
{
  "ErrCode": "-1",
  "ErrMsg": null,
  "Success": false,
  "ResData": null
}
【11:50:48.441】  Yuebon.Quartz.Job.MessageNotice.OperateTrajectoryQuartz T18 
方法名称：SendTrajectoryNotice
日志内容：消息推送,用户:2019091014550757968715
{
  "ErrCode": "用户拒绝接受消息",
  "ErrMsg": null,
  "Success": false,
  "ResData": null
}
【11:50:56.072】  Yuebon.Quartz.Job.MessageNotice.OperateTrajectoryQuartz T18 
方法名称：SendTrajectoryNotice
日志内容：消息推送,用户:2019100511085423515104
{
  "ErrCode": "用户拒绝接受消息",
  "ErrMsg": null,
  "Success": false,
  "ResData": null
}
【11:50:56.123】  Yuebon.Quartz.Job.MessageNotice.OperateTrajectoryQuartz T18 
方法名称：SendTrajectoryNotice
日志内容：消息推送,用户:2019103023312014234238
{
  "ErrCode": "-1",
  "ErrMsg": null,
  "Success": false,
  "ResData": null
}
【11:53:27.241】  Yuebon.Quartz.Job.MessageNotice.OperateTrajectoryQuartz T5 
方法名称：SendTrajectoryNotice
日志内容：消息推送,用户:2019091014550757968715
{
  "ErrCode": "用户拒绝接受消息",
  "ErrMsg": null,
  "Success": false,
  "ResData": null
}
【11:53:35.765】  Yuebon.Quartz.Job.MessageNotice.OperateTrajectoryQuartz T5 
方法名称：SendTrajectoryNotice
日志内容：消息推送,用户:2019100511085423515104
{
  "ErrCode": "用户拒绝接受消息",
  "ErrMsg": null,
  "Success": false,
  "ResData": null
}
【11:53:35.805】  Yuebon.Quartz.Job.MessageNotice.OperateTrajectoryQuartz T5 
方法名称：SendTrajectoryNotice
日志内容：消息推送,用户:2019103023312014234238
{
  "ErrCode": "-1",
  "ErrMsg": null,
  "Success": false,
  "ResData": null
}
【11:57:50.026】  Yuebon.Quartz.Job.MessageNotice.OperateTrajectoryQuartz T22 
方法名称：SendTrajectoryNotice
日志内容：消息推送,用户:2019091014550757968715
{
  "ErrCode": "用户拒绝接受消息",
  "ErrMsg": null,
  "Success": false,
  "ResData": null
}
