[[[自动注册扩展缓存完成]]]
[2019/11/11 10:22:42.7836]
[线程：1]
注册总用时：32.7492ms
自动扫描程序集：0个
扩展缓存：

[[[微信扩展缓存注册完成]]]
[2019/11/11 10:22:43.4396]
[线程：1]
微信扩展缓存注册总用时：205.1541ms
扩展缓存：Senparc.Weixin.Cache.LocalContainerCacheStrategy
Senparc.Weixin.Cache.Redis.RedisContainerCacheStrategy

[[[接口调用]]]
[2019/11/11 10:25:08.2650]
[线程：44]
	URL：https://api.weixin.qq.com/sns/jscode2session?appid=wx3821f908eabc524d&secret=25aa4e5a28cb4954c7de7144445cdc55&js_code=011PZZFF1kfou70s8xIF1au1GF1PZZFV&grant_type=authorization_code
	Result：
{"session_key":"y5IO\/EWBslrSC1+h7MWK4Q==","openid":"o4Uv25WxCveS6QYtBK0xhYeWiZK0"}

[[[接口调用]]]
[2019/11/11 10:25:12.6453]
[线程：45]
	URL：https://api.weixin.qq.com/sns/jscode2session?appid=wx3821f908eabc524d&secret=25aa4e5a28cb4954c7de7144445cdc55&js_code=0214TdNc16awTv0pIVJc11MaNc14TdNq&grant_type=authorization_code
	Result：
{"session_key":"y5IO\/EWBslrSC1+h7MWK4Q==","openid":"o4Uv25WxCveS6QYtBK0xhYeWiZK0"}

[[[接口调用]]]
[2019/11/11 10:25:16.1314]
[线程：8]
	URL：https://api.weixin.qq.com/sns/jscode2session?appid=wx3821f908eabc524d&secret=25aa4e5a28cb4954c7de7144445cdc55&js_code=001lzQt71hlt6M1Fjlt71s2St71lzQt4&grant_type=authorization_code
	Result：
{"session_key":"y5IO\/EWBslrSC1+h7MWK4Q==","openid":"o4Uv25WxCveS6QYtBK0xhYeWiZK0"}

[[[接口调用]]]
[2019/11/11 10:30:49.3202]
[线程：22]
	URL：https://api.weixin.qq.com/sns/jscode2session?appid=wx3821f908eabc524d&secret=25aa4e5a28cb4954c7de7144445cdc55&js_code=071SHlCR0J4wv62iT1ER0PCoCR0SHlCU&grant_type=authorization_code
	Result：
{"session_key":"e4I9z9NsbQ3dUwThilXS1w==","openid":"o4Uv25WxCveS6QYtBK0xhYeWiZK0"}

[[[接口调用]]]
[2019/11/11 10:33:01.6927]
[线程：72]
	URL：https://api.weixin.qq.com/sns/jscode2session?appid=wx3821f908eabc524d&secret=25aa4e5a28cb4954c7de7144445cdc55&js_code=0210Fvaq03WkTm1FMY8q09qvaq00FvaA&grant_type=authorization_code
	Result：
{"session_key":"4hpGjtMz80CJaTbfxLQdXA==","openid":"o4Uv25WxCveS6QYtBK0xhYeWiZK0"}

[[[接口调用]]]
[2019/11/11 10:33:05.8215]
[线程：62]
	URL：https://api.weixin.qq.com/sns/jscode2session?appid=wx3821f908eabc524d&secret=25aa4e5a28cb4954c7de7144445cdc55&js_code=081oXB2X178QO01h7UZW1FuA2X1oXB2c&grant_type=authorization_code
	Result：
{"session_key":"4hpGjtMz80CJaTbfxLQdXA==","openid":"o4Uv25WxCveS6QYtBK0xhYeWiZK0"}

[[[接口调用]]]
[2019/11/11 10:33:34.3883]
[线程：72]
	URL：https://api.weixin.qq.com/sns/jscode2session?appid=wx3821f908eabc524d&secret=25aa4e5a28cb4954c7de7144445cdc55&js_code=061xit592FP5yK0zK8492KcD592xit5e&grant_type=authorization_code
	Result：
{"session_key":"4hpGjtMz80CJaTbfxLQdXA==","openid":"o4Uv25WxCveS6QYtBK0xhYeWiZK0"}

[[[接口调用]]]
[2019/11/11 10:33:38.2832]
[线程：64]
	URL：https://api.weixin.qq.com/sns/jscode2session?appid=wx3821f908eabc524d&secret=25aa4e5a28cb4954c7de7144445cdc55&js_code=011IqhaY0OwbsV1XlA9Y0dT0aY0IqhaB&grant_type=authorization_code
	Result：
{"session_key":"4hpGjtMz80CJaTbfxLQdXA==","openid":"o4Uv25WxCveS6QYtBK0xhYeWiZK0"}

[[[接口调用]]]
[2019/11/11 10:33:46.4553]
[线程：64]
	URL：https://api.weixin.qq.com/sns/jscode2session?appid=wx3821f908eabc524d&secret=25aa4e5a28cb4954c7de7144445cdc55&js_code=0214BQg02M8AkT02zti02S6Xg024BQgK&grant_type=authorization_code
	Result：
{"session_key":"4hpGjtMz80CJaTbfxLQdXA==","openid":"o4Uv25WxCveS6QYtBK0xhYeWiZK0"}

[[[接口调用]]]
[2019/11/11 10:36:31.7630]
[线程：84]
	URL：https://api.weixin.qq.com/sns/jscode2session?appid=wx3821f908eabc524d&secret=25aa4e5a28cb4954c7de7144445cdc55&js_code=081DiD9j0Q4zwp1aCa6j0x4E9j0DiD9v&grant_type=authorization_code
	Result：
{"session_key":"bDBB2\/TSpO4xCX61iqSKog==","openid":"o4Uv25WxCveS6QYtBK0xhYeWiZK0"}

[[[自动注册扩展缓存完成]]]
[2019/11/11 10:38:23.8955]
[线程：1]
注册总用时：13.4078ms
自动扫描程序集：0个
扩展缓存：

[[[微信扩展缓存注册完成]]]
[2019/11/11 10:38:24.2082]
[线程：1]
微信扩展缓存注册总用时：66.7322ms
扩展缓存：Senparc.Weixin.Cache.LocalContainerCacheStrategy
Senparc.Weixin.Cache.Redis.RedisContainerCacheStrategy

[[[接口调用]]]
[2019/11/11 10:38:46.8656]
[线程：5]
	URL：https://api.weixin.qq.com/sns/jscode2session?appid=wx3821f908eabc524d&secret=25aa4e5a28cb4954c7de7144445cdc55&js_code=021uo6Rf1aDTMs0vIjRf1uwqRf1uo6RM&grant_type=authorization_code
	Result：
{"session_key":"CYM2vkbdpQWlanfmZiGW7w==","openid":"o4Uv25WxCveS6QYtBK0xhYeWiZK0"}

[[[自动注册扩展缓存完成]]]
[2019/11/11 11:00:13.8252]
[线程：1]
注册总用时：11.811ms
自动扫描程序集：0个
扩展缓存：

[[[微信扩展缓存注册完成]]]
[2019/11/11 11:00:14.1769]
[线程：1]
微信扩展缓存注册总用时：98.7263ms
扩展缓存：Senparc.Weixin.Cache.LocalContainerCacheStrategy
Senparc.Weixin.Cache.Redis.RedisContainerCacheStrategy

[[[接口调用]]]
[2019/11/11 11:01:01.8519]
[线程：5]
	URL：https://api.weixin.qq.com/sns/jscode2session?appid=wx3821f908eabc524d&secret=25aa4e5a28cb4954c7de7144445cdc55&js_code=001brShJ16hvd40e1AhJ1mb6iJ1brShb&grant_type=authorization_code
	Result：
{"session_key":"+NR\/lUzKCwr7VvhTCyJr0Q==","openid":"o4Uv25WxCveS6QYtBK0xhYeWiZK0"}

[[[接口调用]]]
[2019/11/11 11:01:04.2693]
[线程：26]
	URL：https://api.weixin.qq.com/sns/jscode2session?appid=wx3821f908eabc524d&secret=25aa4e5a28cb4954c7de7144445cdc55&js_code=0617nGZ20Dd9lK1pYC030DMSZ207nGZ1&grant_type=authorization_code
	Result：
{"session_key":"+NR\/lUzKCwr7VvhTCyJr0Q==","openid":"o4Uv25WxCveS6QYtBK0xhYeWiZK0"}

[[[接口调用]]]
[2019/11/11 11:01:06.5153]
[线程：26]
	URL：https://api.weixin.qq.com/sns/jscode2session?appid=wx3821f908eabc524d&secret=25aa4e5a28cb4954c7de7144445cdc55&js_code=071QZuk71AkJSL1Li7j71ahkk71QZuk8&grant_type=authorization_code
	Result：
{"session_key":"+NR\/lUzKCwr7VvhTCyJr0Q==","openid":"o4Uv25WxCveS6QYtBK0xhYeWiZK0"}

[[[接口调用]]]
[2019/11/11 11:01:33.8704]
[线程：4]
	URL：https://api.weixin.qq.com/sns/jscode2session?appid=wx3821f908eabc524d&secret=25aa4e5a28cb4954c7de7144445cdc55&js_code=071HYlvW1CKeu11qTAyW1VhkvW1HYlvo&grant_type=authorization_code
	Result：
{"session_key":"+NR\/lUzKCwr7VvhTCyJr0Q==","openid":"o4Uv25WxCveS6QYtBK0xhYeWiZK0"}

[[[接口调用]]]
[2019/11/11 11:01:51.4757]
[线程：24]
	URL：https://api.weixin.qq.com/sns/jscode2session?appid=wx3821f908eabc524d&secret=25aa4e5a28cb4954c7de7144445cdc55&js_code=061rpWQk022gms18OHOk0ORDQk0rpWQC&grant_type=authorization_code
	Result：
{"session_key":"+NR\/lUzKCwr7VvhTCyJr0Q==","openid":"o4Uv25WxCveS6QYtBK0xhYeWiZK0"}

[[[接口调用]]]
[2019/11/11 11:01:58.2982]
[线程：24]
	URL：https://api.weixin.qq.com/sns/jscode2session?appid=wx3821f908eabc524d&secret=25aa4e5a28cb4954c7de7144445cdc55&js_code=021XnmK40pND4E1YhAI40kTqK40XnmK9&grant_type=authorization_code
	Result：
{"session_key":"+NR\/lUzKCwr7VvhTCyJr0Q==","openid":"o4Uv25WxCveS6QYtBK0xhYeWiZK0"}

[[[接口调用]]]
[2019/11/11 11:02:03.0425]
[线程：41]
	URL：https://api.weixin.qq.com/sns/jscode2session?appid=wx3821f908eabc524d&secret=25aa4e5a28cb4954c7de7144445cdc55&js_code=011EAPNJ0baay92YzfNJ03btNJ0EAPNw&grant_type=authorization_code
	Result：
{"session_key":"+NR\/lUzKCwr7VvhTCyJr0Q==","openid":"o4Uv25WxCveS6QYtBK0xhYeWiZK0"}

[[[接口调用]]]
[2019/11/11 11:02:20.0068]
[线程：24]
	URL：https://api.weixin.qq.com/sns/jscode2session?appid=wx3821f908eabc524d&secret=25aa4e5a28cb4954c7de7144445cdc55&js_code=071UDDQ50W8gYC1DQTQ506muQ50UDDQC&grant_type=authorization_code
	Result：
{"session_key":"+NR\/lUzKCwr7VvhTCyJr0Q==","openid":"o4Uv25WxCveS6QYtBK0xhYeWiZK0"}

[[[自动注册扩展缓存完成]]]
[2019/11/11 11:04:11.3919]
[线程：1]
注册总用时：10.4863ms
自动扫描程序集：0个
扩展缓存：

[[[微信扩展缓存注册完成]]]
[2019/11/11 11:04:11.7448]
[线程：1]
微信扩展缓存注册总用时：77.0684ms
扩展缓存：Senparc.Weixin.Cache.LocalContainerCacheStrategy
Senparc.Weixin.Cache.Redis.RedisContainerCacheStrategy

[[[接口调用]]]
[2019/11/11 11:04:24.0157]
[线程：19]
	URL：https://api.weixin.qq.com/sns/jscode2session?appid=wx3821f908eabc524d&secret=25aa4e5a28cb4954c7de7144445cdc55&js_code=071cqh4j1Dnciu0Jl86j1zOb4j1cqh45&grant_type=authorization_code
	Result：
{"session_key":"+bjlTJUNeOZFIX2ZitVCyg==","openid":"o4Uv25WxCveS6QYtBK0xhYeWiZK0"}

[[[接口调用]]]
[2019/11/11 11:04:24.0158]
[线程：18]
	URL：https://api.weixin.qq.com/sns/jscode2session?appid=wx3821f908eabc524d&secret=25aa4e5a28cb4954c7de7144445cdc55&js_code=021kPzHa2F6BiN0lrdHa2WpdHa2kPzHX&grant_type=authorization_code
	Result：
{"session_key":"+bjlTJUNeOZFIX2ZitVCyg==","openid":"o4Uv25WxCveS6QYtBK0xhYeWiZK0"}

[[[接口调用]]]
[2019/11/11 11:05:05.2110]
[线程：31]
	URL：https://api.weixin.qq.com/sns/jscode2session?appid=wx3821f908eabc524d&secret=25aa4e5a28cb4954c7de7144445cdc55&js_code=011pyZoF1KHAM70hXeqF1jd2pF1pyZo9&grant_type=authorization_code
	Result：
{"session_key":"+bjlTJUNeOZFIX2ZitVCyg==","openid":"o4Uv25WxCveS6QYtBK0xhYeWiZK0"}

[[[自动注册扩展缓存完成]]]
[2019/11/11 11:05:48.8803]
[线程：1]
注册总用时：10.807400000000001ms
自动扫描程序集：0个
扩展缓存：

[[[微信扩展缓存注册完成]]]
[2019/11/11 11:05:49.1617]
[线程：1]
微信扩展缓存注册总用时：66.8974ms
扩展缓存：Senparc.Weixin.Cache.LocalContainerCacheStrategy
Senparc.Weixin.Cache.Redis.RedisContainerCacheStrategy

[[[接口调用]]]
[2019/11/11 11:06:16.4806]
[线程：4]
	URL：https://api.weixin.qq.com/sns/jscode2session?appid=wx3821f908eabc524d&secret=25aa4e5a28cb4954c7de7144445cdc55&js_code=061vPHXN1jOfU91EqXVN1XM0YN1vPHXX&grant_type=authorization_code
	Result：
{"session_key":"0MKA00halOUQUGRRSgG\/Vg==","openid":"o4Uv25WxCveS6QYtBK0xhYeWiZK0"}

[[[接口调用]]]
[2019/11/11 11:07:32.6686]
[线程：26]
	URL：https://api.weixin.qq.com/sns/jscode2session?appid=wx3821f908eabc524d&secret=25aa4e5a28cb4954c7de7144445cdc55&js_code=071GB7JS0vskS02y7eMS0ANQIS0GB7Js&grant_type=authorization_code
	Result：
{"session_key":"0MKA00halOUQUGRRSgG\/Vg==","openid":"o4Uv25WxCveS6QYtBK0xhYeWiZK0"}

[[[接口调用]]]
[2019/11/11 11:07:39.2285]
[线程：42]
	URL：https://api.weixin.qq.com/sns/jscode2session?appid=wx3821f908eabc524d&secret=25aa4e5a28cb4954c7de7144445cdc55&js_code=001xbT7j154Qlu04bp9j1bmH7j1xbT7j&grant_type=authorization_code
	Result：
{"session_key":"0MKA00halOUQUGRRSgG\/Vg==","openid":"o4Uv25WxCveS6QYtBK0xhYeWiZK0"}

[[[接口调用]]]
[2019/11/11 11:07:41.5801]
[线程：37]
	URL：https://api.weixin.qq.com/sns/jscode2session?appid=wx3821f908eabc524d&secret=25aa4e5a28cb4954c7de7144445cdc55&js_code=061dJrUv0s9sJc1PpOUv0kzpUv0dJrUA&grant_type=authorization_code
	Result：
{"session_key":"0MKA00halOUQUGRRSgG\/Vg==","openid":"o4Uv25WxCveS6QYtBK0xhYeWiZK0"}

[[[接口调用]]]
[2019/11/11 11:08:21.5204]
[线程：28]
	URL：https://api.weixin.qq.com/sns/jscode2session?appid=wx3821f908eabc524d&secret=25aa4e5a28cb4954c7de7144445cdc55&js_code=001PSPHO0Yn6J424DVIO0SaHHO0PSPHm&grant_type=authorization_code
	Result：
{"session_key":"7q4BWII\/ZsdOl7PAAgt0pw==","openid":"o4Uv25WxCveS6QYtBK0xhYeWiZK0"}

[[[接口调用]]]
[2019/11/11 11:08:25.8514]
[线程：45]
	URL：https://api.weixin.qq.com/sns/jscode2session?appid=wx3821f908eabc524d&secret=25aa4e5a28cb4954c7de7144445cdc55&js_code=021voxIc0xQ6LA1iaBIc0YIzIc0voxIJ&grant_type=authorization_code
	Result：
{"session_key":"7q4BWII\/ZsdOl7PAAgt0pw==","openid":"o4Uv25WxCveS6QYtBK0xhYeWiZK0"}

[[[接口调用]]]
[2019/11/11 11:08:29.0105]
[线程：28]
	URL：https://api.weixin.qq.com/sns/jscode2session?appid=wx3821f908eabc524d&secret=25aa4e5a28cb4954c7de7144445cdc55&js_code=081YxSxy1gfdW90A52xy1gedyy1YxSxf&grant_type=authorization_code
	Result：
{"session_key":"7q4BWII\/ZsdOl7PAAgt0pw==","openid":"o4Uv25WxCveS6QYtBK0xhYeWiZK0"}

[[[接口调用]]]
[2019/11/11 11:08:41.0852]
[线程：28]
	URL：https://api.weixin.qq.com/sns/jscode2session?appid=wx3821f908eabc524d&secret=25aa4e5a28cb4954c7de7144445cdc55&js_code=061uHzkk22xryD0al6jk29Awkk2uHzkk&grant_type=authorization_code
	Result：
{"session_key":"7q4BWII\/ZsdOl7PAAgt0pw==","openid":"o4Uv25WxCveS6QYtBK0xhYeWiZK0"}

[[[接口调用]]]
[2019/11/11 11:09:03.2117]
[线程：28]
	URL：https://api.weixin.qq.com/sns/jscode2session?appid=wx3821f908eabc524d&secret=25aa4e5a28cb4954c7de7144445cdc55&js_code=011DT02G0pL3ad2zne1G0yDP1G0DT02F&grant_type=authorization_code
	Result：
{"session_key":"7q4BWII\/ZsdOl7PAAgt0pw==","openid":"o4Uv25WxCveS6QYtBK0xhYeWiZK0"}

[[[接口调用]]]
[2019/11/11 11:09:22.5179]
[线程：50]
	URL：https://api.weixin.qq.com/sns/jscode2session?appid=wx3821f908eabc524d&secret=25aa4e5a28cb4954c7de7144445cdc55&js_code=081TQUku1v9Cje09Vjku11aMku1TQUkB&grant_type=authorization_code
	Result：
{"session_key":"7q4BWII\/ZsdOl7PAAgt0pw==","openid":"o4Uv25WxCveS6QYtBK0xhYeWiZK0"}

[[[自动注册扩展缓存完成]]]
[2019/11/11 11:12:14.7295]
[线程：1]
注册总用时：7.2704ms
自动扫描程序集：0个
扩展缓存：

[[[微信扩展缓存注册完成]]]
[2019/11/11 11:12:15.0587]
[线程：1]
微信扩展缓存注册总用时：95.9167ms
扩展缓存：Senparc.Weixin.Cache.LocalContainerCacheStrategy
Senparc.Weixin.Cache.Redis.RedisContainerCacheStrategy

[[[接口调用]]]
[2019/11/11 11:12:25.5206]
[线程：26]
	URL：https://api.weixin.qq.com/sns/jscode2session?appid=wx3821f908eabc524d&secret=25aa4e5a28cb4954c7de7144445cdc55&js_code=081ZY7ij1TqlSt0hj5ij1rzVhj1ZY7iO&grant_type=authorization_code
	Result：
{"session_key":"KBEzUKOroLHNa1oqfPov4g==","openid":"o4Uv25WxCveS6QYtBK0xhYeWiZK0"}

[[[接口调用]]]
[2019/11/11 11:12:38.5402]
[线程：7]
	URL：https://api.weixin.qq.com/sns/jscode2session?appid=wx3821f908eabc524d&secret=25aa4e5a28cb4954c7de7144445cdc55&js_code=081bCHxB1D9eNb00j9vB1FquxB1bCHxK&grant_type=authorization_code
	Result：
{"session_key":"KBEzUKOroLHNa1oqfPov4g==","openid":"o4Uv25WxCveS6QYtBK0xhYeWiZK0"}

[[[接口调用]]]
[2019/11/11 11:14:20.6733]
[线程：4]
	URL：https://api.weixin.qq.com/sns/jscode2session?appid=wx3821f908eabc524d&secret=25aa4e5a28cb4954c7de7144445cdc55&js_code=001bNkVl1jDsRm0NfaWl1qgyVl1bNkVg&grant_type=authorization_code
	Result：
{"session_key":"KBEzUKOroLHNa1oqfPov4g==","openid":"o4Uv25WxCveS6QYtBK0xhYeWiZK0"}

[[[接口调用]]]
[2019/11/11 11:14:24.1077]
[线程：4]
	URL：https://api.weixin.qq.com/sns/jscode2session?appid=wx3821f908eabc524d&secret=25aa4e5a28cb4954c7de7144445cdc55&js_code=01177Wig1LNnFs0CRKhg1agRig177Wi0&grant_type=authorization_code
	Result：
{"session_key":"cZAxlb9MwHPC0JslEzm9ug==","openid":"o4Uv25WxCveS6QYtBK0xhYeWiZK0"}

[[[接口调用]]]
[2019/11/11 11:14:28.0265]
[线程：4]
	URL：https://api.weixin.qq.com/sns/jscode2session?appid=wx3821f908eabc524d&secret=25aa4e5a28cb4954c7de7144445cdc55&js_code=071wvhyd0daLOz1pChud0tkayd0wvhyQ&grant_type=authorization_code
	Result：
{"session_key":"cZAxlb9MwHPC0JslEzm9ug==","openid":"o4Uv25WxCveS6QYtBK0xhYeWiZK0"}

[[[接口调用]]]
[2019/11/11 11:14:35.7142]
[线程：7]
	URL：https://api.weixin.qq.com/sns/jscode2session?appid=wx3821f908eabc524d&secret=25aa4e5a28cb4954c7de7144445cdc55&js_code=071a46Qv0Fk6Fc1AMpOv0ytZPv0a46QG&grant_type=authorization_code
	Result：
{"session_key":"cZAxlb9MwHPC0JslEzm9ug==","openid":"o4Uv25WxCveS6QYtBK0xhYeWiZK0"}

[[[接口调用]]]
[2019/11/11 11:14:45.6927]
[线程：4]
	URL：https://api.weixin.qq.com/sns/jscode2session?appid=wx3821f908eabc524d&secret=25aa4e5a28cb4954c7de7144445cdc55&js_code=0119ccJm0oe6Nl1RhwKm0BgdJm09ccJ5&grant_type=authorization_code
	Result：
{"session_key":"cZAxlb9MwHPC0JslEzm9ug==","openid":"o4Uv25WxCveS6QYtBK0xhYeWiZK0"}

[[[接口调用]]]
[2019/11/11 11:15:17.6899]
[线程：7]
	URL：https://api.weixin.qq.com/sns/jscode2session?appid=wx3821f908eabc524d&secret=25aa4e5a28cb4954c7de7144445cdc55&js_code=0610z5Z30xXA3J1OZK040jenZ300z5ZG&grant_type=authorization_code
	Result：
{"session_key":"cZAxlb9MwHPC0JslEzm9ug==","openid":"o4Uv25WxCveS6QYtBK0xhYeWiZK0"}

[[[接口调用]]]
[2019/11/11 11:15:37.4841]
[线程：19]
	URL：https://api.weixin.qq.com/sns/jscode2session?appid=wx3821f908eabc524d&secret=25aa4e5a28cb4954c7de7144445cdc55&js_code=021IoLKz1r1Epd08PcMz1u9RKz1IoLKm&grant_type=authorization_code
	Result：
{"session_key":"cZAxlb9MwHPC0JslEzm9ug==","openid":"o4Uv25WxCveS6QYtBK0xhYeWiZK0"}

[[[接口调用]]]
[2019/11/11 11:15:40.6741]
[线程：47]
	URL：https://api.weixin.qq.com/sns/jscode2session?appid=wx3821f908eabc524d&secret=25aa4e5a28cb4954c7de7144445cdc55&js_code=0117EME20NZrzK14ajG20CtzE207EME0&grant_type=authorization_code
	Result：
{"session_key":"cZAxlb9MwHPC0JslEzm9ug==","openid":"o4Uv25WxCveS6QYtBK0xhYeWiZK0"}

[[[接口调用]]]
[2019/11/11 11:15:42.5632]
[线程：19]
	URL：https://api.weixin.qq.com/sns/jscode2session?appid=wx3821f908eabc524d&secret=25aa4e5a28cb4954c7de7144445cdc55&js_code=001CBXS70oxcAF15VvV70u9VS70CBXSS&grant_type=authorization_code
	Result：
{"session_key":"cZAxlb9MwHPC0JslEzm9ug==","openid":"o4Uv25WxCveS6QYtBK0xhYeWiZK0"}

[[[自动注册扩展缓存完成]]]
[2019/11/11 14:44:34.5017]
[线程：1]
注册总用时：8.8622ms
自动扫描程序集：0个
扩展缓存：

[[[微信扩展缓存注册完成]]]
[2019/11/11 14:44:35.0470]
[线程：1]
微信扩展缓存注册总用时：156.0735ms
扩展缓存：Senparc.Weixin.Cache.LocalContainerCacheStrategy
Senparc.Weixin.Cache.Redis.RedisContainerCacheStrategy

[[[接口调用]]]
[2019/11/11 14:45:05.2896]
[线程：6]
	URL：https://api.weixin.qq.com/cgi-bin/message/subscribe/send?access_token=27_ZaSwORpR50NjHKcpB6F4gLOZAgSS6q8KMqHXqM7EbfUzP9nikDcIDhnyXJQFCJrvWS6cYJemMKo5lausb9JPQ8DRH5ws-KPBxkmcs5dOA7_1RDkrxfFobsmHNZkKZIfAEAWLU
	Post Data：
{"touser":"o4Uv25YF-3f088d-Qw5E4hkIsxuU","template_id":"4N8HC4c7I3QrB4qnWawT1L_itLob2WtyOTvUiYQdHPk","page":"pages/ViewMe/list","data":{"thing1":{"value":"2019/11/1114:44最新动态"},"thing2":{"value":"1人看了1篇文章，浏览1次"}}}

[[[ErrorJsonResultException]]]
[2019/11/11 14:45:07.2497]
[线程：6]
	ErrorJsonResultException
	AccessTokenOrAppId：null
	URL：https://api.weixin.qq.com/cgi-bin/message/subscribe/send?access_token=27_ZaSwORpR50NjHKcpB6F4gLOZAgSS6q8KMqHXqM7EbfUzP9nikDcIDhnyXJQFCJrvWS6cYJemMKo5lausb9JPQ8DRH5ws-KPBxkmcs5dOA7_1RDkrxfFobsmHNZkKZIfAEAWLU
	errcode：用户拒绝接受消息
	errmsg：user refuse to accept the msg hint: [OyMocA07063942]

[[[接口调用]]]
[2019/11/11 14:49:46.6487]
[线程：32]
	URL：https://api.weixin.qq.com/cgi-bin/message/subscribe/send?access_token=27_ZaSwORpR50NjHKcpB6F4gLOZAgSS6q8KMqHXqM7EbfUzP9nikDcIDhnyXJQFCJrvWS6cYJemMKo5lausb9JPQ8DRH5ws-KPBxkmcs5dOA7_1RDkrxfFobsmHNZkKZIfAEAWLU
	Post Data：
{"touser":"o4Uv25YF-3f088d-Qw5E4hkIsxuU","template_id":"4N8HC4c7I3QrB4qnWawT1L_itLob2WtyOTvUiYQdHPk","page":"pages/ViewMe/list","data":{"thing1":{"value":"2019/11/1114:49最新动态"},"thing2":{"value":"1人看了1篇文章，浏览1次"}}}

[[[ErrorJsonResultException]]]
[2019/11/11 14:49:46.8182]
[线程：32]
	ErrorJsonResultException
	AccessTokenOrAppId：null
	URL：https://api.weixin.qq.com/cgi-bin/message/subscribe/send?access_token=27_ZaSwORpR50NjHKcpB6F4gLOZAgSS6q8KMqHXqM7EbfUzP9nikDcIDhnyXJQFCJrvWS6cYJemMKo5lausb9JPQ8DRH5ws-KPBxkmcs5dOA7_1RDkrxfFobsmHNZkKZIfAEAWLU
	errcode：用户拒绝接受消息
	errmsg：user refuse to accept the msg hint: [yDlVnA09874108]

[[[接口调用]]]
[2019/11/11 14:54:46.5541]
[线程：58]
	URL：https://api.weixin.qq.com/cgi-bin/message/subscribe/send?access_token=27_ZaSwORpR50NjHKcpB6F4gLOZAgSS6q8KMqHXqM7EbfUzP9nikDcIDhnyXJQFCJrvWS6cYJemMKo5lausb9JPQ8DRH5ws-KPBxkmcs5dOA7_1RDkrxfFobsmHNZkKZIfAEAWLU
	Post Data：
{"touser":"o4Uv25YF-3f088d-Qw5E4hkIsxuU","template_id":"4N8HC4c7I3QrB4qnWawT1L_itLob2WtyOTvUiYQdHPk","page":"pages/ViewMe/list","data":{"thing1":{"value":"2019/11/1114:54最新动态"},"thing2":{"value":"1人看了1篇文章，浏览3次"}}}

[[[ErrorJsonResultException]]]
[2019/11/11 14:54:46.6515]
[线程：58]
	ErrorJsonResultException
	AccessTokenOrAppId：null
	URL：https://api.weixin.qq.com/cgi-bin/message/subscribe/send?access_token=27_ZaSwORpR50NjHKcpB6F4gLOZAgSS6q8KMqHXqM7EbfUzP9nikDcIDhnyXJQFCJrvWS6cYJemMKo5lausb9JPQ8DRH5ws-KPBxkmcs5dOA7_1RDkrxfFobsmHNZkKZIfAEAWLU
	errcode：用户拒绝接受消息
	errmsg：user refuse to accept the msg hint: [hEiQKA02873936]

[[[接口调用]]]
[2019/11/11 14:59:46.6321]
[线程：81]
	URL：https://api.weixin.qq.com/cgi-bin/message/subscribe/send?access_token=27_ZaSwORpR50NjHKcpB6F4gLOZAgSS6q8KMqHXqM7EbfUzP9nikDcIDhnyXJQFCJrvWS6cYJemMKo5lausb9JPQ8DRH5ws-KPBxkmcs5dOA7_1RDkrxfFobsmHNZkKZIfAEAWLU
	Post Data：
{"touser":"o4Uv25YF-3f088d-Qw5E4hkIsxuU","template_id":"4N8HC4c7I3QrB4qnWawT1L_itLob2WtyOTvUiYQdHPk","page":"pages/ViewMe/list","data":{"thing1":{"value":"2019/11/1114:59最新动态"},"thing2":{"value":"1人看了1篇文章，浏览1次"}}}

[[[ErrorJsonResultException]]]
[2019/11/11 14:59:46.7617]
[线程：81]
	ErrorJsonResultException
	AccessTokenOrAppId：null
	URL：https://api.weixin.qq.com/cgi-bin/message/subscribe/send?access_token=27_ZaSwORpR50NjHKcpB6F4gLOZAgSS6q8KMqHXqM7EbfUzP9nikDcIDhnyXJQFCJrvWS6cYJemMKo5lausb9JPQ8DRH5ws-KPBxkmcs5dOA7_1RDkrxfFobsmHNZkKZIfAEAWLU
	errcode：获取access_token时AppSecret错误或者access_token无效
	errmsg：invalid credential, access_token is invalid or not latest hint: [8ntG805877118!]

[[[接口调用]]]
[2019/11/11 14:59:49.7553]
[线程：81]
	URL：https://api.weixin.qq.com/cgi-bin/message/subscribe/send?access_token=27_CdQ_Lef89natjn7xLtEaZCM5OxuXWmH1jfdJg2pP60W-L7cYlPWq7zwcojZguwvAKKSjXFF1tRzXvGH-2Rvrc8w_3--W7zluOBBU3asjmNNfmF2EvjMISvAnclUm17Ua2DIIQUGi0RIbmeCxVOKhAAACVR
	Post Data：
{"touser":"o4Uv25YF-3f088d-Qw5E4hkIsxuU","template_id":"4N8HC4c7I3QrB4qnWawT1L_itLob2WtyOTvUiYQdHPk","page":"pages/ViewMe/list","data":{"thing1":{"value":"2019/11/1114:59最新动态"},"thing2":{"value":"1人看了1篇文章，浏览1次"}}}

[[[ErrorJsonResultException]]]
[2019/11/11 14:59:49.8775]
[线程：81]
	ErrorJsonResultException
	AccessTokenOrAppId：null
	URL：https://api.weixin.qq.com/cgi-bin/message/subscribe/send?access_token=27_CdQ_Lef89natjn7xLtEaZCM5OxuXWmH1jfdJg2pP60W-L7cYlPWq7zwcojZguwvAKKSjXFF1tRzXvGH-2Rvrc8w_3--W7zluOBBU3asjmNNfmF2EvjMISvAnclUm17Ua2DIIQUGi0RIbmeCxVOKhAAACVR
	errcode：用户拒绝接受消息
	errmsg：user refuse to accept the msg hint: [smNYja05904102]

[[[接口调用]]]
[2019/11/11 14:59:54.0255]
[线程：96]
	URL：https://api.weixin.qq.com/sns/jscode2session?appid=wx3821f908eabc524d&secret=25aa4e5a28cb4954c7de7144445cdc55&js_code=001ukW0j1L2Pau0JL5Zi1MrX0j1ukW0H&grant_type=authorization_code
	Result：
{"session_key":"RRb\/IT7jj1LtS\/IdHoDe6w==","openid":"o4Uv25WxCveS6QYtBK0xhYeWiZK0"}

[[[接口调用]]]
[2019/11/11 15:00:06.9989]
[线程：74]
	URL：https://api.weixin.qq.com/sns/jscode2session?appid=wx3821f908eabc524d&secret=25aa4e5a28cb4954c7de7144445cdc55&js_code=001iY6SN0nb39a29IuSN0Cr4SN0iY6S1&grant_type=authorization_code
	Result：
{"session_key":"RRb\/IT7jj1LtS\/IdHoDe6w==","openid":"o4Uv25WxCveS6QYtBK0xhYeWiZK0"}

[[[自动注册扩展缓存完成]]]
[2019/11/11 15:02:18.1760]
[线程：1]
注册总用时：45.0885ms
自动扫描程序集：0个
扩展缓存：

[[[微信扩展缓存注册完成]]]
[2019/11/11 15:02:18.5054]
[线程：1]
微信扩展缓存注册总用时：70.5533ms
扩展缓存：Senparc.Weixin.Cache.LocalContainerCacheStrategy
Senparc.Weixin.Cache.Redis.RedisContainerCacheStrategy

[[[接口调用]]]
[2019/11/11 15:02:30.1915]
[线程：35]
	URL：https://api.weixin.qq.com/sns/jscode2session?appid=wx3821f908eabc524d&secret=25aa4e5a28cb4954c7de7144445cdc55&js_code=021mPYDB14Scpb00oeDB1blbEB1mPYDJ&grant_type=authorization_code
	Result：
{"session_key":"Obk3N5e0vErgnNiyYe6byg==","openid":"o4Uv25WxCveS6QYtBK0xhYeWiZK0"}

[[[接口调用]]]
[2019/11/11 15:03:16.5550]
[线程：4]
	URL：https://api.weixin.qq.com/sns/jscode2session?appid=wx3821f908eabc524d&secret=25aa4e5a28cb4954c7de7144445cdc55&js_code=071yHw982GXVjL0c7d982kYQ982yHw9L&grant_type=authorization_code
	Result：
{"session_key":"Obk3N5e0vErgnNiyYe6byg==","openid":"o4Uv25WxCveS6QYtBK0xhYeWiZK0"}

[[[接口调用]]]
[2019/11/11 15:03:25.4140]
[线程：21]
	URL：https://api.weixin.qq.com/sns/jscode2session?appid=wx3821f908eabc524d&secret=25aa4e5a28cb4954c7de7144445cdc55&js_code=071QUQtc0zBA1B13DQrc0LN8uc0QUQt4&grant_type=authorization_code
	Result：
{"session_key":"Obk3N5e0vErgnNiyYe6byg==","openid":"o4Uv25WxCveS6QYtBK0xhYeWiZK0"}

[[[接口调用]]]
[2019/11/11 15:07:26.3496]
[线程：39]
	URL：https://api.weixin.qq.com/cgi-bin/message/subscribe/send?access_token=27_0U6uza6vIj4oGHQYlh1xj9JyGgUqW-yxPzLr5IApIjbrK07LmeN45yOz-Ow04sNxZiitV-KsghWbRoxJQIEbRVy1yqvRj-qC9BDK3ANtzot_ucSnVsoqpY2z2D0-LBH7KB7wjOALVtcloooCQGAfAHABRL
	Post Data：
{"touser":"o4Uv25YF-3f088d-Qw5E4hkIsxuU","template_id":"4N8HC4c7I3QrB4qnWawT1L_itLob2WtyOTvUiYQdHPk","page":"pages/ViewMe/list","data":{"thing1":{"value":"2019/11/1115:07最新动态"},"thing2":{"value":"1人看了1篇文章，浏览1次"}}}

[[[ErrorJsonResultException]]]
[2019/11/11 15:07:26.9666]
[线程：39]
	ErrorJsonResultException
	AccessTokenOrAppId：null
	URL：https://api.weixin.qq.com/cgi-bin/message/subscribe/send?access_token=27_0U6uza6vIj4oGHQYlh1xj9JyGgUqW-yxPzLr5IApIjbrK07LmeN45yOz-Ow04sNxZiitV-KsghWbRoxJQIEbRVy1yqvRj-qC9BDK3ANtzot_ucSnVsoqpY2z2D0-LBH7KB7wjOALVtcloooCQGAfAHABRL
	errcode：用户拒绝接受消息
	errmsg：user refuse to accept the msg hint: [YBi2HA00474106]

[[[自动注册扩展缓存完成]]]
[2019/11/11 15:16:05.1501]
[线程：1]
注册总用时：33.6898ms
自动扫描程序集：0个
扩展缓存：

[[[微信扩展缓存注册完成]]]
[2019/11/11 15:16:05.6172]
[线程：1]
微信扩展缓存注册总用时：133.9113ms
扩展缓存：Senparc.Weixin.Cache.LocalContainerCacheStrategy
Senparc.Weixin.Cache.Redis.RedisContainerCacheStrategy

[[[接口调用]]]
[2019/11/11 15:16:18.3246]
[线程：5]
	URL：https://api.weixin.qq.com/cgi-bin/message/subscribe/send?access_token=27_TGvSuTdTXGvRSi08rfivft1bzOL-RgvuC4sWV0Z5EksrsW2tyYQvwk0Vqe8LM6NMrwTaM0mPxfZLPLE19b_P-kxFz5t3bamSPJjKIt4yTdreX8XS7zuYtG11J7LRlPgk0YOMR1qk7eXNRNEYQOUgAGAFDJ
	Post Data：
{"touser":"o4Uv25YF-3f088d-Qw5E4hkIsxuU","template_id":"4N8HC4c7I3QrB4qnWawT1L_itLob2WtyOTvUiYQdHPk","page":"pages/ViewMe/list","data":{"thing1":{"value":"2019/11/1115:16最新动态"},"thing2":{"value":"1人看了1篇文章，浏览1次"}}}

[[[ErrorJsonResultException]]]
[2019/11/11 15:16:18.6762]
[线程：5]
	ErrorJsonResultException
	AccessTokenOrAppId：null
	URL：https://api.weixin.qq.com/cgi-bin/message/subscribe/send?access_token=27_TGvSuTdTXGvRSi08rfivft1bzOL-RgvuC4sWV0Z5EksrsW2tyYQvwk0Vqe8LM6NMrwTaM0mPxfZLPLE19b_P-kxFz5t3bamSPJjKIt4yTdreX8XS7zuYtG11J7LRlPgk0YOMR1qk7eXNRNEYQOUgAGAFDJ
	errcode：用户拒绝接受消息
	errmsg：user refuse to accept the msg hint: [MUCHRa05793935]

[[[自动注册扩展缓存完成]]]
[2019/11/11 15:26:29.7588]
[线程：1]
注册总用时：9.724ms
自动扫描程序集：0个
扩展缓存：

[[[微信扩展缓存注册完成]]]
[2019/11/11 15:26:30.1680]
[线程：1]
微信扩展缓存注册总用时：78.7285ms
扩展缓存：Senparc.Weixin.Cache.LocalContainerCacheStrategy
Senparc.Weixin.Cache.Redis.RedisContainerCacheStrategy

[[[自动注册扩展缓存完成]]]
[2019/11/11 15:28:52.3744]
[线程：1]
注册总用时：6.5018ms
自动扫描程序集：0个
扩展缓存：

[[[微信扩展缓存注册完成]]]
[2019/11/11 15:28:52.6583]
[线程：1]
微信扩展缓存注册总用时：72.4479ms
扩展缓存：Senparc.Weixin.Cache.LocalContainerCacheStrategy
Senparc.Weixin.Cache.Redis.RedisContainerCacheStrategy

[[[自动注册扩展缓存完成]]]
[2019/11/11 15:32:07.2315]
[线程：1]
注册总用时：13.157200000000001ms
自动扫描程序集：0个
扩展缓存：

[[[微信扩展缓存注册完成]]]
[2019/11/11 15:32:07.5053]
[线程：1]
微信扩展缓存注册总用时：65.4877ms
扩展缓存：Senparc.Weixin.Cache.LocalContainerCacheStrategy
Senparc.Weixin.Cache.Redis.RedisContainerCacheStrategy

[[[接口调用]]]
[2019/11/11 15:32:48.2100]
[线程：7]
	URL：https://api.weixin.qq.com/sns/jscode2session?appid=wx3821f908eabc524d&secret=25aa4e5a28cb4954c7de7144445cdc55&js_code=021uz7id03WDcA1zmvid0Wl6id0uz7iO&grant_type=authorization_code
	Result：
{"session_key":"SQ19gD18720PZPxE2LRLNg==","openid":"o4Uv25WxCveS6QYtBK0xhYeWiZK0"}

[[[接口调用]]]
[2019/11/11 15:33:02.2116]
[线程：4]
	URL：https://api.weixin.qq.com/sns/jscode2session?appid=wx3821f908eabc524d&secret=25aa4e5a28cb4954c7de7144445cdc55&js_code=061xZo5c1LRPow0Svj7c1rpt5c1xZo53&grant_type=authorization_code
	Result：
{"session_key":"SQ19gD18720PZPxE2LRLNg==","openid":"o4Uv25WxCveS6QYtBK0xhYeWiZK0"}

[[[接口调用]]]
[2019/11/11 15:33:53.8981]
[线程：4]
	URL：https://api.weixin.qq.com/sns/jscode2session?appid=wx3821f908eabc524d&secret=25aa4e5a28cb4954c7de7144445cdc55&js_code=011hQpf70Xy65G16Onf70NJvf70hQpf6&grant_type=authorization_code
	Result：
{"session_key":"SQ19gD18720PZPxE2LRLNg==","openid":"o4Uv25WxCveS6QYtBK0xhYeWiZK0"}

[[[接口调用]]]
[2019/11/11 15:37:13.9870]
[线程：54]
	URL：https://api.weixin.qq.com/cgi-bin/message/subscribe/send?access_token=27_cNfqGHV3I6aUFLvDdTAaWXBGZ3VtA2sWcf01_9aHJFb5FqM4mEm_hQSGENstlmFtNZEDPuqhJ45mSuGJX75OJApx7josnL7yoZcsNJIH-zpoUHiZhTa-Mbyn7bQHRGaAEAOYN
	Post Data：
{"touser":"o4Uv25YF-3f088d-Qw5E4hkIsxuU","template_id":"4N8HC4c7I3QrB4qnWawT1L_itLob2WtyOTvUiYQdHPk","page":"pages/ViewMe/list","data":{"thing1":{"value":"2019/11/1115:37最新动态"},"thing2":{"value":"1人看了1篇文章，浏览1次"}}}

[[[ErrorJsonResultException]]]
[2019/11/11 15:37:14.2469]
[线程：54]
	ErrorJsonResultException
	AccessTokenOrAppId：null
	URL：https://api.weixin.qq.com/cgi-bin/message/subscribe/send?access_token=27_cNfqGHV3I6aUFLvDdTAaWXBGZ3VtA2sWcf01_9aHJFb5FqM4mEm_hQSGENstlmFtNZEDPuqhJ45mSuGJX75OJApx7josnL7yoZcsNJIH-zpoUHiZhTa-Mbyn7bQHRGaAEAOYN
	errcode：用户拒绝接受消息
	errmsg：user refuse to accept the msg hint: [QjFXda08348694]

[[[接口调用]]]
[2019/11/11 15:37:17.9365]
[线程：51]
	URL：https://api.weixin.qq.com/sns/jscode2session?appid=wx3821f908eabc524d&secret=25aa4e5a28cb4954c7de7144445cdc55&js_code=071pqOj11PMEpW1iv6k11nAbk11pqOjx&grant_type=authorization_code
	Result：
{"session_key":"4vBhcm2gzaNubVUfyDUByA==","openid":"o4Uv25WxCveS6QYtBK0xhYeWiZK0"}

[[[接口调用]]]
[2019/11/11 15:37:25.4358]
[线程：47]
	URL：https://api.weixin.qq.com/sns/jscode2session?appid=wx3821f908eabc524d&secret=25aa4e5a28cb4954c7de7144445cdc55&js_code=061Rdsox0EXpnb1WgUpx0jqpox0Rdso0&grant_type=authorization_code
	Result：
{"session_key":"4vBhcm2gzaNubVUfyDUByA==","openid":"o4Uv25WxCveS6QYtBK0xhYeWiZK0"}

[[[接口调用]]]
[2019/11/11 15:37:41.4730]
[线程：55]
	URL：https://api.weixin.qq.com/sns/jscode2session?appid=wx3821f908eabc524d&secret=25aa4e5a28cb4954c7de7144445cdc55&js_code=011pvP7Q0OUAj32FLN5Q0iTA7Q0pvP7v&grant_type=authorization_code
	Result：
{"session_key":"4vBhcm2gzaNubVUfyDUByA==","openid":"o4Uv25WxCveS6QYtBK0xhYeWiZK0"}

[[[接口调用]]]
[2019/11/11 15:40:48.4150]
[线程：53]
	URL：https://api.weixin.qq.com/sns/jscode2session?appid=wx3821f908eabc524d&secret=25aa4e5a28cb4954c7de7144445cdc55&js_code=001mx7Q52QoL0S0qI3R526NUP52mx7Q7&grant_type=authorization_code
	Result：
{"session_key":"kUaLHUUVecLfEzCeZ1EYBg==","openid":"o4Uv25WxCveS6QYtBK0xhYeWiZK0"}

[[[接口调用]]]
[2019/11/11 15:40:55.4711]
[线程：46]
	URL：https://api.weixin.qq.com/sns/jscode2session?appid=wx3821f908eabc524d&secret=25aa4e5a28cb4954c7de7144445cdc55&js_code=081GLIrW0RlKG12RBppW0skZrW0GLIri&grant_type=authorization_code
	Result：
{"session_key":"kUaLHUUVecLfEzCeZ1EYBg==","openid":"o4Uv25WxCveS6QYtBK0xhYeWiZK0"}

[[[接口调用]]]
[2019/11/11 15:41:28.6805]
[线程：51]
	URL：https://api.weixin.qq.com/sns/jscode2session?appid=wx3821f908eabc524d&secret=25aa4e5a28cb4954c7de7144445cdc55&js_code=081NP8DF1L64r70vZfCF1jP1DF1NP8DO&grant_type=authorization_code
	Result：
{"session_key":"kUaLHUUVecLfEzCeZ1EYBg==","openid":"o4Uv25WxCveS6QYtBK0xhYeWiZK0"}

[[[接口调用]]]
[2019/11/11 15:41:39.3102]
[线程：52]
	URL：https://api.weixin.qq.com/sns/jscode2session?appid=wx3821f908eabc524d&secret=25aa4e5a28cb4954c7de7144445cdc55&js_code=011FW61v0jKC9i196r1v0V681v0FW61C&grant_type=authorization_code
	Result：
{"session_key":"kUaLHUUVecLfEzCeZ1EYBg==","openid":"o4Uv25WxCveS6QYtBK0xhYeWiZK0"}

[[[接口调用]]]
[2019/11/11 15:42:33.9170]
[线程：52]
	URL：https://api.weixin.qq.com/sns/jscode2session?appid=wx3821f908eabc524d&secret=25aa4e5a28cb4954c7de7144445cdc55&js_code=0812A6jG12FMU60UVujG1AprjG12A6jK&grant_type=authorization_code
	Result：
{"session_key":"kUaLHUUVecLfEzCeZ1EYBg==","openid":"o4Uv25WxCveS6QYtBK0xhYeWiZK0"}

[[[接口调用]]]
[2019/11/11 15:43:06.4912]
[线程：52]
	URL：https://api.weixin.qq.com/sns/jscode2session?appid=wx3821f908eabc524d&secret=25aa4e5a28cb4954c7de7144445cdc55&js_code=071nUVdt1PH5pf0DgDft1Nweet1nUVdS&grant_type=authorization_code
	Result：
{"session_key":"cKkNq5NFGCrsRbNJxLBMxQ==","openid":"o4Uv25WxCveS6QYtBK0xhYeWiZK0"}

[[[接口调用]]]
[2019/11/11 15:43:37.0527]
[线程：52]
	URL：https://api.weixin.qq.com/sns/jscode2session?appid=wx3821f908eabc524d&secret=25aa4e5a28cb4954c7de7144445cdc55&js_code=06191cKT1oPHo41IScLT19xWJT191cKh&grant_type=authorization_code
	Result：
{"session_key":"cKkNq5NFGCrsRbNJxLBMxQ==","openid":"o4Uv25WxCveS6QYtBK0xhYeWiZK0"}

[[[接口调用]]]
[2019/11/11 15:44:03.1793]
[线程：46]
	URL：https://api.weixin.qq.com/sns/jscode2session?appid=wx3821f908eabc524d&secret=25aa4e5a28cb4954c7de7144445cdc55&js_code=061EUhLx0xFAbb1lZGLx0gWpLx0EUhL4&grant_type=authorization_code
	Result：
{"session_key":"cKkNq5NFGCrsRbNJxLBMxQ==","openid":"o4Uv25WxCveS6QYtBK0xhYeWiZK0"}

[[[接口调用]]]
[2019/11/11 15:44:11.2665]
[线程：52]
	URL：https://api.weixin.qq.com/sns/jscode2session?appid=wx3821f908eabc524d&secret=25aa4e5a28cb4954c7de7144445cdc55&js_code=081JISA90C8Qkz1Z0kB90sDCA90JISAS&grant_type=authorization_code
	Result：
{"session_key":"cKkNq5NFGCrsRbNJxLBMxQ==","openid":"o4Uv25WxCveS6QYtBK0xhYeWiZK0"}

[[[接口调用]]]
[2019/11/11 15:44:26.1097]
[线程：46]
	URL：https://api.weixin.qq.com/sns/jscode2session?appid=wx3821f908eabc524d&secret=25aa4e5a28cb4954c7de7144445cdc55&js_code=001gQG4p0Vgo8o13qt5p0Jyo4p0gQG4Y&grant_type=authorization_code
	Result：
{"session_key":"cKkNq5NFGCrsRbNJxLBMxQ==","openid":"o4Uv25WxCveS6QYtBK0xhYeWiZK0"}

[[[接口调用]]]
[2019/11/11 15:44:29.6500]
[线程：46]
	URL：https://api.weixin.qq.com/sns/jscode2session?appid=wx3821f908eabc524d&secret=25aa4e5a28cb4954c7de7144445cdc55&js_code=081NPT6Z1yOHmU0utE5Z1TYI6Z1NPT68&grant_type=authorization_code
	Result：
{"session_key":"cKkNq5NFGCrsRbNJxLBMxQ==","openid":"o4Uv25WxCveS6QYtBK0xhYeWiZK0"}

[[[接口调用]]]
[2019/11/11 15:44:40.2515]
[线程：51]
	URL：https://api.weixin.qq.com/sns/jscode2session?appid=wx3821f908eabc524d&secret=25aa4e5a28cb4954c7de7144445cdc55&js_code=081Vqu6X1PjeS0110n4X18kp6X1Vqu6x&grant_type=authorization_code
	Result：
{"session_key":"cKkNq5NFGCrsRbNJxLBMxQ==","openid":"o4Uv25WxCveS6QYtBK0xhYeWiZK0"}

[[[接口调用]]]
[2019/11/11 15:45:37.5000]
[线程：52]
	URL：https://api.weixin.qq.com/sns/jscode2session?appid=wx3821f908eabc524d&secret=25aa4e5a28cb4954c7de7144445cdc55&js_code=081qqJT21RJAxQ1kjzV21FEST21qqJTs&grant_type=authorization_code
	Result：
{"session_key":"5k3qDmGU9Xcb5ieaNAPs1A==","openid":"o4Uv25WxCveS6QYtBK0xhYeWiZK0"}

[[[接口调用]]]
[2019/11/11 15:52:29.2968]
[线程：52]
	URL：https://api.weixin.qq.com/sns/jscode2session?appid=wx3821f908eabc524d&secret=25aa4e5a28cb4954c7de7144445cdc55&js_code=06199qNS18bI551WkWLS1fNJNS199qNT&grant_type=authorization_code
	Result：
{"session_key":"7eiL3psWRnMAWG9dU8Mhcg==","openid":"o4Uv25WxCveS6QYtBK0xhYeWiZK0"}

[[[接口调用]]]
[2019/11/11 15:54:13.7351]
[线程：92]
	URL：https://api.weixin.qq.com/sns/jscode2session?appid=wx3821f908eabc524d&secret=25aa4e5a28cb4954c7de7144445cdc55&js_code=081OfC1F17lJs80EZeZE1VHA1F1OfC1d&grant_type=authorization_code
	Result：
{"session_key":"7eiL3psWRnMAWG9dU8Mhcg==","openid":"o4Uv25WxCveS6QYtBK0xhYeWiZK0"}

[[[接口调用]]]
[2019/11/11 15:54:19.1871]
[线程：42]
	URL：https://api.weixin.qq.com/sns/jscode2session?appid=wx3821f908eabc524d&secret=25aa4e5a28cb4954c7de7144445cdc55&js_code=081mpnF22P8a5V0fcYD226ubF22mpnFW&grant_type=authorization_code
	Result：
{"session_key":"7eiL3psWRnMAWG9dU8Mhcg==","openid":"o4Uv25WxCveS6QYtBK0xhYeWiZK0"}

[[[接口调用]]]
[2019/11/11 15:54:54.5808]
[线程：42]
	URL：https://api.weixin.qq.com/sns/jscode2session?appid=wx3821f908eabc524d&secret=25aa4e5a28cb4954c7de7144445cdc55&js_code=081tqFbf0JzdAt139ydf0gXVbf0tqFbk&grant_type=authorization_code
	Result：
{"session_key":"QcwPC3tUHKkEjTOnU3BaMA==","openid":"o4Uv25WxCveS6QYtBK0xhYeWiZK0"}

[[[接口调用]]]
[2019/11/11 15:57:31.5505]
[线程：94]
	URL：https://api.weixin.qq.com/sns/jscode2session?appid=wx3821f908eabc524d&secret=25aa4e5a28cb4954c7de7144445cdc55&js_code=021n0JhH0kuGBg2BlrfH0ZLvhH0n0Jhj&grant_type=authorization_code
	Result：
{"session_key":"2ch+ehOQmmBvi\/Qz3UpGyg==","openid":"o4Uv25WxCveS6QYtBK0xhYeWiZK0"}

[[[接口调用]]]
[2019/11/11 15:57:36.6821]
[线程：94]
	URL：https://api.weixin.qq.com/sns/jscode2session?appid=wx3821f908eabc524d&secret=25aa4e5a28cb4954c7de7144445cdc55&js_code=021Vs0va1TL8mN1NReta1EeZua1Vs0vu&grant_type=authorization_code
	Result：
{"session_key":"2ch+ehOQmmBvi\/Qz3UpGyg==","openid":"o4Uv25WxCveS6QYtBK0xhYeWiZK0"}

[[[接口调用]]]
[2019/11/11 15:57:44.9141]
[线程：94]
	URL：https://api.weixin.qq.com/sns/jscode2session?appid=wx3821f908eabc524d&secret=25aa4e5a28cb4954c7de7144445cdc55&js_code=061qflQP0PlMA32LwaQP035dQP0qflQR&grant_type=authorization_code
	Result：
{"session_key":"2ch+ehOQmmBvi\/Qz3UpGyg==","openid":"o4Uv25WxCveS6QYtBK0xhYeWiZK0"}

[[[接口调用]]]
[2019/11/11 15:58:55.2775]
[线程：72]
	URL：https://api.weixin.qq.com/sns/jscode2session?appid=wx3821f908eabc524d&secret=25aa4e5a28cb4954c7de7144445cdc55&js_code=0113OJRQ1GhPA2125MRQ1TXSRQ13OJRG&grant_type=authorization_code
	Result：
{"session_key":"2ch+ehOQmmBvi\/Qz3UpGyg==","openid":"o4Uv25WxCveS6QYtBK0xhYeWiZK0"}

[[[接口调用]]]
[2019/11/11 15:58:59.8630]
[线程：92]
	URL：https://api.weixin.qq.com/sns/jscode2session?appid=wx3821f908eabc524d&secret=25aa4e5a28cb4954c7de7144445cdc55&js_code=071VrUBh2FjnYB07HnCh2ThEBh2VrUB3&grant_type=authorization_code
	Result：
{"session_key":"2ch+ehOQmmBvi\/Qz3UpGyg==","openid":"o4Uv25WxCveS6QYtBK0xhYeWiZK0"}

[[[接口调用]]]
[2019/11/11 15:59:21.8311]
[线程：92]
	URL：https://api.weixin.qq.com/sns/jscode2session?appid=wx3821f908eabc524d&secret=25aa4e5a28cb4954c7de7144445cdc55&js_code=001kLHwS0vE7G02FhMyS0gvZwS0kLHw7&grant_type=authorization_code
	Result：
{"session_key":"2ch+ehOQmmBvi\/Qz3UpGyg==","openid":"o4Uv25WxCveS6QYtBK0xhYeWiZK0"}

[[[接口调用]]]
[2019/11/11 15:59:27.9587]
[线程：92]
	URL：https://api.weixin.qq.com/sns/jscode2session?appid=wx3821f908eabc524d&secret=25aa4e5a28cb4954c7de7144445cdc55&js_code=071XAbgo0ZD0qk1Ck5go03kqgo0XAbgp&grant_type=authorization_code
	Result：
{"session_key":"2ch+ehOQmmBvi\/Qz3UpGyg==","openid":"o4Uv25WxCveS6QYtBK0xhYeWiZK0"}

[[[接口调用]]]
[2019/11/11 15:59:49.9038]
[线程：28]
	URL：https://api.weixin.qq.com/sns/jscode2session?appid=wx3821f908eabc524d&secret=25aa4e5a28cb4954c7de7144445cdc55&js_code=021bO2Np1E11Ri0ak3Qp1hY3Np1bO2Nz&grant_type=authorization_code
	Result：
{"session_key":"4bcYGtQBve6IUfeSK17oNw==","openid":"o4Uv25WxCveS6QYtBK0xhYeWiZK0"}

[[[接口调用]]]
[2019/11/11 15:59:53.1662]
[线程：73]
	URL：https://api.weixin.qq.com/sns/jscode2session?appid=wx3821f908eabc524d&secret=25aa4e5a28cb4954c7de7144445cdc55&js_code=021sa5V12x4R6W07izT12XGhV12sa5Vq&grant_type=authorization_code
	Result：
{"session_key":"4bcYGtQBve6IUfeSK17oNw==","openid":"o4Uv25WxCveS6QYtBK0xhYeWiZK0"}

[[[接口调用]]]
[2019/11/11 15:59:57.4116]
[线程：73]
	URL：https://api.weixin.qq.com/sns/jscode2session?appid=wx3821f908eabc524d&secret=25aa4e5a28cb4954c7de7144445cdc55&js_code=001Q0TlX1d2PC01uqEmX1fuQlX1Q0Tl3&grant_type=authorization_code
	Result：
{"session_key":"4bcYGtQBve6IUfeSK17oNw==","openid":"o4Uv25WxCveS6QYtBK0xhYeWiZK0"}

[[[接口调用]]]
[2019/11/11 16:00:07.1460]
[线程：73]
	URL：https://api.weixin.qq.com/sns/jscode2session?appid=wx3821f908eabc524d&secret=25aa4e5a28cb4954c7de7144445cdc55&js_code=011UK9Rt0R76cj1qlbSt0HN3Rt0UK9Rl&grant_type=authorization_code
	Result：
{"session_key":"4bcYGtQBve6IUfeSK17oNw==","openid":"o4Uv25WxCveS6QYtBK0xhYeWiZK0"}

[[[接口调用]]]
[2019/11/11 16:00:18.0178]
[线程：72]
	URL：https://api.weixin.qq.com/sns/jscode2session?appid=wx3821f908eabc524d&secret=25aa4e5a28cb4954c7de7144445cdc55&js_code=071bNXBG111eb20wQ2CG17jYBG1bNXB0&grant_type=authorization_code
	Result：
{"session_key":"4bcYGtQBve6IUfeSK17oNw==","openid":"o4Uv25WxCveS6QYtBK0xhYeWiZK0"}

[[[接口调用]]]
[2019/11/11 16:00:36.1089]
[线程：28]
	URL：https://api.weixin.qq.com/sns/jscode2session?appid=wx3821f908eabc524d&secret=25aa4e5a28cb4954c7de7144445cdc55&js_code=021eJWVg1CfuAr02aMUg1EyNVg1eJWV2&grant_type=authorization_code
	Result：
{"session_key":"4bcYGtQBve6IUfeSK17oNw==","openid":"o4Uv25WxCveS6QYtBK0xhYeWiZK0"}

[[[接口调用]]]
[2019/11/11 16:00:43.8572]
[线程：69]
	URL：https://api.weixin.qq.com/sns/jscode2session?appid=wx3821f908eabc524d&secret=25aa4e5a28cb4954c7de7144445cdc55&js_code=021IyubU0EMvqZ1A8WbU0KYGbU0IyubC&grant_type=authorization_code
	Result：
{"session_key":"4bcYGtQBve6IUfeSK17oNw==","openid":"o4Uv25WxCveS6QYtBK0xhYeWiZK0"}

[[[接口调用]]]
[2019/11/11 16:01:15.1321]
[线程：69]
	URL：https://api.weixin.qq.com/sns/jscode2session?appid=wx3821f908eabc524d&secret=25aa4e5a28cb4954c7de7144445cdc55&js_code=0815wkLC0GKOel2VMFKC0lE6LC05wkLz&grant_type=authorization_code
	Result：
{"session_key":"4bcYGtQBve6IUfeSK17oNw==","openid":"o4Uv25WxCveS6QYtBK0xhYeWiZK0"}

[[[接口调用]]]
[2019/11/11 16:01:29.0765]
[线程：69]
	URL：https://api.weixin.qq.com/sns/jscode2session?appid=wx3821f908eabc524d&secret=25aa4e5a28cb4954c7de7144445cdc55&js_code=011BFJXG109QX10CV3ZG1lkTXG1BFJX1&grant_type=authorization_code
	Result：
{"session_key":"4bcYGtQBve6IUfeSK17oNw==","openid":"o4Uv25WxCveS6QYtBK0xhYeWiZK0"}

[[[接口调用]]]
[2019/11/11 16:03:23.3851]
[线程：5]
	URL：https://api.weixin.qq.com/sns/jscode2session?appid=wx3821f908eabc524d&secret=25aa4e5a28cb4954c7de7144445cdc55&js_code=081YGzjp1XATvj088zip1wwwjp1YGzj8&grant_type=authorization_code
	Result：
{"session_key":"aFVMysutU6MrhzR+aZ\/4pQ==","openid":"o4Uv25WxCveS6QYtBK0xhYeWiZK0"}

[[[接口调用]]]
[2019/11/11 16:03:29.1027]
[线程：69]
	URL：https://api.weixin.qq.com/sns/jscode2session?appid=wx3821f908eabc524d&secret=25aa4e5a28cb4954c7de7144445cdc55&js_code=011kReO22tP3eV0D4JM22FEfO22kReOn&grant_type=authorization_code
	Result：
{"session_key":"aFVMysutU6MrhzR+aZ\/4pQ==","openid":"o4Uv25WxCveS6QYtBK0xhYeWiZK0"}

[[[接口调用]]]
[2019/11/11 16:06:15.4765]
[线程：60]
	URL：https://api.weixin.qq.com/sns/jscode2session?appid=wx3821f908eabc524d&secret=25aa4e5a28cb4954c7de7144445cdc55&js_code=081yEGH40z9B6E1p75H40MoJH40yEGHz&grant_type=authorization_code
	Result：
{"session_key":"vhSsUdauxJ07KvCWiMPVmg==","openid":"o4Uv25WxCveS6QYtBK0xhYeWiZK0"}

[[[接口调用]]]
[2019/11/11 16:08:18.6997]
[线程：60]
	URL：https://api.weixin.qq.com/sns/jscode2session?appid=wx3821f908eabc524d&secret=25aa4e5a28cb4954c7de7144445cdc55&js_code=071fdq1d03YLqA1jou0d0IaA1d0fdq1D&grant_type=authorization_code
	Result：
{"session_key":"hJtIW9wDU8wqeUVIJPLWEQ==","openid":"o4Uv25WxCveS6QYtBK0xhYeWiZK0"}

[[[接口调用]]]
[2019/11/11 16:08:23.7976]
[线程：69]
	URL：https://api.weixin.qq.com/sns/jscode2session?appid=wx3821f908eabc524d&secret=25aa4e5a28cb4954c7de7144445cdc55&js_code=0612IJpJ1uAeM30bXCpJ1rEZpJ12IJpw&grant_type=authorization_code
	Result：
{"session_key":"hJtIW9wDU8wqeUVIJPLWEQ==","openid":"o4Uv25WxCveS6QYtBK0xhYeWiZK0"}

[[[接口调用]]]
[2019/11/11 16:09:18.3710]
[线程：68]
	URL：https://api.weixin.qq.com/sns/jscode2session?appid=wx3821f908eabc524d&secret=25aa4e5a28cb4954c7de7144445cdc55&js_code=061FLeWD1ZlVx40vlRWD14tlWD1FLeWd&grant_type=authorization_code
	Result：
{"session_key":"hJtIW9wDU8wqeUVIJPLWEQ==","openid":"o4Uv25WxCveS6QYtBK0xhYeWiZK0"}

[[[接口调用]]]
[2019/11/11 16:09:21.8950]
[线程：60]
	URL：https://api.weixin.qq.com/sns/jscode2session?appid=wx3821f908eabc524d&secret=25aa4e5a28cb4954c7de7144445cdc55&js_code=071x3JHk08HJMs1zkNGk0ukLHk0x3JH9&grant_type=authorization_code
	Result：
{"session_key":"hJtIW9wDU8wqeUVIJPLWEQ==","openid":"o4Uv25WxCveS6QYtBK0xhYeWiZK0"}

[[[接口调用]]]
[2019/11/11 16:09:27.9331]
[线程：60]
	URL：https://api.weixin.qq.com/sns/jscode2session?appid=wx3821f908eabc524d&secret=25aa4e5a28cb4954c7de7144445cdc55&js_code=061d7ERh0XUBCv1ZAHSh0HsGRh0d7ERQ&grant_type=authorization_code
	Result：
{"session_key":"hJtIW9wDU8wqeUVIJPLWEQ==","openid":"o4Uv25WxCveS6QYtBK0xhYeWiZK0"}

[[[接口调用]]]
[2019/11/11 16:11:22.7241]
[线程：68]
	URL：https://api.weixin.qq.com/sns/jscode2session?appid=wx3821f908eabc524d&secret=25aa4e5a28cb4954c7de7144445cdc55&js_code=011d4N8A1nqged0L8A6A1mwn8A1d4N8o&grant_type=authorization_code
	Result：
{"session_key":"S9vaDGrmRf6+woGfNfmkzA==","openid":"o4Uv25WxCveS6QYtBK0xhYeWiZK0"}

[[[接口调用]]]
[2019/11/11 16:11:45.2221]
[线程：70]
	URL：https://api.weixin.qq.com/sns/jscode2session?appid=wx3821f908eabc524d&secret=25aa4e5a28cb4954c7de7144445cdc55&js_code=011YFNju113Fde0xKThu1Vgzju1YFNjK&grant_type=authorization_code
	Result：
{"session_key":"S9vaDGrmRf6+woGfNfmkzA==","openid":"o4Uv25WxCveS6QYtBK0xhYeWiZK0"}

[[[接口调用]]]
[2019/11/11 16:13:09.6300]
[线程：70]
	URL：https://api.weixin.qq.com/sns/jscode2session?appid=wx3821f908eabc524d&secret=25aa4e5a28cb4954c7de7144445cdc55&js_code=061Zbt751KYMKS1arq551M2r751Zbt7z&grant_type=authorization_code
	Result：
{"session_key":"S9vaDGrmRf6+woGfNfmkzA==","openid":"o4Uv25WxCveS6QYtBK0xhYeWiZK0"}

[[[接口调用]]]
[2019/11/11 16:13:30.2356]
[线程：70]
	URL：https://api.weixin.qq.com/sns/jscode2session?appid=wx3821f908eabc524d&secret=25aa4e5a28cb4954c7de7144445cdc55&js_code=021D9QbV1hbnoY0HzhcV192HbV1D9QbX&grant_type=authorization_code
	Result：
{"session_key":"9kVbjDlR5O4BWPW9GeOxcw==","openid":"o4Uv25WxCveS6QYtBK0xhYeWiZK0"}

[[[接口调用]]]
[2019/11/11 16:13:42.5583]
[线程：70]
	URL：https://api.weixin.qq.com/sns/jscode2session?appid=wx3821f908eabc524d&secret=25aa4e5a28cb4954c7de7144445cdc55&js_code=061rlW3605BjCC1b23560krO360rlW35&grant_type=authorization_code
	Result：
{"session_key":"9kVbjDlR5O4BWPW9GeOxcw==","openid":"o4Uv25WxCveS6QYtBK0xhYeWiZK0"}

[[[接口调用]]]
[2019/11/11 16:14:05.0442]
[线程：70]
	URL：https://api.weixin.qq.com/sns/jscode2session?appid=wx3821f908eabc524d&secret=25aa4e5a28cb4954c7de7144445cdc55&js_code=061Ka0pr03U3oh1ug4qr0SZ3pr0Ka0pY&grant_type=authorization_code
	Result：
{"session_key":"9kVbjDlR5O4BWPW9GeOxcw==","openid":"o4Uv25WxCveS6QYtBK0xhYeWiZK0"}

[[[接口调用]]]
[2019/11/11 16:14:56.0169]
[线程：90]
	URL：https://api.weixin.qq.com/sns/jscode2session?appid=wx3821f908eabc524d&secret=25aa4e5a28cb4954c7de7144445cdc55&js_code=001qBvtf1DMntt0Vk3rf1pNAtf1qBvtA&grant_type=authorization_code
	Result：
{"session_key":"9kVbjDlR5O4BWPW9GeOxcw==","openid":"o4Uv25WxCveS6QYtBK0xhYeWiZK0"}

[[[接口调用]]]
[2019/11/11 16:15:03.0001]
[线程：70]
	URL：https://api.weixin.qq.com/sns/jscode2session?appid=wx3821f908eabc524d&secret=25aa4e5a28cb4954c7de7144445cdc55&js_code=071BQjQe1SACvy0WeiQe1DXZPe1BQjQR&grant_type=authorization_code
	Result：
{"session_key":"9kVbjDlR5O4BWPW9GeOxcw==","openid":"o4Uv25WxCveS6QYtBK0xhYeWiZK0"}

[[[自动注册扩展缓存完成]]]
[2019/11/11 16:19:08.3123]
[线程：1]
注册总用时：10.711400000000001ms
自动扫描程序集：0个
扩展缓存：

[[[微信扩展缓存注册完成]]]
[2019/11/11 16:19:08.6654]
[线程：1]
微信扩展缓存注册总用时：88.3339ms
扩展缓存：Senparc.Weixin.Cache.LocalContainerCacheStrategy
Senparc.Weixin.Cache.Redis.RedisContainerCacheStrategy

[[[接口调用]]]
[2019/11/11 16:21:13.7017]
[线程：7]
	URL：https://api.weixin.qq.com/sns/jscode2session?appid=wx3821f908eabc524d&secret=25aa4e5a28cb4954c7de7144445cdc55&js_code=001KD5qo1dk4fk0IAtmo1om5qo1KD5qn&grant_type=authorization_code
	Result：
{"session_key":"OhQV5sUUZBIfn2gJ6oCOuQ==","openid":"o4Uv25WxCveS6QYtBK0xhYeWiZK0"}

[[[接口调用]]]
[2019/11/11 16:21:20.4335]
[线程：7]
	URL：https://api.weixin.qq.com/sns/jscode2session?appid=wx3821f908eabc524d&secret=25aa4e5a28cb4954c7de7144445cdc55&js_code=071i4uR80EfCdE1LHvP80kLvR80i4uRJ&grant_type=authorization_code
	Result：
{"session_key":"OhQV5sUUZBIfn2gJ6oCOuQ==","openid":"o4Uv25WxCveS6QYtBK0xhYeWiZK0"}

[[[接口调用]]]
[2019/11/11 16:23:06.0129]
[线程：7]
	URL：https://api.weixin.qq.com/sns/jscode2session?appid=wx3821f908eabc524d&secret=25aa4e5a28cb4954c7de7144445cdc55&js_code=021jPaas000hng1Ecj7s0Xqlas0jPaaW&grant_type=authorization_code
	Result：
{"session_key":"OhQV5sUUZBIfn2gJ6oCOuQ==","openid":"o4Uv25WxCveS6QYtBK0xhYeWiZK0"}

[[[接口调用]]]
[2019/11/11 16:23:16.6329]
[线程：7]
	URL：https://api.weixin.qq.com/sns/jscode2session?appid=wx3821f908eabc524d&secret=25aa4e5a28cb4954c7de7144445cdc55&js_code=021p9uJ01LwHXW1KAaM01WuqJ01p9uJz&grant_type=authorization_code
	Result：
{"session_key":"xp5IGjfhKWwi+lwPWKi7KA==","openid":"o4Uv25WxCveS6QYtBK0xhYeWiZK0"}

[[[接口调用]]]
[2019/11/11 16:35:01.3918]
[线程：78]
	URL：https://api.weixin.qq.com/sns/jscode2session?appid=wx3821f908eabc524d&secret=25aa4e5a28cb4954c7de7144445cdc55&js_code=001dFV9I1yCgO00WP09I1vAN9I1dFV9b&grant_type=authorization_code
	Result：
{"session_key":"VJGpWG0pFid7mDIdyWSduA==","openid":"o4Uv25WxCveS6QYtBK0xhYeWiZK0"}

