[[[自动注册扩展缓存完成]]]
[2019-09-23 00:08:01.8148]
[线程：1]
注册总用时：26.378ms
自动扫描程序集：0个
扩展缓存：

[[[微信扩展缓存注册完成]]]
[2019-09-23 00:08:02.1039]
[线程：1]
微信扩展缓存注册总用时：55.4519ms
扩展缓存：Senparc.Weixin.Cache.LocalContainerCacheStrategy
Senparc.Weixin.Cache.Redis.RedisContainerCacheStrategy

[[[自动注册扩展缓存完成]]]
[2019-09-23 12:13:04.3887]
[线程：1]
注册总用时：31.012600000000003ms
自动扫描程序集：0个
扩展缓存：

[[[微信扩展缓存注册完成]]]
[2019-09-23 12:13:05.4022]
[线程：1]
微信扩展缓存注册总用时：572.7999ms
扩展缓存：Senparc.Weixin.Cache.LocalContainerCacheStrategy
Senparc.Weixin.Cache.Redis.RedisContainerCacheStrategy

[[[自动注册扩展缓存完成]]]
[2019-09-23 18:32:03.5572]
[线程：1]
注册总用时：25.326500000000003ms
自动扫描程序集：0个
扩展缓存：

[[[微信扩展缓存注册完成]]]
[2019-09-23 18:32:04.4524]
[线程：1]
微信扩展缓存注册总用时：244.2003ms
扩展缓存：Senparc.Weixin.Cache.LocalContainerCacheStrategy
Senparc.Weixin.Cache.Redis.RedisContainerCacheStrategy

[[[接口调用]]]
[2019-09-23 18:58:30.8956]
[线程：62]
	URL：https://api.weixin.qq.com/sns/jscode2session?appid=wx3821f908eabc524d&secret=25aa4e5a28cb4954c7de7144445cdc55&js_code=081e3LWj1SUpzo0gj2Xj1wyAWj1e3LWF&grant_type=authorization_code
	Result：
{"session_key":"+HDMUIGYmRPmkq\/HhmLYJw==","openid":"o4Uv25WxCveS6QYtBK0xhYeWiZK0"}

[[[接口调用]]]
[2019-09-23 18:59:04.8478]
[线程：58]
	URL：https://api.weixin.qq.com/sns/jscode2session?appid=wx3821f908eabc524d&secret=25aa4e5a28cb4954c7de7144445cdc55&js_code=081BpPnW0lL3U12iiGkW0jyOnW0BpPnt&grant_type=authorization_code
	Result：
{"session_key":"+HDMUIGYmRPmkq\/HhmLYJw==","openid":"o4Uv25WxCveS6QYtBK0xhYeWiZK0"}

[[[接口调用]]]
[2019-09-23 18:59:14.1629]
[线程：62]
	URL：https://api.weixin.qq.com/sns/jscode2session?appid=wx3821f908eabc524d&secret=25aa4e5a28cb4954c7de7144445cdc55&js_code=021Kgkrx0L5tMb1Zw1sx0Pq6rx0Kgkr6&grant_type=authorization_code
	Result：
{"session_key":"+HDMUIGYmRPmkq\/HhmLYJw==","openid":"o4Uv25WxCveS6QYtBK0xhYeWiZK0"}

[[[接口调用]]]
[2019-09-23 19:02:35.1705]
[线程：58]
	URL：https://api.weixin.qq.com/sns/jscode2session?appid=wx3821f908eabc524d&secret=25aa4e5a28cb4954c7de7144445cdc55&js_code=021FDUg50qIqfD1usKj50gq9h50FDUgr&grant_type=authorization_code
	Result：
{"session_key":"xAnubA\/R3bYLVj1eLeBWtQ==","openid":"o4Uv25WxCveS6QYtBK0xhYeWiZK0"}

[[[接口调用]]]
[2019-09-23 19:02:42.9314]
[线程：64]
	URL：https://api.weixin.qq.com/sns/jscode2session?appid=wx3821f908eabc524d&secret=25aa4e5a28cb4954c7de7144445cdc55&js_code=071V4BfQ0Masc72lJSgQ0wJCfQ0V4BfR&grant_type=authorization_code
	Result：
{"session_key":"xAnubA\/R3bYLVj1eLeBWtQ==","openid":"o4Uv25WxCveS6QYtBK0xhYeWiZK0"}

