[[[自动注册扩展缓存完成]]]
[2019-09-26 11:58:50.0447]
[线程：1]
注册总用时：28.9222ms
自动扫描程序集：0个
扩展缓存：

[[[微信扩展缓存注册完成]]]
[2019-09-26 11:58:51.4129]
[线程：1]
微信扩展缓存注册总用时：183.3697ms
扩展缓存：Senparc.Weixin.Cache.LocalContainerCacheStrategy
Senparc.Weixin.Cache.Redis.RedisContainerCacheStrategy

[[[自动注册扩展缓存完成]]]
[2019-09-26 12:47:56.0335]
[线程：1]
注册总用时：30.4888ms
自动扫描程序集：0个
扩展缓存：

[[[微信扩展缓存注册完成]]]
[2019-09-26 12:47:56.4682]
[线程：1]
微信扩展缓存注册总用时：94.22460000000001ms
扩展缓存：Senparc.Weixin.Cache.LocalContainerCacheStrategy
Senparc.Weixin.Cache.Redis.RedisContainerCacheStrategy

[[[自动注册扩展缓存完成]]]
[2019-09-26 13:30:33.3005]
[线程：1]
注册总用时：30.041500000000003ms
自动扫描程序集：0个
扩展缓存：

[[[微信扩展缓存注册完成]]]
[2019-09-26 13:30:35.4379]
[线程：1]
微信扩展缓存注册总用时：228.47410000000002ms
扩展缓存：Senparc.Weixin.Cache.LocalContainerCacheStrategy
Senparc.Weixin.Cache.Redis.RedisContainerCacheStrategy

[[[自动注册扩展缓存完成]]]
[2019-09-26 18:28:54.9254]
[线程：1]
注册总用时：24.5747ms
自动扫描程序集：0个
扩展缓存：

[[[微信扩展缓存注册完成]]]
[2019-09-26 18:28:55.3205]
[线程：1]
微信扩展缓存注册总用时：81.05250000000001ms
扩展缓存：Senparc.Weixin.Cache.LocalContainerCacheStrategy
Senparc.Weixin.Cache.Redis.RedisContainerCacheStrategy

[[[微信扩展缓存注册完成]]]
[2019-09-26 18:49:24.8845]
[线程：1]
微信扩展缓存注册总用时：82.4872ms
扩展缓存：Senparc.Weixin.Cache.LocalContainerCacheStrategy
Senparc.Weixin.Cache.Redis.RedisContainerCacheStrategy

[[[自动注册扩展缓存完成]]]
[2019-09-26 18:49:24.4467]
[线程：1]
注册总用时：33.475ms
自动扫描程序集：0个
扩展缓存：

[[[自动注册扩展缓存完成]]]
[2019-09-26 19:17:29.5931]
[线程：1]
注册总用时：170.2503ms
自动扫描程序集：0个
扩展缓存：

[[[微信扩展缓存注册完成]]]
[2019-09-26 19:17:31.1031]
[线程：1]
微信扩展缓存注册总用时：145.892ms
扩展缓存：Senparc.Weixin.Cache.LocalContainerCacheStrategy
Senparc.Weixin.Cache.Redis.RedisContainerCacheStrategy

[[[自动注册扩展缓存完成]]]
[2019-09-26 19:42:32.4041]
[线程：1]
注册总用时：43.2734ms
自动扫描程序集：0个
扩展缓存：

[[[微信扩展缓存注册完成]]]
[2019-09-26 19:42:36.7361]
[线程：1]
微信扩展缓存注册总用时：845.3976ms
扩展缓存：Senparc.Weixin.Cache.LocalContainerCacheStrategy
Senparc.Weixin.Cache.Redis.RedisContainerCacheStrategy

[[[自动注册扩展缓存完成]]]
[2019-09-26 19:47:46.3198]
[线程：1]
注册总用时：45.9673ms
自动扫描程序集：0个
扩展缓存：

[[[微信扩展缓存注册完成]]]
[2019-09-26 19:47:47.8441]
[线程：1]
微信扩展缓存注册总用时：301.05940000000004ms
扩展缓存：Senparc.Weixin.Cache.LocalContainerCacheStrategy
Senparc.Weixin.Cache.Redis.RedisContainerCacheStrategy

