[[[自动注册扩展缓存完成]]]
[2019-09-24 11:56:56.4226]
[线程：1]
注册总用时：43.7396ms
自动扫描程序集：0个
扩展缓存：

[[[微信扩展缓存注册完成]]]
[2019-09-24 11:56:57.4696]
[线程：1]
微信扩展缓存注册总用时：537.0582ms
扩展缓存：Senparc.Weixin.Cache.LocalContainerCacheStrategy
Senparc.Weixin.Cache.Redis.RedisContainerCacheStrategy

[[[接口调用]]]
[2019-09-24 12:00:54.2440]
[线程：26]
	URL：https://api.weixin.qq.com/sns/jscode2session?appid=wx3821f908eabc524d&secret=25aa4e5a28cb4954c7de7144445cdc55&js_code=061yeNpS1MpMZ41wRnqS1RQVpS1yeNpr&grant_type=authorization_code
	Result：
{"session_key":"Pvxi6Dz2N\/pGp8YlKicp4Q==","openid":"o4Uv25WxCveS6QYtBK0xhYeWiZK0"}

[[[接口调用]]]
[2019-09-24 12:01:22.2950]
[线程：26]
	URL：https://api.weixin.qq.com/sns/jscode2session?appid=wx3821f908eabc524d&secret=25aa4e5a28cb4954c7de7144445cdc55&js_code=061pyG6O13PyL91P3F3O1NPy6O1pyG6E&grant_type=authorization_code
	Result：
{"session_key":"Pvxi6Dz2N\/pGp8YlKicp4Q==","openid":"o4Uv25WxCveS6QYtBK0xhYeWiZK0"}

[[[接口调用]]]
[2019-09-24 12:01:57.2797]
[线程：41]
	URL：https://api.weixin.qq.com/sns/jscode2session?appid=wx3821f908eabc524d&secret=25aa4e5a28cb4954c7de7144445cdc55&js_code=021sKKMN09lTka2Us7ON0XXPMN0sKKMe&grant_type=authorization_code
	Result：
{"session_key":"eU\/OpNFH06s5GyFqF61d+g==","openid":"o4Uv25WxCveS6QYtBK0xhYeWiZK0"}

[[[接口调用]]]
[2019-09-24 12:03:39.4615]
[线程：45]
	URL：https://api.weixin.qq.com/sns/jscode2session?appid=wx3821f908eabc524d&secret=25aa4e5a28cb4954c7de7144445cdc55&js_code=0817aJw00zrMII1EIXv00mzQw007aJwx&grant_type=authorization_code
	Result：
{"session_key":"eU\/OpNFH06s5GyFqF61d+g==","openid":"o4Uv25WxCveS6QYtBK0xhYeWiZK0"}

[[[接口调用]]]
[2019-09-24 12:03:39.6194]
[线程：49]
	URL：https://api.weixin.qq.com/sns/jscode2session?appid=wx3821f908eabc524d&secret=25aa4e5a28cb4954c7de7144445cdc55&js_code=021AhKEi097Zrq1xZUAi0P4KEi0AhKEs&grant_type=authorization_code
	Result：
{"session_key":"eU\/OpNFH06s5GyFqF61d+g==","openid":"o4Uv25WxCveS6QYtBK0xhYeWiZK0"}

[[[接口调用]]]
[2019-09-24 12:04:05.4163]
[线程：26]
	URL：https://api.weixin.qq.com/sns/jscode2session?appid=wx3821f908eabc524d&secret=25aa4e5a28cb4954c7de7144445cdc55&js_code=001gljsO1T8wY81jfzrO11I1sO1gljsp&grant_type=authorization_code
	Result：
{"session_key":"UyP2Gqg53E5aPt1slvTURA==","openid":"o4Uv25WxCveS6QYtBK0xhYeWiZK0"}

[[[接口调用]]]
[2019-09-24 12:06:09.1202]
[线程：26]
	URL：https://api.weixin.qq.com/sns/jscode2session?appid=wx3821f908eabc524d&secret=25aa4e5a28cb4954c7de7144445cdc55&js_code=061kxWql0CIbas1oJesl0mJKql0kxWqB&grant_type=authorization_code
	Result：
{"session_key":"ivzWNaKy8Djq5lMYbZR8Ww==","openid":"o4Uv25WxCveS6QYtBK0xhYeWiZK0"}

[[[接口调用]]]
[2019-09-24 12:06:17.7794]
[线程：26]
	URL：https://api.weixin.qq.com/sns/jscode2session?appid=wx3821f908eabc524d&secret=25aa4e5a28cb4954c7de7144445cdc55&js_code=021EaD0a1a9ShO1FNRX91fVG0a1EaD0H&grant_type=authorization_code
	Result：
{"session_key":"ivzWNaKy8Djq5lMYbZR8Ww==","openid":"o4Uv25WxCveS6QYtBK0xhYeWiZK0"}

[[[接口调用]]]
[2019-09-24 12:07:57.8055]
[线程：43]
	URL：https://api.weixin.qq.com/sns/jscode2session?appid=wx3821f908eabc524d&secret=25aa4e5a28cb4954c7de7144445cdc55&js_code=001epDJn023anl1HG8Kn01KHJn0epDJb&grant_type=authorization_code
	Result：
{"session_key":"ivzWNaKy8Djq5lMYbZR8Ww==","openid":"o4Uv25WxCveS6QYtBK0xhYeWiZK0"}

[[[接口调用]]]
[2019-09-24 12:08:06.9992]
[线程：43]
	URL：https://api.weixin.qq.com/sns/jscode2session?appid=wx3821f908eabc524d&secret=25aa4e5a28cb4954c7de7144445cdc55&js_code=081uOSBA0NhOJi2F35BA0nBeCA0uOSBa&grant_type=authorization_code
	Result：
{"session_key":"ivzWNaKy8Djq5lMYbZR8Ww==","openid":"o4Uv25WxCveS6QYtBK0xhYeWiZK0"}

[[[接口调用]]]
[2019-09-24 12:09:12.9948]
[线程：41]
	URL：https://api.weixin.qq.com/sns/jscode2session?appid=wx3821f908eabc524d&secret=25aa4e5a28cb4954c7de7144445cdc55&js_code=061XySPU11dKkY0Jm0RU1YX1QU1XySPA&grant_type=authorization_code
	Result：
{"session_key":"N8\/PsVnht96FcmCzRH\/Img==","openid":"o4Uv25WxCveS6QYtBK0xhYeWiZK0"}

[[[接口调用]]]
[2019-09-24 12:09:25.9909]
[线程：41]
	URL：https://api.weixin.qq.com/sns/jscode2session?appid=wx3821f908eabc524d&secret=25aa4e5a28cb4954c7de7144445cdc55&js_code=08178Rbi2QAD7B0oLcci2oCUbi278Rbw&grant_type=authorization_code
	Result：
{"session_key":"N8\/PsVnht96FcmCzRH\/Img==","openid":"o4Uv25WxCveS6QYtBK0xhYeWiZK0"}

[[[接口调用]]]
[2019-09-24 12:10:57.6003]
[线程：92]
	URL：https://api.weixin.qq.com/sns/jscode2session?appid=wx3821f908eabc524d&secret=25aa4e5a28cb4954c7de7144445cdc55&js_code=081wQf781Y8WjL1qvHa81OWm781wQf7b&grant_type=authorization_code
	Result：
{"session_key":"N8\/PsVnht96FcmCzRH\/Img==","openid":"o4Uv25WxCveS6QYtBK0xhYeWiZK0"}

[[[接口调用]]]
[2019-09-24 12:12:28.1382]
[线程：112]
	URL：https://api.weixin.qq.com/sns/jscode2session?appid=wx3821f908eabc524d&secret=25aa4e5a28cb4954c7de7144445cdc55&js_code=0218u39a2x7oAN0G1c8a2He49a28u39b&grant_type=authorization_code
	Result：
{"session_key":"N8\/PsVnht96FcmCzRH\/Img==","openid":"o4Uv25WxCveS6QYtBK0xhYeWiZK0"}

[[[接口调用]]]
[2019-09-24 12:13:19.1467]
[线程：109]
	URL：https://api.weixin.qq.com/sns/jscode2session?appid=wx3821f908eabc524d&secret=25aa4e5a28cb4954c7de7144445cdc55&js_code=001Yd5jW1QWIAX0AXwlW1xGNiW1Yd5jh&grant_type=authorization_code
	Result：
{"session_key":"VP\/x9YF1990YxcSL81YMUA==","openid":"o4Uv25WxCveS6QYtBK0xhYeWiZK0"}

[[[接口调用]]]
[2019-09-24 12:13:41.8113]
[线程：116]
	URL：https://api.weixin.qq.com/sns/jscode2session?appid=wx3821f908eabc524d&secret=25aa4e5a28cb4954c7de7144445cdc55&js_code=011SLX222fBNnV0MD6522xFV222SLX2p&grant_type=authorization_code
	Result：
{"session_key":"VP\/x9YF1990YxcSL81YMUA==","openid":"o4Uv25WxCveS6QYtBK0xhYeWiZK0"}

[[[接口调用]]]
[2019-09-24 12:16:41.4703]
[线程：112]
	URL：https://api.weixin.qq.com/sns/jscode2session?appid=wx3821f908eabc524d&secret=25aa4e5a28cb4954c7de7144445cdc55&js_code=07131tTr0EA9sg1RzmTr0P0pTr031tTU&grant_type=authorization_code
	Result：
{"session_key":"+9FNM4CANkAcgVLOLbkhgQ==","openid":"o4Uv25WxCveS6QYtBK0xhYeWiZK0"}

[[[微信扩展缓存注册完成]]]
[2019-09-24 12:20:32.8877]
[线程：1]
微信扩展缓存注册总用时：66.1209ms
扩展缓存：Senparc.Weixin.Cache.LocalContainerCacheStrategy
Senparc.Weixin.Cache.Redis.RedisContainerCacheStrategy

[[[自动注册扩展缓存完成]]]
[2019-09-24 12:20:32.5271]
[线程：1]
注册总用时：27.3366ms
自动扫描程序集：0个
扩展缓存：

[[[接口调用]]]
[2019-09-24 12:21:53.7237]
[线程：5]
	URL：https://api.weixin.qq.com/sns/jscode2session?appid=wx3821f908eabc524d&secret=25aa4e5a28cb4954c7de7144445cdc55&js_code=011CtQom18HG5r0UUZpm1ZxHom1CtQoc&grant_type=authorization_code
	Result：
{"session_key":"oHQeQAc+kqqiHkFbOqJO7Q==","openid":"o4Uv25WxCveS6QYtBK0xhYeWiZK0"}

[[[接口调用]]]
[2019-09-24 12:22:12.1119]
[线程：38]
	URL：https://api.weixin.qq.com/sns/jscode2session?appid=wx3821f908eabc524d&secret=25aa4e5a28cb4954c7de7144445cdc55&js_code=021JGbiW05YKS12QVqjW0KOaiW0JGbiE&grant_type=authorization_code
	Result：
{"session_key":"oHQeQAc+kqqiHkFbOqJO7Q==","openid":"o4Uv25WxCveS6QYtBK0xhYeWiZK0"}

[[[接口调用]]]
[2019-09-24 12:22:19.6227]
[线程：8]
	URL：https://api.weixin.qq.com/sns/jscode2session?appid=wx3821f908eabc524d&secret=25aa4e5a28cb4954c7de7144445cdc55&js_code=061An2mc1KPvSw0qxwkc1FW3mc1An2mN&grant_type=authorization_code
	Result：
{"session_key":"oHQeQAc+kqqiHkFbOqJO7Q==","openid":"o4Uv25WxCveS6QYtBK0xhYeWiZK0"}

