[[[自动注册扩展缓存完成]]]
[2019/11/03 10:08:24.9974]
[线程：1]
注册总用时：9.4247ms
自动扫描程序集：0个
扩展缓存：

[[[微信扩展缓存注册完成]]]
[2019/11/03 10:08:25.3165]
[线程：1]
微信扩展缓存注册总用时：85.2741ms
扩展缓存：Senparc.Weixin.Cache.LocalContainerCacheStrategy
Senparc.Weixin.Cache.Redis.RedisContainerCacheStrategy

[[[接口调用]]]
[2019/11/03 10:09:15.2709]
[线程：4]
	URL：https://api.weixin.qq.com/sns/jscode2session?appid=wx3821f908eabc524d&secret=25aa4e5a28cb4954c7de7144445cdc55&js_code=011Mgy1q0behxn1QNh2q0TDx1q0Mgy1E&grant_type=authorization_code
	Result：
{"session_key":"4YuCoyeg+yvV6BeH\/iSDTQ==","openid":"o4Uv25WxCveS6QYtBK0xhYeWiZK0"}

[[[接口调用]]]
[2019/11/03 10:09:16.1473]
[线程：27]
	URL：https://api.weixin.qq.com/sns/jscode2session?appid=wx3821f908eabc524d&secret=25aa4e5a28cb4954c7de7144445cdc55&js_code=081d27jt0aLbHf1gi1kt0Eqcjt0d27j1&grant_type=authorization_code
	Result：
{"session_key":"4YuCoyeg+yvV6BeH\/iSDTQ==","openid":"o4Uv25WxCveS6QYtBK0xhYeWiZK0"}

[[[接口调用]]]
[2019/11/03 10:10:42.4589]
[线程：27]
	URL：https://api.weixin.qq.com/sns/jscode2session?appid=wx3821f908eabc524d&secret=25aa4e5a28cb4954c7de7144445cdc55&js_code=011zqEYR1Qu9G51j2hXR1fKEYR1zqEYl&grant_type=authorization_code
	Result：
{"session_key":"4YuCoyeg+yvV6BeH\/iSDTQ==","openid":"o4Uv25WxCveS6QYtBK0xhYeWiZK0"}

[[[接口调用]]]
[2019/11/03 10:10:46.0585]
[线程：27]
	URL：https://api.weixin.qq.com/sns/jscode2session?appid=wx3821f908eabc524d&secret=25aa4e5a28cb4954c7de7144445cdc55&js_code=0615ukdd0U5aMz1bfXcd0KPodd05ukdQ&grant_type=authorization_code
	Result：
{"session_key":"4YuCoyeg+yvV6BeH\/iSDTQ==","openid":"o4Uv25WxCveS6QYtBK0xhYeWiZK0"}

[[[接口调用]]]
[2019/11/03 10:11:44.0994]
[线程：37]
	URL：https://api.weixin.qq.com/sns/jscode2session?appid=wx3821f908eabc524d&secret=25aa4e5a28cb4954c7de7144445cdc55&js_code=081hRskt02WmGf1gnckt0RPukt0hRskM&grant_type=authorization_code
	Result：
{"session_key":"RdEHU2+RP3EEpl7JnoLNjg==","openid":"o4Uv25WxCveS6QYtBK0xhYeWiZK0"}

[[[接口调用]]]
[2019/11/03 10:11:47.0409]
[线程：27]
	URL：https://api.weixin.qq.com/sns/jscode2session?appid=wx3821f908eabc524d&secret=25aa4e5a28cb4954c7de7144445cdc55&js_code=021ZHOIJ0zokX92CsvJJ07eDIJ0ZHOIL&grant_type=authorization_code
	Result：
{"session_key":"RdEHU2+RP3EEpl7JnoLNjg==","openid":"o4Uv25WxCveS6QYtBK0xhYeWiZK0"}

[[[接口调用]]]
[2019/11/03 10:12:31.1313]
[线程：28]
	URL：https://api.weixin.qq.com/sns/jscode2session?appid=wx3821f908eabc524d&secret=25aa4e5a28cb4954c7de7144445cdc55&js_code=021Mnbv725kXIQ0WONy72Zxbv72MnbvI&grant_type=authorization_code
	Result：
{"session_key":"RdEHU2+RP3EEpl7JnoLNjg==","openid":"o4Uv25WxCveS6QYtBK0xhYeWiZK0"}

[[[接口调用]]]
[2019/11/03 10:12:45.9657]
[线程：28]
	URL：https://api.weixin.qq.com/sns/jscode2session?appid=wx3821f908eabc524d&secret=25aa4e5a28cb4954c7de7144445cdc55&js_code=021J64pl1hDLBn0Da6ql1vp4pl1J64pB&grant_type=authorization_code
	Result：
{"session_key":"RdEHU2+RP3EEpl7JnoLNjg==","openid":"o4Uv25WxCveS6QYtBK0xhYeWiZK0"}

[[[接口调用]]]
[2019/11/03 10:17:02.6489]
[线程：37]
	URL：https://api.weixin.qq.com/sns/jscode2session?appid=wx3821f908eabc524d&secret=25aa4e5a28cb4954c7de7144445cdc55&js_code=011AIGx40EFxTD1zg9B40W67y40AIGx7&grant_type=authorization_code
	Result：
{"session_key":"S\/CM9F1w3k4YVGRWpbO66w==","openid":"o4Uv25WxCveS6QYtBK0xhYeWiZK0"}

[[[接口调用]]]
[2019/11/03 10:17:08.6188]
[线程：73]
	URL：https://api.weixin.qq.com/sns/jscode2session?appid=wx3821f908eabc524d&secret=25aa4e5a28cb4954c7de7144445cdc55&js_code=021SZ4bZ0dCuvU1REGdZ06iXaZ0SZ4b9&grant_type=authorization_code
	Result：
{"session_key":"S\/CM9F1w3k4YVGRWpbO66w==","openid":"o4Uv25WxCveS6QYtBK0xhYeWiZK0"}

[[[接口调用]]]
[2019/11/03 10:17:10.8175]
[线程：73]
	URL：https://api.weixin.qq.com/sns/jscode2session?appid=wx3821f908eabc524d&secret=25aa4e5a28cb4954c7de7144445cdc55&js_code=071pcG2x0aopob1pif0x0AXJ2x0pcG2I&grant_type=authorization_code
	Result：
{"session_key":"S\/CM9F1w3k4YVGRWpbO66w==","openid":"o4Uv25WxCveS6QYtBK0xhYeWiZK0"}

[[[自动注册扩展缓存完成]]]
[2019/11/03 10:18:57.7406]
[线程：1]
注册总用时：14.288ms
自动扫描程序集：0个
扩展缓存：

[[[微信扩展缓存注册完成]]]
[2019/11/03 10:18:58.0516]
[线程：1]
微信扩展缓存注册总用时：64.0600ms
扩展缓存：Senparc.Weixin.Cache.LocalContainerCacheStrategy
Senparc.Weixin.Cache.Redis.RedisContainerCacheStrategy

[[[接口调用]]]
[2019/11/03 10:21:52.8512]
[线程：4]
	URL：https://api.weixin.qq.com/sns/jscode2session?appid=wx3821f908eabc524d&secret=25aa4e5a28cb4954c7de7144445cdc55&js_code=061Mr5cN1xh4u61UkYaN1WuUbN1Mr5cg&grant_type=authorization_code
	Result：
{"session_key":"y6t7bRHagpEFSstV2b2Zxw==","openid":"o4Uv25WxCveS6QYtBK0xhYeWiZK0"}

[[[接口调用]]]
[2019/11/03 10:21:56.8630]
[线程：4]
	URL：https://api.weixin.qq.com/sns/jscode2session?appid=wx3821f908eabc524d&secret=25aa4e5a28cb4954c7de7144445cdc55&js_code=001mVfUf2um9KH0N58Uf2dByUf2mVfUf&grant_type=authorization_code
	Result：
{"session_key":"y6t7bRHagpEFSstV2b2Zxw==","openid":"o4Uv25WxCveS6QYtBK0xhYeWiZK0"}

[[[接口调用]]]
[2019/11/03 10:23:17.2537]
[线程：19]
	URL：https://api.weixin.qq.com/sns/jscode2session?appid=wx3821f908eabc524d&secret=25aa4e5a28cb4954c7de7144445cdc55&js_code=071eDAhp0cjygo1lSIgp0dKPhp0eDAh7&grant_type=authorization_code
	Result：
{"session_key":"y6t7bRHagpEFSstV2b2Zxw==","openid":"o4Uv25WxCveS6QYtBK0xhYeWiZK0"}

[[[接口调用]]]
[2019/11/03 10:23:19.8867]
[线程：4]
	URL：https://api.weixin.qq.com/sns/jscode2session?appid=wx3821f908eabc524d&secret=25aa4e5a28cb4954c7de7144445cdc55&js_code=0014RxH42ljcYO03BKH42xaEH424RxHh&grant_type=authorization_code
	Result：
{"session_key":"y6t7bRHagpEFSstV2b2Zxw==","openid":"o4Uv25WxCveS6QYtBK0xhYeWiZK0"}

[[[接口调用]]]
[2019/11/03 10:23:22.5072]
[线程：4]
	URL：https://api.weixin.qq.com/sns/jscode2session?appid=wx3821f908eabc524d&secret=25aa4e5a28cb4954c7de7144445cdc55&js_code=001Icv040Hc0ZI1Nn0240aLs040Icv0J&grant_type=authorization_code
	Result：
{"session_key":"y6t7bRHagpEFSstV2b2Zxw==","openid":"o4Uv25WxCveS6QYtBK0xhYeWiZK0"}

[[[接口调用]]]
[2019/11/03 10:23:51.6538]
[线程：4]
	URL：https://api.weixin.qq.com/sns/jscode2session?appid=wx3821f908eabc524d&secret=25aa4e5a28cb4954c7de7144445cdc55&js_code=071UOlw62y37HR0VJry62DCDw62UOlww&grant_type=authorization_code
	Result：
{"session_key":"y6t7bRHagpEFSstV2b2Zxw==","openid":"o4Uv25WxCveS6QYtBK0xhYeWiZK0"}

[[[接口调用]]]
[2019/11/03 10:23:54.3379]
[线程：42]
	URL：https://api.weixin.qq.com/sns/jscode2session?appid=wx3821f908eabc524d&secret=25aa4e5a28cb4954c7de7144445cdc55&js_code=001xoBcG0gnDUc2ZqMbG0M2DcG0xoBcr&grant_type=authorization_code
	Result：
{"session_key":"syvd148+DDrQpItMtB4rzQ==","openid":"o4Uv25WxCveS6QYtBK0xhYeWiZK0"}

[[[接口调用]]]
[2019/11/03 10:29:31.9347]
[线程：19]
	URL：https://api.weixin.qq.com/sns/jscode2session?appid=wx3821f908eabc524d&secret=25aa4e5a28cb4954c7de7144445cdc55&js_code=071vwCRz1PoK7d0NyKUz1KdlRz1vwCRb&grant_type=authorization_code
	Result：
{"session_key":"PI0n1w9lK4myDxUymic5vw==","openid":"o4Uv25WxCveS6QYtBK0xhYeWiZK0"}

[[[接口调用]]]
[2019/11/03 10:29:34.8813]
[线程：19]
	URL：https://api.weixin.qq.com/sns/jscode2session?appid=wx3821f908eabc524d&secret=25aa4e5a28cb4954c7de7144445cdc55&js_code=071i2Rx82Ix6zK0us1y82wDGx82i2RxD&grant_type=authorization_code
	Result：
{"session_key":"PI0n1w9lK4myDxUymic5vw==","openid":"o4Uv25WxCveS6QYtBK0xhYeWiZK0"}

[[[接口调用]]]
[2019/11/03 10:31:45.8757]
[线程：19]
	URL：https://api.weixin.qq.com/sns/jscode2session?appid=wx3821f908eabc524d&secret=25aa4e5a28cb4954c7de7144445cdc55&js_code=061jje7X1DaLw01fH36X1uqh7X1jje7g&grant_type=authorization_code
	Result：
{"session_key":"6Z4sQGNya05NGZt4Avljew==","openid":"o4Uv25WxCveS6QYtBK0xhYeWiZK0"}

[[[接口调用]]]
[2019/11/03 10:31:49.6091]
[线程：42]
	URL：https://api.weixin.qq.com/sns/jscode2session?appid=wx3821f908eabc524d&secret=25aa4e5a28cb4954c7de7144445cdc55&js_code=061yCW1f2WPVbJ0YKf5f2DwV1f2yCW1o&grant_type=authorization_code
	Result：
{"session_key":"6Z4sQGNya05NGZt4Avljew==","openid":"o4Uv25WxCveS6QYtBK0xhYeWiZK0"}

[[[接口调用]]]
[2019/11/03 10:35:15.4334]
[线程：19]
	URL：https://api.weixin.qq.com/sns/jscode2session?appid=wx3821f908eabc524d&secret=25aa4e5a28cb4954c7de7144445cdc55&js_code=061qrdoZ02PAgY1LBToZ0081oZ0qrdoo&grant_type=authorization_code
	Result：
{"session_key":"9dYreDVRXHjcrviFK1sx8g==","openid":"o4Uv25WxCveS6QYtBK0xhYeWiZK0"}

[[[接口调用]]]
[2019/11/03 10:35:18.4154]
[线程：19]
	URL：https://api.weixin.qq.com/sns/jscode2session?appid=wx3821f908eabc524d&secret=25aa4e5a28cb4954c7de7144445cdc55&js_code=011PMuHT06XjpZ1M26FT0irrHT0PMuH8&grant_type=authorization_code
	Result：
{"session_key":"9dYreDVRXHjcrviFK1sx8g==","openid":"o4Uv25WxCveS6QYtBK0xhYeWiZK0"}

[[[接口调用]]]
[2019/11/03 10:35:42.8929]
[线程：60]
	URL：https://api.weixin.qq.com/sns/jscode2session?appid=wx3821f908eabc524d&secret=25aa4e5a28cb4954c7de7144445cdc55&js_code=0017cEOi24GmRA0cmNMi2uxYOi27cEOc&grant_type=authorization_code
	Result：
{"session_key":"9dYreDVRXHjcrviFK1sx8g==","openid":"o4Uv25WxCveS6QYtBK0xhYeWiZK0"}

[[[自动注册扩展缓存完成]]]
[2019/11/03 11:30:41.0812]
[线程：1]
注册总用时：10.0177ms
自动扫描程序集：0个
扩展缓存：

[[[微信扩展缓存注册完成]]]
[2019/11/03 11:30:41.3679]
[线程：1]
微信扩展缓存注册总用时：70.8221ms
扩展缓存：Senparc.Weixin.Cache.LocalContainerCacheStrategy
Senparc.Weixin.Cache.Redis.RedisContainerCacheStrategy

[[[接口调用]]]
[2019/11/03 11:30:52.4154]
[线程：18]
	URL：https://api.weixin.qq.com/cgi-bin/message/subscribe/send?access_token=27_Ky9ubFzSWYt92TBXIsqfs-u0msO88GBwvCddBV-YFOZxEUotEpp_2vGUVIPeAL0MFv1YYOA9-mfWCmRX5WEvPIflaUIsAQ7sLXq-VTJlrWI4nREGUWUc_NqUV8Scq0N9kyY3vzQ2io3glk4pBVBjABAJDJ
	Post Data：
{"touser":"o4Uv25ee41SIoIbaNP8CM4XQUBJ0","template_id":"4N8HC4c7I3QrB4qnWawT1L_itLob2WtyOTvUiYQdHPk","page":"pages/ViewMe/list","data":{"thing1":{"value":"2019/11/311:30最新动态"},"thing2":{"value":"1人看了1篇文章，浏览1次"}}}

[[[ErrorJsonResultException]]]
[2019/11/03 11:30:52.6693]
[线程：18]
	ErrorJsonResultException
	AccessTokenOrAppId：null
	URL：https://api.weixin.qq.com/cgi-bin/message/subscribe/send?access_token=27_Ky9ubFzSWYt92TBXIsqfs-u0msO88GBwvCddBV-YFOZxEUotEpp_2vGUVIPeAL0MFv1YYOA9-mfWCmRX5WEvPIflaUIsAQ7sLXq-VTJlrWI4nREGUWUc_NqUV8Scq0N9kyY3vzQ2io3glk4pBVBjABAJDJ
	errcode：用户拒绝接受消息
	errmsg：user refuse to accept the msg hint: [hD9aaa08544106]

[[[接口调用]]]
[2019/11/03 11:30:59.6936]
[线程：18]
	URL：https://api.weixin.qq.com/cgi-bin/message/subscribe/send?access_token=27_Ky9ubFzSWYt92TBXIsqfs-u0msO88GBwvCddBV-YFOZxEUotEpp_2vGUVIPeAL0MFv1YYOA9-mfWCmRX5WEvPIflaUIsAQ7sLXq-VTJlrWI4nREGUWUc_NqUV8Scq0N9kyY3vzQ2io3glk4pBVBjABAJDJ
	Post Data：
{"touser":"o4Uv25YF-3f088d-Qw5E4hkIsxuU","template_id":"4N8HC4c7I3QrB4qnWawT1L_itLob2WtyOTvUiYQdHPk","page":"pages/ViewMe/list","data":{"thing1":{"value":"2019/11/311:30最新动态"},"thing2":{"value":"1人看了1篇文章，浏览2次"}}}

[[[ErrorJsonResultException]]]
[2019/11/03 11:30:59.9667]
[线程：18]
	ErrorJsonResultException
	AccessTokenOrAppId：null
	URL：https://api.weixin.qq.com/cgi-bin/message/subscribe/send?access_token=27_Ky9ubFzSWYt92TBXIsqfs-u0msO88GBwvCddBV-YFOZxEUotEpp_2vGUVIPeAL0MFv1YYOA9-mfWCmRX5WEvPIflaUIsAQ7sLXq-VTJlrWI4nREGUWUc_NqUV8Scq0N9kyY3vzQ2io3glk4pBVBjABAJDJ
	errcode：用户拒绝接受消息
	errmsg：user refuse to accept the msg hint: [U7HcAA08614122]

[[[自动注册扩展缓存完成]]]
[2019/11/03 11:34:21.8000]
[线程：1]
注册总用时：16.4129ms
自动扫描程序集：0个
扩展缓存：

[[[微信扩展缓存注册完成]]]
[2019/11/03 11:34:22.2566]
[线程：1]
微信扩展缓存注册总用时：79.9980ms
扩展缓存：Senparc.Weixin.Cache.LocalContainerCacheStrategy
Senparc.Weixin.Cache.Redis.RedisContainerCacheStrategy

[[[接口调用]]]
[2019/11/03 11:34:31.9967]
[线程：22]
	URL：https://api.weixin.qq.com/cgi-bin/message/subscribe/send?access_token=27_Dn7QxYOzpntL8jBi46zb4f9mKTR5YqhqweSMYzVUxL6tDCY0mrx89ZndW5rO1m9uTqFmxWn1Ybx2HFM25Ru3SuX39lsXBdmrL-hynlgzO8PhVsVZhkqs798oASXctotv-augTw5hztlKMwmyZVJbAGAEAO
	Post Data：
{"touser":"o4Uv25ee41SIoIbaNP8CM4XQUBJ0","template_id":"4N8HC4c7I3QrB4qnWawT1L_itLob2WtyOTvUiYQdHPk","page":"pages/ViewMe/list","data":{"thing1":{"value":"2019/11/311:34最新动态"},"thing2":{"value":"1人看了1篇文章，浏览1次"}}}

[[[ErrorJsonResultException]]]
[2019/11/03 11:34:32.2094]
[线程：22]
	ErrorJsonResultException
	AccessTokenOrAppId：null
	URL：https://api.weixin.qq.com/cgi-bin/message/subscribe/send?access_token=27_Dn7QxYOzpntL8jBi46zb4f9mKTR5YqhqweSMYzVUxL6tDCY0mrx89ZndW5rO1m9uTqFmxWn1Ybx2HFM25Ru3SuX39lsXBdmrL-hynlgzO8PhVsVZhkqs798oASXctotv-augTw5hztlKMwmyZVJbAGAEAO
	errcode：用户拒绝接受消息
	errmsg：user refuse to accept the msg hint: [jxHHNa00733938]

[[[接口调用]]]
[2019/11/03 11:34:35.5601]
[线程：22]
	URL：https://api.weixin.qq.com/cgi-bin/message/subscribe/send?access_token=27_Dn7QxYOzpntL8jBi46zb4f9mKTR5YqhqweSMYzVUxL6tDCY0mrx89ZndW5rO1m9uTqFmxWn1Ybx2HFM25Ru3SuX39lsXBdmrL-hynlgzO8PhVsVZhkqs798oASXctotv-augTw5hztlKMwmyZVJbAGAEAO
	Post Data：
{"touser":"o4Uv25YF-3f088d-Qw5E4hkIsxuU","template_id":"4N8HC4c7I3QrB4qnWawT1L_itLob2WtyOTvUiYQdHPk","page":"pages/ViewMe/list","data":{"thing1":{"value":"2019/11/311:34最新动态"},"thing2":{"value":"1人看了1篇文章，浏览2次"}}}

[[[ErrorJsonResultException]]]
[2019/11/03 11:34:35.6220]
[线程：22]
	ErrorJsonResultException
	AccessTokenOrAppId：null
	URL：https://api.weixin.qq.com/cgi-bin/message/subscribe/send?access_token=27_Dn7QxYOzpntL8jBi46zb4f9mKTR5YqhqweSMYzVUxL6tDCY0mrx89ZndW5rO1m9uTqFmxWn1Ybx2HFM25Ru3SuX39lsXBdmrL-hynlgzO8PhVsVZhkqs798oASXctotv-augTw5hztlKMwmyZVJbAGAEAO
	errcode：用户拒绝接受消息
	errmsg：user refuse to accept the msg hint: [xrdVxa00773941]

[[[接口调用]]]
[2019/11/03 11:36:28.9390]
[线程：5]
	URL：https://api.weixin.qq.com/cgi-bin/message/subscribe/send?access_token=27_Dn7QxYOzpntL8jBi46zb4f9mKTR5YqhqweSMYzVUxL6tDCY0mrx89ZndW5rO1m9uTqFmxWn1Ybx2HFM25Ru3SuX39lsXBdmrL-hynlgzO8PhVsVZhkqs798oASXctotv-augTw5hztlKMwmyZVJbAGAEAO
	Post Data：
{"touser":"o4Uv25ee41SIoIbaNP8CM4XQUBJ0","template_id":"4N8HC4c7I3QrB4qnWawT1L_itLob2WtyOTvUiYQdHPk","page":"pages/ViewMe/list","data":{"thing1":{"value":"2019/11/311:36最新动态"},"thing2":{"value":"1人看了1篇文章，浏览1次"}}}

[[[ErrorJsonResultException]]]
[2019/11/03 11:36:29.1061]
[线程：5]
	ErrorJsonResultException
	AccessTokenOrAppId：null
	URL：https://api.weixin.qq.com/cgi-bin/message/subscribe/send?access_token=27_Dn7QxYOzpntL8jBi46zb4f9mKTR5YqhqweSMYzVUxL6tDCY0mrx89ZndW5rO1m9uTqFmxWn1Ybx2HFM25Ru3SuX39lsXBdmrL-hynlgzO8PhVsVZhkqs798oASXctotv-augTw5hztlKMwmyZVJbAGAEAO
	errcode：用户拒绝接受消息
	errmsg：user refuse to accept the msg hint: [1n1aRa01903114]

[[[接口调用]]]
[2019/11/03 11:37:03.6403]
[线程：5]
	URL：https://api.weixin.qq.com/cgi-bin/message/subscribe/send?access_token=27_Dn7QxYOzpntL8jBi46zb4f9mKTR5YqhqweSMYzVUxL6tDCY0mrx89ZndW5rO1m9uTqFmxWn1Ybx2HFM25Ru3SuX39lsXBdmrL-hynlgzO8PhVsVZhkqs798oASXctotv-augTw5hztlKMwmyZVJbAGAEAO
	Post Data：
{"touser":"o4Uv25YF-3f088d-Qw5E4hkIsxuU","template_id":"4N8HC4c7I3QrB4qnWawT1L_itLob2WtyOTvUiYQdHPk","page":"pages/ViewMe/list","data":{"thing1":{"value":"2019/11/311:37最新动态"},"thing2":{"value":"1人看了1篇文章，浏览2次"}}}

[[[自动注册扩展缓存完成]]]
[2019/11/03 11:41:37.1703]
[线程：1]
注册总用时：11.459000000000001ms
自动扫描程序集：0个
扩展缓存：

[[[微信扩展缓存注册完成]]]
[2019/11/03 11:41:37.4826]
[线程：1]
微信扩展缓存注册总用时：102.4557ms
扩展缓存：Senparc.Weixin.Cache.LocalContainerCacheStrategy
Senparc.Weixin.Cache.Redis.RedisContainerCacheStrategy

[[[接口调用]]]
[2019/11/03 11:41:47.2072]
[线程：22]
	URL：https://api.weixin.qq.com/cgi-bin/message/subscribe/send?access_token=27_QdaOgBq9vD_VF2i6bO6IrSnAzQB4ZwKP0Yb9QftbNQ-wKqwoIfgd6a5ZMYBXMBxkGvux4-Tb5qrduq5xOeBcw9MmKA8PXUWRW-gyGrBvrOtaHAsqv1IJf-g4L0WC40SQ0GsL18I_9gSS7farIKFbAGALNI
	Post Data：
{"touser":"o4Uv25ee41SIoIbaNP8CM4XQUBJ0","template_id":"4N8HC4c7I3QrB4qnWawT1L_itLob2WtyOTvUiYQdHPk","page":"pages/ViewMe/list","data":{"thing1":{"value":"2019/11/311:41最新动态"},"thing2":{"value":"1人看了1篇文章，浏览1次"}}}

[[[ErrorJsonResultException]]]
[2019/11/03 11:41:47.4119]
[线程：22]
	ErrorJsonResultException
	AccessTokenOrAppId：null
	URL：https://api.weixin.qq.com/cgi-bin/message/subscribe/send?access_token=27_QdaOgBq9vD_VF2i6bO6IrSnAzQB4ZwKP0Yb9QftbNQ-wKqwoIfgd6a5ZMYBXMBxkGvux4-Tb5qrduq5xOeBcw9MmKA8PXUWRW-gyGrBvrOtaHAsqv1IJf-g4L0WC40SQ0GsL18I_9gSS7farIKFbAGALNI
	errcode：用户拒绝接受消息
	errmsg：user refuse to accept the msg hint: [biJ05084114]

[[[接口调用]]]
[2019/11/03 11:42:38.6245]
[线程：22]
	URL：https://api.weixin.qq.com/cgi-bin/message/subscribe/send?access_token=27_QdaOgBq9vD_VF2i6bO6IrSnAzQB4ZwKP0Yb9QftbNQ-wKqwoIfgd6a5ZMYBXMBxkGvux4-Tb5qrduq5xOeBcw9MmKA8PXUWRW-gyGrBvrOtaHAsqv1IJf-g4L0WC40SQ0GsL18I_9gSS7farIKFbAGALNI
	Post Data：
{"touser":"o4Uv25YF-3f088d-Qw5E4hkIsxuU","template_id":"4N8HC4c7I3QrB4qnWawT1L_itLob2WtyOTvUiYQdHPk","page":"pages/ViewMe/list","data":{"thing1":{"value":"2019/11/311:42最新动态"},"thing2":{"value":"1人看了1篇文章，浏览2次"}}}

[[[ErrorJsonResultException]]]
[2019/11/03 11:42:38.9692]
[线程：22]
	ErrorJsonResultException
	AccessTokenOrAppId：null
	URL：https://api.weixin.qq.com/cgi-bin/message/subscribe/send?access_token=27_QdaOgBq9vD_VF2i6bO6IrSnAzQB4ZwKP0Yb9QftbNQ-wKqwoIfgd6a5ZMYBXMBxkGvux4-Tb5qrduq5xOeBcw9MmKA8PXUWRW-gyGrBvrOtaHAsqv1IJf-g4L0WC40SQ0GsL18I_9gSS7farIKFbAGALNI
	errcode：用户拒绝接受消息
	errmsg：user refuse to accept the msg hint: [t58ILa05604106]

[[[接口调用]]]
[2019/11/03 11:43:26.3238]
[线程：31]
	URL：https://api.weixin.qq.com/sns/jscode2session?appid=wx3821f908eabc524d&secret=25aa4e5a28cb4954c7de7144445cdc55&js_code=011HJQt90AJhxz1ydPt907OAt90HJQtr&grant_type=authorization_code
	Result：
{"session_key":"B019GODk9MTWJkzx\/7evjQ==","openid":"o4Uv25WxCveS6QYtBK0xhYeWiZK0"}

[[[接口调用]]]
[2019/11/03 11:43:29.4952]
[线程：4]
	URL：https://api.weixin.qq.com/sns/jscode2session?appid=wx3821f908eabc524d&secret=25aa4e5a28cb4954c7de7144445cdc55&js_code=061EOWXe2clDfJ0V9L0f2ddQXe2EOWX7&grant_type=authorization_code
	Result：
{"session_key":"B019GODk9MTWJkzx\/7evjQ==","openid":"o4Uv25WxCveS6QYtBK0xhYeWiZK0"}

[[[接口调用]]]
[2019/11/03 11:43:44.2947]
[线程：22]
	URL：https://api.weixin.qq.com/cgi-bin/message/subscribe/send?access_token=27_QdaOgBq9vD_VF2i6bO6IrSnAzQB4ZwKP0Yb9QftbNQ-wKqwoIfgd6a5ZMYBXMBxkGvux4-Tb5qrduq5xOeBcw9MmKA8PXUWRW-gyGrBvrOtaHAsqv1IJf-g4L0WC40SQ0GsL18I_9gSS7farIKFbAGALNI
	Post Data：
{"touser":"o4Uv25ee41SIoIbaNP8CM4XQUBJ0","template_id":"4N8HC4c7I3QrB4qnWawT1L_itLob2WtyOTvUiYQdHPk","page":"pages/ViewMe/list","data":{"thing1":{"value":"2019/11/311:43最新动态"},"thing2":{"value":"1人看了1篇文章，浏览1次"}}}

[[[ErrorJsonResultException]]]
[2019/11/03 11:43:44.3969]
[线程：22]
	ErrorJsonResultException
	AccessTokenOrAppId：null
	URL：https://api.weixin.qq.com/cgi-bin/message/subscribe/send?access_token=27_QdaOgBq9vD_VF2i6bO6IrSnAzQB4ZwKP0Yb9QftbNQ-wKqwoIfgd6a5ZMYBXMBxkGvux4-Tb5qrduq5xOeBcw9MmKA8PXUWRW-gyGrBvrOtaHAsqv1IJf-g4L0WC40SQ0GsL18I_9gSS7farIKFbAGALNI
	errcode：用户拒绝接受消息
	errmsg：user refuse to accept the msg hint: [jmgVoa06258648]

[[[接口调用]]]
[2019/11/03 11:44:23.7832]
[线程：22]
	URL：https://api.weixin.qq.com/cgi-bin/message/subscribe/send?access_token=27_QdaOgBq9vD_VF2i6bO6IrSnAzQB4ZwKP0Yb9QftbNQ-wKqwoIfgd6a5ZMYBXMBxkGvux4-Tb5qrduq5xOeBcw9MmKA8PXUWRW-gyGrBvrOtaHAsqv1IJf-g4L0WC40SQ0GsL18I_9gSS7farIKFbAGALNI
	Post Data：
{"touser":"o4Uv25YF-3f088d-Qw5E4hkIsxuU","template_id":"4N8HC4c7I3QrB4qnWawT1L_itLob2WtyOTvUiYQdHPk","page":"pages/ViewMe/list","data":{"thing1":{"value":"2019/11/311:44最新动态"},"thing2":{"value":"1人看了1篇文章，浏览2次"}}}

[[[ErrorJsonResultException]]]
[2019/11/03 11:44:23.9331]
[线程：22]
	ErrorJsonResultException
	AccessTokenOrAppId：null
	URL：https://api.weixin.qq.com/cgi-bin/message/subscribe/send?access_token=27_QdaOgBq9vD_VF2i6bO6IrSnAzQB4ZwKP0Yb9QftbNQ-wKqwoIfgd6a5ZMYBXMBxkGvux4-Tb5qrduq5xOeBcw9MmKA8PXUWRW-gyGrBvrOtaHAsqv1IJf-g4L0WC40SQ0GsL18I_9gSS7farIKFbAGALNI
	errcode：用户拒绝接受消息
	errmsg：user refuse to accept the msg hint: [5qX7za06653955]

[[[自动注册扩展缓存完成]]]
[2019/11/03 11:50:30.5890]
[线程：1]
注册总用时：10.068100000000001ms
自动扫描程序集：0个
扩展缓存：

[[[微信扩展缓存注册完成]]]
[2019/11/03 11:50:30.8720]
[线程：1]
微信扩展缓存注册总用时：66.6800ms
扩展缓存：Senparc.Weixin.Cache.LocalContainerCacheStrategy
Senparc.Weixin.Cache.Redis.RedisContainerCacheStrategy

[[[接口调用]]]
[2019/11/03 11:50:39.3319]
[线程：18]
	URL：https://api.weixin.qq.com/cgi-bin/message/subscribe/send?access_token=27_RDu_9O_jzKU20VSobO6IrSnAzQB4ZwKP0Yb9QSoYWjTIkIiQQJ-9LTZG9Ge06udSFsDZE50fiNWtqDwhvAjwcKtAAWirVErQOay-wdt2AHFkYvVxgea2L-UFeQdgd8d75gn9rioP4uHrBr6fMTBhABAHOW
	Post Data：
{"touser":"o4Uv25ee41SIoIbaNP8CM4XQUBJ0","template_id":"4N8HC4c7I3QrB4qnWawT1L_itLob2WtyOTvUiYQdHPk","page":"pages/ViewMe/list","data":{"thing1":{"value":"2019/11/311:50最新动态"},"thing2":{"value":"2人看了1篇文章，浏览2次,1点赞..."}}}

[[[ErrorJsonResultException]]]
[2019/11/03 11:50:39.5432]
[线程：18]
	ErrorJsonResultException
	AccessTokenOrAppId：null
	URL：https://api.weixin.qq.com/cgi-bin/message/subscribe/send?access_token=27_RDu_9O_jzKU20VSobO6IrSnAzQB4ZwKP0Yb9QSoYWjTIkIiQQJ-9LTZG9Ge06udSFsDZE50fiNWtqDwhvAjwcKtAAWirVErQOay-wdt2AHFkYvVxgea2L-UFeQdgd8d75gn9rioP4uHrBr6fMTBhABAHOW
	errcode：用户拒绝接受消息
	errmsg：user refuse to accept the msg hint: [500403938]

[[[接口调用]]]
[2019/11/03 11:50:48.5849]
[线程：18]
	URL：https://api.weixin.qq.com/cgi-bin/message/subscribe/send?access_token=27_RDu_9O_jzKU20VSobO6IrSnAzQB4ZwKP0Yb9QSoYWjTIkIiQQJ-9LTZG9Ge06udSFsDZE50fiNWtqDwhvAjwcKtAAWirVErQOay-wdt2AHFkYvVxgea2L-UFeQdgd8d75gn9rioP4uHrBr6fMTBhABAHOW
	Post Data：
{"touser":"o4Uv25YF-3f088d-Qw5E4hkIsxuU","template_id":"4N8HC4c7I3QrB4qnWawT1L_itLob2WtyOTvUiYQdHPk","page":"pages/ViewMe/list","data":{"thing1":{"value":"2019/11/311:50最新动态"},"thing2":{"value":"1人看了1篇文章，浏览2次"}}}

[[[ErrorJsonResultException]]]
[2019/11/03 11:50:48.6750]
[线程：18]
	ErrorJsonResultException
	AccessTokenOrAppId：null
	URL：https://api.weixin.qq.com/cgi-bin/message/subscribe/send?access_token=27_RDu_9O_jzKU20VSobO6IrSnAzQB4ZwKP0Yb9QSoYWjTIkIiQQJ-9LTZG9Ge06udSFsDZE50fiNWtqDwhvAjwcKtAAWirVErQOay-wdt2AHFkYvVxgea2L-UFeQdgd8d75gn9rioP4uHrBr6fMTBhABAHOW
	errcode：用户拒绝接受消息
	errmsg：user refuse to accept the msg hint: [I9Hkla00508672]

[[[接口调用]]]
[2019/11/03 11:51:04.1400]
[线程：5]
	URL：https://api.weixin.qq.com/sns/jscode2session?appid=wx3821f908eabc524d&secret=25aa4e5a28cb4954c7de7144445cdc55&js_code=001ESgGZ182qZT01QsDZ1oycGZ1ESgGm&grant_type=authorization_code
	Result：
{"session_key":"ffJqy3EJyfaU1S6Cr\/kjmQ==","openid":"o4Uv25WxCveS6QYtBK0xhYeWiZK0"}

[[[接口调用]]]
[2019/11/03 11:53:16.2024]
[线程：5]
	URL：https://api.weixin.qq.com/cgi-bin/message/subscribe/send?access_token=27_RDu_9O_jzKU20VSobO6IrSnAzQB4ZwKP0Yb9QSoYWjTIkIiQQJ-9LTZG9Ge06udSFsDZE50fiNWtqDwhvAjwcKtAAWirVErQOay-wdt2AHFkYvVxgea2L-UFeQdgd8d75gn9rioP4uHrBr6fMTBhABAHOW
	Post Data：
{"touser":"o4Uv25ee41SIoIbaNP8CM4XQUBJ0","template_id":"4N8HC4c7I3QrB4qnWawT1L_itLob2WtyOTvUiYQdHPk","page":"pages/ViewMe/list","data":{"thing1":{"value":"2019/11/311:52最新动态"},"thing2":{"value":"2人看了1篇文章，浏览2次,1点赞..."}}}

[[[ErrorJsonResultException]]]
[2019/11/03 11:53:16.3159]
[线程：5]
	ErrorJsonResultException
	AccessTokenOrAppId：null
	URL：https://api.weixin.qq.com/cgi-bin/message/subscribe/send?access_token=27_RDu_9O_jzKU20VSobO6IrSnAzQB4ZwKP0Yb9QSoYWjTIkIiQQJ-9LTZG9Ge06udSFsDZE50fiNWtqDwhvAjwcKtAAWirVErQOay-wdt2AHFkYvVxgea2L-UFeQdgd8d75gn9rioP4uHrBr6fMTBhABAHOW
	errcode：用户拒绝接受消息
	errmsg：user refuse to accept the msg hint: [rhiK4a01974100]

[[[接口调用]]]
[2019/11/03 11:53:34.4930]
[线程：5]
	URL：https://api.weixin.qq.com/cgi-bin/message/subscribe/send?access_token=27_RDu_9O_jzKU20VSobO6IrSnAzQB4ZwKP0Yb9QSoYWjTIkIiQQJ-9LTZG9Ge06udSFsDZE50fiNWtqDwhvAjwcKtAAWirVErQOay-wdt2AHFkYvVxgea2L-UFeQdgd8d75gn9rioP4uHrBr6fMTBhABAHOW
	Post Data：
{"touser":"o4Uv25YF-3f088d-Qw5E4hkIsxuU","template_id":"4N8HC4c7I3QrB4qnWawT1L_itLob2WtyOTvUiYQdHPk","page":"pages/ViewMe/list","data":{"thing1":{"value":"2019/11/311:53最新动态"},"thing2":{"value":"1人看了1篇文章，浏览2次"}}}

[[[ErrorJsonResultException]]]
[2019/11/03 11:53:34.6439]
[线程：5]
	ErrorJsonResultException
	AccessTokenOrAppId：null
	URL：https://api.weixin.qq.com/cgi-bin/message/subscribe/send?access_token=27_RDu_9O_jzKU20VSobO6IrSnAzQB4ZwKP0Yb9QSoYWjTIkIiQQJ-9LTZG9Ge06udSFsDZE50fiNWtqDwhvAjwcKtAAWirVErQOay-wdt2AHFkYvVxgea2L-UFeQdgd8d75gn9rioP4uHrBr6fMTBhABAHOW
	errcode：用户拒绝接受消息
	errmsg：user refuse to accept the msg hint: [hqTE_02150500]

[[[接口调用]]]
[2019/11/03 11:56:08.7791]
[线程：22]
	URL：https://api.weixin.qq.com/cgi-bin/message/subscribe/send?access_token=27_RDu_9O_jzKU20VSobO6IrSnAzQB4ZwKP0Yb9QSoYWjTIkIiQQJ-9LTZG9Ge06udSFsDZE50fiNWtqDwhvAjwcKtAAWirVErQOay-wdt2AHFkYvVxgea2L-UFeQdgd8d75gn9rioP4uHrBr6fMTBhABAHOW
	Post Data：
{"touser":"o4Uv25ee41SIoIbaNP8CM4XQUBJ0","template_id":"4N8HC4c7I3QrB4qnWawT1L_itLob2WtyOTvUiYQdHPk","page":"pages/ViewMe/list","data":{"thing1":{"value":"2019/11/311:54最新动态"},"thing2":{"value":"2人看了1篇文章，浏览2次,1点赞..."}}}

[[[ErrorJsonResultException]]]
[2019/11/03 11:56:08.8843]
[线程：22]
	ErrorJsonResultException
	AccessTokenOrAppId：null
	URL：https://api.weixin.qq.com/cgi-bin/message/subscribe/send?access_token=27_RDu_9O_jzKU20VSobO6IrSnAzQB4ZwKP0Yb9QSoYWjTIkIiQQJ-9LTZG9Ge06udSFsDZE50fiNWtqDwhvAjwcKtAAWirVErQOay-wdt2AHFkYvVxgea2L-UFeQdgd8d75gn9rioP4uHrBr6fMTBhABAHOW
	errcode：获取access_token时AppSecret错误或者access_token无效
	errmsg：invalid credential, access_token is invalid or not latest hint: [gnIPva03708658!]

[[[接口调用]]]
[2019/11/03 11:56:15.6628]
[线程：22]
	URL：https://api.weixin.qq.com/cgi-bin/message/subscribe/send?access_token=27_PFOZRwdc9tSGgYNjcwUf1SYcylKSBVh_Y4MZoB9VheVWfDbBxK27oXLaVw2lIY-Dt_XPaONxyRewCkoaA0db9xOAOTlXNhDtKXw5f_MpUnMXVo9e3n2b7Mt-ytpMt7_zlYnQnlI-cVOVZw6XNLWbAIAGEP
	Post Data：
{"touser":"o4Uv25ee41SIoIbaNP8CM4XQUBJ0","template_id":"4N8HC4c7I3QrB4qnWawT1L_itLob2WtyOTvUiYQdHPk","page":"pages/ViewMe/list","data":{"thing1":{"value":"2019/11/311:54最新动态"},"thing2":{"value":"2人看了1篇文章，浏览2次,1点赞..."}}}

[[[ErrorJsonResultException]]]
[2019/11/03 11:56:15.7404]
[线程：22]
	ErrorJsonResultException
	AccessTokenOrAppId：null
	URL：https://api.weixin.qq.com/cgi-bin/message/subscribe/send?access_token=27_PFOZRwdc9tSGgYNjcwUf1SYcylKSBVh_Y4MZoB9VheVWfDbBxK27oXLaVw2lIY-Dt_XPaONxyRewCkoaA0db9xOAOTlXNhDtKXw5f_MpUnMXVo9e3n2b7Mt-ytpMt7_zlYnQnlI-cVOVZw6XNLWbAIAGEP
	errcode：用户拒绝接受消息
	errmsg：user refuse to accept the msg hint: [NWuGia0377shb1]

[[[自动注册扩展缓存完成]]]
[2019/11/03 12:21:41.0153]
[线程：1]
注册总用时：12.9498ms
自动扫描程序集：0个
扩展缓存：

[[[微信扩展缓存注册完成]]]
[2019/11/03 12:21:41.3042]
[线程：1]
微信扩展缓存注册总用时：80.1894ms
扩展缓存：Senparc.Weixin.Cache.LocalContainerCacheStrategy
Senparc.Weixin.Cache.Redis.RedisContainerCacheStrategy

[[[自动注册扩展缓存完成]]]
[2019/11/03 12:34:06.7222]
[线程：1]
注册总用时：19.2098ms
自动扫描程序集：0个
扩展缓存：

[[[微信扩展缓存注册完成]]]
[2019/11/03 12:34:07.0158]
[线程：1]
微信扩展缓存注册总用时：68.9265ms
扩展缓存：Senparc.Weixin.Cache.LocalContainerCacheStrategy
Senparc.Weixin.Cache.Redis.RedisContainerCacheStrategy

[[[自动注册扩展缓存完成]]]
[2019/11/03 12:36:07.0220]
[线程：1]
注册总用时：7.9419ms
自动扫描程序集：0个
扩展缓存：

[[[微信扩展缓存注册完成]]]
[2019/11/03 12:36:07.3916]
[线程：1]
微信扩展缓存注册总用时：81.5975ms
扩展缓存：Senparc.Weixin.Cache.LocalContainerCacheStrategy
Senparc.Weixin.Cache.Redis.RedisContainerCacheStrategy

[[[自动注册扩展缓存完成]]]
[2019/11/03 12:39:38.4452]
[线程：1]
注册总用时：11.3529ms
自动扫描程序集：0个
扩展缓存：

[[[微信扩展缓存注册完成]]]
[2019/11/03 12:39:38.7487]
[线程：1]
微信扩展缓存注册总用时：71.2460ms
扩展缓存：Senparc.Weixin.Cache.LocalContainerCacheStrategy
Senparc.Weixin.Cache.Redis.RedisContainerCacheStrategy

[[[自动注册扩展缓存完成]]]
[2019/11/03 12:50:47.6167]
[线程：1]
注册总用时：7.6463ms
自动扫描程序集：0个
扩展缓存：

[[[微信扩展缓存注册完成]]]
[2019/11/03 12:50:47.9294]
[线程：1]
微信扩展缓存注册总用时：75.5409ms
扩展缓存：Senparc.Weixin.Cache.LocalContainerCacheStrategy
Senparc.Weixin.Cache.Redis.RedisContainerCacheStrategy

[[[自动注册扩展缓存完成]]]
[2019/11/03 12:54:32.0600]
[线程：1]
注册总用时：8.489700000000001ms
自动扫描程序集：0个
扩展缓存：

[[[微信扩展缓存注册完成]]]
[2019/11/03 12:54:32.3378]
[线程：1]
微信扩展缓存注册总用时：64.8820ms
扩展缓存：Senparc.Weixin.Cache.LocalContainerCacheStrategy
Senparc.Weixin.Cache.Redis.RedisContainerCacheStrategy

[[[自动注册扩展缓存完成]]]
[2019/11/03 12:55:18.9564]
[线程：1]
注册总用时：7.7408ms
自动扫描程序集：0个
扩展缓存：

[[[微信扩展缓存注册完成]]]
[2019/11/03 12:55:19.2646]
[线程：1]
微信扩展缓存注册总用时：87.1864ms
扩展缓存：Senparc.Weixin.Cache.LocalContainerCacheStrategy
Senparc.Weixin.Cache.Redis.RedisContainerCacheStrategy

[[[自动注册扩展缓存完成]]]
[2019/11/03 12:57:08.4498]
[线程：1]
注册总用时：13.8702ms
自动扫描程序集：0个
扩展缓存：

[[[微信扩展缓存注册完成]]]
[2019/11/03 12:57:08.7218]
[线程：1]
微信扩展缓存注册总用时：67.2452ms
扩展缓存：Senparc.Weixin.Cache.LocalContainerCacheStrategy
Senparc.Weixin.Cache.Redis.RedisContainerCacheStrategy

[[[自动注册扩展缓存完成]]]
[2019/11/03 12:59:04.2103]
[线程：1]
注册总用时：11.8154ms
自动扫描程序集：0个
扩展缓存：

[[[微信扩展缓存注册完成]]]
[2019/11/03 12:59:04.4911]
[线程：1]
微信扩展缓存注册总用时：69.0727ms
扩展缓存：Senparc.Weixin.Cache.LocalContainerCacheStrategy
Senparc.Weixin.Cache.Redis.RedisContainerCacheStrategy

[[[接口调用]]]
[2019/11/03 13:00:49.1204]
[线程：5]
	URL：https://api.weixin.qq.com/sns/jscode2session?appid=wx3821f908eabc524d&secret=25aa4e5a28cb4954c7de7144445cdc55&js_code=021PGTA32Rb55Q0gaRB32jTbB32PGTA-&grant_type=authorization_code
	Result：
{"session_key":"FPe\/fJiX1LUQjI8R6HgKbg==","openid":"o4Uv25WxCveS6QYtBK0xhYeWiZK0"}

[[[接口调用]]]
[2019/11/03 13:01:33.8210]
[线程：8]
	URL：https://api.weixin.qq.com/sns/jscode2session?appid=wx3821f908eabc524d&secret=25aa4e5a28cb4954c7de7144445cdc55&js_code=071Eu4J10OSFIG1hlCI10Wq5J10Eu4Jo&grant_type=authorization_code
	Result：
{"session_key":"FPe\/fJiX1LUQjI8R6HgKbg==","openid":"o4Uv25WxCveS6QYtBK0xhYeWiZK0"}

[[[自动注册扩展缓存完成]]]
[2019/11/03 13:05:11.6694]
[线程：1]
注册总用时：12.9777ms
自动扫描程序集：0个
扩展缓存：

[[[微信扩展缓存注册完成]]]
[2019/11/03 13:05:12.0207]
[线程：1]
微信扩展缓存注册总用时：118.0857ms
扩展缓存：Senparc.Weixin.Cache.LocalContainerCacheStrategy
Senparc.Weixin.Cache.Redis.RedisContainerCacheStrategy

[[[自动注册扩展缓存完成]]]
[2019/11/03 18:06:17.2356]
[线程：1]
注册总用时：10.8983ms
自动扫描程序集：0个
扩展缓存：

[[[微信扩展缓存注册完成]]]
[2019/11/03 18:06:17.6104]
[线程：1]
微信扩展缓存注册总用时：105.5005ms
扩展缓存：Senparc.Weixin.Cache.LocalContainerCacheStrategy
Senparc.Weixin.Cache.Redis.RedisContainerCacheStrategy

[[[接口调用]]]
[2019/11/03 18:31:48.9019]
[线程：61]
	URL：https://api.weixin.qq.com/cgi-bin/message/subscribe/send?access_token=27_iYO5GtgPruQVyEz_cwUf1SYcylKSBVh_Y4MZoEnb6af8oC83zuwWnFJXpdA9AAzirsWvteUWv_kj8-DBnIXkWB9Nvag3zME7aFDeqzs3FU6PjZPUDBl1PPC5IlN_yoc-DjWnSiaGWlUBfalASVFbAAAADN
	Post Data：
{"touser":"o4Uv25YF-3f088d-Qw5E4hkIsxuU","template_id":"4N8HC4c7I3QrB4qnWawT1L_itLob2WtyOTvUiYQdHPk","page":"pages/ViewMe/list","data":{"thing1":{"value":"2019/11/318:31最新动态"},"thing2":{"value":"2人看了3篇文章，浏览4次"}}}

[[[ErrorJsonResultException]]]
[2019/11/03 18:31:49.2451]
[线程：61]
	ErrorJsonResultException
	AccessTokenOrAppId：null
	URL：https://api.weixin.qq.com/cgi-bin/message/subscribe/send?access_token=27_iYO5GtgPruQVyEz_cwUf1SYcylKSBVh_Y4MZoEnb6af8oC83zuwWnFJXpdA9AAzirsWvteUWv_kj8-DBnIXkWB9Nvag3zME7aFDeqzs3FU6PjZPUDBl1PPC5IlN_yoc-DjWnSiaGWlUBfalASVFbAAAADN
	errcode：用户拒绝接受消息
	errmsg：user refuse to accept the msg hint: [E1Xgra01094127]

