[[[自动注册扩展缓存完成]]]
[2019/11/20 13:12:16.2271]
[线程：1]
注册总用时：19.7833ms
自动扫描程序集：0个
扩展缓存：

[[[微信扩展缓存注册完成]]]
[2019/11/20 13:12:16.6945]
[线程：1]
微信扩展缓存注册总用时：163.8386ms
扩展缓存：Senparc.Weixin.Cache.LocalContainerCacheStrategy
Senparc.Weixin.Cache.Redis.RedisContainerCacheStrategy

[[[接口调用]]]
[2019/11/20 13:13:20.6613]
[线程：28]
	URL：https://api.weixin.qq.com/sns/jscode2session?appid=wx3821f908eabc524d&secret=25aa4e5a28cb4954c7de7144445cdc55&js_code=011vyYhl1jqnln0XOQhl1JRIhl1vyYh2&grant_type=authorization_code
	Result：
{"session_key":"ir8RUq0qqCPDDbWA0MrfMw==","openid":"o4Uv25WxCveS6QYtBK0xhYeWiZK0"}

[[[接口调用]]]
[2019/11/20 13:13:26.9060]
[线程：40]
	URL：https://api.weixin.qq.com/sns/jscode2session?appid=wx3821f908eabc524d&secret=25aa4e5a28cb4954c7de7144445cdc55&js_code=061wmCC926AFXJ0vlCz92KWgC92wmCCk&grant_type=authorization_code
	Result：
{"session_key":"ir8RUq0qqCPDDbWA0MrfMw==","openid":"o4Uv25WxCveS6QYtBK0xhYeWiZK0"}

[[[接口调用]]]
[2019/11/20 13:13:40.7203]
[线程：27]
	URL：https://api.weixin.qq.com/sns/jscode2session?appid=wx3821f908eabc524d&secret=25aa4e5a28cb4954c7de7144445cdc55&js_code=0110Z0hR1m0JW118K5iR1E1ZgR10Z0hh&grant_type=authorization_code
	Result：
{"session_key":"ir8RUq0qqCPDDbWA0MrfMw==","openid":"o4Uv25WxCveS6QYtBK0xhYeWiZK0"}

[[[自动注册扩展缓存完成]]]
[2019/11/20 13:34:21.8124]
[线程：1]
注册总用时：14.105ms
自动扫描程序集：0个
扩展缓存：

[[[微信扩展缓存注册完成]]]
[2019/11/20 13:34:23.7078]
[线程：1]
微信扩展缓存注册总用时：1329.5653ms
扩展缓存：Senparc.Weixin.Cache.LocalContainerCacheStrategy
Senparc.Weixin.Cache.Redis.RedisContainerCacheStrategy

[[[接口调用]]]
[2019/11/20 13:34:48.5349]
[线程：4]
	URL：https://api.weixin.qq.com/cgi-bin/message/subscribe/send?access_token=27_QoII2e_3eMmc9506NG55dmZUMQ0FaMJD8O8I3VDIdkJPKYxoLgJXKp3uhV6JxrVjnj6rkdNRPYEGQGOvoYQ_iow6e5xoQqxyl3UF9AXcRTh8vjotl8wwffDEk3dwYCfRIV0LLdlozO6ONpRWYBXbAHAEHD
	Post Data：
{"touser":"o4Uv25YF-3f088d-Qw5E4hkIsxuU","template_id":"4N8HC4c7I3QrB4qnWawT1L_itLob2WtyOTvUiYQdHPk","page":"pages/ViewMe/list","data":{"thing1":{"value":"2019/11/20 13:34 最新动态"},"thing2":{"value":"1人看了1篇文章，浏览1次"}}}

[[[ErrorJsonResultException]]]
[2019/11/20 13:34:49.2854]
[线程：4]
	ErrorJsonResultException
	AccessTokenOrAppId：null
	URL：https://api.weixin.qq.com/cgi-bin/message/subscribe/send?access_token=27_QoII2e_3eMmc9506NG55dmZUMQ0FaMJD8O8I3VDIdkJPKYxoLgJXKp3uhV6JxrVjnj6rkdNRPYEGQGOvoYQ_iow6e5xoQqxyl3UF9AXcRTh8vjotl8wwffDEk3dwYCfRIV0LLdlozO6ONpRWYBXbAHAEHD
	errcode：用户拒绝接受消息
	errmsg：user refuse to accept the msg hint: [c0I9ga00893937]

[[[接口调用]]]
[2019/11/20 13:36:13.2244]
[线程：38]
	URL：https://api.weixin.qq.com/sns/jscode2session?appid=wx3821f908eabc524d&secret=25aa4e5a28cb4954c7de7144445cdc55&js_code=071CzSrj1Mm4Zt0Jcrpj1zBVrj1CzSrn&grant_type=authorization_code
	Result：
{"session_key":"se8lF4ZjZZoJL+wROQP6GQ==","openid":"o4Uv25WxCveS6QYtBK0xhYeWiZK0"}

[[[接口调用]]]
[2019/11/20 13:36:41.6143]
[线程：32]
	URL：https://api.weixin.qq.com/sns/jscode2session?appid=wx3821f908eabc524d&secret=25aa4e5a28cb4954c7de7144445cdc55&js_code=011SBE1E03nyIj2y0L3E0Jtu1E0SBE1T&grant_type=authorization_code
	Result：
{"session_key":"VowmEBWnpb74RMSuDF29OA==","openid":"o4Uv25WxCveS6QYtBK0xhYeWiZK0"}

[[[接口调用]]]
[2019/11/20 13:36:44.8907]
[线程：47]
	URL：https://api.weixin.qq.com/sns/jscode2session?appid=wx3821f908eabc524d&secret=25aa4e5a28cb4954c7de7144445cdc55&js_code=011uCEGb1CQm9x0bCUHb1bhXGb1uCEGE&grant_type=authorization_code
	Result：
{"session_key":"VowmEBWnpb74RMSuDF29OA==","openid":"o4Uv25WxCveS6QYtBK0xhYeWiZK0"}

[[[自动注册扩展缓存完成]]]
[2019/11/20 13:38:56.1934]
[线程：1]
注册总用时：7.229100000000001ms
自动扫描程序集：0个
扩展缓存：

[[[微信扩展缓存注册完成]]]
[2019/11/20 13:38:56.5413]
[线程：1]
微信扩展缓存注册总用时：84.5827ms
扩展缓存：Senparc.Weixin.Cache.LocalContainerCacheStrategy
Senparc.Weixin.Cache.Redis.RedisContainerCacheStrategy

[[[接口调用]]]
[2019/11/20 13:39:46.5488]
[线程：22]
	URL：https://api.weixin.qq.com/sns/jscode2session?appid=wx3821f908eabc524d&secret=25aa4e5a28cb4954c7de7144445cdc55&js_code=021MjY4u1XUmxe0aA23u1eDP4u1MjY4s&grant_type=authorization_code
	Result：
{"session_key":"9PAQsAYC42wskUyGSy3wXQ==","openid":"o4Uv25WxCveS6QYtBK0xhYeWiZK0"}

[[[自动注册扩展缓存完成]]]
[2019/11/20 13:40:53.2849]
[线程：1]
注册总用时：10.274000000000001ms
自动扫描程序集：0个
扩展缓存：

[[[微信扩展缓存注册完成]]]
[2019/11/20 13:40:53.6127]
[线程：1]
微信扩展缓存注册总用时：85.0909ms
扩展缓存：Senparc.Weixin.Cache.LocalContainerCacheStrategy
Senparc.Weixin.Cache.Redis.RedisContainerCacheStrategy

[[[接口调用]]]
[2019/11/20 13:41:22.1211]
[线程：19]
	URL：https://api.weixin.qq.com/sns/jscode2session?appid=wx3821f908eabc524d&secret=25aa4e5a28cb4954c7de7144445cdc55&js_code=021xEACv0Asjxh1dgTCv0RdiCv0xEACj&grant_type=authorization_code
	Result：
{"session_key":"9PAQsAYC42wskUyGSy3wXQ==","openid":"o4Uv25WxCveS6QYtBK0xhYeWiZK0"}

[[[自动注册扩展缓存完成]]]
[2019/11/20 13:43:21.5290]
[线程：1]
注册总用时：7.2405ms
自动扫描程序集：0个
扩展缓存：

[[[微信扩展缓存注册完成]]]
[2019/11/20 13:43:21.8583]
[线程：1]
微信扩展缓存注册总用时：73.4272ms
扩展缓存：Senparc.Weixin.Cache.LocalContainerCacheStrategy
Senparc.Weixin.Cache.Redis.RedisContainerCacheStrategy

[[[接口调用]]]
[2019/11/20 13:44:22.0758]
[线程：6]
	URL：https://api.weixin.qq.com/sns/jscode2session?appid=wx3821f908eabc524d&secret=25aa4e5a28cb4954c7de7144445cdc55&js_code=011ai9VU1gF6EY0QrwSU1s20VU1ai9Vn&grant_type=authorization_code
	Result：
{"session_key":"KgTAbcf31LC27A5KOXEinw==","openid":"o4Uv25WxCveS6QYtBK0xhYeWiZK0"}

[[[自动注册扩展缓存完成]]]
[2019/11/20 13:46:53.1856]
[线程：1]
注册总用时：9.6548ms
自动扫描程序集：0个
扩展缓存：

[[[微信扩展缓存注册完成]]]
[2019/11/20 13:46:53.4970]
[线程：1]
微信扩展缓存注册总用时：78.7891ms
扩展缓存：Senparc.Weixin.Cache.LocalContainerCacheStrategy
Senparc.Weixin.Cache.Redis.RedisContainerCacheStrategy

[[[接口调用]]]
[2019/11/20 13:48:25.6167]
[线程：28]
	URL：https://api.weixin.qq.com/sns/jscode2session?appid=wx3821f908eabc524d&secret=25aa4e5a28cb4954c7de7144445cdc55&js_code=001ZFBGb2eH84M0DOtKb2l1BGb2ZFBGQ&grant_type=authorization_code
	Result：
{"session_key":"At6k4Il5gs7rT\/EV7XhH8g==","openid":"o4Uv25WxCveS6QYtBK0xhYeWiZK0"}

[[[接口调用]]]
[2019/11/20 13:50:56.9812]
[线程：22]
	URL：https://api.weixin.qq.com/sns/jscode2session?appid=wx3821f908eabc524d&secret=25aa4e5a28cb4954c7de7144445cdc55&js_code=081ePCBe16BlPy0P7LAe1QpDBe1ePCBO&grant_type=authorization_code
	Result：
{"session_key":"5Fh8JydE+UevQAnKRC+IeA==","openid":"o4Uv25WxCveS6QYtBK0xhYeWiZK0"}

[[[接口调用]]]
[2019/11/20 13:51:01.6048]
[线程：39]
	URL：https://api.weixin.qq.com/sns/jscode2session?appid=wx3821f908eabc524d&secret=25aa4e5a28cb4954c7de7144445cdc55&js_code=081HMaIs0ig5Uf1zqfIs03IcIs0HMaIA&grant_type=authorization_code
	Result：
{"session_key":"5Fh8JydE+UevQAnKRC+IeA==","openid":"o4Uv25WxCveS6QYtBK0xhYeWiZK0"}

[[[自动注册扩展缓存完成]]]
[2019/11/20 13:52:58.9464]
[线程：1]
注册总用时：8.807500000000001ms
自动扫描程序集：0个
扩展缓存：

[[[微信扩展缓存注册完成]]]
[2019/11/20 13:52:59.2313]
[线程：1]
微信扩展缓存注册总用时：68.4267ms
扩展缓存：Senparc.Weixin.Cache.LocalContainerCacheStrategy
Senparc.Weixin.Cache.Redis.RedisContainerCacheStrategy

[[[接口调用]]]
[2019/11/20 13:56:56.7463]
[线程：36]
	URL：https://api.weixin.qq.com/sns/jscode2session?appid=wx3821f908eabc524d&secret=25aa4e5a28cb4954c7de7144445cdc55&js_code=011uFaHq1Wpdtm0iMlGq1hgiHq1uFaHy&grant_type=authorization_code
	Result：
{"session_key":"8Ge+9xyFUaeu52p5UyorWg==","openid":"o4Uv25WxCveS6QYtBK0xhYeWiZK0"}

[[[接口调用]]]
[2019/11/20 13:57:00.8934]
[线程：57]
	URL：https://api.weixin.qq.com/sns/jscode2session?appid=wx3821f908eabc524d&secret=25aa4e5a28cb4954c7de7144445cdc55&js_code=011g2T2W0sYqN129jvZV0tDP2W0g2T2F&grant_type=authorization_code
	Result：
{"session_key":"8Ge+9xyFUaeu52p5UyorWg==","openid":"o4Uv25WxCveS6QYtBK0xhYeWiZK0"}

