[[[自动注册扩展缓存完成]]]
[2019-09-17 17:29:37.1036]
[线程：1]
注册总用时：72.7495ms
自动扫描程序集：0个
扩展缓存：

[[[微信扩展缓存注册完成]]]
[2019-09-17 17:29:43.5101]
[线程：1]
微信扩展缓存注册总用时：1253.6082000000001ms
扩展缓存：Senparc.Weixin.Cache.LocalContainerCacheStrategy
Senparc.Weixin.Cache.Redis.RedisContainerCacheStrategy

[[[自动注册扩展缓存完成]]]
[2019-09-17 17:55:38.3573]
[线程：1]
注册总用时：227.80450000000002ms
自动扫描程序集：0个
扩展缓存：

[[[微信扩展缓存注册完成]]]
[2019-09-17 17:55:40.9193]
[线程：1]
微信扩展缓存注册总用时：226.6335ms
扩展缓存：Senparc.Weixin.Cache.LocalContainerCacheStrategy
Senparc.Weixin.Cache.Redis.RedisContainerCacheStrategy

[[[自动注册扩展缓存完成]]]
[2019-09-17 18:06:09.0910]
[线程：1]
注册总用时：40.816500000000005ms
自动扫描程序集：0个
扩展缓存：

[[[微信扩展缓存注册完成]]]
[2019-09-17 18:06:09.7517]
[线程：1]
微信扩展缓存注册总用时：156.86430000000001ms
扩展缓存：Senparc.Weixin.Cache.LocalContainerCacheStrategy
Senparc.Weixin.Cache.Redis.RedisContainerCacheStrategy

[[[自动注册扩展缓存完成]]]
[2019-09-17 18:13:40.9344]
[线程：1]
注册总用时：60.368100000000005ms
自动扫描程序集：0个
扩展缓存：

[[[微信扩展缓存注册完成]]]
[2019-09-17 18:13:41.6470]
[线程：1]
微信扩展缓存注册总用时：110.5664ms
扩展缓存：Senparc.Weixin.Cache.LocalContainerCacheStrategy
Senparc.Weixin.Cache.Redis.RedisContainerCacheStrategy

[[[自动注册扩展缓存完成]]]
[2019-09-17 18:29:49.9598]
[线程：1]
注册总用时：32.967ms
自动扫描程序集：0个
扩展缓存：

[[[微信扩展缓存注册完成]]]
[2019-09-17 18:29:51.0194]
[线程：1]
微信扩展缓存注册总用时：119.9954ms
扩展缓存：Senparc.Weixin.Cache.LocalContainerCacheStrategy
Senparc.Weixin.Cache.Redis.RedisContainerCacheStrategy

[[[自动注册扩展缓存完成]]]
[2019-09-17 18:57:25.1919]
[线程：1]
注册总用时：71.15270000000001ms
自动扫描程序集：0个
扩展缓存：

[[[微信扩展缓存注册完成]]]
[2019-09-17 18:57:31.4853]
[线程：1]
微信扩展缓存注册总用时：179.45350000000002ms
扩展缓存：Senparc.Weixin.Cache.LocalContainerCacheStrategy
Senparc.Weixin.Cache.Redis.RedisContainerCacheStrategy

[[[自动注册扩展缓存完成]]]
[2019-09-17 19:18:39.0172]
[线程：1]
注册总用时：35.8348ms
自动扫描程序集：0个
扩展缓存：

[[[微信扩展缓存注册完成]]]
[2019-09-17 19:18:40.3146]
[线程：1]
微信扩展缓存注册总用时：430.59700000000004ms
扩展缓存：Senparc.Weixin.Cache.LocalContainerCacheStrategy
Senparc.Weixin.Cache.Redis.RedisContainerCacheStrategy

[[[自动注册扩展缓存完成]]]
[2019-09-17 19:25:41.3054]
[线程：1]
注册总用时：29.9085ms
自动扫描程序集：0个
扩展缓存：

[[[微信扩展缓存注册完成]]]
[2019-09-17 19:25:41.6507]
[线程：1]
微信扩展缓存注册总用时：72.1294ms
扩展缓存：Senparc.Weixin.Cache.LocalContainerCacheStrategy
Senparc.Weixin.Cache.Redis.RedisContainerCacheStrategy

[[[自动注册扩展缓存完成]]]
[2019-09-17 19:31:52.3192]
[线程：1]
注册总用时：45.028600000000004ms
自动扫描程序集：0个
扩展缓存：

[[[微信扩展缓存注册完成]]]
[2019-09-17 19:31:52.7981]
[线程：1]
微信扩展缓存注册总用时：104.0742ms
扩展缓存：Senparc.Weixin.Cache.LocalContainerCacheStrategy
Senparc.Weixin.Cache.Redis.RedisContainerCacheStrategy

[[[自动注册扩展缓存完成]]]
[2019-09-17 19:55:47.6768]
[线程：1]
注册总用时：32.824600000000004ms
自动扫描程序集：0个
扩展缓存：

[[[微信扩展缓存注册完成]]]
[2019-09-17 19:55:48.1230]
[线程：1]
微信扩展缓存注册总用时：77.0009ms
扩展缓存：Senparc.Weixin.Cache.LocalContainerCacheStrategy
Senparc.Weixin.Cache.Redis.RedisContainerCacheStrategy

[[[自动注册扩展缓存完成]]]
[2019-09-17 20:01:38.8891]
[线程：1]
注册总用时：71.48100000000001ms
自动扫描程序集：0个
扩展缓存：

[[[微信扩展缓存注册完成]]]
[2019-09-17 20:01:39.4224]
[线程：1]
微信扩展缓存注册总用时：152.08440000000002ms
扩展缓存：Senparc.Weixin.Cache.LocalContainerCacheStrategy
Senparc.Weixin.Cache.Redis.RedisContainerCacheStrategy

[[[自动注册扩展缓存完成]]]
[2019-09-17 20:21:35.6756]
[线程：1]
注册总用时：68.3972ms
自动扫描程序集：0个
扩展缓存：

[[[微信扩展缓存注册完成]]]
[2019-09-17 20:21:38.6102]
[线程：1]
微信扩展缓存注册总用时：1984.5278ms
扩展缓存：Senparc.Weixin.Cache.LocalContainerCacheStrategy
Senparc.Weixin.Cache.Redis.RedisContainerCacheStrategy

[[[自动注册扩展缓存完成]]]
[2019-09-17 20:34:22.2382]
[线程：1]
注册总用时：63.6503ms
自动扫描程序集：0个
扩展缓存：

[[[微信扩展缓存注册完成]]]
[2019-09-17 20:34:22.8848]
[线程：1]
微信扩展缓存注册总用时：94.3858ms
扩展缓存：Senparc.Weixin.Cache.LocalContainerCacheStrategy
Senparc.Weixin.Cache.Redis.RedisContainerCacheStrategy

[[[自动注册扩展缓存完成]]]
[2019-09-17 21:18:22.7519]
[线程：1]
注册总用时：86.4294ms
自动扫描程序集：0个
扩展缓存：

[[[微信扩展缓存注册完成]]]
[2019-09-17 21:18:23.8515]
[线程：1]
微信扩展缓存注册总用时：344.3696ms
扩展缓存：Senparc.Weixin.Cache.LocalContainerCacheStrategy
Senparc.Weixin.Cache.Redis.RedisContainerCacheStrategy

