[[[自动注册扩展缓存完成]]]
[2019/11/18 11:56:59.1010]
[线程：1]
注册总用时：8.9984ms
自动扫描程序集：0个
扩展缓存：

[[[微信扩展缓存注册完成]]]
[2019/11/18 11:56:59.4344]
[线程：1]
微信扩展缓存注册总用时：103.5138ms
扩展缓存：Senparc.Weixin.Cache.LocalContainerCacheStrategy
Senparc.Weixin.Cache.Redis.RedisContainerCacheStrategy

[[[自动注册扩展缓存完成]]]
[2019/11/18 13:18:00.2152]
[线程：1]
注册总用时：9.248700000000001ms
自动扫描程序集：0个
扩展缓存：

[[[微信扩展缓存注册完成]]]
[2019/11/18 13:18:00.5449]
[线程：1]
微信扩展缓存注册总用时：75.5287ms
扩展缓存：Senparc.Weixin.Cache.LocalContainerCacheStrategy
Senparc.Weixin.Cache.Redis.RedisContainerCacheStrategy

[[[自动注册扩展缓存完成]]]
[2019/11/18 13:25:40.7841]
[线程：1]
注册总用时：8.386800000000001ms
自动扫描程序集：0个
扩展缓存：

[[[微信扩展缓存注册完成]]]
[2019/11/18 13:25:41.0910]
[线程：1]
微信扩展缓存注册总用时：79.9347ms
扩展缓存：Senparc.Weixin.Cache.LocalContainerCacheStrategy
Senparc.Weixin.Cache.Redis.RedisContainerCacheStrategy

[[[自动注册扩展缓存完成]]]
[2019/11/18 15:26:36.6502]
[线程：1]
注册总用时：10.6418ms
自动扫描程序集：0个
扩展缓存：

[[[微信扩展缓存注册完成]]]
[2019/11/18 15:26:37.0113]
[线程：1]
微信扩展缓存注册总用时：90.7200ms
扩展缓存：Senparc.Weixin.Cache.LocalContainerCacheStrategy
Senparc.Weixin.Cache.Redis.RedisContainerCacheStrategy

[[[自动注册扩展缓存完成]]]
[2019/11/18 15:32:07.6405]
[线程：1]
注册总用时：7.1843ms
自动扫描程序集：0个
扩展缓存：

[[[微信扩展缓存注册完成]]]
[2019/11/18 15:32:07.9700]
[线程：1]
微信扩展缓存注册总用时：74.6265ms
扩展缓存：Senparc.Weixin.Cache.LocalContainerCacheStrategy
Senparc.Weixin.Cache.Redis.RedisContainerCacheStrategy

[[[接口调用]]]
[2019/11/18 16:08:33.1825]
[线程：112]
	URL：https://api.weixin.qq.com/sns/jscode2session?appid=wx3821f908eabc524d&secret=25aa4e5a28cb4954c7de7144445cdc55&js_code=081h4E8i1xE6Yu0quW8i1TeN8i1h4E8F&grant_type=authorization_code
	Result：
{"session_key":"avPB6fH46T78FvAwoV358w==","openid":"o4Uv25WxCveS6QYtBK0xhYeWiZK0"}

[[[接口调用]]]
[2019/11/18 16:08:38.4573]
[线程：94]
	URL：https://api.weixin.qq.com/sns/jscode2session?appid=wx3821f908eabc524d&secret=25aa4e5a28cb4954c7de7144445cdc55&js_code=021JSgyB1BB7Ub0tdKyB1sVnyB1JSgyw&grant_type=authorization_code
	Result：
{"session_key":"avPB6fH46T78FvAwoV358w==","openid":"o4Uv25WxCveS6QYtBK0xhYeWiZK0"}

[[[接口调用]]]
[2019/11/18 16:08:49.6341]
[线程：113]
	URL：https://api.weixin.qq.com/sns/jscode2session?appid=wx3821f908eabc524d&secret=25aa4e5a28cb4954c7de7144445cdc55&js_code=06163pHK1By5L20kojIK1Q5CHK163pHs&grant_type=authorization_code
	Result：
{"session_key":"avPB6fH46T78FvAwoV358w==","openid":"o4Uv25WxCveS6QYtBK0xhYeWiZK0"}

[[[接口调用]]]
[2019/11/18 16:08:51.4430]
[线程：113]
	URL：https://api.weixin.qq.com/sns/jscode2session?appid=wx3821f908eabc524d&secret=25aa4e5a28cb4954c7de7144445cdc55&js_code=081Lr1bp0AZFho1NZSbp0Vghbp0Lr1be&grant_type=authorization_code
	Result：
{"session_key":"avPB6fH46T78FvAwoV358w==","openid":"o4Uv25WxCveS6QYtBK0xhYeWiZK0"}

[[[接口调用]]]
[2019/11/18 16:14:30.2898]
[线程：83]
	URL：https://api.weixin.qq.com/sns/jscode2session?appid=wx3821f908eabc524d&secret=25aa4e5a28cb4954c7de7144445cdc55&js_code=0710WgIS0gcgL02ZHcMS0OUcIS00WgIn&grant_type=authorization_code
	Result：
{"session_key":"ItJ9D4wZPzsDqBKqeThOsg==","openid":"o4Uv25WxCveS6QYtBK0xhYeWiZK0"}

[[[接口调用]]]
[2019/11/18 16:14:30.3120]
[线程：86]
	URL：https://api.weixin.qq.com/sns/jscode2session?appid=wx3821f908eabc524d&secret=25aa4e5a28cb4954c7de7144445cdc55&js_code=061Iltni2bJ99B0LD9ni2Ziini2IltnN&grant_type=authorization_code
	Result：
{"session_key":"ItJ9D4wZPzsDqBKqeThOsg==","openid":"o4Uv25WxCveS6QYtBK0xhYeWiZK0"}

[[[接口调用]]]
[2019/11/18 16:14:30.3135]
[线程：82]
	URL：https://api.weixin.qq.com/sns/jscode2session?appid=wx3821f908eabc524d&secret=25aa4e5a28cb4954c7de7144445cdc55&js_code=001YTkcD020szk2kXdbD0XLqcD0YTkch&grant_type=authorization_code
	Result：
{"session_key":"ItJ9D4wZPzsDqBKqeThOsg==","openid":"o4Uv25WxCveS6QYtBK0xhYeWiZK0"}

[[[接口调用]]]
[2019/11/18 16:14:30.3243]
[线程：84]
	URL：https://api.weixin.qq.com/sns/jscode2session?appid=wx3821f908eabc524d&secret=25aa4e5a28cb4954c7de7144445cdc55&js_code=071NjEgU1L0biZ0wgegU1GFmgU1NjEgY&grant_type=authorization_code
	Result：
{"session_key":"ItJ9D4wZPzsDqBKqeThOsg==","openid":"o4Uv25WxCveS6QYtBK0xhYeWiZK0"}

[[[自动注册扩展缓存完成]]]
[2019/11/18 21:32:54.3533]
[线程：1]
注册总用时：9.3635ms
自动扫描程序集：0个
扩展缓存：

[[[微信扩展缓存注册完成]]]
[2019/11/18 21:32:54.4340]
[线程：1]
微信扩展缓存注册总用时：14.5020ms
扩展缓存：Senparc.Weixin.Cache.LocalContainerCacheStrategy
Senparc.Weixin.Cache.Redis.RedisContainerCacheStrategy

