[[[自动注册扩展缓存完成]]]
[2019-10-08 16:33:37.4840]
[线程：1]
注册总用时：27.8065ms
自动扫描程序集：0个
扩展缓存：

[[[微信扩展缓存注册完成]]]
[2019-10-08 16:33:38.4893]
[线程：1]
微信扩展缓存注册总用时：252.43210000000002ms
扩展缓存：Senparc.Weixin.Cache.LocalContainerCacheStrategy
Senparc.Weixin.Cache.Redis.RedisContainerCacheStrategy

[[[接口调用]]]
[2019-10-08 16:34:07.3162]
[线程：7]
	URL：https://api.weixin.qq.com/sns/jscode2session?appid=wx3821f908eabc524d&secret=25aa4e5a28cb4954c7de7144445cdc55&js_code=021W3RA02xnTDS0wbgB02AHPA02W3RA5&grant_type=authorization_code
	Result：
{"session_key":"Qf7JNltDBG7WtpSpgKDuzg==","openid":"o4Uv25WxCveS6QYtBK0xhYeWiZK0"}

[[[接口调用]]]
[2019-10-08 16:36:15.7308]
[线程：35]
	URL：https://api.weixin.qq.com/sns/jscode2session?appid=wx3821f908eabc524d&secret=25aa4e5a28cb4954c7de7144445cdc55&js_code=071QR1TM0y24Da2bHVRM0SohTM0QR1Tg&grant_type=authorization_code
	Result：
{"session_key":"kGaNqhH02P\/2r4itfgYENQ==","openid":"o4Uv25WxCveS6QYtBK0xhYeWiZK0"}

[[[接口调用]]]
[2019-10-08 16:36:55.4785]
[线程：45]
	URL：https://api.weixin.qq.com/sns/jscode2session?appid=wx3821f908eabc524d&secret=25aa4e5a28cb4954c7de7144445cdc55&js_code=001C8S2n1qKWEq0WlW1n1sOS2n1C8S2Z&grant_type=authorization_code
	Result：
{"session_key":"kGaNqhH02P\/2r4itfgYENQ==","openid":"o4Uv25WxCveS6QYtBK0xhYeWiZK0"}

[[[接口调用]]]
[2019-10-08 16:37:57.1837]
[线程：53]
	URL：https://api.weixin.qq.com/sns/jscode2session?appid=wx3821f908eabc524d&secret=25aa4e5a28cb4954c7de7144445cdc55&js_code=0711OXfe2LtAgF0SmThe2FRbge21OXf5&grant_type=authorization_code
	Result：
{"session_key":"kGaNqhH02P\/2r4itfgYENQ==","openid":"o4Uv25WxCveS6QYtBK0xhYeWiZK0"}

[[[接口调用]]]
[2019-10-08 16:39:13.3375]
[线程：5]
	URL：https://api.weixin.qq.com/sns/jscode2session?appid=wx3821f908eabc524d&secret=25aa4e5a28cb4954c7de7144445cdc55&js_code=071djqjM0r1Rbb24ztjM0MztjM0djqjc&grant_type=authorization_code
	Result：
{"session_key":"Fn\/DRzPVhaR1uhefK3dxPQ==","openid":"o4Uv25WxCveS6QYtBK0xhYeWiZK0"}

[[[接口调用]]]
[2019-10-08 16:40:32.8997]
[线程：45]
	URL：https://api.weixin.qq.com/sns/jscode2session?appid=wx3821f908eabc524d&secret=25aa4e5a28cb4954c7de7144445cdc55&js_code=011rh0J61EWZfM1HVWH61AaRI61rh0JU&grant_type=authorization_code
	Result：
{"session_key":"Fn\/DRzPVhaR1uhefK3dxPQ==","openid":"o4Uv25WxCveS6QYtBK0xhYeWiZK0"}

[[[接口调用]]]
[2019-10-08 16:41:15.0314]
[线程：50]
	URL：https://api.weixin.qq.com/sns/jscode2session?appid=wx3821f908eabc524d&secret=25aa4e5a28cb4954c7de7144445cdc55&js_code=001wUtq711Z4PL1bRgt71k3nq71wUtqY&grant_type=authorization_code
	Result：
{"session_key":"X6xssP4D90DM3UluwyNmRA==","openid":"o4Uv25WxCveS6QYtBK0xhYeWiZK0"}

[[[接口调用]]]
[2019-10-08 16:41:52.0445]
[线程：50]
	URL：https://api.weixin.qq.com/sns/jscode2session?appid=wx3821f908eabc524d&secret=25aa4e5a28cb4954c7de7144445cdc55&js_code=0618GJpS1a3X6516bkrS13VtpS18GJpg&grant_type=authorization_code
	Result：
{"session_key":"X6xssP4D90DM3UluwyNmRA==","openid":"o4Uv25WxCveS6QYtBK0xhYeWiZK0"}

[[[接口调用]]]
[2019-10-08 16:42:02.7617]
[线程：36]
	URL：https://api.weixin.qq.com/sns/jscode2session?appid=wx3821f908eabc524d&secret=25aa4e5a28cb4954c7de7144445cdc55&js_code=011TW8an1Dm1Gp03sU9n1uJQ9n1TW8aB&grant_type=authorization_code
	Result：
{"session_key":"X6xssP4D90DM3UluwyNmRA==","openid":"o4Uv25WxCveS6QYtBK0xhYeWiZK0"}

[[[接口调用]]]
[2019-10-08 16:44:59.0998]
[线程：8]
	URL：https://api.weixin.qq.com/sns/jscode2session?appid=wx3821f908eabc524d&secret=25aa4e5a28cb4954c7de7144445cdc55&js_code=071QnlWY1rTDBU0YHCVY1Q3qWY1QnlWf&grant_type=authorization_code
	Result：
{"session_key":"1ZNnQy3j\/wtleEO2riY1yQ==","openid":"o4Uv25WxCveS6QYtBK0xhYeWiZK0"}

[[[接口调用]]]
[2019-10-08 16:45:50.1825]
[线程：49]
	URL：https://api.weixin.qq.com/sns/jscode2session?appid=wx3821f908eabc524d&secret=25aa4e5a28cb4954c7de7144445cdc55&js_code=071IVQgb1Oxb1x0BTEib1SrJgb1IVQgz&grant_type=authorization_code
	Result：
{"session_key":"1ZNnQy3j\/wtleEO2riY1yQ==","openid":"o4Uv25WxCveS6QYtBK0xhYeWiZK0"}

[[[接口调用]]]
[2019-10-08 16:46:00.8419]
[线程：49]
	URL：https://api.weixin.qq.com/sns/jscode2session?appid=wx3821f908eabc524d&secret=25aa4e5a28cb4954c7de7144445cdc55&js_code=02148ltb1KXU6x0oCqub1YHjtb148ltk&grant_type=authorization_code
	Result：
{"session_key":"1ZNnQy3j\/wtleEO2riY1yQ==","openid":"o4Uv25WxCveS6QYtBK0xhYeWiZK0"}

[[[接口调用]]]
[2019-10-08 16:46:04.9907]
[线程：45]
	URL：https://api.weixin.qq.com/sns/jscode2session?appid=wx3821f908eabc524d&secret=25aa4e5a28cb4954c7de7144445cdc55&js_code=081rmifp1EJnDj0807gp1E6pfp1rmifS&grant_type=authorization_code
	Result：
{"session_key":"1ZNnQy3j\/wtleEO2riY1yQ==","openid":"o4Uv25WxCveS6QYtBK0xhYeWiZK0"}

[[[接口调用]]]
[2019-10-08 16:46:10.8966]
[线程：52]
	URL：https://api.weixin.qq.com/sns/jscode2session?appid=wx3821f908eabc524d&secret=25aa4e5a28cb4954c7de7144445cdc55&js_code=021FTArR0Vkg462EfYuR01lGrR0FTArT&grant_type=authorization_code
	Result：
{"session_key":"1ZNnQy3j\/wtleEO2riY1yQ==","openid":"o4Uv25WxCveS6QYtBK0xhYeWiZK0"}

[[[接口调用]]]
[2019-10-08 16:54:09.4474]
[线程：37]
	URL：https://api.weixin.qq.com/sns/jscode2session?appid=wx3821f908eabc524d&secret=25aa4e5a28cb4954c7de7144445cdc55&js_code=011mk04e2XuCTE0Ko25e2YxE3e2mk04p&grant_type=authorization_code
	Result：
{"session_key":"xfoXkFtQKIVBDT2hwcoq7w==","openid":"o4Uv25WxCveS6QYtBK0xhYeWiZK0"}

[[[接口调用]]]
[2019-10-08 17:11:06.0269]
[线程：56]
	URL：https://api.weixin.qq.com/sns/jscode2session?appid=wx3821f908eabc524d&secret=25aa4e5a28cb4954c7de7144445cdc55&js_code=081Ze1CA0tWnEi2go8BA0QYdCA0Ze1Cb&grant_type=authorization_code
	Result：
{"session_key":"SRjMhzD\/Vzc7LZCeRweaQQ==","openid":"o4Uv25WxCveS6QYtBK0xhYeWiZK0"}

[[[接口调用]]]
[2019-10-08 17:12:56.6631]
[线程：50]
	URL：https://api.weixin.qq.com/sns/jscode2session?appid=wx3821f908eabc524d&secret=25aa4e5a28cb4954c7de7144445cdc55&js_code=081p4hKD0c8dLj2NUXJD0qb7KD0p4hKw&grant_type=authorization_code
	Result：
{"session_key":"Wx9zxIyk5hVcOhS1I0JmaA==","openid":"o4Uv25WxCveS6QYtBK0xhYeWiZK0"}

[[[接口调用]]]
[2019-10-08 17:13:24.2873]
[线程：55]
	URL：https://api.weixin.qq.com/sns/jscode2session?appid=wx3821f908eabc524d&secret=25aa4e5a28cb4954c7de7144445cdc55&js_code=021crknE15v5L80ZIzlE1MkanE1crkn7&grant_type=authorization_code
	Result：
{"session_key":"Wx9zxIyk5hVcOhS1I0JmaA==","openid":"o4Uv25WxCveS6QYtBK0xhYeWiZK0"}

[[[接口调用]]]
[2019-10-08 17:13:45.7732]
[线程：32]
	URL：https://api.weixin.qq.com/sns/jscode2session?appid=wx3821f908eabc524d&secret=25aa4e5a28cb4954c7de7144445cdc55&js_code=071LHd060PSARC1IgL060UHUZ50LHd08&grant_type=authorization_code
	Result：
{"session_key":"Wx9zxIyk5hVcOhS1I0JmaA==","openid":"o4Uv25WxCveS6QYtBK0xhYeWiZK0"}

[[[接口调用]]]
[2019-10-08 17:14:17.9909]
[线程：67]
	URL：https://api.weixin.qq.com/sns/jscode2session?appid=wx3821f908eabc524d&secret=25aa4e5a28cb4954c7de7144445cdc55&js_code=001SYab80fBQVE1KFrb80ntlb80SYab6&grant_type=authorization_code
	Result：
{"session_key":"Wx9zxIyk5hVcOhS1I0JmaA==","openid":"o4Uv25WxCveS6QYtBK0xhYeWiZK0"}

[[[接口调用]]]
[2019-10-08 17:17:34.1239]
[线程：71]
	URL：https://api.weixin.qq.com/sns/jscode2session?appid=wx3821f908eabc524d&secret=25aa4e5a28cb4954c7de7144445cdc55&js_code=011GoiPV0fBgx22n8uPV0tlfPV0GoiPK&grant_type=authorization_code
	Result：
{"session_key":"qqQcdttOaQ1Reu+jn6rUYQ==","openid":"o4Uv25WxCveS6QYtBK0xhYeWiZK0"}

[[[接口调用]]]
[2019-10-08 17:22:21.2592]
[线程：84]
	URL：https://api.weixin.qq.com/sns/jscode2session?appid=wx3821f908eabc524d&secret=25aa4e5a28cb4954c7de7144445cdc55&js_code=001QPXJM1iTtd618KFKM1ohMJM1QPXJ2&grant_type=authorization_code
	Result：
{"session_key":"UtwjzdE+8OEDDi4cSzjyPQ==","openid":"o4Uv25WxCveS6QYtBK0xhYeWiZK0"}

[[[接口调用]]]
[2019-10-08 17:23:48.3921]
[线程：84]
	URL：https://api.weixin.qq.com/sns/jscode2session?appid=wx3821f908eabc524d&secret=25aa4e5a28cb4954c7de7144445cdc55&js_code=071Vqsnn1a1GKp0uG5nn1bwwnn1Vqsn6&grant_type=authorization_code
	Result：
{"session_key":"UtwjzdE+8OEDDi4cSzjyPQ==","openid":"o4Uv25WxCveS6QYtBK0xhYeWiZK0"}

[[[接口调用]]]
[2019-10-08 17:24:19.0935]
[线程：85]
	URL：https://api.weixin.qq.com/sns/jscode2session?appid=wx3821f908eabc524d&secret=25aa4e5a28cb4954c7de7144445cdc55&js_code=011v8I202KaztT0P0B5024LK202v8I2k&grant_type=authorization_code
	Result：
{"session_key":"7clVFayRm5IrW34sj5b4Hg==","openid":"o4Uv25WxCveS6QYtBK0xhYeWiZK0"}

[[[接口调用]]]
[2019-10-08 17:24:25.8867]
[线程：93]
	URL：https://api.weixin.qq.com/sns/jscode2session?appid=wx3821f908eabc524d&secret=25aa4e5a28cb4954c7de7144445cdc55&js_code=021A9D9C0ybQOg2RnmaC0b8y9C0A9D96&grant_type=authorization_code
	Result：
{"session_key":"7clVFayRm5IrW34sj5b4Hg==","openid":"o4Uv25WxCveS6QYtBK0xhYeWiZK0"}

[[[接口调用]]]
[2019-10-08 17:24:35.2095]
[线程：85]
	URL：https://api.weixin.qq.com/sns/jscode2session?appid=wx3821f908eabc524d&secret=25aa4e5a28cb4954c7de7144445cdc55&js_code=061hTR9F1G0pg80C8O7F10QT9F1hTR9m&grant_type=authorization_code
	Result：
{"session_key":"7clVFayRm5IrW34sj5b4Hg==","openid":"o4Uv25WxCveS6QYtBK0xhYeWiZK0"}

[[[接口调用]]]
[2019-10-08 17:30:08.0522]
[线程：93]
	URL：https://api.weixin.qq.com/sns/jscode2session?appid=wx3821f908eabc524d&secret=25aa4e5a28cb4954c7de7144445cdc55&js_code=071C9Pgk2bvceD0GYhhk2kl9hk2C9PgX&grant_type=authorization_code
	Result：
{"session_key":"wl+busKDDSJZLi0mBJSuyQ==","openid":"o4Uv25WxCveS6QYtBK0xhYeWiZK0"}

[[[接口调用]]]
[2019-10-08 17:30:21.4498]
[线程：93]
	URL：https://api.weixin.qq.com/sns/jscode2session?appid=wx3821f908eabc524d&secret=25aa4e5a28cb4954c7de7144445cdc55&js_code=0618kX5R0tAPZ62CSL5R0uNZ5R08kX5g&grant_type=authorization_code
	Result：
{"session_key":"wl+busKDDSJZLi0mBJSuyQ==","openid":"o4Uv25WxCveS6QYtBK0xhYeWiZK0"}

[[[接口调用]]]
[2019-10-08 17:30:35.5234]
[线程：65]
	URL：https://api.weixin.qq.com/sns/jscode2session?appid=wx3821f908eabc524d&secret=25aa4e5a28cb4954c7de7144445cdc55&js_code=0013bkwh2qyIIB0kYQxh2g0hwh23bkw9&grant_type=authorization_code
	Result：
{"session_key":"wl+busKDDSJZLi0mBJSuyQ==","openid":"o4Uv25WxCveS6QYtBK0xhYeWiZK0"}

[[[接口调用]]]
[2019-10-08 17:30:48.2883]
[线程：77]
	URL：https://api.weixin.qq.com/sns/jscode2session?appid=wx3821f908eabc524d&secret=25aa4e5a28cb4954c7de7144445cdc55&js_code=011303NT08YmtZ1NTZOT05xLMT0303NT&grant_type=authorization_code
	Result：
{"session_key":"wl+busKDDSJZLi0mBJSuyQ==","openid":"o4Uv25WxCveS6QYtBK0xhYeWiZK0"}

[[[接口调用]]]
[2019-10-08 17:32:21.8221]
[线程：77]
	URL：https://api.weixin.qq.com/sns/jscode2session?appid=wx3821f908eabc524d&secret=25aa4e5a28cb4954c7de7144445cdc55&js_code=001oTOCb1zyeex0QwABb1AnRCb1oTOC6&grant_type=authorization_code
	Result：
{"session_key":"LRA5kjiLf1uoya\/f8khHzg==","openid":"o4Uv25WxCveS6QYtBK0xhYeWiZK0"}

[[[自动注册扩展缓存完成]]]
[2019-10-08 17:52:18.2080]
[线程：1]
注册总用时：67.4859ms
自动扫描程序集：0个
扩展缓存：

[[[微信扩展缓存注册完成]]]
[2019-10-08 17:52:22.0493]
[线程：1]
微信扩展缓存注册总用时：197.2562ms
扩展缓存：Senparc.Weixin.Cache.LocalContainerCacheStrategy
Senparc.Weixin.Cache.Redis.RedisContainerCacheStrategy

[[[接口调用]]]
[2019-10-08 17:53:11.6196]
[线程：10]
	URL：https://api.weixin.qq.com/sns/jscode2session?appid=wx3821f908eabc524d&secret=25aa4e5a28cb4954c7de7144445cdc55&js_code=07114pQY1eX6pU0dOzTY12XdQY114pQD&grant_type=authorization_code
	Result：
{"session_key":"22wo0BIbB1oC2rr+BFZc4Q==","openid":"o4Uv25WxCveS6QYtBK0xhYeWiZK0"}

[[[接口调用]]]
[2019-10-08 18:01:18.0638]
[线程：34]
	URL：https://api.weixin.qq.com/sns/jscode2session?appid=wx3821f908eabc524d&secret=25aa4e5a28cb4954c7de7144445cdc55&js_code=061Gnu9F1kyTf80EdabF1geh9F1Gnu9L&grant_type=authorization_code
	Result：
{"session_key":"lAJPaxg\/Bhu8tP7HsjmTJA==","openid":"o4Uv25WxCveS6QYtBK0xhYeWiZK0"}

[[[接口调用]]]
[2019-10-08 18:01:34.2022]
[线程：39]
	URL：https://api.weixin.qq.com/sns/jscode2session?appid=wx3821f908eabc524d&secret=25aa4e5a28cb4954c7de7144445cdc55&js_code=0016hzBn1HVc5q0E2QBn1hbeBn16hzBM&grant_type=authorization_code
	Result：
{"session_key":"lAJPaxg\/Bhu8tP7HsjmTJA==","openid":"o4Uv25WxCveS6QYtBK0xhYeWiZK0"}

[[[接口调用]]]
[2019-10-08 18:03:09.0875]
[线程：39]
	URL：https://api.weixin.qq.com/sns/jscode2session?appid=wx3821f908eabc524d&secret=25aa4e5a28cb4954c7de7144445cdc55&js_code=081tz1A51ewgVR1B6lA51AqVz51tz1Am&grant_type=authorization_code
	Result：
{"session_key":"lAJPaxg\/Bhu8tP7HsjmTJA==","openid":"o4Uv25WxCveS6QYtBK0xhYeWiZK0"}

[[[接口调用]]]
[2019-10-08 18:12:13.4866]
[线程：40]
	URL：https://api.weixin.qq.com/sns/jscode2session?appid=wx3821f908eabc524d&secret=25aa4e5a28cb4954c7de7144445cdc55&js_code=001kTbnr1EKsLl0alMlr1huVmr1kTbnC&grant_type=authorization_code
	Result：
{"session_key":"YGSFU\/40zrITQ+tTUhZs+g==","openid":"o4Uv25WxCveS6QYtBK0xhYeWiZK0"}

[[[接口调用]]]
[2019-10-08 18:15:27.7864]
[线程：66]
	URL：https://api.weixin.qq.com/sns/jscode2session?appid=wx3821f908eabc524d&secret=25aa4e5a28cb4954c7de7144445cdc55&js_code=011WyxPH0I3zGf2dn9QH0mkyPH0WyxPg&grant_type=authorization_code
	Result：
{"session_key":"9de53HRcQmlUSZfd6Ux6SQ==","openid":"o4Uv25WxCveS6QYtBK0xhYeWiZK0"}

