[[[自动注册扩展缓存完成]]]
[2019-10-07 09:48:39.8871]
[线程：1]
注册总用时：35.8905ms
自动扫描程序集：0个
扩展缓存：

[[[微信扩展缓存注册完成]]]
[2019-10-07 09:48:40.5594]
[线程：1]
微信扩展缓存注册总用时：240.31470000000002ms
扩展缓存：Senparc.Weixin.Cache.LocalContainerCacheStrategy
Senparc.Weixin.Cache.Redis.RedisContainerCacheStrategy

[[[自动注册扩展缓存完成]]]
[2019-10-07 09:59:21.3692]
[线程：1]
注册总用时：42.8513ms
自动扫描程序集：0个
扩展缓存：

[[[微信扩展缓存注册完成]]]
[2019-10-07 09:59:21.9348]
[线程：1]
微信扩展缓存注册总用时：86.0089ms
扩展缓存：Senparc.Weixin.Cache.LocalContainerCacheStrategy
Senparc.Weixin.Cache.Redis.RedisContainerCacheStrategy

[[[自动注册扩展缓存完成]]]
[2019-10-07 16:42:33.2647]
[线程：1]
注册总用时：48.222300000000004ms
自动扫描程序集：0个
扩展缓存：

[[[微信扩展缓存注册完成]]]
[2019-10-07 16:42:33.8938]
[线程：1]
微信扩展缓存注册总用时：159.2618ms
扩展缓存：Senparc.Weixin.Cache.LocalContainerCacheStrategy
Senparc.Weixin.Cache.Redis.RedisContainerCacheStrategy

[[[接口调用]]]
[2019-10-07 16:55:16.2501]
[线程：66]
	URL：https://api.weixin.qq.com/sns/jscode2session?appid=wx3821f908eabc524d&secret=25aa4e5a28cb4954c7de7144445cdc55&js_code=021dselu1NZyxe0K0lmu1u7klu1dsel9&grant_type=authorization_code
	Result：
{"session_key":"\/qJms96R13pIcnFDXM5YcA==","openid":"o4Uv25WxCveS6QYtBK0xhYeWiZK0"}

[[[接口调用]]]
[2019-10-07 16:55:35.3498]
[线程：72]
	URL：https://api.weixin.qq.com/sns/jscode2session?appid=wx3821f908eabc524d&secret=25aa4e5a28cb4954c7de7144445cdc55&js_code=071uD7n91QvzIO1jYrk91eq3n91uD7nA&grant_type=authorization_code
	Result：
{"session_key":"\/qJms96R13pIcnFDXM5YcA==","openid":"o4Uv25WxCveS6QYtBK0xhYeWiZK0"}

[[[接口调用]]]
[2019-10-07 17:05:22.7110]
[线程：65]
	URL：https://api.weixin.qq.com/sns/jscode2session?appid=wx3821f908eabc524d&secret=25aa4e5a28cb4954c7de7144445cdc55&js_code=021yNMZo04lKPn1XYo0p0nkHZo0yNMZj&grant_type=authorization_code
	Result：
{"session_key":"CfuEjyigJpPC6zwQBHD52A==","openid":"o4Uv25WxCveS6QYtBK0xhYeWiZK0"}

[[[接口调用]]]
[2019-10-07 17:06:06.1708]
[线程：65]
	URL：https://api.weixin.qq.com/sns/jscode2session?appid=wx3821f908eabc524d&secret=25aa4e5a28cb4954c7de7144445cdc55&js_code=061ePhYB1Ywjl60hWZUB1CPwYB1ePhYs&grant_type=authorization_code
	Result：
{"session_key":"CfuEjyigJpPC6zwQBHD52A==","openid":"o4Uv25WxCveS6QYtBK0xhYeWiZK0"}

[[[接口调用]]]
[2019-10-07 17:07:08.6005]
[线程：111]
	URL：https://api.weixin.qq.com/sns/jscode2session?appid=wx3821f908eabc524d&secret=25aa4e5a28cb4954c7de7144445cdc55&js_code=011wwLY42TdXXN0HOvY421NOY42wwLYf&grant_type=authorization_code
	Result：
{"session_key":"CfuEjyigJpPC6zwQBHD52A==","openid":"o4Uv25WxCveS6QYtBK0xhYeWiZK0"}

[[[微信扩展缓存注册完成]]]
[2019-10-07 17:10:10.7576]
[线程：1]
微信扩展缓存注册总用时：63.792300000000004ms
扩展缓存：Senparc.Weixin.Cache.LocalContainerCacheStrategy
Senparc.Weixin.Cache.Redis.RedisContainerCacheStrategy

[[[自动注册扩展缓存完成]]]
[2019-10-07 17:10:10.4248]
[线程：1]
注册总用时：44.428200000000004ms
自动扫描程序集：0个
扩展缓存：

[[[接口调用]]]
[2019-10-07 17:11:59.0764]
[线程：35]
	URL：https://api.weixin.qq.com/sns/jscode2session?appid=wx3821f908eabc524d&secret=25aa4e5a28cb4954c7de7144445cdc55&js_code=061utS681Mb6aL17LY2812NH681utS6y&grant_type=authorization_code
	Result：
{"session_key":"7qB3Oz3CpHnkvWmURVLU+g==","openid":"o4Uv25WxCveS6QYtBK0xhYeWiZK0"}

[[[接口调用]]]
[2019-10-07 17:12:49.0827]
[线程：30]
	URL：https://api.weixin.qq.com/sns/jscode2session?appid=wx3821f908eabc524d&secret=25aa4e5a28cb4954c7de7144445cdc55&js_code=07120eL10fquyG1ZVRK10VDeL1020eLX&grant_type=authorization_code
	Result：
{"session_key":"7qB3Oz3CpHnkvWmURVLU+g==","openid":"o4Uv25WxCveS6QYtBK0xhYeWiZK0"}

[[[接口调用]]]
[2019-10-07 17:13:14.8624]
[线程：30]
	URL：https://api.weixin.qq.com/sns/jscode2session?appid=wx3821f908eabc524d&secret=25aa4e5a28cb4954c7de7144445cdc55&js_code=07126Ehf0rJRSt1qHphf0zfXhf026Ehp&grant_type=authorization_code
	Result：
{"session_key":"7qB3Oz3CpHnkvWmURVLU+g==","openid":"o4Uv25WxCveS6QYtBK0xhYeWiZK0"}

[[[接口调用]]]
[2019-10-07 17:13:27.0016]
[线程：30]
	URL：https://api.weixin.qq.com/sns/jscode2session?appid=wx3821f908eabc524d&secret=25aa4e5a28cb4954c7de7144445cdc55&js_code=0711Niey1gCjCa0XQphy1Mwqey11Nie3&grant_type=authorization_code
	Result：
{"session_key":"7qB3Oz3CpHnkvWmURVLU+g==","openid":"o4Uv25WxCveS6QYtBK0xhYeWiZK0"}

[[[接口调用]]]
[2019-10-07 17:22:08.5043]
[线程：48]
	URL：https://api.weixin.qq.com/sns/jscode2session?appid=wx3821f908eabc524d&secret=25aa4e5a28cb4954c7de7144445cdc55&js_code=001kpYFK0Ir3j82On3DK0T8gGK0kpYFe&grant_type=authorization_code
	Result：
{"session_key":"9kitmGgSqhnPL971ll2IXA==","openid":"o4Uv25WxCveS6QYtBK0xhYeWiZK0"}

[[[接口调用]]]
[2019-10-07 17:22:29.9677]
[线程：63]
	URL：https://api.weixin.qq.com/sns/jscode2session?appid=wx3821f908eabc524d&secret=25aa4e5a28cb4954c7de7144445cdc55&js_code=071136SN1hAPE91VPMTN1rmQRN1136Sj&grant_type=authorization_code
	Result：
{"session_key":"9kitmGgSqhnPL971ll2IXA==","openid":"o4Uv25WxCveS6QYtBK0xhYeWiZK0"}

[[[接口调用]]]
[2019-10-07 17:23:10.2279]
[线程：49]
	URL：https://api.weixin.qq.com/sns/jscode2session?appid=wx3821f908eabc524d&secret=25aa4e5a28cb4954c7de7144445cdc55&js_code=001gm0B01aefbX1rtaE01tx2B01gm0Bv&grant_type=authorization_code
	Result：
{"session_key":"9kitmGgSqhnPL971ll2IXA==","openid":"o4Uv25WxCveS6QYtBK0xhYeWiZK0"}

[[[接口调用]]]
[2019-10-07 21:20:40.5474]
[线程：134]
	URL：https://api.weixin.qq.com/sns/jscode2session?appid=wx3821f908eabc524d&secret=25aa4e5a28cb4954c7de7144445cdc55&js_code=0110vlmR0Va1172rHsmR0ZQnmR00vlmN&grant_type=authorization_code
	Result：
{"session_key":"eRhjYI5OxACSMezlqJE50Q==","openid":"o4Uv25WxCveS6QYtBK0xhYeWiZK0"}

[[[接口调用]]]
[2019-10-07 21:21:50.8396]
[线程：140]
	URL：https://api.weixin.qq.com/sns/jscode2session?appid=wx3821f908eabc524d&secret=25aa4e5a28cb4954c7de7144445cdc55&js_code=021XwBB61z5seN1BIUz61jQEB61XwBBv&grant_type=authorization_code
	Result：
{"session_key":"eRhjYI5OxACSMezlqJE50Q==","openid":"o4Uv25WxCveS6QYtBK0xhYeWiZK0"}

[[[接口调用]]]
[2019-10-07 21:24:54.4658]
[线程：153]
	URL：https://api.weixin.qq.com/sns/jscode2session?appid=wx3821f908eabc524d&secret=25aa4e5a28cb4954c7de7144445cdc55&js_code=071KjEWH0o9ERf2FeqWH0L9zWH0KjEWF&grant_type=authorization_code
	Result：
{"session_key":"veo8kmPMg4LTFlpsyMmaHA==","openid":"o4Uv25WxCveS6QYtBK0xhYeWiZK0"}

[[[接口调用]]]
[2019-10-07 21:25:28.2721]
[线程：165]
	URL：https://api.weixin.qq.com/sns/jscode2session?appid=wx3821f908eabc524d&secret=25aa4e5a28cb4954c7de7144445cdc55&js_code=011hDGgz0KBmyd11AVjz06kFgz0hDGgH&grant_type=authorization_code
	Result：
{"session_key":"veo8kmPMg4LTFlpsyMmaHA==","openid":"o4Uv25WxCveS6QYtBK0xhYeWiZK0"}

[[[接口调用]]]
[2019-10-07 21:26:50.2973]
[线程：102]
	URL：https://api.weixin.qq.com/sns/jscode2session?appid=wx3821f908eabc524d&secret=25aa4e5a28cb4954c7de7144445cdc55&js_code=07119dPZ1JcbaT0VMhMZ1h89PZ119dPg&grant_type=authorization_code
	Result：
{"session_key":"veo8kmPMg4LTFlpsyMmaHA==","openid":"o4Uv25WxCveS6QYtBK0xhYeWiZK0"}

[[[接口调用]]]
[2019-10-07 21:28:32.6273]
[线程：165]
	URL：https://api.weixin.qq.com/sns/jscode2session?appid=wx3821f908eabc524d&secret=25aa4e5a28cb4954c7de7144445cdc55&js_code=08197p8O0ZHY552sXh9O0vLp8O097p86&grant_type=authorization_code
	Result：
{"session_key":"nKJjJ2W3wlHygVPIjkvK5A==","openid":"o4Uv25WxCveS6QYtBK0xhYeWiZK0"}

[[[接口调用]]]
[2019-10-07 21:32:10.9930]
[线程：100]
	URL：https://api.weixin.qq.com/sns/jscode2session?appid=wx3821f908eabc524d&secret=25aa4e5a28cb4954c7de7144445cdc55&js_code=011uX3Hq14hBam0NOKDq12KUGq1uX3HO&grant_type=authorization_code
	Result：
{"session_key":"ExSi5eEMHcBFA98mPIcIUQ==","openid":"o4Uv25WxCveS6QYtBK0xhYeWiZK0"}

[[[接口调用]]]
[2019-10-07 21:32:30.9793]
[线程：111]
	URL：https://api.weixin.qq.com/sns/jscode2session?appid=wx3821f908eabc524d&secret=25aa4e5a28cb4954c7de7144445cdc55&js_code=061TraAz0MbHQd1TqlAz0dRoAz0TraAS&grant_type=authorization_code
	Result：
{"session_key":"ExSi5eEMHcBFA98mPIcIUQ==","openid":"o4Uv25WxCveS6QYtBK0xhYeWiZK0"}

[[[接口调用]]]
[2019-10-07 21:32:48.8733]
[线程：162]
	URL：https://api.weixin.qq.com/sns/jscode2session?appid=wx3821f908eabc524d&secret=25aa4e5a28cb4954c7de7144445cdc55&js_code=001agy6w1MVHzh08DL9w1VJd6w1agy6g&grant_type=authorization_code
	Result：
{"session_key":"Zk\/z3Mr7iahvI+jRu3lTvQ==","openid":"o4Uv25WxCveS6QYtBK0xhYeWiZK0"}

[[[接口调用]]]
[2019-10-07 21:33:26.6324]
[线程：5]
	URL：https://api.weixin.qq.com/sns/jscode2session?appid=wx3821f908eabc524d&secret=25aa4e5a28cb4954c7de7144445cdc55&js_code=071J3jhJ1z7Kq406P5gJ1yBuhJ1J3jhS&grant_type=authorization_code
	Result：
{"session_key":"Zk\/z3Mr7iahvI+jRu3lTvQ==","openid":"o4Uv25WxCveS6QYtBK0xhYeWiZK0"}

[[[接口调用]]]
[2019-10-07 21:33:39.5620]
[线程：95]
	URL：https://api.weixin.qq.com/sns/jscode2session?appid=wx3821f908eabc524d&secret=25aa4e5a28cb4954c7de7144445cdc55&js_code=0615O7Bf0bR80t17qTAf0sV9Bf05O7B4&grant_type=authorization_code
	Result：
{"session_key":"Zk\/z3Mr7iahvI+jRu3lTvQ==","openid":"o4Uv25WxCveS6QYtBK0xhYeWiZK0"}

[[[接口调用]]]
[2019-10-07 21:36:00.9969]
[线程：165]
	URL：https://api.weixin.qq.com/sns/jscode2session?appid=wx3821f908eabc524d&secret=25aa4e5a28cb4954c7de7144445cdc55&js_code=061Nch6e0uT72v1uuE6e0Okb6e0Nch6O&grant_type=authorization_code
	Result：
{"session_key":"d19THRHNANK6uLWl0Mtezg==","openid":"o4Uv25WxCveS6QYtBK0xhYeWiZK0"}

[[[接口调用]]]
[2019-10-07 21:36:26.9063]
[线程：24]
	URL：https://api.weixin.qq.com/sns/jscode2session?appid=wx3821f908eabc524d&secret=25aa4e5a28cb4954c7de7144445cdc55&js_code=061GF2P12B9weW0GJqQ12esLO12GF2PB&grant_type=authorization_code
	Result：
{"session_key":"d19THRHNANK6uLWl0Mtezg==","openid":"o4Uv25WxCveS6QYtBK0xhYeWiZK0"}

[[[接口调用]]]
[2019-10-07 21:39:36.9728]
[线程：164]
	URL：https://api.weixin.qq.com/sns/jscode2session?appid=wx3821f908eabc524d&secret=25aa4e5a28cb4954c7de7144445cdc55&js_code=081CRy1M1v9eO71uL00M1zCE1M1CRy1j&grant_type=authorization_code
	Result：
{"session_key":"sYUznp5ph8WXVj4d5D\/EWg==","openid":"o4Uv25WxCveS6QYtBK0xhYeWiZK0"}

[[[接口调用]]]
[2019-10-07 21:40:42.3847]
[线程：161]
	URL：https://api.weixin.qq.com/sns/jscode2session?appid=wx3821f908eabc524d&secret=25aa4e5a28cb4954c7de7144445cdc55&js_code=0110ZKe32un9IP0X05f32dnXe320ZKer&grant_type=authorization_code
	Result：
{"session_key":"sYUznp5ph8WXVj4d5D\/EWg==","openid":"o4Uv25WxCveS6QYtBK0xhYeWiZK0"}

[[[接口调用]]]
[2019-10-07 21:42:22.1309]
[线程：155]
	URL：https://api.weixin.qq.com/sns/jscode2session?appid=wx3821f908eabc524d&secret=25aa4e5a28cb4954c7de7144445cdc55&js_code=021ksydp0E5jVn1Zvmfp0DVVdp0ksyd7&grant_type=authorization_code
	Result：
{"session_key":"Oay+pQw0meGx6mgP6ztPEg==","openid":"o4Uv25WxCveS6QYtBK0xhYeWiZK0"}

[[[接口调用]]]
[2019-10-07 21:42:53.4015]
[线程：155]
	URL：https://api.weixin.qq.com/sns/jscode2session?appid=wx3821f908eabc524d&secret=25aa4e5a28cb4954c7de7144445cdc55&js_code=0019g61P1epgt81uEO0P15mi1P19g61H&grant_type=authorization_code
	Result：
{"session_key":"Oay+pQw0meGx6mgP6ztPEg==","openid":"o4Uv25WxCveS6QYtBK0xhYeWiZK0"}

[[[接口调用]]]
[2019-10-07 21:46:09.4321]
[线程：159]
	URL：https://api.weixin.qq.com/sns/jscode2session?appid=wx3821f908eabc524d&secret=25aa4e5a28cb4954c7de7144445cdc55&js_code=061nWVjo0m8KOk14SHio0KLVjo0nWVj1&grant_type=authorization_code
	Result：
{"session_key":"5qNpD61TZ16ZVGYr4p4lLg==","openid":"o4Uv25WxCveS6QYtBK0xhYeWiZK0"}

[[[接口调用]]]
[2019-10-07 21:47:59.6076]
[线程：145]
	URL：https://api.weixin.qq.com/sns/jscode2session?appid=wx3821f908eabc524d&secret=25aa4e5a28cb4954c7de7144445cdc55&js_code=011j2TK12AkKiW0kCON12aX6L12j2TKi&grant_type=authorization_code
	Result：
{"session_key":"5qNpD61TZ16ZVGYr4p4lLg==","openid":"o4Uv25WxCveS6QYtBK0xhYeWiZK0"}

[[[自动注册扩展缓存完成]]]
[2019-10-07 22:05:49.3549]
[线程：1]
注册总用时：35.9337ms
自动扫描程序集：0个
扩展缓存：

[[[微信扩展缓存注册完成]]]
[2019-10-07 22:05:50.1719]
[线程：1]
微信扩展缓存注册总用时：254.0428ms
扩展缓存：Senparc.Weixin.Cache.LocalContainerCacheStrategy
Senparc.Weixin.Cache.Redis.RedisContainerCacheStrategy

[[[接口调用]]]
[2019-10-07 22:06:45.6783]
[线程：4]
	URL：https://api.weixin.qq.com/sns/jscode2session?appid=wx3821f908eabc524d&secret=25aa4e5a28cb4954c7de7144445cdc55&js_code=021z4VtJ0ZQqv92RcCtJ0E8duJ0z4Vt0&grant_type=authorization_code
	Result：
{"session_key":"Q9molSDpA4wcLKZDq00cJw==","openid":"o4Uv25WxCveS6QYtBK0xhYeWiZK0"}

[[[接口调用]]]
[2019-10-07 22:06:51.1569]
[线程：30]
	URL：https://api.weixin.qq.com/sns/jscode2session?appid=wx3821f908eabc524d&secret=25aa4e5a28cb4954c7de7144445cdc55&js_code=001P2Qif00kJPt12f1if08nQif0P2Qig&grant_type=authorization_code
	Result：
{"session_key":"Q9molSDpA4wcLKZDq00cJw==","openid":"o4Uv25WxCveS6QYtBK0xhYeWiZK0"}

[[[接口调用]]]
[2019-10-07 22:07:05.5572]
[线程：37]
	URL：https://api.weixin.qq.com/sns/jscode2session?appid=wx3821f908eabc524d&secret=25aa4e5a28cb4954c7de7144445cdc55&js_code=021WlnH72LN4GQ0uUvE72wHlH72WlnH8&grant_type=authorization_code
	Result：
{"session_key":"Q9molSDpA4wcLKZDq00cJw==","openid":"o4Uv25WxCveS6QYtBK0xhYeWiZK0"}

[[[接口调用]]]
[2019-10-07 22:07:12.0874]
[线程：39]
	URL：https://api.weixin.qq.com/sns/jscode2session?appid=wx3821f908eabc524d&secret=25aa4e5a28cb4954c7de7144445cdc55&js_code=061S51YC1PIxc60eQfWC1ABLXC1S51YQ&grant_type=authorization_code
	Result：
{"session_key":"Q9molSDpA4wcLKZDq00cJw==","openid":"o4Uv25WxCveS6QYtBK0xhYeWiZK0"}

[[[接口调用]]]
[2019-10-07 22:19:58.7331]
[线程：8]
	URL：https://api.weixin.qq.com/sns/jscode2session?appid=wx3821f908eabc524d&secret=25aa4e5a28cb4954c7de7144445cdc55&js_code=061CBKoi25s9pB0kQVni2GSGoi2CBKoP&grant_type=authorization_code
	Result：
{"session_key":"vtTUTrPNmiGIzi09z2q1bQ==","openid":"o4Uv25WxCveS6QYtBK0xhYeWiZK0"}

[[[接口调用]]]
[2019-10-07 22:21:50.4482]
[线程：67]
	URL：https://api.weixin.qq.com/sns/jscode2session?appid=wx3821f908eabc524d&secret=25aa4e5a28cb4954c7de7144445cdc55&js_code=071q1MqA1mKVFc0Yv8rA1sRVqA1q1Mqa&grant_type=authorization_code
	Result：
{"session_key":"vtTUTrPNmiGIzi09z2q1bQ==","openid":"o4Uv25WxCveS6QYtBK0xhYeWiZK0"}

[[[接口调用]]]
[2019-10-07 22:21:55.7783]
[线程：8]
	URL：https://api.weixin.qq.com/sns/jscode2session?appid=wx3821f908eabc524d&secret=25aa4e5a28cb4954c7de7144445cdc55&js_code=001oPegA1GIPyc0MtbhA1yjggA1oPege&grant_type=authorization_code
	Result：
{"session_key":"vtTUTrPNmiGIzi09z2q1bQ==","openid":"o4Uv25WxCveS6QYtBK0xhYeWiZK0"}

[[[接口调用]]]
[2019-10-07 22:22:10.7228]
[线程：8]
	URL：https://api.weixin.qq.com/sns/jscode2session?appid=wx3821f908eabc524d&secret=25aa4e5a28cb4954c7de7144445cdc55&js_code=071vA8CG12S2X10w6pEG18tKBG1vA8C3&grant_type=authorization_code
	Result：
{"session_key":"A9bUdmGBTCXsaqnAHKY3Uw==","openid":"o4Uv25WxCveS6QYtBK0xhYeWiZK0"}

[[[自动注册扩展缓存完成]]]
[2019-10-07 23:21:24.5157]
[线程：1]
注册总用时：297.1033ms
自动扫描程序集：0个
扩展缓存：

[[[微信扩展缓存注册完成]]]
[2019-10-07 23:21:26.9840]
[线程：1]
微信扩展缓存注册总用时：154.8125ms
扩展缓存：Senparc.Weixin.Cache.LocalContainerCacheStrategy
Senparc.Weixin.Cache.Redis.RedisContainerCacheStrategy

[[[接口调用]]]
[2019-10-07 23:23:15.5872]
[线程：8]
	URL：https://api.weixin.qq.com/sns/jscode2session?appid=wx3821f908eabc524d&secret=25aa4e5a28cb4954c7de7144445cdc55&js_code=001LLi0U1KE9n41g8w0U1NSs0U1LLi0l&grant_type=authorization_code
	Result：
{"session_key":"xP0q7k6NwOUEdMlVqUqVIA==","openid":"o4Uv25WxCveS6QYtBK0xhYeWiZK0"}

[[[接口调用]]]
[2019-10-07 23:23:40.2740]
[线程：26]
	URL：https://api.weixin.qq.com/sns/jscode2session?appid=wx3821f908eabc524d&secret=25aa4e5a28cb4954c7de7144445cdc55&js_code=011otCUr0L1mpg11r0Wr0G5lUr0otCUG&grant_type=authorization_code
	Result：
{"session_key":"xP0q7k6NwOUEdMlVqUqVIA==","openid":"o4Uv25WxCveS6QYtBK0xhYeWiZK0"}

[[[接口调用]]]
[2019-10-07 23:24:43.0221]
[线程：26]
	URL：https://api.weixin.qq.com/sns/jscode2session?appid=wx3821f908eabc524d&secret=25aa4e5a28cb4954c7de7144445cdc55&js_code=0711XAPn0QmYkl1OL2Nn0MPkPn01XAPQ&grant_type=authorization_code
	Result：
{"session_key":"xP0q7k6NwOUEdMlVqUqVIA==","openid":"o4Uv25WxCveS6QYtBK0xhYeWiZK0"}

[[[接口调用]]]
[2019-10-07 23:25:04.9934]
[线程：26]
	URL：https://api.weixin.qq.com/sns/jscode2session?appid=wx3821f908eabc524d&secret=25aa4e5a28cb4954c7de7144445cdc55&js_code=011NRwct01HDmf1CO6ct0vyzct0NRwcH&grant_type=authorization_code
	Result：
{"session_key":"ThBOM2N6EJ3TwFeb3LclNA==","openid":"o4Uv25WxCveS6QYtBK0xhYeWiZK0"}

[[[接口调用]]]
[2019-10-07 23:25:10.3871]
[线程：26]
	URL：https://api.weixin.qq.com/sns/jscode2session?appid=wx3821f908eabc524d&secret=25aa4e5a28cb4954c7de7144445cdc55&js_code=081YyBSE0aqd4e2lysTE0lOmSE0YyBSf&grant_type=authorization_code
	Result：
{"session_key":"ThBOM2N6EJ3TwFeb3LclNA==","openid":"o4Uv25WxCveS6QYtBK0xhYeWiZK0"}

[[[接口调用]]]
[2019-10-07 23:26:31.2407]
[线程：35]
	URL：https://api.weixin.qq.com/sns/jscode2session?appid=wx3821f908eabc524d&secret=25aa4e5a28cb4954c7de7144445cdc55&js_code=081ECl9s1vWNyl0Isobs1m1F9s1ECl9Y&grant_type=authorization_code
	Result：
{"session_key":"ThBOM2N6EJ3TwFeb3LclNA==","openid":"o4Uv25WxCveS6QYtBK0xhYeWiZK0"}

[[[接口调用]]]
[2019-10-07 23:26:48.7990]
[线程：33]
	URL：https://api.weixin.qq.com/sns/jscode2session?appid=wx3821f908eabc524d&secret=25aa4e5a28cb4954c7de7144445cdc55&js_code=061CHZ2h1wW2hr0xHQ0h1kpQ2h1CHZ2D&grant_type=authorization_code
	Result：
{"session_key":"ThBOM2N6EJ3TwFeb3LclNA==","openid":"o4Uv25WxCveS6QYtBK0xhYeWiZK0"}

