[[[自动注册扩展缓存完成]]]
[2019-09-18 15:07:43.9112]
[线程：1]
注册总用时：47.343900000000005ms
自动扫描程序集：0个
扩展缓存：

[[[微信扩展缓存注册完成]]]
[2019-09-18 15:07:46.0414]
[线程：1]
微信扩展缓存注册总用时：1082.9227ms
扩展缓存：Senparc.Weixin.Cache.LocalContainerCacheStrategy
Senparc.Weixin.Cache.Redis.RedisContainerCacheStrategy

[[[自动注册扩展缓存完成]]]
[2019-09-18 17:10:36.6847]
[线程：1]
注册总用时：173.0958ms
自动扫描程序集：0个
扩展缓存：

[[[微信扩展缓存注册完成]]]
[2019-09-18 17:10:37.0365]
[线程：1]
微信扩展缓存注册总用时：10.7829ms
扩展缓存：Senparc.Weixin.Cache.LocalContainerCacheStrategy
Senparc.Weixin.Cache.Redis.RedisContainerCacheStrategy

[[[自动注册扩展缓存完成]]]
[2019-09-18 17:13:40.8207]
[线程：1]
注册总用时：45.4442ms
自动扫描程序集：0个
扩展缓存：

[[[微信扩展缓存注册完成]]]
[2019-09-18 17:13:41.2113]
[线程：1]
微信扩展缓存注册总用时：64.4642ms
扩展缓存：Senparc.Weixin.Cache.LocalContainerCacheStrategy
Senparc.Weixin.Cache.Redis.RedisContainerCacheStrategy

[[[自动注册扩展缓存完成]]]
[2019-09-18 17:25:09.8630]
[线程：1]
注册总用时：55.844ms
自动扫描程序集：0个
扩展缓存：

[[[微信扩展缓存注册完成]]]
[2019-09-18 17:25:10.6122]
[线程：1]
微信扩展缓存注册总用时：120.27520000000001ms
扩展缓存：Senparc.Weixin.Cache.LocalContainerCacheStrategy
Senparc.Weixin.Cache.Redis.RedisContainerCacheStrategy

[[[自动注册扩展缓存完成]]]
[2019-09-18 17:44:16.7159]
[线程：1]
注册总用时：54.660700000000006ms
自动扫描程序集：0个
扩展缓存：

[[[微信扩展缓存注册完成]]]
[2019-09-18 17:44:17.8237]
[线程：1]
微信扩展缓存注册总用时：150.54500000000002ms
扩展缓存：Senparc.Weixin.Cache.LocalContainerCacheStrategy
Senparc.Weixin.Cache.Redis.RedisContainerCacheStrategy

[[[自动注册扩展缓存完成]]]
[2019-09-18 17:53:32.0803]
[线程：1]
注册总用时：33.9498ms
自动扫描程序集：0个
扩展缓存：

[[[微信扩展缓存注册完成]]]
[2019-09-18 17:53:34.0878]
[线程：1]
微信扩展缓存注册总用时：963.1242000000001ms
扩展缓存：Senparc.Weixin.Cache.LocalContainerCacheStrategy
Senparc.Weixin.Cache.Redis.RedisContainerCacheStrategy

[[[微信扩展缓存注册完成]]]
[2019-09-18 17:56:06.0225]
[线程：1]
微信扩展缓存注册总用时：61.3432ms
扩展缓存：Senparc.Weixin.Cache.LocalContainerCacheStrategy
Senparc.Weixin.Cache.Redis.RedisContainerCacheStrategy

[[[自动注册扩展缓存完成]]]
[2019-09-18 17:56:05.7151]
[线程：1]
注册总用时：35.777100000000004ms
自动扫描程序集：0个
扩展缓存：

