[[[自动注册扩展缓存完成]]]
[2019/11/01 11:06:04.6607]
[线程：1]
注册总用时：11.6927ms
自动扫描程序集：0个
扩展缓存：

[[[微信扩展缓存注册完成]]]
[2019/11/01 11:06:04.9751]
[线程：1]
微信扩展缓存注册总用时：82.7836ms
扩展缓存：Senparc.Weixin.Cache.LocalContainerCacheStrategy
Senparc.Weixin.Cache.Redis.RedisContainerCacheStrategy

[[[接口调用]]]
[2019/11/01 11:10:55.5922]
[线程：4]
	URL：https://api.weixin.qq.com/cgi-bin/message/subscribe/send?access_token=27_L-V03vg1dfxy5uRPIGGRCyQxs1aTxvMwQz7BYfhvkg-NiUEhr0uliijCWvC9QpHm3tD2bAX9jXH4MnBKt2F24vSJOAwp4wTDf9WfPZ_Uhn43XMrq3VL2VjwI-22VuSrBsQGgoWoSYddArzO_KDZfABAPIE
	Post Data：
{"thing1":{"value":"tewewe"},"time2":{"value":"2019年11月1日 10:40"}}

[[[ErrorJsonResultException]]]
[2019/11/01 11:10:55.7803]
[线程：4]
	ErrorJsonResultException
	AccessTokenOrAppId：null
	URL：https://api.weixin.qq.com/cgi-bin/message/subscribe/send?access_token=27_L-V03vg1dfxy5uRPIGGRCyQxs1aTxvMwQz7BYfhvkg-NiUEhr0uliijCWvC9QpHm3tD2bAX9jXH4MnBKt2F24vSJOAwp4wTDf9WfPZ_Uhn43XMrq3VL2VjwI-22VuSrBsQGgoWoSYddArzO_KDZfABAPIE
	errcode：不合法的OpenID
	errmsg：invalid openid hint: [tPdz1a0855shc1]

[[[接口调用]]]
[2019/11/01 11:11:44.1300]
[线程：4]
	URL：https://api.weixin.qq.com/cgi-bin/message/subscribe/send?access_token=27_L-V03vg1dfxy5uRPIGGRCyQxs1aTxvMwQz7BYfhvkg-NiUEhr0uliijCWvC9QpHm3tD2bAX9jXH4MnBKt2F24vSJOAwp4wTDf9WfPZ_Uhn43XMrq3VL2VjwI-22VuSrBsQGgoWoSYddArzO_KDZfABAPIE
	Post Data：
{"thing1":{"value":"tewewe"},"time2":{"value":"2019年11月1日 10:40"}}

[[[ErrorJsonResultException]]]
[2019/11/01 11:11:44.2341]
[线程：4]
	ErrorJsonResultException
	AccessTokenOrAppId：null
	URL：https://api.weixin.qq.com/cgi-bin/message/subscribe/send?access_token=27_L-V03vg1dfxy5uRPIGGRCyQxs1aTxvMwQz7BYfhvkg-NiUEhr0uliijCWvC9QpHm3tD2bAX9jXH4MnBKt2F24vSJOAwp4wTDf9WfPZ_Uhn43XMrq3VL2VjwI-22VuSrBsQGgoWoSYddArzO_KDZfABAPIE
	errcode：不合法的OpenID
	errmsg：invalid openid hint: [MDiZ0a09033935]

[[[接口调用]]]
[2019/11/01 11:13:24.6269]
[线程：4]
	URL：https://api.weixin.qq.com/cgi-bin/message/subscribe/send?access_token=27_L-V03vg1dfxy5uRPIGGRCyQxs1aTxvMwQz7BYfhvkg-NiUEhr0uliijCWvC9QpHm3tD2bAX9jXH4MnBKt2F24vSJOAwp4wTDf9WfPZ_Uhn43XMrq3VL2VjwI-22VuSrBsQGgoWoSYddArzO_KDZfABAPIE
	Post Data：
{"thing1":{"value":"tewewe"},"time2":{"value":"2019年11月1日 10:40"}}

[[[ErrorJsonResultException]]]
[2019/11/01 11:13:24.7394]
[线程：4]
	ErrorJsonResultException
	AccessTokenOrAppId：null
	URL：https://api.weixin.qq.com/cgi-bin/message/subscribe/send?access_token=27_L-V03vg1dfxy5uRPIGGRCyQxs1aTxvMwQz7BYfhvkg-NiUEhr0uliijCWvC9QpHm3tD2bAX9jXH4MnBKt2F24vSJOAwp4wTDf9WfPZ_Uhn43XMrq3VL2VjwI-22VuSrBsQGgoWoSYddArzO_KDZfABAPIE
	errcode：不合法的OpenID
	errmsg：invalid openid hint: [c9MEeA00048694]

[[[自动注册扩展缓存完成]]]
[2019/11/01 11:23:21.9957]
[线程：1]
注册总用时：14.5623ms
自动扫描程序集：0个
扩展缓存：

[[[微信扩展缓存注册完成]]]
[2019/11/01 11:23:22.3046]
[线程：1]
微信扩展缓存注册总用时：72.1469ms
扩展缓存：Senparc.Weixin.Cache.LocalContainerCacheStrategy
Senparc.Weixin.Cache.Redis.RedisContainerCacheStrategy

[[[接口调用]]]
[2019/11/01 11:31:10.0818]
[线程：4]
	URL：https://api.weixin.qq.com/cgi-bin/message/subscribe/send?access_token=27_f1zyNA6NpZqYvqCp8V_t-iAl7rI_ZRHHRwjZihlizlx7vVbrsddyUC4Z_PABD0l_0xRWSh1XLPSc14KMLqm0yJYB74hLQNncj6wiC0GAQYkAiY-Ztn2fRPIAsfIMTKcAIAPWN
	Post Data：
{"thing1":{"value":"tewewe"},"time2":{"value":"2019年11月1日 10:40"}}

[[[ErrorJsonResultException]]]
[2019/11/01 11:31:10.2546]
[线程：4]
	ErrorJsonResultException
	AccessTokenOrAppId：null
	URL：https://api.weixin.qq.com/cgi-bin/message/subscribe/send?access_token=27_f1zyNA6NpZqYvqCp8V_t-iAl7rI_ZRHHRwjZihlizlx7vVbrsddyUC4Z_PABD0l_0xRWSh1XLPSc14KMLqm0yJYB74hLQNncj6wiC0GAQYkAiY-Ztn2fRPIAsfIMTKcAIAPWN
	errcode：不合法的OpenID
	errmsg：invalid openid hint: [CNC8900694114]

[[[接口调用]]]
[2019/11/01 11:31:19.8874]
[线程：52]
	URL：https://api.weixin.qq.com/cgi-bin/message/subscribe/send?access_token=27_f1zyNA6NpZqYvqCp8V_t-iAl7rI_ZRHHRwjZihlizlx7vVbrsddyUC4Z_PABD0l_0xRWSh1XLPSc14KMLqm0yJYB74hLQNncj6wiC0GAQYkAiY-Ztn2fRPIAsfIMTKcAIAPWN
	Post Data：
{"thing1":{"value":"tewewe"},"time2":{"value":"2019年11月1日 10:40"}}

[[[ErrorJsonResultException]]]
[2019/11/01 11:31:19.9494]
[线程：52]
	ErrorJsonResultException
	AccessTokenOrAppId：null
	URL：https://api.weixin.qq.com/cgi-bin/message/subscribe/send?access_token=27_f1zyNA6NpZqYvqCp8V_t-iAl7rI_ZRHHRwjZihlizlx7vVbrsddyUC4Z_PABD0l_0xRWSh1XLPSc14KMLqm0yJYB74hLQNncj6wiC0GAQYkAiY-Ztn2fRPIAsfIMTKcAIAPWN
	errcode：不合法的OpenID
	errmsg：invalid openid hint: [0uSMOa00793937]

[[[自动注册扩展缓存完成]]]
[2019/11/01 11:39:35.1578]
[线程：1]
注册总用时：11.5451ms
自动扫描程序集：0个
扩展缓存：

[[[微信扩展缓存注册完成]]]
[2019/11/01 11:39:35.4516]
[线程：1]
微信扩展缓存注册总用时：74.7248ms
扩展缓存：Senparc.Weixin.Cache.LocalContainerCacheStrategy
Senparc.Weixin.Cache.Redis.RedisContainerCacheStrategy

[[[接口调用]]]
[2019/11/01 11:40:18.0231]
[线程：4]
	URL：https://api.weixin.qq.com/cgi-bin/message/subscribe/send?access_token=27_BNpor6M6zaYXXmJJbO6IrSnAzQB4ZwKP0Yb9QRD7E8eNdSzcNiQif1ysXTKZ0gLNmahq2tDSOz35MhGPkVT5wQbXthakSm6XQTkTI2TPRIGecUJLzpG0ZZ06V-UUtmLOw1L2y-fdYzik5oI-KGPjAGACYH
	Post Data：
{"thing1":{"value":"tewewe"},"time2":{"value":"2019年11月1日 10:40"}}

[[[ErrorJsonResultException]]]
[2019/11/01 11:40:18.1866]
[线程：4]
	ErrorJsonResultException
	AccessTokenOrAppId：null
	URL：https://api.weixin.qq.com/cgi-bin/message/subscribe/send?access_token=27_BNpor6M6zaYXXmJJbO6IrSnAzQB4ZwKP0Yb9QRD7E8eNdSzcNiQif1ysXTKZ0gLNmahq2tDSOz35MhGPkVT5wQbXthakSm6XQTkTI2TPRIGecUJLzpG0ZZ06V-UUtmLOw1L2y-fdYzik5oI-KGPjAGACYH
	errcode：不合法的OpenID
	errmsg：invalid openid hint: [g2Oeta06178630]

[[[接口调用]]]
[2019/11/01 11:40:24.3634]
[线程：4]
	URL：https://api.weixin.qq.com/cgi-bin/message/subscribe/send?access_token=27_BNpor6M6zaYXXmJJbO6IrSnAzQB4ZwKP0Yb9QRD7E8eNdSzcNiQif1ysXTKZ0gLNmahq2tDSOz35MhGPkVT5wQbXthakSm6XQTkTI2TPRIGecUJLzpG0ZZ06V-UUtmLOw1L2y-fdYzik5oI-KGPjAGACYH
	Post Data：
{"thing1":{"value":"tewewe"},"time2":{"value":"2019年11月1日 10:40"}}

[[[ErrorJsonResultException]]]
[2019/11/01 11:40:24.4230]
[线程：4]
	ErrorJsonResultException
	AccessTokenOrAppId：null
	URL：https://api.weixin.qq.com/cgi-bin/message/subscribe/send?access_token=27_BNpor6M6zaYXXmJJbO6IrSnAzQB4ZwKP0Yb9QRD7E8eNdSzcNiQif1ysXTKZ0gLNmahq2tDSOz35MhGPkVT5wQbXthakSm6XQTkTI2TPRIGecUJLzpG0ZZ06V-UUtmLOw1L2y-fdYzik5oI-KGPjAGACYH
	errcode：不合法的OpenID
	errmsg：invalid openid hint: [Wqfsma06233935]

[[[接口调用]]]
[2019/11/01 11:41:04.2417]
[线程：4]
	URL：https://api.weixin.qq.com/cgi-bin/message/subscribe/send?access_token=27_BNpor6M6zaYXXmJJbO6IrSnAzQB4ZwKP0Yb9QRD7E8eNdSzcNiQif1ysXTKZ0gLNmahq2tDSOz35MhGPkVT5wQbXthakSm6XQTkTI2TPRIGecUJLzpG0ZZ06V-UUtmLOw1L2y-fdYzik5oI-KGPjAGACYH
	Post Data：
{"thing1":{"value":"tewewe"},"time2":{"value":"2019年11月1日 10:40"}}

[[[ErrorJsonResultException]]]
[2019/11/01 11:41:04.3588]
[线程：4]
	ErrorJsonResultException
	AccessTokenOrAppId：null
	URL：https://api.weixin.qq.com/cgi-bin/message/subscribe/send?access_token=27_BNpor6M6zaYXXmJJbO6IrSnAzQB4ZwKP0Yb9QRD7E8eNdSzcNiQif1ysXTKZ0gLNmahq2tDSOz35MhGPkVT5wQbXthakSm6XQTkTI2TPRIGecUJLzpG0ZZ06V-UUtmLOw1L2y-fdYzik5oI-KGPjAGACYH
	errcode：不合法的OpenID
	errmsg：invalid openid hint: [1SCyCA06633935]

[[[自动注册扩展缓存完成]]]
[2019/11/01 12:12:33.4792]
[线程：1]
注册总用时：13.6159ms
自动扫描程序集：0个
扩展缓存：

[[[微信扩展缓存注册完成]]]
[2019/11/01 12:12:33.8155]
[线程：1]
微信扩展缓存注册总用时：89.9726ms
扩展缓存：Senparc.Weixin.Cache.LocalContainerCacheStrategy
Senparc.Weixin.Cache.Redis.RedisContainerCacheStrategy

[[[接口调用]]]
[2019/11/01 12:20:55.4173]
[线程：4]
	URL：https://api.weixin.qq.com/cgi-bin/message/subscribe/send?access_token=27_-Q-1evwnCEcQx774cv47F-f8yK-yV6utg3kPGqiYr-bmT-h1GH8xCUG8QeIIHi3CmSa1f1FcOfKNDSbf3IdvJ6R4SGUopeB4yBmxc8mEjD_7u34tzIlFwhShvGwMNQaAAASTW
	Post Data：
{"thing1":{"value":"tewewe"},"time2":{"value":"2019年11月1日 10:40"}}

[[[ErrorJsonResultException]]]
[2019/11/01 12:20:55.5584]
[线程：4]
	ErrorJsonResultException
	AccessTokenOrAppId：null
	URL：https://api.weixin.qq.com/cgi-bin/message/subscribe/send?access_token=27_-Q-1evwnCEcQx774cv47F-f8yK-yV6utg3kPGqiYr-bmT-h1GH8xCUG8QeIIHi3CmSa1f1FcOfKNDSbf3IdvJ6R4SGUopeB4yBmxc8mEjD_7u34tzIlFwhShvGwMNQaAAASTW
	errcode：不合法的OpenID
	errmsg：invalid openid hint: [_AbWOA00543932]

[[[接口调用]]]
[2019/11/01 12:20:59.9162]
[线程：4]
	URL：https://api.weixin.qq.com/cgi-bin/message/subscribe/send?access_token=27_-Q-1evwnCEcQx774cv47F-f8yK-yV6utg3kPGqiYr-bmT-h1GH8xCUG8QeIIHi3CmSa1f1FcOfKNDSbf3IdvJ6R4SGUopeB4yBmxc8mEjD_7u34tzIlFwhShvGwMNQaAAASTW
	Post Data：
{"thing1":{"value":"tewewe"},"time2":{"value":"2019年11月1日 10:40"}}

[[[ErrorJsonResultException]]]
[2019/11/01 12:20:59.9811]
[线程：4]
	ErrorJsonResultException
	AccessTokenOrAppId：null
	URL：https://api.weixin.qq.com/cgi-bin/message/subscribe/send?access_token=27_-Q-1evwnCEcQx774cv47F-f8yK-yV6utg3kPGqiYr-bmT-h1GH8xCUG8QeIIHi3CmSa1f1FcOfKNDSbf3IdvJ6R4SGUopeB4yBmxc8mEjD_7u34tzIlFwhShvGwMNQaAAASTW
	errcode：不合法的OpenID
	errmsg：invalid openid hint: [gUUJLa00598672]

[[[接口调用]]]
[2019/11/01 12:24:31.0456]
[线程：39]
	URL：https://api.weixin.qq.com/cgi-bin/message/subscribe/send?access_token=27_-Q-1evwnCEcQx774cv47F-f8yK-yV6utg3kPGqiYr-bmT-h1GH8xCUG8QeIIHi3CmSa1f1FcOfKNDSbf3IdvJ6R4SGUopeB4yBmxc8mEjD_7u34tzIlFwhShvGwMNQaAAASTW
	Post Data：
{"thing1":{"value":"tewewe"},"time2":{"value":"2019年11月1日 10:40"}}

[[[ErrorJsonResultException]]]
[2019/11/01 12:24:31.1617]
[线程：39]
	ErrorJsonResultException
	AccessTokenOrAppId：null
	URL：https://api.weixin.qq.com/cgi-bin/message/subscribe/send?access_token=27_-Q-1evwnCEcQx774cv47F-f8yK-yV6utg3kPGqiYr-bmT-h1GH8xCUG8QeIIHi3CmSa1f1FcOfKNDSbf3IdvJ6R4SGUopeB4yBmxc8mEjD_7u34tzIlFwhShvGwMNQaAAASTW
	errcode：不合法的OpenID
	errmsg：invalid openid hint: [XlSzRa02704119]

[[[接口调用]]]
[2019/11/01 13:28:12.2066]
[线程：87]
	URL：https://api.weixin.qq.com/cgi-bin/message/subscribe/send?access_token=27_-Q-1evwnCEcQx774cv47F-f8yK-yV6utg3kPGqiYr-bmT-h1GH8xCUG8QeIIHi3CmSa1f1FcOfKNDSbf3IdvJ6R4SGUopeB4yBmxc8mEjD_7u34tzIlFwhShvGwMNQaAAASTW
	Post Data：
{"thing1":{"value":"tewewe"},"time2":{"value":"2019年11月1日 10:40"}}

[[[ErrorJsonResultException]]]
[2019/11/01 13:28:12.3510]
[线程：87]
	ErrorJsonResultException
	AccessTokenOrAppId：null
	URL：https://api.weixin.qq.com/cgi-bin/message/subscribe/send?access_token=27_-Q-1evwnCEcQx774cv47F-f8yK-yV6utg3kPGqiYr-bmT-h1GH8xCUG8QeIIHi3CmSa1f1FcOfKNDSbf3IdvJ6R4SGUopeB4yBmxc8mEjD_7u34tzIlFwhShvGwMNQaAAASTW
	errcode：不合法的OpenID
	errmsg：invalid openid hint: [xNOlia00913946]

[[[接口调用]]]
[2019/11/01 13:29:16.3263]
[线程：87]
	URL：https://api.weixin.qq.com/cgi-bin/message/subscribe/send?access_token=27_-Q-1evwnCEcQx774cv47F-f8yK-yV6utg3kPGqiYr-bmT-h1GH8xCUG8QeIIHi3CmSa1f1FcOfKNDSbf3IdvJ6R4SGUopeB4yBmxc8mEjD_7u34tzIlFwhShvGwMNQaAAASTW
	Post Data：
{"thing1":{"value":"tewewe"},"time2":{"value":"2019年11月1日 10:40"}}

[[[ErrorJsonResultException]]]
[2019/11/01 13:29:16.4399]
[线程：87]
	ErrorJsonResultException
	AccessTokenOrAppId：null
	URL：https://api.weixin.qq.com/cgi-bin/message/subscribe/send?access_token=27_-Q-1evwnCEcQx774cv47F-f8yK-yV6utg3kPGqiYr-bmT-h1GH8xCUG8QeIIHi3CmSa1f1FcOfKNDSbf3IdvJ6R4SGUopeB4yBmxc8mEjD_7u34tzIlFwhShvGwMNQaAAASTW
	errcode：不合法的OpenID
	errmsg：invalid openid hint: [BeBh4a01554108]

[[[自动注册扩展缓存完成]]]
[2019/11/01 13:40:29.9113]
[线程：1]
注册总用时：8.765ms
自动扫描程序集：0个
扩展缓存：

[[[微信扩展缓存注册完成]]]
[2019/11/01 13:40:30.2824]
[线程：1]
微信扩展缓存注册总用时：114.9710ms
扩展缓存：Senparc.Weixin.Cache.LocalContainerCacheStrategy
Senparc.Weixin.Cache.Redis.RedisContainerCacheStrategy

[[[接口调用]]]
[2019/11/01 13:41:55.3716]
[线程：5]
	URL：https://api.weixin.qq.com/cgi-bin/message/subscribe/send?access_token=27_J09Qi7hwMMLtyLHfFfde_5RhfE_gesHqL2W2XhQmCGp4se5BkaeAsDv0_yJtBTzK5c7QymQ80JoQuCP5iVmVq35DUwHpFyrRFgI5cRsnFtOYhB6SbjFzUQco-gTmDIPwAgoq1gxL_K95XScGIUFeAHAZLW
	Post Data：
{"thing1":{"value":"tewewe"},"time2":{"value":"2019年11月1日 10:40"}}

[[[ErrorJsonResultException]]]
[2019/11/01 13:41:55.6213]
[线程：5]
	ErrorJsonResultException
	AccessTokenOrAppId：null
	URL：https://api.weixin.qq.com/cgi-bin/message/subscribe/send?access_token=27_J09Qi7hwMMLtyLHfFfde_5RhfE_gesHqL2W2XhQmCGp4se5BkaeAsDv0_yJtBTzK5c7QymQ80JoQuCP5iVmVq35DUwHpFyrRFgI5cRsnFtOYhB6SbjFzUQco-gTmDIPwAgoq1gxL_K95XScGIUFeAHAZLW
	errcode：不合法的OpenID
	errmsg：invalid openid hint: [ry.0CA0914shc2]

[[[接口调用]]]
[2019/11/01 13:49:07.2099]
[线程：24]
	URL：https://api.weixin.qq.com/cgi-bin/message/subscribe/send?access_token=27_J09Qi7hwMMLtyLHfFfde_5RhfE_gesHqL2W2XhQmCGp4se5BkaeAsDv0_yJtBTzK5c7QymQ80JoQuCP5iVmVq35DUwHpFyrRFgI5cRsnFtOYhB6SbjFzUQco-gTmDIPwAgoq1gxL_K95XScGIUFeAHAZLW
	Post Data：
{"thing1":{"value":"tewewe"},"time2":{"value":"2019年11月1日 10:40"}}

[[[ErrorJsonResultException]]]
[2019/11/01 13:49:07.3647]
[线程：24]
	ErrorJsonResultException
	AccessTokenOrAppId：null
	URL：https://api.weixin.qq.com/cgi-bin/message/subscribe/send?access_token=27_J09Qi7hwMMLtyLHfFfde_5RhfE_gesHqL2W2XhQmCGp4se5BkaeAsDv0_yJtBTzK5c7QymQ80JoQuCP5iVmVq35DUwHpFyrRFgI5cRsnFtOYhB6SbjFzUQco-gTmDIPwAgoq1gxL_K95XScGIUFeAHAZLW
	errcode：不合法的OpenID
	errmsg：invalid openid hint: [KHLyIa0346st20]

[[[接口调用]]]
[2019/11/01 13:50:16.5964]
[线程：56]
	URL：https://api.weixin.qq.com/cgi-bin/message/subscribe/send?access_token=27_J09Qi7hwMMLtyLHfFfde_5RhfE_gesHqL2W2XhQmCGp4se5BkaeAsDv0_yJtBTzK5c7QymQ80JoQuCP5iVmVq35DUwHpFyrRFgI5cRsnFtOYhB6SbjFzUQco-gTmDIPwAgoq1gxL_K95XScGIUFeAHAZLW
	Post Data：
{"thing1":{"value":"tewewe"},"time2":{"value":"2019年11月1日 10:40"}}

[[[ErrorJsonResultException]]]
[2019/11/01 13:50:16.7917]
[线程：56]
	ErrorJsonResultException
	AccessTokenOrAppId：null
	URL：https://api.weixin.qq.com/cgi-bin/message/subscribe/send?access_token=27_J09Qi7hwMMLtyLHfFfde_5RhfE_gesHqL2W2XhQmCGp4se5BkaeAsDv0_yJtBTzK5c7QymQ80JoQuCP5iVmVq35DUwHpFyrRFgI5cRsnFtOYhB6SbjFzUQco-gTmDIPwAgoq1gxL_K95XScGIUFeAHAZLW
	errcode：不合法的OpenID
	errmsg：invalid openid hint: [.QIL.A04154129]

[[[接口调用]]]
[2019/11/01 13:55:49.2793]
[线程：30]
	URL：https://api.weixin.qq.com/cgi-bin/message/subscribe/send?access_token=27_J09Qi7hwMMLtyLHfFfde_5RhfE_gesHqL2W2XhQmCGp4se5BkaeAsDv0_yJtBTzK5c7QymQ80JoQuCP5iVmVq35DUwHpFyrRFgI5cRsnFtOYhB6SbjFzUQco-gTmDIPwAgoq1gxL_K95XScGIUFeAHAZLW
	Post Data：
{"thing1":{"value":"tewewe"},"time2":{"value":"2019年11月1日 10:40"}}

[[[ErrorJsonResultException]]]
[2019/11/01 13:55:49.4040]
[线程：30]
	ErrorJsonResultException
	AccessTokenOrAppId：null
	URL：https://api.weixin.qq.com/cgi-bin/message/subscribe/send?access_token=27_J09Qi7hwMMLtyLHfFfde_5RhfE_gesHqL2W2XhQmCGp4se5BkaeAsDv0_yJtBTzK5c7QymQ80JoQuCP5iVmVq35DUwHpFyrRFgI5cRsnFtOYhB6SbjFzUQco-gTmDIPwAgoq1gxL_K95XScGIUFeAHAZLW
	errcode：不合法的OpenID
	errmsg：invalid openid hint: [kSFapa07488651]

[[[接口调用]]]
[2019/11/01 13:59:16.7793]
[线程：86]
	URL：https://api.weixin.qq.com/cgi-bin/message/subscribe/send?access_token=27_J09Qi7hwMMLtyLHfFfde_5RhfE_gesHqL2W2XhQmCGp4se5BkaeAsDv0_yJtBTzK5c7QymQ80JoQuCP5iVmVq35DUwHpFyrRFgI5cRsnFtOYhB6SbjFzUQco-gTmDIPwAgoq1gxL_K95XScGIUFeAHAZLW
	Post Data：
{"thing1":{"value":"tewewe"},"time2":{"value":"2019年11月1日 10:40"}}

[[[ErrorJsonResultException]]]
[2019/11/01 13:59:16.8996]
[线程：86]
	ErrorJsonResultException
	AccessTokenOrAppId：null
	URL：https://api.weixin.qq.com/cgi-bin/message/subscribe/send?access_token=27_J09Qi7hwMMLtyLHfFfde_5RhfE_gesHqL2W2XhQmCGp4se5BkaeAsDv0_yJtBTzK5c7QymQ80JoQuCP5iVmVq35DUwHpFyrRFgI5cRsnFtOYhB6SbjFzUQco-gTmDIPwAgoq1gxL_K95XScGIUFeAHAZLW
	errcode：不合法的OpenID
	errmsg：invalid openid hint: [sLbGma0956shc2]

[[[自动注册扩展缓存完成]]]
[2019/11/01 14:08:32.3412]
[线程：1]
注册总用时：9.9877ms
自动扫描程序集：0个
扩展缓存：

[[[微信扩展缓存注册完成]]]
[2019/11/01 14:08:32.7049]
[线程：1]
微信扩展缓存注册总用时：124.9918ms
扩展缓存：Senparc.Weixin.Cache.LocalContainerCacheStrategy
Senparc.Weixin.Cache.Redis.RedisContainerCacheStrategy

[[[接口调用]]]
[2019/11/01 14:09:03.2498]
[线程：4]
	URL：https://api.weixin.qq.com/cgi-bin/message/subscribe/send?access_token=27_FQJ6jkfKj7uW3iTXdiSqNoTODt7p2P3ldXTlXWjuydsm-kujRiY5YmtWZSsdDtnpQQDJQ1ldbU9_B_uFmZifrTRz9_Xfq5KumiZ4XfJWLlZRMD13LC08HP7ZGVNZcH8vGNT5qQ8G5R691hP1WYLhAFAGIV
	Post Data：
{"thing1":{"value":"tewewe"},"time2":{"value":"2019年11月1日 10:40"}}

[[[ErrorJsonResultException]]]
[2019/11/01 14:09:03.4304]
[线程：4]
	ErrorJsonResultException
	AccessTokenOrAppId：null
	URL：https://api.weixin.qq.com/cgi-bin/message/subscribe/send?access_token=27_FQJ6jkfKj7uW3iTXdiSqNoTODt7p2P3ldXTlXWjuydsm-kujRiY5YmtWZSsdDtnpQQDJQ1ldbU9_B_uFmZifrTRz9_Xfq5KumiZ4XfJWLlZRMD13LC08HP7ZGVNZcH8vGNT5qQ8G5R691hP1WYLhAFAGIV
	errcode：不合法的OpenID
	errmsg：invalid openid hint: [TfpCja05423945]

[[[接口调用]]]
[2019/11/01 14:09:18.3867]
[线程：4]
	URL：https://api.weixin.qq.com/cgi-bin/message/subscribe/send?access_token=27_FQJ6jkfKj7uW3iTXdiSqNoTODt7p2P3ldXTlXWjuydsm-kujRiY5YmtWZSsdDtnpQQDJQ1ldbU9_B_uFmZifrTRz9_Xfq5KumiZ4XfJWLlZRMD13LC08HP7ZGVNZcH8vGNT5qQ8G5R691hP1WYLhAFAGIV
	Post Data：
{"thing1":{"value":"tewewe"},"time2":{"value":"2019年11月1日 10:40"}}

[[[ErrorJsonResultException]]]
[2019/11/01 14:09:18.4419]
[线程：4]
	ErrorJsonResultException
	AccessTokenOrAppId：null
	URL：https://api.weixin.qq.com/cgi-bin/message/subscribe/send?access_token=27_FQJ6jkfKj7uW3iTXdiSqNoTODt7p2P3ldXTlXWjuydsm-kujRiY5YmtWZSsdDtnpQQDJQ1ldbU9_B_uFmZifrTRz9_Xfq5KumiZ4XfJWLlZRMD13LC08HP7ZGVNZcH8vGNT5qQ8G5R691hP1WYLhAFAGIV
	errcode：不合法的OpenID
	errmsg：invalid openid hint: [nRrR4a05574107]

[[[自动注册扩展缓存完成]]]
[2019/11/01 14:11:40.7764]
[线程：1]
注册总用时：10.3367ms
自动扫描程序集：0个
扩展缓存：

[[[微信扩展缓存注册完成]]]
[2019/11/01 14:11:41.0778]
[线程：1]
微信扩展缓存注册总用时：66.1339ms
扩展缓存：Senparc.Weixin.Cache.LocalContainerCacheStrategy
Senparc.Weixin.Cache.Redis.RedisContainerCacheStrategy

[[[接口调用]]]
[2019/11/01 14:13:46.0373]
[线程：4]
	URL：https://api.weixin.qq.com/cgi-bin/message/subscribe/send?access_token=27_oeZ4kwWlfCbz91IQVYJm03XIJYDPACXbe-73cFsy9IIsQY_viPuNIHshRZG6mL5U8z722ZH4iwecgV0nJDmU8ylQPeVyqopi3pyGbztYyFNMT6eoCN7dukGabdNA2drySTdoFNJPDaTQ202HEEEdAIAKKK
	Post Data：
{"thing1":{"value":"tewewe"},"time2":{"value":"2019年11月1日 10:40"}}

[[[ErrorJsonResultException]]]
[2019/11/01 14:13:46.1789]
[线程：4]
	ErrorJsonResultException
	AccessTokenOrAppId：null
	URL：https://api.weixin.qq.com/cgi-bin/message/subscribe/send?access_token=27_oeZ4kwWlfCbz91IQVYJm03XIJYDPACXbe-73cFsy9IIsQY_viPuNIHshRZG6mL5U8z722ZH4iwecgV0nJDmU8ylQPeVyqopi3pyGbztYyFNMT6eoCN7dukGabdNA2drySTdoFNJPDaTQ202HEEEdAIAKKK
	errcode：不合法的OpenID
	errmsg：invalid openid hint: [OKjYVa08254124]

[[[自动注册扩展缓存完成]]]
[2019/11/01 15:07:59.4166]
[线程：1]
注册总用时：8.085ms
自动扫描程序集：0个
扩展缓存：

[[[微信扩展缓存注册完成]]]
[2019/11/01 15:07:59.7168]
[线程：1]
微信扩展缓存注册总用时：68.9090ms
扩展缓存：Senparc.Weixin.Cache.LocalContainerCacheStrategy
Senparc.Weixin.Cache.Redis.RedisContainerCacheStrategy

[[[接口调用]]]
[2019/11/01 15:09:36.9489]
[线程：33]
	URL：https://api.weixin.qq.com/cgi-bin/message/subscribe/send?access_token=27_o_EhaDw8Z0uXpH438V_t-iAl7rI_ZRHHRwjZitcBp01q1HG0kys4mtmbreIiG2c96KBAnE5hgaB6txB9f7xjE11MiYMd46-2PJRoSQwsvwmOBcYZMp_lGtfVx3g6UjrRqYCjpNLErU2SsGwYDPPcAIAXJJ
	Post Data：
{"thing1":{"value":"tewewe"},"time2":{"value":"2019年11月1日 10:40"}}

[[[ErrorJsonResultException]]]
[2019/11/01 15:09:37.1242]
[线程：33]
	ErrorJsonResultException
	AccessTokenOrAppId：null
	URL：https://api.weixin.qq.com/cgi-bin/message/subscribe/send?access_token=27_o_EhaDw8Z0uXpH438V_t-iAl7rI_ZRHHRwjZitcBp01q1HG0kys4mtmbreIiG2c96KBAnE5hgaB6txB9f7xjE11MiYMd46-2PJRoSQwsvwmOBcYZMp_lGtfVx3g6UjrRqYCjpNLErU2SsGwYDPPcAIAXJJ
	errcode：不合法的OpenID
	errmsg：invalid openid hint: [u79wuA01764102]

[[[接口调用]]]
[2019/11/01 15:10:16.3392]
[线程：33]
	URL：https://api.weixin.qq.com/cgi-bin/message/wxopen/template/send?access_token=27_o_EhaDw8Z0uXpH438V_t-iAl7rI_ZRHHRwjZitcBp01q1HG0kys4mtmbreIiG2c96KBAnE5hgaB6txB9f7xjE11MiYMd46-2PJRoSQwsvwmOBcYZMp_lGtfVx3g6UjrRqYCjpNLErU2SsGwYDPPcAIAXJJ
	Post Data：
{"touser":"o4Uv25WxCveS6QYtBK0xhYeWiZK0","template_id":"3J81cBpTaZVKvy_5dW9307iW7Wzfzc5Lrzi7RuhJMUU","page":null,"form_id":"2222","data":[{"value":"tewewe","color":"#173177"},{"value":"2019年11月1日 10:40","color":"#173177"}],"emphasis_keyword":null,"color":null}

[[[ErrorJsonResultException]]]
[2019/11/01 15:10:16.4700]
[线程：33]
	ErrorJsonResultException
	AccessTokenOrAppId：null
	URL：https://api.weixin.qq.com/cgi-bin/message/wxopen/template/send?access_token=27_o_EhaDw8Z0uXpH438V_t-iAl7rI_ZRHHRwjZitcBp01q1HG0kys4mtmbreIiG2c96KBAnE5hgaB6txB9f7xjE11MiYMd46-2PJRoSQwsvwmOBcYZMp_lGtfVx3g6UjrRqYCjpNLErU2SsGwYDPPcAIAXJJ
	errcode：form_id不正确_或者过期
	errmsg：invalid form id hint: [gxNG02153113]

[[[自动注册扩展缓存完成]]]
[2019/11/01 15:13:49.4033]
[线程：1]
注册总用时：9.9501ms
自动扫描程序集：0个
扩展缓存：

[[[微信扩展缓存注册完成]]]
[2019/11/01 15:13:49.7018]
[线程：1]
微信扩展缓存注册总用时：74.2539ms
扩展缓存：Senparc.Weixin.Cache.LocalContainerCacheStrategy
Senparc.Weixin.Cache.Redis.RedisContainerCacheStrategy

[[[接口调用]]]
[2019/11/01 15:16:02.0397]
[线程：4]
	URL：https://api.weixin.qq.com/cgi-bin/message/subscribe/send?access_token=27_fMtvA_zH36tpd867xY2f0vnF-qP_vWF1EEb__KKlxKwM7ZVCvrkMiBdM1iAeyeTuHXSMdFB0D3C5GBhXYFenb1Nj_GfEbRc4UJPajejijEjWH31jzdwkneA0xlCk6fKIOiMrH5y8Dv0alUuZQDUbAIABOF
	Post Data：
{"thing1":{"value":"tewewe"},"time2":{"value":"2019年11月1日 10:40"}}

[[[ErrorJsonResultException]]]
[2019/11/01 15:16:02.6307]
[线程：4]
	ErrorJsonResultException
	AccessTokenOrAppId：null
	URL：https://api.weixin.qq.com/cgi-bin/message/subscribe/send?access_token=27_fMtvA_zH36tpd867xY2f0vnF-qP_vWF1EEb__KKlxKwM7ZVCvrkMiBdM1iAeyeTuHXSMdFB0D3C5GBhXYFenb1Nj_GfEbRc4UJPajejijEjWH31jzdwkneA0xlCk6fKIOiMrH5y8Dv0alUuZQDUbAIABOF
	errcode：不合法的OpenID
	errmsg：invalid openid hint: [hPR41a05618672]

[[[接口调用]]]
[2019/11/01 15:16:38.3134]
[线程：4]
	URL：https://api.weixin.qq.com/cgi-bin/message/wxopen/template/send?access_token=27_fMtvA_zH36tpd867xY2f0vnF-qP_vWF1EEb__KKlxKwM7ZVCvrkMiBdM1iAeyeTuHXSMdFB0D3C5GBhXYFenb1Nj_GfEbRc4UJPajejijEjWH31jzdwkneA0xlCk6fKIOiMrH5y8Dv0alUuZQDUbAIABOF
	Post Data：
{"touser":"o4Uv25WxCveS6QYtBK0xhYeWiZK0","template_id":"3J81cBpTaZVKvy_5dW9307iW7Wzfzc5Lrzi7RuhJMUU","page":null,"form_id":"2222","data":[{"value":"tewewe","color":"#173177"},{"value":"2019年11月1日 10:40","color":"#173177"}],"emphasis_keyword":null,"color":null}

[[[ErrorJsonResultException]]]
[2019/11/01 15:16:38.4932]
[线程：4]
	ErrorJsonResultException
	AccessTokenOrAppId：null
	URL：https://api.weixin.qq.com/cgi-bin/message/wxopen/template/send?access_token=27_fMtvA_zH36tpd867xY2f0vnF-qP_vWF1EEb__KKlxKwM7ZVCvrkMiBdM1iAeyeTuHXSMdFB0D3C5GBhXYFenb1Nj_GfEbRc4UJPajejijEjWH31jzdwkneA0xlCk6fKIOiMrH5y8Dv0alUuZQDUbAIABOF
	errcode：form_id不正确_或者过期
	errmsg：invalid form id hint: [Y3kjsA05974119]

[[[自动注册扩展缓存完成]]]
[2019/11/01 15:59:34.6940]
[线程：1]
注册总用时：10.969700000000001ms
自动扫描程序集：0个
扩展缓存：

[[[微信扩展缓存注册完成]]]
[2019/11/01 15:59:35.0012]
[线程：1]
微信扩展缓存注册总用时：65.2131ms
扩展缓存：Senparc.Weixin.Cache.LocalContainerCacheStrategy
Senparc.Weixin.Cache.Redis.RedisContainerCacheStrategy

[[[自动注册扩展缓存完成]]]
[2019/11/01 16:32:08.2448]
[线程：1]
注册总用时：8.1248ms
自动扫描程序集：0个
扩展缓存：

[[[微信扩展缓存注册完成]]]
[2019/11/01 16:32:08.6629]
[线程：1]
微信扩展缓存注册总用时：170.3739ms
扩展缓存：Senparc.Weixin.Cache.LocalContainerCacheStrategy
Senparc.Weixin.Cache.Redis.RedisContainerCacheStrategy

[[[接口调用]]]
[2019/11/01 16:32:46.9315]
[线程：4]
	URL：https://api.weixin.qq.com/cgi-bin/message/subscribe/send?access_token=27_56f5bEfSQv3oLtX1Uhf0mfSX1p5aBHSDQrWsEb7GZERWF2qjBKwNGwmN09ex0tDC1IcwJYLzAj81Jm_deEwq5nu62XnR4RPEQGxzVSeUrvJb_vJHh6SvdsU4mehMCeIvx9mpmzi_idGLQON7NWIaACAZIU
	Post Data：
{"thing1":{"value":"tewewe"},"time2":{"value":"2019年11月1日 10:40"}}

[[[ErrorJsonResultException]]]
[2019/11/01 16:32:47.0938]
[线程：4]
	ErrorJsonResultException
	AccessTokenOrAppId：null
	URL：https://api.weixin.qq.com/cgi-bin/message/subscribe/send?access_token=27_56f5bEfSQv3oLtX1Uhf0mfSX1p5aBHSDQrWsEb7GZERWF2qjBKwNGwmN09ex0tDC1IcwJYLzAj81Jm_deEwq5nu62XnR4RPEQGxzVSeUrvJb_vJHh6SvdsU4mehMCeIvx9mpmzi_idGLQON7NWIaACAZIU
	errcode：不合法的OpenID
	errmsg：invalid openid hint: [JME7801668694]

[[[自动注册扩展缓存完成]]]
[2019/11/01 17:06:05.8416]
[线程：1]
注册总用时：8.3246ms
自动扫描程序集：0个
扩展缓存：

[[[微信扩展缓存注册完成]]]
[2019/11/01 17:06:06.1663]
[线程：1]
微信扩展缓存注册总用时：89.3245ms
扩展缓存：Senparc.Weixin.Cache.LocalContainerCacheStrategy
Senparc.Weixin.Cache.Redis.RedisContainerCacheStrategy

[[[接口调用]]]
[2019/11/01 17:07:06.0872]
[线程：5]
	URL：https://api.weixin.qq.com/cgi-bin/message/subscribe/send?access_token=27_CLYw6ytOjlOtBWcJxhEJ5Euvb8A5S4G6aWO8Whg8ZjWtSAlVklN_1iEPinOFtYrZB8M0V4yJ_yH9UF6VzBFfL90BGS9GKyrwGu5ITvsE1EzMWcSPMEstmsP3krXlXzoRvHSv46U-M5FHTrzxEXVdAHAWPN
	Post Data：
{"touser":"o4Uv25WxCveS6QYtBK0xhYeWiZK0","template_id":"gWdDcSsc6E9l2bOZiy712oay4xwg5XCYqKj8wcBLiHs","page":null,"data":{"thing1":{"value":"tewewe"},"time2":{"value":"2019年11月1日 10:40"}}}

[[[自动注册扩展缓存完成]]]
[2019/11/01 19:16:55.2712]
[线程：1]
注册总用时：0.0391ms
自动扫描程序集：0个
扩展缓存：

[[[微信扩展缓存注册完成]]]
[2019/11/01 19:16:55.5364]
[线程：1]
微信扩展缓存注册总用时：90.5624ms
扩展缓存：Senparc.Weixin.Cache.LocalContainerCacheStrategy
Senparc.Weixin.Cache.Redis.RedisContainerCacheStrategy

[[[自动注册扩展缓存完成]]]
[2019/11/01 19:24:53.7102]
[线程：1]
注册总用时：0.0296ms
自动扫描程序集：0个
扩展缓存：

[[[微信扩展缓存注册完成]]]
[2019/11/01 19:24:53.8963]
[线程：1]
微信扩展缓存注册总用时：69.3401ms
扩展缓存：Senparc.Weixin.Cache.LocalContainerCacheStrategy
Senparc.Weixin.Cache.Redis.RedisContainerCacheStrategy

[[[自动注册扩展缓存完成]]]
[2019/11/01 19:30:27.2270]
[线程：1]
注册总用时：0.019100000000000002ms
自动扫描程序集：0个
扩展缓存：

[[[微信扩展缓存注册完成]]]
[2019/11/01 19:30:27.4439]
[线程：1]
微信扩展缓存注册总用时：75.7272ms
扩展缓存：Senparc.Weixin.Cache.LocalContainerCacheStrategy
Senparc.Weixin.Cache.Redis.RedisContainerCacheStrategy

[[[自动注册扩展缓存完成]]]
[2019/11/01 19:32:12.3640]
[线程：1]
注册总用时：7.238300000000001ms
自动扫描程序集：0个
扩展缓存：

[[[微信扩展缓存注册完成]]]
[2019/11/01 19:32:12.6586]
[线程：1]
微信扩展缓存注册总用时：65.4608ms
扩展缓存：Senparc.Weixin.Cache.LocalContainerCacheStrategy
Senparc.Weixin.Cache.Redis.RedisContainerCacheStrategy

[[[自动注册扩展缓存完成]]]
[2019/11/01 19:39:19.6959]
[线程：1]
注册总用时：16.2696ms
自动扫描程序集：0个
扩展缓存：

[[[微信扩展缓存注册完成]]]
[2019/11/01 19:39:20.0629]
[线程：1]
微信扩展缓存注册总用时：76.2764ms
扩展缓存：Senparc.Weixin.Cache.LocalContainerCacheStrategy
Senparc.Weixin.Cache.Redis.RedisContainerCacheStrategy

[[[自动注册扩展缓存完成]]]
[2019/11/01 19:47:07.9122]
[线程：1]
注册总用时：9.792300000000001ms
自动扫描程序集：0个
扩展缓存：

[[[微信扩展缓存注册完成]]]
[2019/11/01 19:47:08.2470]
[线程：1]
微信扩展缓存注册总用时：72.9909ms
扩展缓存：Senparc.Weixin.Cache.LocalContainerCacheStrategy
Senparc.Weixin.Cache.Redis.RedisContainerCacheStrategy

[[[自动注册扩展缓存完成]]]
[2019/11/01 19:50:04.8941]
[线程：1]
注册总用时：11.892800000000001ms
自动扫描程序集：0个
扩展缓存：

[[[微信扩展缓存注册完成]]]
[2019/11/01 19:50:05.2099]
[线程：1]
微信扩展缓存注册总用时：71.6009ms
扩展缓存：Senparc.Weixin.Cache.LocalContainerCacheStrategy
Senparc.Weixin.Cache.Redis.RedisContainerCacheStrategy

[[[自动注册扩展缓存完成]]]
[2019/11/01 19:53:41.2641]
[线程：1]
注册总用时：7.5625ms
自动扫描程序集：0个
扩展缓存：

[[[微信扩展缓存注册完成]]]
[2019/11/01 19:53:41.5383]
[线程：1]
微信扩展缓存注册总用时：68.1129ms
扩展缓存：Senparc.Weixin.Cache.LocalContainerCacheStrategy
Senparc.Weixin.Cache.Redis.RedisContainerCacheStrategy

[[[自动注册扩展缓存完成]]]
[2019/11/01 19:57:11.4342]
[线程：1]
注册总用时：9.6416ms
自动扫描程序集：0个
扩展缓存：

[[[微信扩展缓存注册完成]]]
[2019/11/01 19:57:11.7527]
[线程：1]
微信扩展缓存注册总用时：69.1936ms
扩展缓存：Senparc.Weixin.Cache.LocalContainerCacheStrategy
Senparc.Weixin.Cache.Redis.RedisContainerCacheStrategy

[[[自动注册扩展缓存完成]]]
[2019/11/01 19:58:09.6430]
[线程：1]
注册总用时：8.635900000000001ms
自动扫描程序集：0个
扩展缓存：

[[[微信扩展缓存注册完成]]]
[2019/11/01 19:58:09.9226]
[线程：1]
微信扩展缓存注册总用时：70.0733ms
扩展缓存：Senparc.Weixin.Cache.LocalContainerCacheStrategy
Senparc.Weixin.Cache.Redis.RedisContainerCacheStrategy

[[[自动注册扩展缓存完成]]]
[2019/11/01 20:01:58.7877]
[线程：1]
注册总用时：16.0328ms
自动扫描程序集：0个
扩展缓存：

[[[微信扩展缓存注册完成]]]
[2019/11/01 20:01:59.0638]
[线程：1]
微信扩展缓存注册总用时：71.8268ms
扩展缓存：Senparc.Weixin.Cache.LocalContainerCacheStrategy
Senparc.Weixin.Cache.Redis.RedisContainerCacheStrategy

[[[接口调用]]]
[2019/11/01 20:02:44.7822]
[线程：5]
	URL：https://api.weixin.qq.com/cgi-bin/message/subscribe/send?access_token=27_km4v5iYmM6pHvGrOYJz0xV6nh-ebLTXckxY3pPOarrFVW78oPHOdd9OLka0H6Uuu04JVIEA-3w59ailm4olTIGQ2IPt4EcBx2nVt04zBPERhdKiyhR4457UoCXN5KQexpJc-HjCLzWL7VZqJUAMfACALRD
	Post Data：
{"touser":"o4Uv25ee41SIoIbaNP8CM4XQUBJ0","template_id":"Tv-x4vvl0Q-2we-GQoJ6Bp0dZGkBWi58LOSTVdWUbP8","page":"pages/ViewMe/list","data":{"thing1":{"value":"招聘轮胎检测"},"thing2":{"value":"招聘轮胎检测"},"time3":{"value":"2019/10/29 17:11:37"},"thing5":{"value":"改变方式"}}}

[[[自动注册扩展缓存完成]]]
[2019/11/01 20:06:38.9832]
[线程：1]
注册总用时：10.4273ms
自动扫描程序集：0个
扩展缓存：

[[[微信扩展缓存注册完成]]]
[2019/11/01 20:06:39.2978]
[线程：1]
微信扩展缓存注册总用时：69.9221ms
扩展缓存：Senparc.Weixin.Cache.LocalContainerCacheStrategy
Senparc.Weixin.Cache.Redis.RedisContainerCacheStrategy

[[[接口调用]]]
[2019/11/01 20:07:03.3935]
[线程：4]
	URL：https://api.weixin.qq.com/cgi-bin/message/subscribe/send?access_token=27_CH7Y2JfiS7ccKGkeLkLDk6_hjn3eE1uSKceDYC63kOo1oHwIzx6T3TTMEC5RpOarqlTNSPyERF665Dw46V6OQk27PVtW1XXqtZtHnHGNx9PG2yRNkiYorxUUKnHj4c25u0Sa1DnC6WjxOn3yNQXiAAAADK
	Post Data：
{"touser":"o4Uv25ee41SIoIbaNP8CM4XQUBJ0","template_id":"Tv-x4vvl0Q-2we-GQoJ6Bp0dZGkBWi58LOSTVdWUbP8","page":"pages/ViewMe/list","data":{"thing1":{"value":"招聘轮胎检测"},"thing2":{"value":"招聘轮胎检测"},"time3":{"value":"2019/10/29 17:11:37"},"thing5":{"value":"改变方式"}}}

[[[ErrorJsonResultException]]]
[2019/11/01 20:07:03.5844]
[线程：4]
	ErrorJsonResultException
	AccessTokenOrAppId：null
	URL：https://api.weixin.qq.com/cgi-bin/message/subscribe/send?access_token=27_CH7Y2JfiS7ccKGkeLkLDk6_hjn3eE1uSKceDYC63kOo1oHwIzx6T3TTMEC5RpOarqlTNSPyERF665Dw46V6OQk27PVtW1XXqtZtHnHGNx9PG2yRNkiYorxUUKnHj4c25u0Sa1DnC6WjxOn3yNQXiAAAADK
	errcode：用户拒绝接受消息
	errmsg：user refuse to accept the msg hint: [DoJBfA00228653]

[[[接口调用]]]
[2019/11/01 20:10:11.9346]
[线程：4]
	URL：https://api.weixin.qq.com/cgi-bin/message/subscribe/send?access_token=27_CH7Y2JfiS7ccKGkeLkLDk6_hjn3eE1uSKceDYC63kOo1oHwIzx6T3TTMEC5RpOarqlTNSPyERF665Dw46V6OQk27PVtW1XXqtZtHnHGNx9PG2yRNkiYorxUUKnHj4c25u0Sa1DnC6WjxOn3yNQXiAAAADK
	Post Data：
{"touser":"o4Uv25ee41SIoIbaNP8CM4XQUBJ0","template_id":"Tv-x4vvl0Q-2we-GQoJ6Bp0dZGkBWi58LOSTVdWUbP8","page":"pages/ViewMe/list","data":{"thing1":{"value":"招聘轮胎检测"},"thing2":{"value":"招聘轮胎检测"},"time3":{"value":"2019/10/29 17:11:37"},"thing5":{"value":"改变方式"}}}

[[[接口调用]]]
[2019/11/01 20:10:23.1787]
[线程：4]
	URL：https://api.weixin.qq.com/cgi-bin/message/subscribe/send?access_token=27_CH7Y2JfiS7ccKGkeLkLDk6_hjn3eE1uSKceDYC63kOo1oHwIzx6T3TTMEC5RpOarqlTNSPyERF665Dw46V6OQk27PVtW1XXqtZtHnHGNx9PG2yRNkiYorxUUKnHj4c25u0Sa1DnC6WjxOn3yNQXiAAAADK
	Post Data：
{"touser":"o4Uv25ee41SIoIbaNP8CM4XQUBJ0","template_id":"Tv-x4vvl0Q-2we-GQoJ6Bp0dZGkBWi58LOSTVdWUbP8","page":"pages/ViewMe/list","data":{"thing1":{"value":"急需汽车轮胎材料"},"thing2":{"value":"急需汽车轮胎材料"},"time3":{"value":"2019/10/23 14:22:43"},"thing5":{"value":"改变方式"}}}

[[[自动注册扩展缓存完成]]]
[2019/11/01 20:13:26.3986]
[线程：1]
注册总用时：15.2126ms
自动扫描程序集：0个
扩展缓存：

[[[微信扩展缓存注册完成]]]
[2019/11/01 20:13:26.7770]
[线程：1]
微信扩展缓存注册总用时：71.4496ms
扩展缓存：Senparc.Weixin.Cache.LocalContainerCacheStrategy
Senparc.Weixin.Cache.Redis.RedisContainerCacheStrategy

[[[接口调用]]]
[2019/11/01 20:14:31.4379]
[线程：7]
	URL：https://api.weixin.qq.com/cgi-bin/message/subscribe/send?access_token=27_8wmfp3milDEb1XtV8mSyB-wADOTXbxqIC7Cd6acdpXME2gISP1-xfQv25JPvrMmRU-vpZj69MSDX-c96OWYqJBlDGZXOIwbrb4_cTcMD8DN-kMatRnGTZG0HmnJmm5duAdPVmMyn3Q8ZP1hnHBPhAEAQKY
	Post Data：
{"touser":"o4Uv25ee41SIoIbaNP8CM4XQUBJ0","template_id":"Tv-x4vvl0Q-2we-GQoJ6Bp0dZGkBWi58LOSTVdWUbP8","page":"pages/ViewMe/list","data":{"thing1":{"value":"招聘轮胎检测"},"thing2":{"value":"招聘轮胎检测"},"time3":{"value":"2019/10/29 17:11:37"},"thing5":{"value":"改变方式"}}}

[[[接口调用]]]
[2019/11/01 20:14:41.4881]
[线程：7]
	URL：https://api.weixin.qq.com/cgi-bin/message/subscribe/send?access_token=27_8wmfp3milDEb1XtV8mSyB-wADOTXbxqIC7Cd6acdpXME2gISP1-xfQv25JPvrMmRU-vpZj69MSDX-c96OWYqJBlDGZXOIwbrb4_cTcMD8DN-kMatRnGTZG0HmnJmm5duAdPVmMyn3Q8ZP1hnHBPhAEAQKY
	Post Data：
{"touser":"o4Uv25ee41SIoIbaNP8CM4XQUBJ0","template_id":"Tv-x4vvl0Q-2we-GQoJ6Bp0dZGkBWi58LOSTVdWUbP8","page":"pages/ViewMe/list","data":{"thing1":{"value":"急需汽车轮胎材料"},"thing2":{"value":"急需汽车轮胎材料"},"time3":{"value":"2019/10/23 14:22:43"},"thing5":{"value":"改变方式"}}}

[[[ErrorJsonResultException]]]
[2019/11/01 20:14:41.5794]
[线程：7]
	ErrorJsonResultException
	AccessTokenOrAppId：null
	URL：https://api.weixin.qq.com/cgi-bin/message/subscribe/send?access_token=27_8wmfp3milDEb1XtV8mSyB-wADOTXbxqIC7Cd6acdpXME2gISP1-xfQv25JPvrMmRU-vpZj69MSDX-c96OWYqJBlDGZXOIwbrb4_cTcMD8DN-kMatRnGTZG0HmnJmm5duAdPVmMyn3Q8ZP1hnHBPhAEAQKY
	errcode：用户拒绝接受消息
	errmsg：user refuse to accept the msg hint: [17S4UA04804105]

[[[接口调用]]]
[2019/11/01 20:16:11.5683]
[线程：36]
	URL：https://api.weixin.qq.com/cgi-bin/message/subscribe/send?access_token=27_8wmfp3milDEb1XtV8mSyB-wADOTXbxqIC7Cd6acdpXME2gISP1-xfQv25JPvrMmRU-vpZj69MSDX-c96OWYqJBlDGZXOIwbrb4_cTcMD8DN-kMatRnGTZG0HmnJmm5duAdPVmMyn3Q8ZP1hnHBPhAEAQKY
	Post Data：
{"touser":"o4Uv25ee41SIoIbaNP8CM4XQUBJ0","template_id":"Tv-x4vvl0Q-2we-GQoJ6Bp0dZGkBWi58LOSTVdWUbP8","page":"pages/ViewMe/list","data":{"thing1":{"value":"招聘轮胎检测"},"thing2":{"value":"招聘轮胎检测"},"time3":{"value":"2019/10/29 17:11:37"},"thing5":{"value":"改变方式"}}}

[[[接口调用]]]
[2019/11/01 20:16:11.6146]
[线程：7]
	URL：https://api.weixin.qq.com/cgi-bin/message/subscribe/send?access_token=27_8wmfp3milDEb1XtV8mSyB-wADOTXbxqIC7Cd6acdpXME2gISP1-xfQv25JPvrMmRU-vpZj69MSDX-c96OWYqJBlDGZXOIwbrb4_cTcMD8DN-kMatRnGTZG0HmnJmm5duAdPVmMyn3Q8ZP1hnHBPhAEAQKY
	Post Data：
{"touser":"o4Uv25YF-3f088d-Qw5E4hkIsxuU","template_id":"Tv-x4vvl0Q-2we-GQoJ6Bp0dZGkBWi58LOSTVdWUbP8","page":"pages/ViewMe/list","data":{"thing1":{"value":"[金戈新材]详解新能源汽车技术之一动力电"},"thing2":{"value":"[金戈新材]详解新能源汽车技术之一动力电"},"time3":{"value":"2019/10/25 8:21:23"},"thing5":{"value":"金山"}}}

[[[ErrorJsonResultException]]]
[2019/11/01 20:16:11.7627]
[线程：36]
	ErrorJsonResultException
	AccessTokenOrAppId：null
	URL：https://api.weixin.qq.com/cgi-bin/message/subscribe/send?access_token=27_8wmfp3milDEb1XtV8mSyB-wADOTXbxqIC7Cd6acdpXME2gISP1-xfQv25JPvrMmRU-vpZj69MSDX-c96OWYqJBlDGZXOIwbrb4_cTcMD8DN-kMatRnGTZG0HmnJmm5duAdPVmMyn3Q8ZP1hnHBPhAEAQKY
	errcode：用户拒绝接受消息
	errmsg：user refuse to accept the msg hint: [Nfsi05708630]

[[[自动注册扩展缓存完成]]]
[2019/11/01 20:20:17.2034]
[线程：1]
注册总用时：9.3457ms
自动扫描程序集：0个
扩展缓存：

[[[微信扩展缓存注册完成]]]
[2019/11/01 20:20:17.4757]
[线程：1]
微信扩展缓存注册总用时：65.0019ms
扩展缓存：Senparc.Weixin.Cache.LocalContainerCacheStrategy
Senparc.Weixin.Cache.Redis.RedisContainerCacheStrategy

[[[自动注册扩展缓存完成]]]
[2019/11/01 20:26:29.7693]
[线程：1]
注册总用时：11.0321ms
自动扫描程序集：0个
扩展缓存：

[[[微信扩展缓存注册完成]]]
[2019/11/01 20:26:30.0527]
[线程：1]
微信扩展缓存注册总用时：68.5583ms
扩展缓存：Senparc.Weixin.Cache.LocalContainerCacheStrategy
Senparc.Weixin.Cache.Redis.RedisContainerCacheStrategy

[[[接口调用]]]
[2019/11/01 20:26:41.1996]
[线程：4]
	URL：https://api.weixin.qq.com/cgi-bin/message/subscribe/send?access_token=27_sgghzoDUk1coEXVLkubCrmTOvM6iarXPEeyLVU7tl6VAceq7yW46e8P4UC-Gd17Ga63aKz5TrcRq6gBlEueQIVD95asqE5I2-IFWw86NkClwk0TLyEFTA9Ek3Jw_LBX5bHranb_KdnduQXFyVTSeABADBA
	Post Data：
{"touser":"o4Uv25ee41SIoIbaNP8CM4XQUBJ0","template_id":"Tv-x4vvl0Q-2we-GQoJ6Bp0dZGkBWi58LOSTVdWUbP8","page":"pages/ViewMe/list","data":{"thing1":{"value":"招聘轮胎检测"},"thing2":{"value":"招聘轮胎检测"},"time3":{"value":"2019/10/29 17:11:37"},"thing5":{"value":"改变方式"}}}

[[[ErrorJsonResultException]]]
[2019/11/01 20:26:41.4745]
[线程：4]
	ErrorJsonResultException
	AccessTokenOrAppId：null
	URL：https://api.weixin.qq.com/cgi-bin/message/subscribe/send?access_token=27_sgghzoDUk1coEXVLkubCrmTOvM6iarXPEeyLVU7tl6VAceq7yW46e8P4UC-Gd17Ga63aKz5TrcRq6gBlEueQIVD95asqE5I2-IFWw86NkClwk0TLyEFTA9Ek3Jw_LBX5bHranb_KdnduQXFyVTSeABADBA
	errcode：用户拒绝接受消息
	errmsg：user refuse to accept the msg hint: [h402004125]

[[[接口调用]]]
[2019/11/01 20:27:42.9321]
[线程：4]
	URL：https://api.weixin.qq.com/cgi-bin/message/subscribe/send?access_token=27_sgghzoDUk1coEXVLkubCrmTOvM6iarXPEeyLVU7tl6VAceq7yW46e8P4UC-Gd17Ga63aKz5TrcRq6gBlEueQIVD95asqE5I2-IFWw86NkClwk0TLyEFTA9Ek3Jw_LBX5bHranb_KdnduQXFyVTSeABADBA
	Post Data：
{"touser":"o4Uv25ee41SIoIbaNP8CM4XQUBJ0","template_id":"Tv-x4vvl0Q-2we-GQoJ6Bp0dZGkBWi58LOSTVdWUbP8","page":"pages/ViewMe/list","data":{"thing1":{"value":"急需汽车轮胎材料"},"thing2":{"value":"急需汽车轮胎材料"},"time3":{"value":"2019/10/23 14:22:43"},"thing5":{"value":"陈青文越邦科技"}}}

[[[ErrorJsonResultException]]]
[2019/11/01 20:27:43.0718]
[线程：4]
	ErrorJsonResultException
	AccessTokenOrAppId：null
	URL：https://api.weixin.qq.com/cgi-bin/message/subscribe/send?access_token=27_sgghzoDUk1coEXVLkubCrmTOvM6iarXPEeyLVU7tl6VAceq7yW46e8P4UC-Gd17Ga63aKz5TrcRq6gBlEueQIVD95asqE5I2-IFWw86NkClwk0TLyEFTA9Ek3Jw_LBX5bHranb_KdnduQXFyVTSeABADBA
	errcode：用户拒绝接受消息
	errmsg：user refuse to accept the msg hint: [JUjFAa02624108]

[[[接口调用]]]
[2019/11/01 20:27:50.7470]
[线程：4]
	URL：https://api.weixin.qq.com/cgi-bin/message/subscribe/send?access_token=27_sgghzoDUk1coEXVLkubCrmTOvM6iarXPEeyLVU7tl6VAceq7yW46e8P4UC-Gd17Ga63aKz5TrcRq6gBlEueQIVD95asqE5I2-IFWw86NkClwk0TLyEFTA9Ek3Jw_LBX5bHranb_KdnduQXFyVTSeABADBA
	Post Data：
{"touser":"o4Uv25YF-3f088d-Qw5E4hkIsxuU","template_id":"Tv-x4vvl0Q-2we-GQoJ6Bp0dZGkBWi58LOSTVdWUbP8","page":"pages/ViewMe/list","data":{"thing1":{"value":"[金戈新材]详解新能源汽车技术之一动力电"},"thing2":{"value":"[金戈新材]详解新能源汽车技术之一动力电"},"time3":{"value":"2019/10/25 8:21:23"},"thing5":{"value":"天鸿"}}}

[[[ErrorJsonResultException]]]
[2019/11/01 20:27:50.9136]
[线程：4]
	ErrorJsonResultException
	AccessTokenOrAppId：null
	URL：https://api.weixin.qq.com/cgi-bin/message/subscribe/send?access_token=27_sgghzoDUk1coEXVLkubCrmTOvM6iarXPEeyLVU7tl6VAceq7yW46e8P4UC-Gd17Ga63aKz5TrcRq6gBlEueQIVD95asqE5I2-IFWw86NkClwk0TLyEFTA9Ek3Jw_LBX5bHranb_KdnduQXFyVTSeABADBA
	errcode：用户拒绝接受消息
	errmsg：user refuse to accept the msg hint: [tKWPgA02703116]

[[[接口调用]]]
[2019/11/01 20:28:17.5624]
[线程：4]
	URL：https://api.weixin.qq.com/cgi-bin/message/subscribe/send?access_token=27_sgghzoDUk1coEXVLkubCrmTOvM6iarXPEeyLVU7tl6VAceq7yW46e8P4UC-Gd17Ga63aKz5TrcRq6gBlEueQIVD95asqE5I2-IFWw86NkClwk0TLyEFTA9Ek3Jw_LBX5bHranb_KdnduQXFyVTSeABADBA
	Post Data：
{"touser":"o4Uv25YF-3f088d-Qw5E4hkIsxuU","template_id":"Tv-x4vvl0Q-2we-GQoJ6Bp0dZGkBWi58LOSTVdWUbP8","page":"pages/ViewMe/list","data":{"thing1":{"value":"[华西证券]新能源汽车产业深度研究报告："},"thing2":{"value":"[华西证券]新能源汽车产业深度研究报告："},"time3":{"value":"2019/10/23 14:20:10"},"thing5":{"value":"rdgztest_KIGNVT"}}}

[[[ErrorJsonResultException]]]
[2019/11/01 20:28:17.6937]
[线程：4]
	ErrorJsonResultException
	AccessTokenOrAppId：null
	URL：https://api.weixin.qq.com/cgi-bin/message/subscribe/send?access_token=27_sgghzoDUk1coEXVLkubCrmTOvM6iarXPEeyLVU7tl6VAceq7yW46e8P4UC-Gd17Ga63aKz5TrcRq6gBlEueQIVD95asqE5I2-IFWw86NkClwk0TLyEFTA9Ek3Jw_LBX5bHranb_KdnduQXFyVTSeABADBA
	errcode：用户拒绝接受消息
	errmsg：user refuse to accept the msg hint: [aOlrna02960500]

[[[接口调用]]]
[2019/11/01 20:28:41.2054]
[线程：4]
	URL：https://api.weixin.qq.com/cgi-bin/message/subscribe/send?access_token=27_sgghzoDUk1coEXVLkubCrmTOvM6iarXPEeyLVU7tl6VAceq7yW46e8P4UC-Gd17Ga63aKz5TrcRq6gBlEueQIVD95asqE5I2-IFWw86NkClwk0TLyEFTA9Ek3Jw_LBX5bHranb_KdnduQXFyVTSeABADBA
	Post Data：
{"touser":"o4Uv25YF-3f088d-Qw5E4hkIsxuU","template_id":"Tv-x4vvl0Q-2we-GQoJ6Bp0dZGkBWi58LOSTVdWUbP8","page":"pages/ViewMe/list","data":{"thing1":{"value":"[EDC电驱未来]基于齿轮修型的减速器啸"},"thing2":{"value":"[EDC电驱未来]基于齿轮修型的减速器啸"},"time3":{"value":"2019/10/23 20:39:06"},"thing5":{"value":"陈青文越邦科技"}}}

[[[接口调用]]]
[2019/11/01 20:28:41.3082]
[线程：40]
	URL：https://api.weixin.qq.com/cgi-bin/message/subscribe/send?access_token=27_sgghzoDUk1coEXVLkubCrmTOvM6iarXPEeyLVU7tl6VAceq7yW46e8P4UC-Gd17Ga63aKz5TrcRq6gBlEueQIVD95asqE5I2-IFWw86NkClwk0TLyEFTA9Ek3Jw_LBX5bHranb_KdnduQXFyVTSeABADBA
	Post Data：
{"touser":"o4Uv25ee41SIoIbaNP8CM4XQUBJ0","template_id":"Tv-x4vvl0Q-2we-GQoJ6Bp0dZGkBWi58LOSTVdWUbP8","page":"pages/ViewMe/list","data":{"thing1":{"value":"招聘轮胎检测"},"thing2":{"value":"招聘轮胎检测"},"time3":{"value":"2019/10/29 17:11:37"},"thing5":{"value":"改变方式"}}}

[[[ErrorJsonResultException]]]
[2019/11/01 20:28:41.3556]
[线程：4]
	ErrorJsonResultException
	AccessTokenOrAppId：null
	URL：https://api.weixin.qq.com/cgi-bin/message/subscribe/send?access_token=27_sgghzoDUk1coEXVLkubCrmTOvM6iarXPEeyLVU7tl6VAceq7yW46e8P4UC-Gd17Ga63aKz5TrcRq6gBlEueQIVD95asqE5I2-IFWw86NkClwk0TLyEFTA9Ek3Jw_LBX5bHranb_KdnduQXFyVTSeABADBA
	errcode：用户拒绝接受消息
	errmsg：user refuse to accept the msg hint: [xYEp503203114]

[[[ErrorJsonResultException]]]
[2019/11/01 20:28:42.6987]
[线程：40]
	ErrorJsonResultException
	AccessTokenOrAppId：null
	URL：https://api.weixin.qq.com/cgi-bin/message/subscribe/send?access_token=27_sgghzoDUk1coEXVLkubCrmTOvM6iarXPEeyLVU7tl6VAceq7yW46e8P4UC-Gd17Ga63aKz5TrcRq6gBlEueQIVD95asqE5I2-IFWw86NkClwk0TLyEFTA9Ek3Jw_LBX5bHranb_KdnduQXFyVTSeABADBA
	errcode：用户拒绝接受消息
	errmsg：user refuse to accept the msg hint: [BYAKha03208630]

[[[接口调用]]]
[2019/11/01 20:28:45.3150]
[线程：40]
	URL：https://api.weixin.qq.com/cgi-bin/message/subscribe/send?access_token=27_sgghzoDUk1coEXVLkubCrmTOvM6iarXPEeyLVU7tl6VAceq7yW46e8P4UC-Gd17Ga63aKz5TrcRq6gBlEueQIVD95asqE5I2-IFWw86NkClwk0TLyEFTA9Ek3Jw_LBX5bHranb_KdnduQXFyVTSeABADBA
	Post Data：
{"touser":"o4Uv25ee41SIoIbaNP8CM4XQUBJ0","template_id":"Tv-x4vvl0Q-2we-GQoJ6Bp0dZGkBWi58LOSTVdWUbP8","page":"pages/ViewMe/list","data":{"thing1":{"value":"急需汽车轮胎材料"},"thing2":{"value":"急需汽车轮胎材料"},"time3":{"value":"2019/10/23 14:22:43"},"thing5":{"value":"陈青文越邦科技"}}}

[[[接口调用]]]
[2019/11/01 20:28:45.3464]
[线程：4]
	URL：https://api.weixin.qq.com/cgi-bin/message/subscribe/send?access_token=27_sgghzoDUk1coEXVLkubCrmTOvM6iarXPEeyLVU7tl6VAceq7yW46e8P4UC-Gd17Ga63aKz5TrcRq6gBlEueQIVD95asqE5I2-IFWw86NkClwk0TLyEFTA9Ek3Jw_LBX5bHranb_KdnduQXFyVTSeABADBA
	Post Data：
{"touser":"o4Uv25QpVoGWzKVkSjGNqgMcwBSg","template_id":"Tv-x4vvl0Q-2we-GQoJ6Bp0dZGkBWi58LOSTVdWUbP8","page":"pages/ViewMe/list","data":{"thing1":{"value":"中国新能源汽车五大趋势分析与价值链定位模"},"thing2":{"value":"中国新能源汽车五大趋势分析与价值链定位模"},"time3":{"value":"2019/10/23 20:26:35"},"thing5":{"value":"陈青文越邦科技"}}}

[[[ErrorJsonResultException]]]
[2019/11/01 20:28:45.3962]
[线程：40]
	ErrorJsonResultException
	AccessTokenOrAppId：null
	URL：https://api.weixin.qq.com/cgi-bin/message/subscribe/send?access_token=27_sgghzoDUk1coEXVLkubCrmTOvM6iarXPEeyLVU7tl6VAceq7yW46e8P4UC-Gd17Ga63aKz5TrcRq6gBlEueQIVD95asqE5I2-IFWw86NkClwk0TLyEFTA9Ek3Jw_LBX5bHranb_KdnduQXFyVTSeABADBA
	errcode：用户拒绝接受消息
	errmsg：user refuse to accept the msg hint: [rs0PjA03245508]

[[[接口调用]]]
[2019/11/01 20:28:55.7337]
[线程：4]
	URL：https://api.weixin.qq.com/cgi-bin/message/subscribe/send?access_token=27_sgghzoDUk1coEXVLkubCrmTOvM6iarXPEeyLVU7tl6VAceq7yW46e8P4UC-Gd17Ga63aKz5TrcRq6gBlEueQIVD95asqE5I2-IFWw86NkClwk0TLyEFTA9Ek3Jw_LBX5bHranb_KdnduQXFyVTSeABADBA
	Post Data：
{"touser":"o4Uv25YF-3f088d-Qw5E4hkIsxuU","template_id":"Tv-x4vvl0Q-2we-GQoJ6Bp0dZGkBWi58LOSTVdWUbP8","page":"pages/ViewMe/list","data":{"thing1":{"value":"试验场服务"},"thing2":{"value":"试验场服务"},"time3":{"value":"2019/10/23 12:32:53"},"thing5":{"value":"陈青文越邦科技"}}}

[[[接口调用]]]
[2019/11/01 20:28:55.7432]
[线程：40]
	URL：https://api.weixin.qq.com/cgi-bin/message/subscribe/send?access_token=27_sgghzoDUk1coEXVLkubCrmTOvM6iarXPEeyLVU7tl6VAceq7yW46e8P4UC-Gd17Ga63aKz5TrcRq6gBlEueQIVD95asqE5I2-IFWw86NkClwk0TLyEFTA9Ek3Jw_LBX5bHranb_KdnduQXFyVTSeABADBA
	Post Data：
{"touser":"o4Uv25YF-3f088d-Qw5E4hkIsxuU","template_id":"Tv-x4vvl0Q-2we-GQoJ6Bp0dZGkBWi58LOSTVdWUbP8","page":"pages/ViewMe/list","data":{"thing1":{"value":"[金戈新材]详解新能源汽车技术之一动力电"},"thing2":{"value":"[金戈新材]详解新能源汽车技术之一动力电"},"time3":{"value":"2019/10/25 8:21:23"},"thing5":{"value":"天鸿"}}}

[[[ErrorJsonResultException]]]
[2019/11/01 20:28:55.8093]
[线程：4]
	ErrorJsonResultException
	AccessTokenOrAppId：null
	URL：https://api.weixin.qq.com/cgi-bin/message/subscribe/send?access_token=27_sgghzoDUk1coEXVLkubCrmTOvM6iarXPEeyLVU7tl6VAceq7yW46e8P4UC-Gd17Ga63aKz5TrcRq6gBlEueQIVD95asqE5I2-IFWw86NkClwk0TLyEFTA9Ek3Jw_LBX5bHranb_KdnduQXFyVTSeABADBA
	errcode：用户拒绝接受消息
	errmsg：user refuse to accept the msg hint: [ob1vWa03353945]

[[[ErrorJsonResultException]]]
[2019/11/01 20:28:55.8459]
[线程：40]
	ErrorJsonResultException
	AccessTokenOrAppId：null
	URL：https://api.weixin.qq.com/cgi-bin/message/subscribe/send?access_token=27_sgghzoDUk1coEXVLkubCrmTOvM6iarXPEeyLVU7tl6VAceq7yW46e8P4UC-Gd17Ga63aKz5TrcRq6gBlEueQIVD95asqE5I2-IFWw86NkClwk0TLyEFTA9Ek3Jw_LBX5bHranb_KdnduQXFyVTSeABADBA
	errcode：用户拒绝接受消息
	errmsg：user refuse to accept the msg hint: [1qqF7a03354123]

[[[接口调用]]]
[2019/11/01 20:30:05.9544]
[线程：4]
	URL：https://api.weixin.qq.com/cgi-bin/message/subscribe/send?access_token=27_sgghzoDUk1coEXVLkubCrmTOvM6iarXPEeyLVU7tl6VAceq7yW46e8P4UC-Gd17Ga63aKz5TrcRq6gBlEueQIVD95asqE5I2-IFWw86NkClwk0TLyEFTA9Ek3Jw_LBX5bHranb_KdnduQXFyVTSeABADBA
	Post Data：
{"touser":"o4Uv25ee41SIoIbaNP8CM4XQUBJ0","template_id":"Tv-x4vvl0Q-2we-GQoJ6Bp0dZGkBWi58LOSTVdWUbP8","page":"pages/ViewMe/list","data":{"thing1":{"value":"急需汽车轮胎材料"},"thing2":{"value":"急需汽车轮胎材料"},"time3":{"value":"2019/10/29 17:11:04"},"thing5":{"value":"改变方式"}}}

[[[ErrorJsonResultException]]]
[2019/11/01 20:30:14.8326]
[线程：4]
	ErrorJsonResultException
	AccessTokenOrAppId：null
	URL：https://api.weixin.qq.com/cgi-bin/message/subscribe/send?access_token=27_sgghzoDUk1coEXVLkubCrmTOvM6iarXPEeyLVU7tl6VAceq7yW46e8P4UC-Gd17Ga63aKz5TrcRq6gBlEueQIVD95asqE5I2-IFWw86NkClwk0TLyEFTA9Ek3Jw_LBX5bHranb_KdnduQXFyVTSeABADBA
	errcode：用户拒绝接受消息
	errmsg：user refuse to accept the msg hint: [QvvP8a04134114]

[[[接口调用]]]
[2019/11/01 20:30:17.2273]
[线程：40]
	URL：https://api.weixin.qq.com/cgi-bin/message/subscribe/send?access_token=27_sgghzoDUk1coEXVLkubCrmTOvM6iarXPEeyLVU7tl6VAceq7yW46e8P4UC-Gd17Ga63aKz5TrcRq6gBlEueQIVD95asqE5I2-IFWw86NkClwk0TLyEFTA9Ek3Jw_LBX5bHranb_KdnduQXFyVTSeABADBA
	Post Data：
{"touser":"o4Uv25YF-3f088d-Qw5E4hkIsxuU","template_id":"Tv-x4vvl0Q-2we-GQoJ6Bp0dZGkBWi58LOSTVdWUbP8","page":"pages/ViewMe/list","data":{"thing1":{"value":"[华西证券]新能源汽车产业深度研究报告："},"thing2":{"value":"[华西证券]新能源汽车产业深度研究报告："},"time3":{"value":"2019/10/23 14:20:10"},"thing5":{"value":"rdgztest_KIGNVT"}}}

[[[接口调用]]]
[2019/11/01 20:30:17.2683]
[线程：4]
	URL：https://api.weixin.qq.com/cgi-bin/message/subscribe/send?access_token=27_sgghzoDUk1coEXVLkubCrmTOvM6iarXPEeyLVU7tl6VAceq7yW46e8P4UC-Gd17Ga63aKz5TrcRq6gBlEueQIVD95asqE5I2-IFWw86NkClwk0TLyEFTA9Ek3Jw_LBX5bHranb_KdnduQXFyVTSeABADBA
	Post Data：
{"touser":"o4Uv25YF-3f088d-Qw5E4hkIsxuU","template_id":"Tv-x4vvl0Q-2we-GQoJ6Bp0dZGkBWi58LOSTVdWUbP8","page":"pages/ViewMe/list","data":{"thing1":{"value":"试验场服务"},"thing2":{"value":"试验场服务"},"time3":{"value":"2019/10/23 12:39:29"},"thing5":{"value":"陈青文越邦科技"}}}

[[[ErrorJsonResultException]]]
[2019/11/01 20:30:17.3163]
[线程：40]
	ErrorJsonResultException
	AccessTokenOrAppId：null
	URL：https://api.weixin.qq.com/cgi-bin/message/subscribe/send?access_token=27_sgghzoDUk1coEXVLkubCrmTOvM6iarXPEeyLVU7tl6VAceq7yW46e8P4UC-Gd17Ga63aKz5TrcRq6gBlEueQIVD95asqE5I2-IFWw86NkClwk0TLyEFTA9Ek3Jw_LBX5bHranb_KdnduQXFyVTSeABADBA
	errcode：用户拒绝接受消息
	errmsg：user refuse to accept the msg hint: [M4eo90416shb1]

[[[ErrorJsonResultException]]]
[2019/11/01 20:30:17.6131]
[线程：4]
	ErrorJsonResultException
	AccessTokenOrAppId：null
	URL：https://api.weixin.qq.com/cgi-bin/message/subscribe/send?access_token=27_sgghzoDUk1coEXVLkubCrmTOvM6iarXPEeyLVU7tl6VAceq7yW46e8P4UC-Gd17Ga63aKz5TrcRq6gBlEueQIVD95asqE5I2-IFWw86NkClwk0TLyEFTA9Ek3Jw_LBX5bHranb_KdnduQXFyVTSeABADBA
	errcode：用户拒绝接受消息
	errmsg：user refuse to accept the msg hint: [_rHcMA04163929]

[[[接口调用]]]
[2019/11/01 20:30:18.2516]
[线程：4]
	URL：https://api.weixin.qq.com/cgi-bin/message/subscribe/send?access_token=27_sgghzoDUk1coEXVLkubCrmTOvM6iarXPEeyLVU7tl6VAceq7yW46e8P4UC-Gd17Ga63aKz5TrcRq6gBlEueQIVD95asqE5I2-IFWw86NkClwk0TLyEFTA9Ek3Jw_LBX5bHranb_KdnduQXFyVTSeABADBA
	Post Data：
{"touser":"o4Uv25QpVoGWzKVkSjGNqgMcwBSg","template_id":"Tv-x4vvl0Q-2we-GQoJ6Bp0dZGkBWi58LOSTVdWUbP8","page":"pages/ViewMe/list","data":{"thing1":{"value":"发动机支架(共6种）耐久测试"},"thing2":{"value":"发动机支架(共6种）耐久测试"},"time3":{"value":"2019/10/29 17:31:07"},"thing5":{"value":"改变方式"}}}

[[[接口调用]]]
[2019/11/01 20:30:18.2751]
[线程：40]
	URL：https://api.weixin.qq.com/cgi-bin/message/subscribe/send?access_token=27_sgghzoDUk1coEXVLkubCrmTOvM6iarXPEeyLVU7tl6VAceq7yW46e8P4UC-Gd17Ga63aKz5TrcRq6gBlEueQIVD95asqE5I2-IFWw86NkClwk0TLyEFTA9Ek3Jw_LBX5bHranb_KdnduQXFyVTSeABADBA
	Post Data：
{"touser":"o4Uv25YF-3f088d-Qw5E4hkIsxuU","template_id":"Tv-x4vvl0Q-2we-GQoJ6Bp0dZGkBWi58LOSTVdWUbP8","page":"pages/ViewMe/list","data":{"thing1":{"value":"[EDC电驱未来]基于齿轮修型的减速器啸"},"thing2":{"value":"[EDC电驱未来]基于齿轮修型的减速器啸"},"time3":{"value":"2019/10/23 20:39:06"},"thing5":{"value":"陈青文越邦科技"}}}

[[[ErrorJsonResultException]]]
[2019/11/01 20:30:18.3168]
[线程：4]
	ErrorJsonResultException
	AccessTokenOrAppId：null
	URL：https://api.weixin.qq.com/cgi-bin/message/subscribe/send?access_token=27_sgghzoDUk1coEXVLkubCrmTOvM6iarXPEeyLVU7tl6VAceq7yW46e8P4UC-Gd17Ga63aKz5TrcRq6gBlEueQIVD95asqE5I2-IFWw86NkClwk0TLyEFTA9Ek3Jw_LBX5bHranb_KdnduQXFyVTSeABADBA
	errcode：用户拒绝接受消息
	errmsg：user refuse to accept the msg hint: [zEiLsa04174105]

[[[ErrorJsonResultException]]]
[2019/11/01 20:30:18.7678]
[线程：40]
	ErrorJsonResultException
	AccessTokenOrAppId：null
	URL：https://api.weixin.qq.com/cgi-bin/message/subscribe/send?access_token=27_sgghzoDUk1coEXVLkubCrmTOvM6iarXPEeyLVU7tl6VAceq7yW46e8P4UC-Gd17Ga63aKz5TrcRq6gBlEueQIVD95asqE5I2-IFWw86NkClwk0TLyEFTA9Ek3Jw_LBX5bHranb_KdnduQXFyVTSeABADBA
	errcode：用户拒绝接受消息
	errmsg：user refuse to accept the msg hint: [PHFC8a04174122]

[[[接口调用]]]
[2019/11/01 20:30:22.4343]
[线程：4]
	URL：https://api.weixin.qq.com/cgi-bin/message/subscribe/send?access_token=27_sgghzoDUk1coEXVLkubCrmTOvM6iarXPEeyLVU7tl6VAceq7yW46e8P4UC-Gd17Ga63aKz5TrcRq6gBlEueQIVD95asqE5I2-IFWw86NkClwk0TLyEFTA9Ek3Jw_LBX5bHranb_KdnduQXFyVTSeABADBA
	Post Data：
{"touser":"o4Uv25YF-3f088d-Qw5E4hkIsxuU","template_id":"Tv-x4vvl0Q-2we-GQoJ6Bp0dZGkBWi58LOSTVdWUbP8","page":"pages/ViewMe/list","data":{"thing1":{"value":"[华西证券]新能源汽车产业深度研究报告："},"thing2":{"value":"[华西证券]新能源汽车产业深度研究报告："},"time3":{"value":"2019/10/23 19:01:09"},"thing5":{"value":"陈青文越邦科技"}}}

[[[接口调用]]]
[2019/11/01 20:30:22.4745]
[线程：40]
	URL：https://api.weixin.qq.com/cgi-bin/message/subscribe/send?access_token=27_sgghzoDUk1coEXVLkubCrmTOvM6iarXPEeyLVU7tl6VAceq7yW46e8P4UC-Gd17Ga63aKz5TrcRq6gBlEueQIVD95asqE5I2-IFWw86NkClwk0TLyEFTA9Ek3Jw_LBX5bHranb_KdnduQXFyVTSeABADBA
	Post Data：
{"touser":"o4Uv25QpVoGWzKVkSjGNqgMcwBSg","template_id":"Tv-x4vvl0Q-2we-GQoJ6Bp0dZGkBWi58LOSTVdWUbP8","page":"pages/ViewMe/list","data":{"thing1":{"value":"中国新能源汽车五大趋势分析与价值链定位模"},"thing2":{"value":"中国新能源汽车五大趋势分析与价值链定位模"},"time3":{"value":"2019/10/23 20:26:35"},"thing5":{"value":"陈青文越邦科技"}}}

[[[ErrorJsonResultException]]]
[2019/11/01 20:30:22.4894]
[线程：4]
	ErrorJsonResultException
	AccessTokenOrAppId：null
	URL：https://api.weixin.qq.com/cgi-bin/message/subscribe/send?access_token=27_sgghzoDUk1coEXVLkubCrmTOvM6iarXPEeyLVU7tl6VAceq7yW46e8P4UC-Gd17Ga63aKz5TrcRq6gBlEueQIVD95asqE5I2-IFWw86NkClwk0TLyEFTA9Ek3Jw_LBX5bHranb_KdnduQXFyVTSeABADBA
	errcode：用户拒绝接受消息
	errmsg：user refuse to accept the msg hint: [JsBMha04213933]

[[[ErrorJsonResultException]]]
[2019/11/01 20:30:22.8345]
[线程：40]
	ErrorJsonResultException
	AccessTokenOrAppId：null
	URL：https://api.weixin.qq.com/cgi-bin/message/subscribe/send?access_token=27_sgghzoDUk1coEXVLkubCrmTOvM6iarXPEeyLVU7tl6VAceq7yW46e8P4UC-Gd17Ga63aKz5TrcRq6gBlEueQIVD95asqE5I2-IFWw86NkClwk0TLyEFTA9Ek3Jw_LBX5bHranb_KdnduQXFyVTSeABADBA
	errcode：用户拒绝接受消息
	errmsg：user refuse to accept the msg hint: [xtDS2a04214106]

[[[接口调用]]]
[2019/11/01 20:30:23.4314]
[线程：40]
	URL：https://api.weixin.qq.com/cgi-bin/message/subscribe/send?access_token=27_sgghzoDUk1coEXVLkubCrmTOvM6iarXPEeyLVU7tl6VAceq7yW46e8P4UC-Gd17Ga63aKz5TrcRq6gBlEueQIVD95asqE5I2-IFWw86NkClwk0TLyEFTA9Ek3Jw_LBX5bHranb_KdnduQXFyVTSeABADBA
	Post Data：
{"touser":"o4Uv25YF-3f088d-Qw5E4hkIsxuU","template_id":"Tv-x4vvl0Q-2we-GQoJ6Bp0dZGkBWi58LOSTVdWUbP8","page":"pages/ViewMe/list","data":{"thing1":{"value":"试验场服务"},"thing2":{"value":"试验场服务"},"time3":{"value":"2019/10/23 12:32:53"},"thing5":{"value":"陈青文越邦科技"}}}

[[[ErrorJsonResultException]]]
[2019/11/01 20:30:23.5209]
[线程：40]
	ErrorJsonResultException
	AccessTokenOrAppId：null
	URL：https://api.weixin.qq.com/cgi-bin/message/subscribe/send?access_token=27_sgghzoDUk1coEXVLkubCrmTOvM6iarXPEeyLVU7tl6VAceq7yW46e8P4UC-Gd17Ga63aKz5TrcRq6gBlEueQIVD95asqE5I2-IFWw86NkClwk0TLyEFTA9Ek3Jw_LBX5bHranb_KdnduQXFyVTSeABADBA
	errcode：用户拒绝接受消息
	errmsg：user refuse to accept the msg hint: [.PVY1a04223936]

[[[接口调用]]]
[2019/11/01 20:30:23.7583]
[线程：40]
	URL：https://api.weixin.qq.com/cgi-bin/message/subscribe/send?access_token=27_sgghzoDUk1coEXVLkubCrmTOvM6iarXPEeyLVU7tl6VAceq7yW46e8P4UC-Gd17Ga63aKz5TrcRq6gBlEueQIVD95asqE5I2-IFWw86NkClwk0TLyEFTA9Ek3Jw_LBX5bHranb_KdnduQXFyVTSeABADBA
	Post Data：
{"touser":"o4Uv25ee41SIoIbaNP8CM4XQUBJ0","template_id":"Tv-x4vvl0Q-2we-GQoJ6Bp0dZGkBWi58LOSTVdWUbP8","page":"pages/ViewMe/list","data":{"thing1":{"value":"急需汽车轮胎材料"},"thing2":{"value":"急需汽车轮胎材料"},"time3":{"value":"2019/10/29 17:11:04"},"thing5":{"value":"改变方式"}}}

[[[ErrorJsonResultException]]]
[2019/11/01 20:30:23.8396]
[线程：40]
	ErrorJsonResultException
	AccessTokenOrAppId：null
	URL：https://api.weixin.qq.com/cgi-bin/message/subscribe/send?access_token=27_sgghzoDUk1coEXVLkubCrmTOvM6iarXPEeyLVU7tl6VAceq7yW46e8P4UC-Gd17Ga63aKz5TrcRq6gBlEueQIVD95asqE5I2-IFWw86NkClwk0TLyEFTA9Ek3Jw_LBX5bHranb_KdnduQXFyVTSeABADBA
	errcode：用户拒绝接受消息
	errmsg：user refuse to accept the msg hint: [FZhO3a04233951]

[[[接口调用]]]
[2019/11/01 20:30:24.0551]
[线程：40]
	URL：https://api.weixin.qq.com/cgi-bin/message/subscribe/send?access_token=27_sgghzoDUk1coEXVLkubCrmTOvM6iarXPEeyLVU7tl6VAceq7yW46e8P4UC-Gd17Ga63aKz5TrcRq6gBlEueQIVD95asqE5I2-IFWw86NkClwk0TLyEFTA9Ek3Jw_LBX5bHranb_KdnduQXFyVTSeABADBA
	Post Data：
{"touser":"o4Uv25YF-3f088d-Qw5E4hkIsxuU","template_id":"Tv-x4vvl0Q-2we-GQoJ6Bp0dZGkBWi58LOSTVdWUbP8","page":"pages/ViewMe/list","data":{"thing1":{"value":"试验场服务"},"thing2":{"value":"试验场服务"},"time3":{"value":"2019/10/23 12:39:29"},"thing5":{"value":"陈青文越邦科技"}}}

[[[ErrorJsonResultException]]]
[2019/11/01 20:30:24.1222]
[线程：40]
	ErrorJsonResultException
	AccessTokenOrAppId：null
	URL：https://api.weixin.qq.com/cgi-bin/message/subscribe/send?access_token=27_sgghzoDUk1coEXVLkubCrmTOvM6iarXPEeyLVU7tl6VAceq7yW46e8P4UC-Gd17Ga63aKz5TrcRq6gBlEueQIVD95asqE5I2-IFWw86NkClwk0TLyEFTA9Ek3Jw_LBX5bHranb_KdnduQXFyVTSeABADBA
	errcode：用户拒绝接受消息
	errmsg：user refuse to accept the msg hint: [Op8SXa04234924]

[[[接口调用]]]
[2019/11/01 20:31:37.8430]
[线程：40]
	URL：https://api.weixin.qq.com/cgi-bin/message/subscribe/send?access_token=27_sgghzoDUk1coEXVLkubCrmTOvM6iarXPEeyLVU7tl6VAceq7yW46e8P4UC-Gd17Ga63aKz5TrcRq6gBlEueQIVD95asqE5I2-IFWw86NkClwk0TLyEFTA9Ek3Jw_LBX5bHranb_KdnduQXFyVTSeABADBA
	Post Data：
{"touser":"o4Uv25QpVoGWzKVkSjGNqgMcwBSg","template_id":"Tv-x4vvl0Q-2we-GQoJ6Bp0dZGkBWi58LOSTVdWUbP8","page":"pages/ViewMe/list","data":{"thing1":{"value":"发动机支架(共6种）耐久测试"},"thing2":{"value":"发动机支架(共6种）耐久测试"},"time3":{"value":"2019/10/29 17:31:07"},"thing5":{"value":"改变方式"}}}

[[[ErrorJsonResultException]]]
[2019/11/01 20:31:37.9725]
[线程：40]
	ErrorJsonResultException
	AccessTokenOrAppId：null
	URL：https://api.weixin.qq.com/cgi-bin/message/subscribe/send?access_token=27_sgghzoDUk1coEXVLkubCrmTOvM6iarXPEeyLVU7tl6VAceq7yW46e8P4UC-Gd17Ga63aKz5TrcRq6gBlEueQIVD95asqE5I2-IFWw86NkClwk0TLyEFTA9Ek3Jw_LBX5bHranb_KdnduQXFyVTSeABADBA
	errcode：用户拒绝接受消息
	errmsg：user refuse to accept the msg hint: [AJXpgA04973055]

[[[接口调用]]]
[2019/11/01 20:31:40.7503]
[线程：40]
	URL：https://api.weixin.qq.com/cgi-bin/message/subscribe/send?access_token=27_sgghzoDUk1coEXVLkubCrmTOvM6iarXPEeyLVU7tl6VAceq7yW46e8P4UC-Gd17Ga63aKz5TrcRq6gBlEueQIVD95asqE5I2-IFWw86NkClwk0TLyEFTA9Ek3Jw_LBX5bHranb_KdnduQXFyVTSeABADBA
	Post Data：
{"touser":"o4Uv25YF-3f088d-Qw5E4hkIsxuU","template_id":"Tv-x4vvl0Q-2we-GQoJ6Bp0dZGkBWi58LOSTVdWUbP8","page":"pages/ViewMe/list","data":{"thing1":{"value":"[华西证券]新能源汽车产业深度研究报告："},"thing2":{"value":"[华西证券]新能源汽车产业深度研究报告："},"time3":{"value":"2019/10/23 19:01:09"},"thing5":{"value":"陈青文越邦科技"}}}

[[[ErrorJsonResultException]]]
[2019/11/01 20:31:40.8368]
[线程：40]
	ErrorJsonResultException
	AccessTokenOrAppId：null
	URL：https://api.weixin.qq.com/cgi-bin/message/subscribe/send?access_token=27_sgghzoDUk1coEXVLkubCrmTOvM6iarXPEeyLVU7tl6VAceq7yW46e8P4UC-Gd17Ga63aKz5TrcRq6gBlEueQIVD95asqE5I2-IFWw86NkClwk0TLyEFTA9Ek3Jw_LBX5bHranb_KdnduQXFyVTSeABADBA
	errcode：用户拒绝接受消息
	errmsg：user refuse to accept the msg hint: [yN1_1a05001295]

[[[接口调用]]]
[2019/11/01 20:32:40.1743]
[线程：71]
	URL：https://api.weixin.qq.com/cgi-bin/message/subscribe/send?access_token=27_sgghzoDUk1coEXVLkubCrmTOvM6iarXPEeyLVU7tl6VAceq7yW46e8P4UC-Gd17Ga63aKz5TrcRq6gBlEueQIVD95asqE5I2-IFWw86NkClwk0TLyEFTA9Ek3Jw_LBX5bHranb_KdnduQXFyVTSeABADBA
	Post Data：
{"touser":"o4Uv25ee41SIoIbaNP8CM4XQUBJ0","template_id":"Tv-x4vvl0Q-2we-GQoJ6Bp0dZGkBWi58LOSTVdWUbP8","page":"pages/ViewMe/list","data":{"thing1":{"value":"招聘轮胎检测"},"thing2":{"value":"招聘轮胎检测"},"time3":{"value":"2019/10/29 17:11:37"},"thing5":{"value":"改变方式"}}}

[[[ErrorJsonResultException]]]
[2019/11/01 20:32:40.3242]
[线程：71]
	ErrorJsonResultException
	AccessTokenOrAppId：null
	URL：https://api.weixin.qq.com/cgi-bin/message/subscribe/send?access_token=27_sgghzoDUk1coEXVLkubCrmTOvM6iarXPEeyLVU7tl6VAceq7yW46e8P4UC-Gd17Ga63aKz5TrcRq6gBlEueQIVD95asqE5I2-IFWw86NkClwk0TLyEFTA9Ek3Jw_LBX5bHranb_KdnduQXFyVTSeABADBA
	errcode：用户拒绝接受消息
	errmsg：user refuse to accept the msg hint: [La6ECa05594106]

[[[接口调用]]]
[2019/11/01 20:32:47.3888]
[线程：71]
	URL：https://api.weixin.qq.com/cgi-bin/message/subscribe/send?access_token=27_sgghzoDUk1coEXVLkubCrmTOvM6iarXPEeyLVU7tl6VAceq7yW46e8P4UC-Gd17Ga63aKz5TrcRq6gBlEueQIVD95asqE5I2-IFWw86NkClwk0TLyEFTA9Ek3Jw_LBX5bHranb_KdnduQXFyVTSeABADBA
	Post Data：
{"touser":"o4Uv25ee41SIoIbaNP8CM4XQUBJ0","template_id":"Tv-x4vvl0Q-2we-GQoJ6Bp0dZGkBWi58LOSTVdWUbP8","page":"pages/ViewMe/list","data":{"thing1":{"value":"急需汽车轮胎材料"},"thing2":{"value":"急需汽车轮胎材料"},"time3":{"value":"2019/10/23 14:22:43"},"thing5":{"value":"陈青文越邦科技"}}}

[[[ErrorJsonResultException]]]
[2019/11/01 20:32:47.4688]
[线程：71]
	ErrorJsonResultException
	AccessTokenOrAppId：null
	URL：https://api.weixin.qq.com/cgi-bin/message/subscribe/send?access_token=27_sgghzoDUk1coEXVLkubCrmTOvM6iarXPEeyLVU7tl6VAceq7yW46e8P4UC-Gd17Ga63aKz5TrcRq6gBlEueQIVD95asqE5I2-IFWw86NkClwk0TLyEFTA9Ek3Jw_LBX5bHranb_KdnduQXFyVTSeABADBA
	errcode：用户拒绝接受消息
	errmsg：user refuse to accept the msg hint: [oe4u9a05664100]

[[[接口调用]]]
[2019/11/01 20:33:10.8473]
[线程：71]
	URL：https://api.weixin.qq.com/cgi-bin/message/subscribe/send?access_token=27_sgghzoDUk1coEXVLkubCrmTOvM6iarXPEeyLVU7tl6VAceq7yW46e8P4UC-Gd17Ga63aKz5TrcRq6gBlEueQIVD95asqE5I2-IFWw86NkClwk0TLyEFTA9Ek3Jw_LBX5bHranb_KdnduQXFyVTSeABADBA
	Post Data：
{"touser":"o4Uv25YF-3f088d-Qw5E4hkIsxuU","template_id":"Tv-x4vvl0Q-2we-GQoJ6Bp0dZGkBWi58LOSTVdWUbP8","page":"pages/ViewMe/list","data":{"thing1":{"value":"[金戈新材]详解新能源汽车技术之一动力电"},"thing2":{"value":"[金戈新材]详解新能源汽车技术之一动力电"},"time3":{"value":"2019/10/25 8:21:23"},"thing5":{"value":"天鸿"}}}

[[[ErrorJsonResultException]]]
[2019/11/01 20:33:10.9727]
[线程：71]
	ErrorJsonResultException
	AccessTokenOrAppId：null
	URL：https://api.weixin.qq.com/cgi-bin/message/subscribe/send?access_token=27_sgghzoDUk1coEXVLkubCrmTOvM6iarXPEeyLVU7tl6VAceq7yW46e8P4UC-Gd17Ga63aKz5TrcRq6gBlEueQIVD95asqE5I2-IFWw86NkClwk0TLyEFTA9Ek3Jw_LBX5bHranb_KdnduQXFyVTSeABADBA
	errcode：用户拒绝接受消息
	errmsg：user refuse to accept the msg hint: [k0mj7a05903933]

[[[接口调用]]]
[2019/11/01 20:33:12.6079]
[线程：71]
	URL：https://api.weixin.qq.com/cgi-bin/message/subscribe/send?access_token=27_sgghzoDUk1coEXVLkubCrmTOvM6iarXPEeyLVU7tl6VAceq7yW46e8P4UC-Gd17Ga63aKz5TrcRq6gBlEueQIVD95asqE5I2-IFWw86NkClwk0TLyEFTA9Ek3Jw_LBX5bHranb_KdnduQXFyVTSeABADBA
	Post Data：
{"touser":"o4Uv25YF-3f088d-Qw5E4hkIsxuU","template_id":"Tv-x4vvl0Q-2we-GQoJ6Bp0dZGkBWi58LOSTVdWUbP8","page":"pages/ViewMe/list","data":{"thing1":{"value":"[华西证券]新能源汽车产业深度研究报告："},"thing2":{"value":"[华西证券]新能源汽车产业深度研究报告："},"time3":{"value":"2019/10/23 14:20:10"},"thing5":{"value":"rdgztest_KIGNVT"}}}

[[[自动注册扩展缓存完成]]]
[2019/11/01 20:48:42.6565]
[线程：1]
注册总用时：14.7125ms
自动扫描程序集：0个
扩展缓存：

[[[微信扩展缓存注册完成]]]
[2019/11/01 20:48:42.9709]
[线程：1]
微信扩展缓存注册总用时：80.1785ms
扩展缓存：Senparc.Weixin.Cache.LocalContainerCacheStrategy
Senparc.Weixin.Cache.Redis.RedisContainerCacheStrategy

[[[接口调用]]]
[2019/11/01 20:49:08.5511]
[线程：21]
	URL：https://api.weixin.qq.com/cgi-bin/message/subscribe/send?access_token=27_QtupjujcBxoLbNffSybr0sFTNyuePUxDYyyNdjZz8CRH3mtlGWZ5wEekOApwe7lqDTXoVAYG442-WbdUW1CwBjqAra8-AIW5sgdEnLXYHKW9L4ic73GQu0AlrFZK8K6kFZEpYDt_Qx9OGRk2PZVgAIASCY
	Post Data：
{"touser":"o4Uv25ee41SIoIbaNP8CM4XQUBJ0","template_id":"Tv-x4vvl0Q-2we-GQoJ6Bp0dZGkBWi58LOSTVdWUbP8","page":"pages/ViewMe/list","data":{"thing1":{"value":"招聘轮胎检测"},"thing2":{"value":"招聘轮胎检测"},"time3":{"value":"2019/10/29 17:11:37"},"thing5":{"value":"改变方式"}}}

[[[ErrorJsonResultException]]]
[2019/11/01 20:49:08.8125]
[线程：21]
	ErrorJsonResultException
	AccessTokenOrAppId：null
	URL：https://api.weixin.qq.com/cgi-bin/message/subscribe/send?access_token=27_QtupjujcBxoLbNffSybr0sFTNyuePUxDYyyNdjZz8CRH3mtlGWZ5wEekOApwe7lqDTXoVAYG442-WbdUW1CwBjqAra8-AIW5sgdEnLXYHKW9L4ic73GQu0AlrFZK8K6kFZEpYDt_Qx9OGRk2PZVgAIASCY
	errcode：用户拒绝接受消息
	errmsg：user refuse to accept the msg hint: [KPV2FA05473949]

[[[接口调用]]]
[2019/11/01 20:49:45.9613]
[线程：21]
	URL：https://api.weixin.qq.com/cgi-bin/message/subscribe/send?access_token=27_QtupjujcBxoLbNffSybr0sFTNyuePUxDYyyNdjZz8CRH3mtlGWZ5wEekOApwe7lqDTXoVAYG442-WbdUW1CwBjqAra8-AIW5sgdEnLXYHKW9L4ic73GQu0AlrFZK8K6kFZEpYDt_Qx9OGRk2PZVgAIASCY
	Post Data：
{"touser":"o4Uv25ee41SIoIbaNP8CM4XQUBJ0","template_id":"Tv-x4vvl0Q-2we-GQoJ6Bp0dZGkBWi58LOSTVdWUbP8","page":"pages/ViewMe/list","data":{"thing1":{"value":"急需汽车轮胎材料"},"thing2":{"value":"急需汽车轮胎材料"},"time3":{"value":"2019/10/23 14:22:43"},"thing5":{"value":"陈青文越邦科技"}}}

