[[[自动注册扩展缓存完成]]]
[2019/11/21 14:26:25.4811]
[线程：1]
注册总用时：9.4198ms
自动扫描程序集：0个
扩展缓存：

[[[微信扩展缓存注册完成]]]
[2019/11/21 14:26:25.9678]
[线程：1]
微信扩展缓存注册总用时：205.3866ms
扩展缓存：Senparc.Weixin.Cache.LocalContainerCacheStrategy
Senparc.Weixin.Cache.Redis.RedisContainerCacheStrategy

[[[自动注册扩展缓存完成]]]
[2019/11/21 14:27:57.6982]
[线程：1]
注册总用时：7.9736ms
自动扫描程序集：0个
扩展缓存：

[[[微信扩展缓存注册完成]]]
[2019/11/21 14:27:57.9494]
[线程：1]
微信扩展缓存注册总用时：68.7026ms
扩展缓存：Senparc.Weixin.Cache.LocalContainerCacheStrategy
Senparc.Weixin.Cache.Redis.RedisContainerCacheStrategy

[[[自动注册扩展缓存完成]]]
[2019/11/21 14:46:49.8550]
[线程：1]
注册总用时：7.489800000000001ms
自动扫描程序集：0个
扩展缓存：

[[[微信扩展缓存注册完成]]]
[2019/11/21 14:46:50.1320]
[线程：1]
微信扩展缓存注册总用时：65.5575ms
扩展缓存：Senparc.Weixin.Cache.LocalContainerCacheStrategy
Senparc.Weixin.Cache.Redis.RedisContainerCacheStrategy

