[[[自动注册扩展缓存完成]]]
[2019/11/14 08:49:09.5950]
[线程：1]
注册总用时：9.9778ms
自动扫描程序集：0个
扩展缓存：

[[[微信扩展缓存注册完成]]]
[2019/11/14 08:49:09.9630]
[线程：1]
微信扩展缓存注册总用时：82.0521ms
扩展缓存：Senparc.Weixin.Cache.LocalContainerCacheStrategy
Senparc.Weixin.Cache.Redis.RedisContainerCacheStrategy

[[[自动注册扩展缓存完成]]]
[2019/11/14 09:09:10.8110]
[线程：1]
注册总用时：10.610000000000001ms
自动扫描程序集：0个
扩展缓存：

[[[微信扩展缓存注册完成]]]
[2019/11/14 09:09:11.0781]
[线程：1]
微信扩展缓存注册总用时：64.8834ms
扩展缓存：Senparc.Weixin.Cache.LocalContainerCacheStrategy
Senparc.Weixin.Cache.Redis.RedisContainerCacheStrategy

[[[自动注册扩展缓存完成]]]
[2019/11/14 10:01:00.5632]
[线程：1]
注册总用时：6.4545ms
自动扫描程序集：0个
扩展缓存：

[[[微信扩展缓存注册完成]]]
[2019/11/14 10:01:01.0686]
[线程：1]
微信扩展缓存注册总用时：164.8747ms
扩展缓存：Senparc.Weixin.Cache.LocalContainerCacheStrategy
Senparc.Weixin.Cache.Redis.RedisContainerCacheStrategy

[[[自动注册扩展缓存完成]]]
[2019/11/14 10:04:45.0776]
[线程：1]
注册总用时：7.0312ms
自动扫描程序集：0个
扩展缓存：

[[[微信扩展缓存注册完成]]]
[2019/11/14 10:04:45.3596]
[线程：1]
微信扩展缓存注册总用时：70.7571ms
扩展缓存：Senparc.Weixin.Cache.LocalContainerCacheStrategy
Senparc.Weixin.Cache.Redis.RedisContainerCacheStrategy

