[[[自动注册扩展缓存完成]]]
[2019-09-15 10:04:20.3954]
[线程：1]
注册总用时：32.0459ms
自动扫描程序集：0个
扩展缓存：

[[[微信扩展缓存注册完成]]]
[2019-09-15 10:04:21.1210]
[线程：1]
微信扩展缓存注册总用时：155.3024ms
扩展缓存：Senparc.Weixin.Cache.LocalContainerCacheStrategy
Senparc.Weixin.Cache.Redis.RedisContainerCacheStrategy

[[[自动注册扩展缓存完成]]]
[2019-09-15 14:32:16.9496]
[线程：1]
注册总用时：39.9408ms
自动扫描程序集：0个
扩展缓存：

[[[微信扩展缓存注册完成]]]
[2019-09-15 14:32:17.8195]
[线程：1]
微信扩展缓存注册总用时：149.8656ms
扩展缓存：Senparc.Weixin.Cache.LocalContainerCacheStrategy
Senparc.Weixin.Cache.Redis.RedisContainerCacheStrategy

[[[自动注册扩展缓存完成]]]
[2019-09-15 17:42:14.4946]
[线程：1]
注册总用时：120.02560000000001ms
自动扫描程序集：0个
扩展缓存：

[[[微信扩展缓存注册完成]]]
[2019-09-15 17:42:17.7212]
[线程：1]
微信扩展缓存注册总用时：933.9204000000001ms
扩展缓存：Senparc.Weixin.Cache.LocalContainerCacheStrategy
Senparc.Weixin.Cache.Redis.RedisContainerCacheStrategy

[[[自动注册扩展缓存完成]]]
[2019-09-15 18:00:02.6509]
[线程：1]
注册总用时：33.96ms
自动扫描程序集：0个
扩展缓存：

[[[微信扩展缓存注册完成]]]
[2019-09-15 18:00:06.5234]
[线程：1]
微信扩展缓存注册总用时：477.4121ms
扩展缓存：Senparc.Weixin.Cache.LocalContainerCacheStrategy
Senparc.Weixin.Cache.Redis.RedisContainerCacheStrategy

[[[自动注册扩展缓存完成]]]
[2019-09-15 18:12:57.6454]
[线程：1]
注册总用时：31.3809ms
自动扫描程序集：0个
扩展缓存：

[[[微信扩展缓存注册完成]]]
[2019-09-15 18:12:58.0686]
[线程：1]
微信扩展缓存注册总用时：179.75750000000002ms
扩展缓存：Senparc.Weixin.Cache.LocalContainerCacheStrategy
Senparc.Weixin.Cache.Redis.RedisContainerCacheStrategy

[[[自动注册扩展缓存完成]]]
[2019-09-15 19:30:32.9200]
[线程：1]
注册总用时：52.525000000000006ms
自动扫描程序集：0个
扩展缓存：

[[[微信扩展缓存注册完成]]]
[2019-09-15 19:30:34.3386]
[线程：1]
微信扩展缓存注册总用时：281.09540000000004ms
扩展缓存：Senparc.Weixin.Cache.LocalContainerCacheStrategy
Senparc.Weixin.Cache.Redis.RedisContainerCacheStrategy

[[[自动注册扩展缓存完成]]]
[2019-09-15 21:31:23.0700]
[线程：1]
注册总用时：42.447300000000006ms
自动扫描程序集：0个
扩展缓存：

[[[微信扩展缓存注册完成]]]
[2019-09-15 21:31:26.0671]
[线程：1]
微信扩展缓存注册总用时：1556.8508000000002ms
扩展缓存：Senparc.Weixin.Cache.LocalContainerCacheStrategy
Senparc.Weixin.Cache.Redis.RedisContainerCacheStrategy

