[[[自动注册扩展缓存完成]]]
[2019/11/19 16:04:01.5319]
[线程：1]
注册总用时：43.4114ms
自动扫描程序集：0个
扩展缓存：

[[[微信扩展缓存注册完成]]]
[2019/11/19 16:04:02.2215]
[线程：1]
微信扩展缓存注册总用时：255.8929ms
扩展缓存：Senparc.Weixin.Cache.LocalContainerCacheStrategy
Senparc.Weixin.Cache.Redis.RedisContainerCacheStrategy

[[[接口调用]]]
[2019/11/19 16:04:25.1852]
[线程：8]
	URL：https://api.weixin.qq.com/sns/jscode2session?appid=wx3821f908eabc524d&secret=25aa4e5a28cb4954c7de7144445cdc55&js_code=001ollVd0ppDBu1ymNUd0XEaVd0ollVa&grant_type=authorization_code
	Result：
{"session_key":"92bg60wMBJE9uufOlBvc5Q==","openid":"o4Uv25WxCveS6QYtBK0xhYeWiZK0"}

[[[接口调用]]]
[2019/11/19 16:05:07.6747]
[线程：35]
	URL：https://api.weixin.qq.com/sns/jscode2session?appid=wx3821f908eabc524d&secret=25aa4e5a28cb4954c7de7144445cdc55&js_code=0714xR3l0dir7s1HAk0l0wxL3l04xR3I&grant_type=authorization_code
	Result：
{"session_key":"92bg60wMBJE9uufOlBvc5Q==","openid":"o4Uv25WxCveS6QYtBK0xhYeWiZK0"}

[[[接口调用]]]
[2019/11/19 16:05:20.4286]
[线程：36]
	URL：https://api.weixin.qq.com/sns/jscode2session?appid=wx3821f908eabc524d&secret=25aa4e5a28cb4954c7de7144445cdc55&js_code=0119D76R0NB0G628Tl9R0Wop6R09D76L&grant_type=authorization_code
	Result：
{"session_key":"92bg60wMBJE9uufOlBvc5Q==","openid":"o4Uv25WxCveS6QYtBK0xhYeWiZK0"}

[[[WeixinException]]]
[2019/11/19 16:07:08.1483]
[线程：45]
	WxOpenException
	AccessTokenOrAppId：
	Message：SessionId无效
	StackTrace：

[[[WeixinException]]]
[2019/11/19 16:07:45.4446]
[线程：45]
	WxOpenException
	AccessTokenOrAppId：
	Message：SessionId无效
	StackTrace：

[[[接口调用]]]
[2019/11/19 16:08:07.2575]
[线程：45]
	URL：https://api.weixin.qq.com/wxa/msg_sec_check?access_token=27_meyj3EsrKXrRVJ-rMSye9xBcOP30AWZOVSydoNQQkQLiogS4iS4lqxUqWxedhNbrWttUtFCwIVlLh0u1PEg25LDuOJWDdxfloLBJ3J56seV1whrumGFb47isKgJ4msqbtejrgpYDJY2JHdszQOSeAGAVTX
	Post Data：
{"content":"陈青文上海越邦网络科技有限公司http://www.yuebon.com13524343287cqinwn@qq.comcqinwn"}

[[[接口调用]]]
[2019/11/19 16:08:12.0297]
[线程：54]
	URL：https://api.weixin.qq.com/sns/jscode2session?appid=wx3821f908eabc524d&secret=25aa4e5a28cb4954c7de7144445cdc55&js_code=001KdWWf0dZpex1dk0Uf0wvdXf0KdWWO&grant_type=authorization_code
	Result：
{"session_key":"Xl4WpGOOtmjzJ8B8Vsb8nQ==","openid":"o4Uv25WxCveS6QYtBK0xhYeWiZK0"}

[[[WeixinException]]]
[2019/11/19 16:08:29.6831]
[线程：19]
	WxOpenException
	AccessTokenOrAppId：
	Message：SessionId无效
	StackTrace：

[[[接口调用]]]
[2019/11/19 16:12:40.3800]
[线程：60]
	URL：https://api.weixin.qq.com/sns/jscode2session?appid=wx3821f908eabc524d&secret=25aa4e5a28cb4954c7de7144445cdc55&js_code=001iQOE220pFbV08hQC22kzyE22iQOER&grant_type=authorization_code
	Result：
{"session_key":"4ZusFshLMGazz8\/N8QMfdg==","openid":"o4Uv25WxCveS6QYtBK0xhYeWiZK0"}

[[[接口调用]]]
[2019/11/19 16:12:44.9401]
[线程：45]
	URL：https://api.weixin.qq.com/sns/jscode2session?appid=wx3821f908eabc524d&secret=25aa4e5a28cb4954c7de7144445cdc55&js_code=081OMYd62ptENR0XcFf62c2zd62OMYdv&grant_type=authorization_code
	Result：
{"session_key":"4ZusFshLMGazz8\/N8QMfdg==","openid":"o4Uv25WxCveS6QYtBK0xhYeWiZK0"}

[[[接口调用]]]
[2019/11/19 16:12:47.1885]
[线程：60]
	URL：https://api.weixin.qq.com/sns/jscode2session?appid=wx3821f908eabc524d&secret=25aa4e5a28cb4954c7de7144445cdc55&js_code=001YATzQ0VHJg72Xh5yQ0gwLzQ0YATzb&grant_type=authorization_code
	Result：
{"session_key":"4ZusFshLMGazz8\/N8QMfdg==","openid":"o4Uv25WxCveS6QYtBK0xhYeWiZK0"}

[[[WeixinException]]]
[2019/11/19 16:12:54.4220]
[线程：45]
	WxOpenException
	AccessTokenOrAppId：
	Message：SessionId无效
	StackTrace：

[[[接口调用]]]
[2019/11/19 16:13:26.2855]
[线程：30]
	URL：https://api.weixin.qq.com/sns/jscode2session?appid=wx3821f908eabc524d&secret=25aa4e5a28cb4954c7de7144445cdc55&js_code=061TLBnX0PJhVV1djtlX0X4JnX0TLBnD&grant_type=authorization_code
	Result：
{"session_key":"4ZusFshLMGazz8\/N8QMfdg==","openid":"o4Uv25WxCveS6QYtBK0xhYeWiZK0"}

[[[WeixinException]]]
[2019/11/19 16:14:07.0437]
[线程：45]
	WxOpenException
	AccessTokenOrAppId：
	Message：SessionId无效
	StackTrace：

[[[WeixinException]]]
[2019/11/19 16:16:49.7757]
[线程：45]
	WxOpenException
	AccessTokenOrAppId：
	Message：SessionId无效
	StackTrace：

[[[接口调用]]]
[2019/11/19 16:19:58.6698]
[线程：59]
	URL：https://api.weixin.qq.com/sns/jscode2session?appid=wx3821f908eabc524d&secret=25aa4e5a28cb4954c7de7144445cdc55&js_code=02140c2W1StewX0iup2W1kSk2W140c2Y&grant_type=authorization_code
	Result：
{"session_key":"2jfoNMSdOGOxK7NIDrw+8g==","openid":"o4Uv25WxCveS6QYtBK0xhYeWiZK0"}

[[[接口调用]]]
[2019/11/19 16:19:58.8133]
[线程：45]
	URL：https://api.weixin.qq.com/sns/jscode2session?appid=wx3821f908eabc524d&secret=25aa4e5a28cb4954c7de7144445cdc55&js_code=07173K7d1mpZiA0RJl7d15IH7d173K77&grant_type=authorization_code
	Result：
{"session_key":"2jfoNMSdOGOxK7NIDrw+8g==","openid":"o4Uv25WxCveS6QYtBK0xhYeWiZK0"}

[[[接口调用]]]
[2019/11/19 16:19:59.0992]
[线程：37]
	URL：https://api.weixin.qq.com/sns/jscode2session?appid=wx3821f908eabc524d&secret=25aa4e5a28cb4954c7de7144445cdc55&js_code=081NRAtH07VPkg2fjVtH0d3xtH0NRAt9&grant_type=authorization_code
	Result：
{"session_key":"2jfoNMSdOGOxK7NIDrw+8g==","openid":"o4Uv25WxCveS6QYtBK0xhYeWiZK0"}

[[[接口调用]]]
[2019/11/19 16:19:59.1453]
[线程：33]
	URL：https://api.weixin.qq.com/sns/jscode2session?appid=wx3821f908eabc524d&secret=25aa4e5a28cb4954c7de7144445cdc55&js_code=081gSmXM0s0gTa2KnEUM07WLXM0gSmX6&grant_type=authorization_code
	Result：
{"session_key":"2jfoNMSdOGOxK7NIDrw+8g==","openid":"o4Uv25WxCveS6QYtBK0xhYeWiZK0"}

[[[接口调用]]]
[2019/11/19 16:20:08.5884]
[线程：37]
	URL：https://api.weixin.qq.com/sns/jscode2session?appid=wx3821f908eabc524d&secret=25aa4e5a28cb4954c7de7144445cdc55&js_code=0219tGSi28VYlA0eAkSi2d3ASi29tGS4&grant_type=authorization_code
	Result：
{"session_key":"zN7d7jTQhX4ks3WuzA9gGg==","openid":"o4Uv25WxCveS6QYtBK0xhYeWiZK0"}

[[[接口调用]]]
[2019/11/19 16:20:12.1094]
[线程：19]
	URL：https://api.weixin.qq.com/sns/jscode2session?appid=wx3821f908eabc524d&secret=25aa4e5a28cb4954c7de7144445cdc55&js_code=081mSKRw08Z0Xb1DGbSw0oMJRw0mSKR7&grant_type=authorization_code
	Result：
{"session_key":"zN7d7jTQhX4ks3WuzA9gGg==","openid":"o4Uv25WxCveS6QYtBK0xhYeWiZK0"}

[[[接口调用]]]
[2019/11/19 16:26:34.4948]
[线程：48]
	URL：https://api.weixin.qq.com/sns/jscode2session?appid=wx3821f908eabc524d&secret=25aa4e5a28cb4954c7de7144445cdc55&js_code=011OB2hJ1ekx940HYSeJ16EfhJ1OB2h-&grant_type=authorization_code
	Result：
{"session_key":"PqNKY3Hwl4kwV6rFynjMIQ==","openid":"o4Uv25WxCveS6QYtBK0xhYeWiZK0"}

[[[接口调用]]]
[2019/11/19 16:26:49.0560]
[线程：48]
	URL：https://api.weixin.qq.com/sns/jscode2session?appid=wx3821f908eabc524d&secret=25aa4e5a28cb4954c7de7144445cdc55&js_code=0217JsWE0yjCme2pviUE0TwaWE07JsWc&grant_type=authorization_code
	Result：
{"session_key":"PqNKY3Hwl4kwV6rFynjMIQ==","openid":"o4Uv25WxCveS6QYtBK0xhYeWiZK0"}

[[[接口调用]]]
[2019/11/19 16:26:53.3101]
[线程：19]
	URL：https://api.weixin.qq.com/sns/jscode2session?appid=wx3821f908eabc524d&secret=25aa4e5a28cb4954c7de7144445cdc55&js_code=001qb27P1NqtJ81dOE3P1kd67P1qb27P&grant_type=authorization_code
	Result：
{"session_key":"PqNKY3Hwl4kwV6rFynjMIQ==","openid":"o4Uv25WxCveS6QYtBK0xhYeWiZK0"}

[[[接口调用]]]
[2019/11/19 16:26:57.5208]
[线程：57]
	URL：https://api.weixin.qq.com/sns/jscode2session?appid=wx3821f908eabc524d&secret=25aa4e5a28cb4954c7de7144445cdc55&js_code=001WbfiC0314gh2ebhjC0rreiC0Wbfiz&grant_type=authorization_code
	Result：
{"session_key":"PqNKY3Hwl4kwV6rFynjMIQ==","openid":"o4Uv25WxCveS6QYtBK0xhYeWiZK0"}

[[[接口调用]]]
[2019/11/19 16:27:46.4009]
[线程：46]
	URL：https://api.weixin.qq.com/sns/jscode2session?appid=wx3821f908eabc524d&secret=25aa4e5a28cb4954c7de7144445cdc55&js_code=061MWv372QPB4R03mh0723OG372MWv3E&grant_type=authorization_code
	Result：
{"session_key":"PqNKY3Hwl4kwV6rFynjMIQ==","openid":"o4Uv25WxCveS6QYtBK0xhYeWiZK0"}

[[[接口调用]]]
[2019/11/19 16:29:57.8402]
[线程：57]
	URL：https://api.weixin.qq.com/sns/jscode2session?appid=wx3821f908eabc524d&secret=25aa4e5a28cb4954c7de7144445cdc55&js_code=071VXs7F1duhX70Ddz8F1O7n7F1VXs7Z&grant_type=authorization_code
	Result：
{"session_key":"NmbP\/1d2EuarCHHQPV1XrQ==","openid":"o4Uv25WxCveS6QYtBK0xhYeWiZK0"}

[[[接口调用]]]
[2019/11/19 16:30:07.0596]
[线程：52]
	URL：https://api.weixin.qq.com/sns/jscode2session?appid=wx3821f908eabc524d&secret=25aa4e5a28cb4954c7de7144445cdc55&js_code=071ky64F0dFbue2z012F0SS44F0ky645&grant_type=authorization_code
	Result：
{"session_key":"NmbP\/1d2EuarCHHQPV1XrQ==","openid":"o4Uv25WxCveS6QYtBK0xhYeWiZK0"}

[[[接口调用]]]
[2019/11/19 16:30:10.5600]
[线程：18]
	URL：https://api.weixin.qq.com/sns/jscode2session?appid=wx3821f908eabc524d&secret=25aa4e5a28cb4954c7de7144445cdc55&js_code=071eg8iR1EkHY11r1YgR1W59iR1eg8ic&grant_type=authorization_code
	Result：
{"session_key":"NmbP\/1d2EuarCHHQPV1XrQ==","openid":"o4Uv25WxCveS6QYtBK0xhYeWiZK0"}

[[[接口调用]]]
[2019/11/19 16:31:53.8350]
[线程：37]
	URL：https://api.weixin.qq.com/sns/jscode2session?appid=wx3821f908eabc524d&secret=25aa4e5a28cb4954c7de7144445cdc55&js_code=001m4YYW184HR012fnZW1XWUYW1m4YYG&grant_type=authorization_code
	Result：
{"session_key":"NmbP\/1d2EuarCHHQPV1XrQ==","openid":"o4Uv25WxCveS6QYtBK0xhYeWiZK0"}

[[[接口调用]]]
[2019/11/19 16:32:00.1061]
[线程：52]
	URL：https://api.weixin.qq.com/sns/jscode2session?appid=wx3821f908eabc524d&secret=25aa4e5a28cb4954c7de7144445cdc55&js_code=061CC4zb1oNr2x0rxRwb1Bp0zb1CC4zQ&grant_type=authorization_code
	Result：
{"session_key":"EaE1Llezjy8+nBDWTqLCNA==","openid":"o4Uv25WxCveS6QYtBK0xhYeWiZK0"}

[[[接口调用]]]
[2019/11/19 16:32:03.3439]
[线程：5]
	URL：https://api.weixin.qq.com/sns/jscode2session?appid=wx3821f908eabc524d&secret=25aa4e5a28cb4954c7de7144445cdc55&js_code=011P0YA224A7xV0Flry22ty2B22P0YA1&grant_type=authorization_code
	Result：
{"session_key":"EaE1Llezjy8+nBDWTqLCNA==","openid":"o4Uv25WxCveS6QYtBK0xhYeWiZK0"}

[[[接口调用]]]
[2019/11/19 16:33:17.9566]
[线程：56]
	URL：https://api.weixin.qq.com/sns/jscode2session?appid=wx3821f908eabc524d&secret=25aa4e5a28cb4954c7de7144445cdc55&js_code=071BUwHj1FrYGt0RWQHj18UbHj1BUwH0&grant_type=authorization_code
	Result：
{"session_key":"EaE1Llezjy8+nBDWTqLCNA==","openid":"o4Uv25WxCveS6QYtBK0xhYeWiZK0"}

[[[接口调用]]]
[2019/11/19 16:33:25.5700]
[线程：56]
	URL：https://api.weixin.qq.com/sns/jscode2session?appid=wx3821f908eabc524d&secret=25aa4e5a28cb4954c7de7144445cdc55&js_code=081Xgnq02tM9OS0u7Gq024fJq02Xgnqg&grant_type=authorization_code
	Result：
{"session_key":"EaE1Llezjy8+nBDWTqLCNA==","openid":"o4Uv25WxCveS6QYtBK0xhYeWiZK0"}

[[[接口调用]]]
[2019/11/19 16:33:35.8711]
[线程：56]
	URL：https://api.weixin.qq.com/sns/jscode2session?appid=wx3821f908eabc524d&secret=25aa4e5a28cb4954c7de7144445cdc55&js_code=0611jk6X0hVzcW1ROT4X0vKj6X01jk6y&grant_type=authorization_code
	Result：
{"session_key":"EaE1Llezjy8+nBDWTqLCNA==","openid":"o4Uv25WxCveS6QYtBK0xhYeWiZK0"}

[[[接口调用]]]
[2019/11/19 16:35:33.0505]
[线程：56]
	URL：https://api.weixin.qq.com/sns/jscode2session?appid=wx3821f908eabc524d&secret=25aa4e5a28cb4954c7de7144445cdc55&js_code=0110WMuG09WH5d2XTAtG03gAuG00WMup&grant_type=authorization_code
	Result：
{"session_key":"2J2exMe\/kP0KJVFALSLheA==","openid":"o4Uv25WxCveS6QYtBK0xhYeWiZK0"}

[[[接口调用]]]
[2019/11/19 16:35:43.9057]
[线程：32]
	URL：https://api.weixin.qq.com/sns/jscode2session?appid=wx3821f908eabc524d&secret=25aa4e5a28cb4954c7de7144445cdc55&js_code=021HoMpK19n8330kEgpK1XyMpK1HoMp-&grant_type=authorization_code
	Result：
{"session_key":"2J2exMe\/kP0KJVFALSLheA==","openid":"o4Uv25WxCveS6QYtBK0xhYeWiZK0"}

[[[接口调用]]]
[2019/11/19 16:35:46.9125]
[线程：32]
	URL：https://api.weixin.qq.com/sns/jscode2session?appid=wx3821f908eabc524d&secret=25aa4e5a28cb4954c7de7144445cdc55&js_code=021R2GKt1Af3Te0MCAJt1AcAKt1R2GKN&grant_type=authorization_code
	Result：
{"session_key":"2J2exMe\/kP0KJVFALSLheA==","openid":"o4Uv25WxCveS6QYtBK0xhYeWiZK0"}

[[[接口调用]]]
[2019/11/19 16:40:16.8282]
[线程：33]
	URL：https://api.weixin.qq.com/sns/jscode2session?appid=wx3821f908eabc524d&secret=25aa4e5a28cb4954c7de7144445cdc55&js_code=021QqGQJ0HbfD92HsOQJ0mVHQJ0QqGQp&grant_type=authorization_code
	Result：
{"session_key":"VpXjoCPH2Ui0HjbgWKN6lQ==","openid":"o4Uv25WxCveS6QYtBK0xhYeWiZK0"}

[[[接口调用]]]
[2019/11/19 16:40:20.2672]
[线程：32]
	URL：https://api.weixin.qq.com/sns/jscode2session?appid=wx3821f908eabc524d&secret=25aa4e5a28cb4954c7de7144445cdc55&js_code=0811AVCa1PLVqN12KMDa1OTUCa11AVCx&grant_type=authorization_code
	Result：
{"session_key":"VpXjoCPH2Ui0HjbgWKN6lQ==","openid":"o4Uv25WxCveS6QYtBK0xhYeWiZK0"}

[[[接口调用]]]
[2019/11/19 16:40:23.0504]
[线程：80]
	URL：https://api.weixin.qq.com/sns/jscode2session?appid=wx3821f908eabc524d&secret=25aa4e5a28cb4954c7de7144445cdc55&js_code=071cO6eb1l55Hx0oOKcb1FJ0eb1cO6eX&grant_type=authorization_code
	Result：
{"session_key":"VpXjoCPH2Ui0HjbgWKN6lQ==","openid":"o4Uv25WxCveS6QYtBK0xhYeWiZK0"}

[[[接口调用]]]
[2019/11/19 16:41:14.3501]
[线程：61]
	URL：https://api.weixin.qq.com/sns/jscode2session?appid=wx3821f908eabc524d&secret=25aa4e5a28cb4954c7de7144445cdc55&js_code=021JMoMi2PQVpA0F9JPi2bjLMi2JMoM6&grant_type=authorization_code
	Result：
{"session_key":"VpXjoCPH2Ui0HjbgWKN6lQ==","openid":"o4Uv25WxCveS6QYtBK0xhYeWiZK0"}

[[[接口调用]]]
[2019/11/19 16:41:24.7131]
[线程：61]
	URL：https://api.weixin.qq.com/sns/jscode2session?appid=wx3821f908eabc524d&secret=25aa4e5a28cb4954c7de7144445cdc55&js_code=001drbEk2EFupD0SUHEk2Oa0Ek2drbEQ&grant_type=authorization_code
	Result：
{"session_key":"VpXjoCPH2Ui0HjbgWKN6lQ==","openid":"o4Uv25WxCveS6QYtBK0xhYeWiZK0"}

[[[接口调用]]]
[2019/11/19 16:41:49.6838]
[线程：70]
	URL：https://api.weixin.qq.com/sns/jscode2session?appid=wx3821f908eabc524d&secret=25aa4e5a28cb4954c7de7144445cdc55&js_code=001PLvT12VPX7W0D2AT12appT12PLvTk&grant_type=authorization_code
	Result：
{"session_key":"VpXjoCPH2Ui0HjbgWKN6lQ==","openid":"o4Uv25WxCveS6QYtBK0xhYeWiZK0"}

[[[接口调用]]]
[2019/11/19 16:41:53.0585]
[线程：35]
	URL：https://api.weixin.qq.com/sns/jscode2session?appid=wx3821f908eabc524d&secret=25aa4e5a28cb4954c7de7144445cdc55&js_code=081nfJcw1inYdh0v5Caw1MjOcw1nfJco&grant_type=authorization_code
	Result：
{"session_key":"VpXjoCPH2Ui0HjbgWKN6lQ==","openid":"o4Uv25WxCveS6QYtBK0xhYeWiZK0"}

[[[接口调用]]]
[2019/11/19 16:41:56.0097]
[线程：68]
	URL：https://api.weixin.qq.com/sns/jscode2session?appid=wx3821f908eabc524d&secret=25aa4e5a28cb4954c7de7144445cdc55&js_code=071zM5eE070ZTj2Wf3eE0mxleE0zM5ee&grant_type=authorization_code
	Result：
{"session_key":"VpXjoCPH2Ui0HjbgWKN6lQ==","openid":"o4Uv25WxCveS6QYtBK0xhYeWiZK0"}

[[[接口调用]]]
[2019/11/19 16:43:10.8774]
[线程：68]
	URL：https://api.weixin.qq.com/sns/jscode2session?appid=wx3821f908eabc524d&secret=25aa4e5a28cb4954c7de7144445cdc55&js_code=011nn4ms16WRKk0Rubls1cKYls1nn4mc&grant_type=authorization_code
	Result：
{"session_key":"49vyN09wLL6Db+L4+o815g==","openid":"o4Uv25WxCveS6QYtBK0xhYeWiZK0"}

[[[接口调用]]]
[2019/11/19 16:46:13.8465]
[线程：70]
	URL：https://api.weixin.qq.com/sns/jscode2session?appid=wx3821f908eabc524d&secret=25aa4e5a28cb4954c7de7144445cdc55&js_code=001gahYR0cH0Q5206uZR0vX1YR0gahY8&grant_type=authorization_code
	Result：
{"session_key":"\/2SUWgvxjlrxIr26vE4NEg==","openid":"o4Uv25WxCveS6QYtBK0xhYeWiZK0"}

[[[接口调用]]]
[2019/11/19 16:46:18.6162]
[线程：61]
	URL：https://api.weixin.qq.com/sns/jscode2session?appid=wx3821f908eabc524d&secret=25aa4e5a28cb4954c7de7144445cdc55&js_code=021uBHNA03MAKi2q0iOA0SHLNA0uBHNz&grant_type=authorization_code
	Result：
{"session_key":"\/2SUWgvxjlrxIr26vE4NEg==","openid":"o4Uv25WxCveS6QYtBK0xhYeWiZK0"}

[[[接口调用]]]
[2019/11/19 16:46:21.6532]
[线程：61]
	URL：https://api.weixin.qq.com/sns/jscode2session?appid=wx3821f908eabc524d&secret=25aa4e5a28cb4954c7de7144445cdc55&js_code=011XSscG1YRkU60K96dG1DWrcG1XSsch&grant_type=authorization_code
	Result：
{"session_key":"\/2SUWgvxjlrxIr26vE4NEg==","openid":"o4Uv25WxCveS6QYtBK0xhYeWiZK0"}

[[[接口调用]]]
[2019/11/19 16:46:49.6023]
[线程：74]
	URL：https://api.weixin.qq.com/sns/jscode2session?appid=wx3821f908eabc524d&secret=25aa4e5a28cb4954c7de7144445cdc55&js_code=011goLHw0yWOVb1GE3Iw01VJHw0goLHY&grant_type=authorization_code
	Result：
{"session_key":"\/2SUWgvxjlrxIr26vE4NEg==","openid":"o4Uv25WxCveS6QYtBK0xhYeWiZK0"}

[[[接口调用]]]
[2019/11/19 16:46:53.8872]
[线程：61]
	URL：https://api.weixin.qq.com/sns/jscode2session?appid=wx3821f908eabc524d&secret=25aa4e5a28cb4954c7de7144445cdc55&js_code=021w9n1l0ahn3s1zxJ1l0w661l0w9n18&grant_type=authorization_code
	Result：
{"session_key":"\/2SUWgvxjlrxIr26vE4NEg==","openid":"o4Uv25WxCveS6QYtBK0xhYeWiZK0"}

[[[接口调用]]]
[2019/11/19 16:46:56.8153]
[线程：74]
	URL：https://api.weixin.qq.com/sns/jscode2session?appid=wx3821f908eabc524d&secret=25aa4e5a28cb4954c7de7144445cdc55&js_code=011YtumF1VRvM705OWmF1YMImF1Ytumf&grant_type=authorization_code
	Result：
{"session_key":"\/2SUWgvxjlrxIr26vE4NEg==","openid":"o4Uv25WxCveS6QYtBK0xhYeWiZK0"}

[[[接口调用]]]
[2019/11/19 16:47:50.1204]
[线程：58]
	URL：https://api.weixin.qq.com/sns/jscode2session?appid=wx3821f908eabc524d&secret=25aa4e5a28cb4954c7de7144445cdc55&js_code=0010Bs8v1oWrYh0O9R6v1IAa8v10Bs8f&grant_type=authorization_code
	Result：
{"session_key":"\/2SUWgvxjlrxIr26vE4NEg==","openid":"o4Uv25WxCveS6QYtBK0xhYeWiZK0"}

[[[接口调用]]]
[2019/11/19 16:47:53.2544]
[线程：31]
	URL：https://api.weixin.qq.com/sns/jscode2session?appid=wx3821f908eabc524d&secret=25aa4e5a28cb4954c7de7144445cdc55&js_code=061Z0TYu0EWfai1F0vXu0rN0Zu0Z0TYc&grant_type=authorization_code
	Result：
{"session_key":"\/2SUWgvxjlrxIr26vE4NEg==","openid":"o4Uv25WxCveS6QYtBK0xhYeWiZK0"}

[[[接口调用]]]
[2019/11/19 16:47:57.5499]
[线程：36]
	URL：https://api.weixin.qq.com/sns/jscode2session?appid=wx3821f908eabc524d&secret=25aa4e5a28cb4954c7de7144445cdc55&js_code=011IC0Mj25atfE0z5FOj2GaZLj2IC0ML&grant_type=authorization_code
	Result：
{"session_key":"\/2SUWgvxjlrxIr26vE4NEg==","openid":"o4Uv25WxCveS6QYtBK0xhYeWiZK0"}

[[[接口调用]]]
[2019/11/19 16:48:17.3026]
[线程：58]
	URL：https://api.weixin.qq.com/sns/jscode2session?appid=wx3821f908eabc524d&secret=25aa4e5a28cb4954c7de7144445cdc55&js_code=001yiuEu1NB2Xd0cZRBu1r8EEu1yiuEq&grant_type=authorization_code
	Result：
{"session_key":"moSHXTPxuf7o099Py1UdKQ==","openid":"o4Uv25WxCveS6QYtBK0xhYeWiZK0"}

[[[接口调用]]]
[2019/11/19 16:48:20.8231]
[线程：31]
	URL：https://api.weixin.qq.com/sns/jscode2session?appid=wx3821f908eabc524d&secret=25aa4e5a28cb4954c7de7144445cdc55&js_code=071kTv9R0JpxA62o9iaR0soL9R0kTv9k&grant_type=authorization_code
	Result：
{"session_key":"moSHXTPxuf7o099Py1UdKQ==","openid":"o4Uv25WxCveS6QYtBK0xhYeWiZK0"}

[[[接口调用]]]
[2019/11/19 16:48:24.5987]
[线程：31]
	URL：https://api.weixin.qq.com/sns/jscode2session?appid=wx3821f908eabc524d&secret=25aa4e5a28cb4954c7de7144445cdc55&js_code=081N0EUK1VK7y203TgRK1wgYUK1N0EU1&grant_type=authorization_code
	Result：
{"session_key":"moSHXTPxuf7o099Py1UdKQ==","openid":"o4Uv25WxCveS6QYtBK0xhYeWiZK0"}

[[[接口调用]]]
[2019/11/19 16:48:53.7754]
[线程：63]
	URL：https://api.weixin.qq.com/sns/jscode2session?appid=wx3821f908eabc524d&secret=25aa4e5a28cb4954c7de7144445cdc55&js_code=0119kSsj29DrlE0ii2tj2FL7tj29kSsk&grant_type=authorization_code
	Result：
{"session_key":"moSHXTPxuf7o099Py1UdKQ==","openid":"o4Uv25WxCveS6QYtBK0xhYeWiZK0"}

[[[接口调用]]]
[2019/11/19 16:48:57.0732]
[线程：56]
	URL：https://api.weixin.qq.com/sns/jscode2session?appid=wx3821f908eabc524d&secret=25aa4e5a28cb4954c7de7144445cdc55&js_code=081LdDeW1cIDhX0dfzgW12eIeW1LdDe4&grant_type=authorization_code
	Result：
{"session_key":"moSHXTPxuf7o099Py1UdKQ==","openid":"o4Uv25WxCveS6QYtBK0xhYeWiZK0"}

[[[接口调用]]]
[2019/11/19 16:48:59.6381]
[线程：56]
	URL：https://api.weixin.qq.com/sns/jscode2session?appid=wx3821f908eabc524d&secret=25aa4e5a28cb4954c7de7144445cdc55&js_code=021K8JX0062HDH1sMpX00TEKX00K8JX7&grant_type=authorization_code
	Result：
{"session_key":"moSHXTPxuf7o099Py1UdKQ==","openid":"o4Uv25WxCveS6QYtBK0xhYeWiZK0"}

[[[接口调用]]]
[2019/11/19 16:50:28.6611]
[线程：71]
	URL：https://api.weixin.qq.com/sns/jscode2session?appid=wx3821f908eabc524d&secret=25aa4e5a28cb4954c7de7144445cdc55&js_code=011c4A2H0SDIvc2sLp1H0UGU2H0c4A2b&grant_type=authorization_code
	Result：
{"session_key":"sxnVzr63lEt0atFuIgy+5w==","openid":"o4Uv25WxCveS6QYtBK0xhYeWiZK0"}

[[[接口调用]]]
[2019/11/19 16:50:35.6118]
[线程：58]
	URL：https://api.weixin.qq.com/sns/jscode2session?appid=wx3821f908eabc524d&secret=25aa4e5a28cb4954c7de7144445cdc55&js_code=021poT3u1v1rve0jPZ3u1oV34u1poT3V&grant_type=authorization_code
	Result：
{"session_key":"sxnVzr63lEt0atFuIgy+5w==","openid":"o4Uv25WxCveS6QYtBK0xhYeWiZK0"}

[[[接口调用]]]
[2019/11/19 16:50:42.8070]
[线程：58]
	URL：https://api.weixin.qq.com/sns/jscode2session?appid=wx3821f908eabc524d&secret=25aa4e5a28cb4954c7de7144445cdc55&js_code=081i9aGI1f0Da002wzGI1PEjGI1i9aGR&grant_type=authorization_code
	Result：
{"session_key":"sxnVzr63lEt0atFuIgy+5w==","openid":"o4Uv25WxCveS6QYtBK0xhYeWiZK0"}

[[[接口调用]]]
[2019/11/19 16:50:44.0620]
[线程：59]
	URL：https://api.weixin.qq.com/sns/jscode2session?appid=wx3821f908eabc524d&secret=25aa4e5a28cb4954c7de7144445cdc55&js_code=0016Vrlo1ipjik0TxAko1Przlo16Vrld&grant_type=authorization_code
	Result：
{"session_key":"sxnVzr63lEt0atFuIgy+5w==","openid":"o4Uv25WxCveS6QYtBK0xhYeWiZK0"}

[[[接口调用]]]
[2019/11/19 16:50:46.2443]
[线程：58]
	URL：https://api.weixin.qq.com/sns/jscode2session?appid=wx3821f908eabc524d&secret=25aa4e5a28cb4954c7de7144445cdc55&js_code=021zO9k40L31RI1VVBh4079Qj40zO9kG&grant_type=authorization_code
	Result：
{"session_key":"sxnVzr63lEt0atFuIgy+5w==","openid":"o4Uv25WxCveS6QYtBK0xhYeWiZK0"}

[[[接口调用]]]
[2019/11/19 16:51:51.6636]
[线程：61]
	URL：https://api.weixin.qq.com/sns/jscode2session?appid=wx3821f908eabc524d&secret=25aa4e5a28cb4954c7de7144445cdc55&js_code=071Zq6db2Vy9zM0kL6db2teVcb2Zq6dw&grant_type=authorization_code
	Result：
{"session_key":"sxnVzr63lEt0atFuIgy+5w==","openid":"o4Uv25WxCveS6QYtBK0xhYeWiZK0"}

[[[接口调用]]]
[2019/11/19 16:52:01.6592]
[线程：58]
	URL：https://api.weixin.qq.com/sns/jscode2session?appid=wx3821f908eabc524d&secret=25aa4e5a28cb4954c7de7144445cdc55&js_code=081lnAL60vjn5C1VWLL60QmaL60lnALJ&grant_type=authorization_code
	Result：
{"session_key":"sxnVzr63lEt0atFuIgy+5w==","openid":"o4Uv25WxCveS6QYtBK0xhYeWiZK0"}

[[[接口调用]]]
[2019/11/19 16:52:05.5235]
[线程：58]
	URL：https://api.weixin.qq.com/sns/jscode2session?appid=wx3821f908eabc524d&secret=25aa4e5a28cb4954c7de7144445cdc55&js_code=061k7Gyo0mh5gk1sffzo0lsCyo0k7Gyy&grant_type=authorization_code
	Result：
{"session_key":"sxnVzr63lEt0atFuIgy+5w==","openid":"o4Uv25WxCveS6QYtBK0xhYeWiZK0"}

[[[接口调用]]]
[2019/11/19 16:52:08.5454]
[线程：58]
	URL：https://api.weixin.qq.com/sns/jscode2session?appid=wx3821f908eabc524d&secret=25aa4e5a28cb4954c7de7144445cdc55&js_code=081oWhRf1P9QFs0BEcRf1eEzRf1oWhRt&grant_type=authorization_code
	Result：
{"session_key":"sxnVzr63lEt0atFuIgy+5w==","openid":"o4Uv25WxCveS6QYtBK0xhYeWiZK0"}

[[[接口调用]]]
[2019/11/19 16:54:17.4813]
[线程：58]
	URL：https://api.weixin.qq.com/sns/jscode2session?appid=wx3821f908eabc524d&secret=25aa4e5a28cb4954c7de7144445cdc55&js_code=061yaZJ71bSxQL1T8HI71hfSJ71yaZJU&grant_type=authorization_code
	Result：
{"session_key":"KZ4xP7Y6Y2FnmkM7BzUl7A==","openid":"o4Uv25WxCveS6QYtBK0xhYeWiZK0"}

[[[接口调用]]]
[2019/11/19 16:54:20.6751]
[线程：58]
	URL：https://api.weixin.qq.com/sns/jscode2session?appid=wx3821f908eabc524d&secret=25aa4e5a28cb4954c7de7144445cdc55&js_code=001ihl2D0BkhZk2ekp2D0N702D0ihl25&grant_type=authorization_code
	Result：
{"session_key":"KZ4xP7Y6Y2FnmkM7BzUl7A==","openid":"o4Uv25WxCveS6QYtBK0xhYeWiZK0"}

[[[接口调用]]]
[2019/11/19 16:54:23.4913]
[线程：67]
	URL：https://api.weixin.qq.com/sns/jscode2session?appid=wx3821f908eabc524d&secret=25aa4e5a28cb4954c7de7144445cdc55&js_code=061kGXAb2ZH9xM0DVlAb2dObBb2kGXAL&grant_type=authorization_code
	Result：
{"session_key":"KZ4xP7Y6Y2FnmkM7BzUl7A==","openid":"o4Uv25WxCveS6QYtBK0xhYeWiZK0"}

[[[WeixinException]]]
[2019/11/19 16:54:53.9291]
[线程：58]
	WxOpenException
	AccessTokenOrAppId：
	Message：SessionId无效
	StackTrace：

