[[[自动注册扩展缓存完成]]]
[2019/10/31 11:27:36.9160]
[线程：1]
注册总用时：8.262500000000001ms
自动扫描程序集：0个
扩展缓存：

[[[微信扩展缓存注册完成]]]
[2019/10/31 11:27:37.1127]
[线程：1]
微信扩展缓存注册总用时：41.8437ms
扩展缓存：Senparc.Weixin.Cache.LocalContainerCacheStrategy
Senparc.Weixin.Cache.Redis.RedisContainerCacheStrategy

[[[自动注册扩展缓存完成]]]
[2019/10/31 12:14:26.2099]
[线程：1]
注册总用时：6.1987000000000005ms
自动扫描程序集：0个
扩展缓存：

[[[微信扩展缓存注册完成]]]
[2019/10/31 12:14:26.2532]
[线程：1]
微信扩展缓存注册总用时：4.2871ms
扩展缓存：Senparc.Weixin.Cache.LocalContainerCacheStrategy
Senparc.Weixin.Cache.Redis.RedisContainerCacheStrategy

[[[自动注册扩展缓存完成]]]
[2019/10/31 12:15:36.9482]
[线程：1]
注册总用时：8.4351ms
自动扫描程序集：0个
扩展缓存：

[[[微信扩展缓存注册完成]]]
[2019/10/31 12:15:36.9982]
[线程：1]
微信扩展缓存注册总用时：7.5091ms
扩展缓存：Senparc.Weixin.Cache.LocalContainerCacheStrategy
Senparc.Weixin.Cache.Redis.RedisContainerCacheStrategy

[[[自动注册扩展缓存完成]]]
[2019/10/31 12:23:51.1647]
[线程：1]
注册总用时：8.1259ms
自动扫描程序集：0个
扩展缓存：

[[[微信扩展缓存注册完成]]]
[2019/10/31 12:23:51.3184]
[线程：1]
微信扩展缓存注册总用时：37.8781ms
扩展缓存：Senparc.Weixin.Cache.LocalContainerCacheStrategy
Senparc.Weixin.Cache.Redis.RedisContainerCacheStrategy

[[[自动注册扩展缓存完成]]]
[2019/10/31 12:37:08.9470]
[线程：1]
注册总用时：6.3849ms
自动扫描程序集：0个
扩展缓存：

[[[微信扩展缓存注册完成]]]
[2019/10/31 12:37:09.0412]
[线程：1]
微信扩展缓存注册总用时：13.0075ms
扩展缓存：Senparc.Weixin.Cache.LocalContainerCacheStrategy
Senparc.Weixin.Cache.Redis.RedisContainerCacheStrategy

[[[自动注册扩展缓存完成]]]
[2019/10/31 13:27:14.2484]
[线程：1]
注册总用时：11.117700000000001ms
自动扫描程序集：0个
扩展缓存：

[[[微信扩展缓存注册完成]]]
[2019/10/31 13:27:14.4420]
[线程：1]
微信扩展缓存注册总用时：28.1755ms
扩展缓存：Senparc.Weixin.Cache.LocalContainerCacheStrategy
Senparc.Weixin.Cache.Redis.RedisContainerCacheStrategy

[[[自动注册扩展缓存完成]]]
[2019/10/31 13:36:15.4171]
[线程：1]
注册总用时：14.9547ms
自动扫描程序集：0个
扩展缓存：

[[[微信扩展缓存注册完成]]]
[2019/10/31 13:36:16.0995]
[线程：1]
微信扩展缓存注册总用时：391.7282ms
扩展缓存：Senparc.Weixin.Cache.LocalContainerCacheStrategy
Senparc.Weixin.Cache.Redis.RedisContainerCacheStrategy

[[[自动注册扩展缓存完成]]]
[2019/10/31 13:39:56.6685]
[线程：1]
注册总用时：18.0579ms
自动扫描程序集：0个
扩展缓存：

[[[微信扩展缓存注册完成]]]
[2019/10/31 13:39:56.8872]
[线程：1]
微信扩展缓存注册总用时：21.9992ms
扩展缓存：Senparc.Weixin.Cache.LocalContainerCacheStrategy
Senparc.Weixin.Cache.Redis.RedisContainerCacheStrategy

[[[自动注册扩展缓存完成]]]
[2019/10/31 13:45:56.5433]
[线程：1]
注册总用时：13.6769ms
自动扫描程序集：0个
扩展缓存：

[[[微信扩展缓存注册完成]]]
[2019/10/31 13:45:56.7704]
[线程：1]
微信扩展缓存注册总用时：46.4724ms
扩展缓存：Senparc.Weixin.Cache.LocalContainerCacheStrategy
Senparc.Weixin.Cache.Redis.RedisContainerCacheStrategy

[[[自动注册扩展缓存完成]]]
[2019/10/31 14:02:14.4211]
[线程：1]
注册总用时：13.106ms
自动扫描程序集：0个
扩展缓存：

[[[微信扩展缓存注册完成]]]
[2019/10/31 14:02:14.5554]
[线程：1]
微信扩展缓存注册总用时：15.1654ms
扩展缓存：Senparc.Weixin.Cache.LocalContainerCacheStrategy
Senparc.Weixin.Cache.Redis.RedisContainerCacheStrategy

[[[自动注册扩展缓存完成]]]
[2019/10/31 14:13:31.4527]
[线程：1]
注册总用时：9.498700000000001ms
自动扫描程序集：0个
扩展缓存：

[[[微信扩展缓存注册完成]]]
[2019/10/31 14:13:31.6681]
[线程：1]
微信扩展缓存注册总用时：19.1980ms
扩展缓存：Senparc.Weixin.Cache.LocalContainerCacheStrategy
Senparc.Weixin.Cache.Redis.RedisContainerCacheStrategy

[[[自动注册扩展缓存完成]]]
[2019/10/31 14:23:43.1123]
[线程：1]
注册总用时：8.729800000000001ms
自动扫描程序集：0个
扩展缓存：

[[[微信扩展缓存注册完成]]]
[2019/10/31 14:23:43.2266]
[线程：1]
微信扩展缓存注册总用时：20.5881ms
扩展缓存：Senparc.Weixin.Cache.LocalContainerCacheStrategy
Senparc.Weixin.Cache.Redis.RedisContainerCacheStrategy

[[[自动注册扩展缓存完成]]]
[2019/10/31 14:46:14.1663]
[线程：1]
注册总用时：6.9701ms
自动扫描程序集：0个
扩展缓存：

[[[微信扩展缓存注册完成]]]
[2019/10/31 14:46:14.2832]
[线程：1]
微信扩展缓存注册总用时：12.7687ms
扩展缓存：Senparc.Weixin.Cache.LocalContainerCacheStrategy
Senparc.Weixin.Cache.Redis.RedisContainerCacheStrategy

[[[自动注册扩展缓存完成]]]
[2019/10/31 14:52:40.5046]
[线程：1]
注册总用时：9.2509ms
自动扫描程序集：0个
扩展缓存：

[[[微信扩展缓存注册完成]]]
[2019/10/31 14:52:40.6273]
[线程：1]
微信扩展缓存注册总用时：24.5037ms
扩展缓存：Senparc.Weixin.Cache.LocalContainerCacheStrategy
Senparc.Weixin.Cache.Redis.RedisContainerCacheStrategy

[[[自动注册扩展缓存完成]]]
[2019/10/31 14:53:52.3628]
[线程：1]
注册总用时：7.394500000000001ms
自动扫描程序集：0个
扩展缓存：

[[[微信扩展缓存注册完成]]]
[2019/10/31 14:53:52.4544]
[线程：1]
微信扩展缓存注册总用时：16.7102ms
扩展缓存：Senparc.Weixin.Cache.LocalContainerCacheStrategy
Senparc.Weixin.Cache.Redis.RedisContainerCacheStrategy

[[[自动注册扩展缓存完成]]]
[2019/10/31 15:11:27.5076]
[线程：1]
注册总用时：10.0441ms
自动扫描程序集：0个
扩展缓存：

[[[微信扩展缓存注册完成]]]
[2019/10/31 15:11:27.6521]
[线程：1]
微信扩展缓存注册总用时：19.9817ms
扩展缓存：Senparc.Weixin.Cache.LocalContainerCacheStrategy
Senparc.Weixin.Cache.Redis.RedisContainerCacheStrategy

[[[自动注册扩展缓存完成]]]
[2019/10/31 15:20:57.9906]
[线程：1]
注册总用时：11.1044ms
自动扫描程序集：0个
扩展缓存：

[[[微信扩展缓存注册完成]]]
[2019/10/31 15:20:58.3596]
[线程：1]
微信扩展缓存注册总用时：42.4044ms
扩展缓存：Senparc.Weixin.Cache.LocalContainerCacheStrategy
Senparc.Weixin.Cache.Redis.RedisContainerCacheStrategy

[[[自动注册扩展缓存完成]]]
[2019/10/31 15:25:50.5516]
[线程：1]
注册总用时：8.7284ms
自动扫描程序集：0个
扩展缓存：

[[[微信扩展缓存注册完成]]]
[2019/10/31 15:25:50.6913]
[线程：1]
微信扩展缓存注册总用时：27.7606ms
扩展缓存：Senparc.Weixin.Cache.LocalContainerCacheStrategy
Senparc.Weixin.Cache.Redis.RedisContainerCacheStrategy

[[[自动注册扩展缓存完成]]]
[2019/10/31 15:30:26.0182]
[线程：1]
注册总用时：11.9ms
自动扫描程序集：0个
扩展缓存：

[[[微信扩展缓存注册完成]]]
[2019/10/31 15:30:26.1972]
[线程：1]
微信扩展缓存注册总用时：19.1021ms
扩展缓存：Senparc.Weixin.Cache.LocalContainerCacheStrategy
Senparc.Weixin.Cache.Redis.RedisContainerCacheStrategy

[[[自动注册扩展缓存完成]]]
[2019/10/31 15:35:09.4587]
[线程：1]
注册总用时：15.267600000000002ms
自动扫描程序集：0个
扩展缓存：

[[[微信扩展缓存注册完成]]]
[2019/10/31 15:35:09.6778]
[线程：1]
微信扩展缓存注册总用时：68.1230ms
扩展缓存：Senparc.Weixin.Cache.LocalContainerCacheStrategy
Senparc.Weixin.Cache.Redis.RedisContainerCacheStrategy

[[[自动注册扩展缓存完成]]]
[2019/10/31 15:42:01.6558]
[线程：1]
注册总用时：11.4611ms
自动扫描程序集：0个
扩展缓存：

[[[微信扩展缓存注册完成]]]
[2019/10/31 15:42:01.7718]
[线程：1]
微信扩展缓存注册总用时：15.2044ms
扩展缓存：Senparc.Weixin.Cache.LocalContainerCacheStrategy
Senparc.Weixin.Cache.Redis.RedisContainerCacheStrategy

[[[自动注册扩展缓存完成]]]
[2019/10/31 15:43:35.4647]
[线程：1]
注册总用时：6.9619ms
自动扫描程序集：0个
扩展缓存：

[[[微信扩展缓存注册完成]]]
[2019/10/31 15:43:35.5671]
[线程：1]
微信扩展缓存注册总用时：13.8099ms
扩展缓存：Senparc.Weixin.Cache.LocalContainerCacheStrategy
Senparc.Weixin.Cache.Redis.RedisContainerCacheStrategy

[[[自动注册扩展缓存完成]]]
[2019/10/31 15:48:10.3850]
[线程：1]
注册总用时：9.8081ms
自动扫描程序集：0个
扩展缓存：

[[[微信扩展缓存注册完成]]]
[2019/10/31 15:48:10.5296]
[线程：1]
微信扩展缓存注册总用时：15.5481ms
扩展缓存：Senparc.Weixin.Cache.LocalContainerCacheStrategy
Senparc.Weixin.Cache.Redis.RedisContainerCacheStrategy

[[[自动注册扩展缓存完成]]]
[2019/10/31 15:56:00.9593]
[线程：1]
注册总用时：6.7155000000000005ms
自动扫描程序集：0个
扩展缓存：

[[[微信扩展缓存注册完成]]]
[2019/10/31 15:56:01.1090]
[线程：1]
微信扩展缓存注册总用时：17.7990ms
扩展缓存：Senparc.Weixin.Cache.LocalContainerCacheStrategy
Senparc.Weixin.Cache.Redis.RedisContainerCacheStrategy

[[[自动注册扩展缓存完成]]]
[2019/10/31 16:00:10.9679]
[线程：1]
注册总用时：11.2574ms
自动扫描程序集：0个
扩展缓存：

[[[微信扩展缓存注册完成]]]
[2019/10/31 16:00:11.1264]
[线程：1]
微信扩展缓存注册总用时：27.4197ms
扩展缓存：Senparc.Weixin.Cache.LocalContainerCacheStrategy
Senparc.Weixin.Cache.Redis.RedisContainerCacheStrategy

[[[自动注册扩展缓存完成]]]
[2019/10/31 16:02:18.8485]
[线程：1]
注册总用时：11.6346ms
自动扫描程序集：0个
扩展缓存：

[[[微信扩展缓存注册完成]]]
[2019/10/31 16:02:19.1620]
[线程：1]
微信扩展缓存注册总用时：25.2084ms
扩展缓存：Senparc.Weixin.Cache.LocalContainerCacheStrategy
Senparc.Weixin.Cache.Redis.RedisContainerCacheStrategy

[[[自动注册扩展缓存完成]]]
[2019/10/31 16:04:54.5212]
[线程：1]
注册总用时：7.862900000000001ms
自动扫描程序集：0个
扩展缓存：

[[[微信扩展缓存注册完成]]]
[2019/10/31 16:04:54.6710]
[线程：1]
微信扩展缓存注册总用时：19.7833ms
扩展缓存：Senparc.Weixin.Cache.LocalContainerCacheStrategy
Senparc.Weixin.Cache.Redis.RedisContainerCacheStrategy

[[[自动注册扩展缓存完成]]]
[2019/10/31 16:05:43.9699]
[线程：1]
注册总用时：9.866800000000001ms
自动扫描程序集：0个
扩展缓存：

[[[微信扩展缓存注册完成]]]
[2019/10/31 16:05:44.1898]
[线程：1]
微信扩展缓存注册总用时：18.8566ms
扩展缓存：Senparc.Weixin.Cache.LocalContainerCacheStrategy
Senparc.Weixin.Cache.Redis.RedisContainerCacheStrategy

[[[自动注册扩展缓存完成]]]
[2019/10/31 16:09:36.0300]
[线程：1]
注册总用时：9.6723ms
自动扫描程序集：0个
扩展缓存：

[[[微信扩展缓存注册完成]]]
[2019/10/31 16:09:36.1793]
[线程：1]
微信扩展缓存注册总用时：24.8493ms
扩展缓存：Senparc.Weixin.Cache.LocalContainerCacheStrategy
Senparc.Weixin.Cache.Redis.RedisContainerCacheStrategy

[[[自动注册扩展缓存完成]]]
[2019/10/31 16:12:00.3045]
[线程：1]
注册总用时：8.336ms
自动扫描程序集：0个
扩展缓存：

[[[微信扩展缓存注册完成]]]
[2019/10/31 16:12:00.4810]
[线程：1]
微信扩展缓存注册总用时：24.3505ms
扩展缓存：Senparc.Weixin.Cache.LocalContainerCacheStrategy
Senparc.Weixin.Cache.Redis.RedisContainerCacheStrategy

[[[自动注册扩展缓存完成]]]
[2019/10/31 16:16:39.5057]
[线程：1]
注册总用时：6.522600000000001ms
自动扫描程序集：0个
扩展缓存：

[[[微信扩展缓存注册完成]]]
[2019/10/31 16:16:39.7849]
[线程：1]
微信扩展缓存注册总用时：66.4514ms
扩展缓存：Senparc.Weixin.Cache.LocalContainerCacheStrategy
Senparc.Weixin.Cache.Redis.RedisContainerCacheStrategy

[[[自动注册扩展缓存完成]]]
[2019/10/31 16:18:54.9045]
[线程：1]
注册总用时：6.0049ms
自动扫描程序集：0个
扩展缓存：

[[[微信扩展缓存注册完成]]]
[2019/10/31 16:18:55.1965]
[线程：1]
微信扩展缓存注册总用时：72.6867ms
扩展缓存：Senparc.Weixin.Cache.LocalContainerCacheStrategy
Senparc.Weixin.Cache.Redis.RedisContainerCacheStrategy

[[[自动注册扩展缓存完成]]]
[2019/10/31 16:54:21.8141]
[线程：1]
注册总用时：7.9064000000000005ms
自动扫描程序集：0个
扩展缓存：

[[[微信扩展缓存注册完成]]]
[2019/10/31 16:54:22.1238]
[线程：1]
微信扩展缓存注册总用时：85.1002ms
扩展缓存：Senparc.Weixin.Cache.LocalContainerCacheStrategy
Senparc.Weixin.Cache.Redis.RedisContainerCacheStrategy

[[[自动注册扩展缓存完成]]]
[2019/10/31 16:56:27.4744]
[线程：1]
注册总用时：10.9985ms
自动扫描程序集：0个
扩展缓存：

[[[微信扩展缓存注册完成]]]
[2019/10/31 16:56:27.7989]
[线程：1]
微信扩展缓存注册总用时：72.7378ms
扩展缓存：Senparc.Weixin.Cache.LocalContainerCacheStrategy
Senparc.Weixin.Cache.Redis.RedisContainerCacheStrategy

[[[自动注册扩展缓存完成]]]
[2019/10/31 16:57:40.9760]
[线程：1]
注册总用时：7.7858ms
自动扫描程序集：0个
扩展缓存：

[[[微信扩展缓存注册完成]]]
[2019/10/31 16:57:41.2776]
[线程：1]
微信扩展缓存注册总用时：66.6771ms
扩展缓存：Senparc.Weixin.Cache.LocalContainerCacheStrategy
Senparc.Weixin.Cache.Redis.RedisContainerCacheStrategy

[[[自动注册扩展缓存完成]]]
[2019/10/31 17:00:36.7936]
[线程：1]
注册总用时：9.927800000000001ms
自动扫描程序集：0个
扩展缓存：

[[[微信扩展缓存注册完成]]]
[2019/10/31 17:00:37.0701]
[线程：1]
微信扩展缓存注册总用时：71.7080ms
扩展缓存：Senparc.Weixin.Cache.LocalContainerCacheStrategy
Senparc.Weixin.Cache.Redis.RedisContainerCacheStrategy

[[[自动注册扩展缓存完成]]]
[2019/10/31 17:03:31.7988]
[线程：1]
注册总用时：34.128ms
自动扫描程序集：0个
扩展缓存：

[[[微信扩展缓存注册完成]]]
[2019/10/31 17:03:32.0845]
[线程：1]
微信扩展缓存注册总用时：65.5110ms
扩展缓存：Senparc.Weixin.Cache.LocalContainerCacheStrategy
Senparc.Weixin.Cache.Redis.RedisContainerCacheStrategy

[[[自动注册扩展缓存完成]]]
[2019/10/31 17:05:51.7850]
[线程：1]
注册总用时：9.1707ms
自动扫描程序集：0个
扩展缓存：

[[[微信扩展缓存注册完成]]]
[2019/10/31 17:05:52.0673]
[线程：1]
微信扩展缓存注册总用时：68.9174ms
扩展缓存：Senparc.Weixin.Cache.LocalContainerCacheStrategy
Senparc.Weixin.Cache.Redis.RedisContainerCacheStrategy

[[[自动注册扩展缓存完成]]]
[2019/10/31 17:14:24.5052]
[线程：1]
注册总用时：27.387500000000003ms
自动扫描程序集：0个
扩展缓存：

[[[微信扩展缓存注册完成]]]
[2019/10/31 17:14:24.8893]
[线程：1]
微信扩展缓存注册总用时：76.6451ms
扩展缓存：Senparc.Weixin.Cache.LocalContainerCacheStrategy
Senparc.Weixin.Cache.Redis.RedisContainerCacheStrategy

[[[自动注册扩展缓存完成]]]
[2019/10/31 17:47:40.2545]
[线程：1]
注册总用时：52.2156ms
自动扫描程序集：0个
扩展缓存：

[[[微信扩展缓存注册完成]]]
[2019/10/31 17:47:40.6405]
[线程：1]
微信扩展缓存注册总用时：88.0642ms
扩展缓存：Senparc.Weixin.Cache.LocalContainerCacheStrategy
Senparc.Weixin.Cache.Redis.RedisContainerCacheStrategy

[[[自动注册扩展缓存完成]]]
[2019/10/31 17:52:58.2356]
[线程：1]
注册总用时：6.7245ms
自动扫描程序集：0个
扩展缓存：

[[[微信扩展缓存注册完成]]]
[2019/10/31 17:52:58.5264]
[线程：1]
微信扩展缓存注册总用时：73.6526ms
扩展缓存：Senparc.Weixin.Cache.LocalContainerCacheStrategy
Senparc.Weixin.Cache.Redis.RedisContainerCacheStrategy

[[[自动注册扩展缓存完成]]]
[2019/10/31 20:46:00.7647]
[线程：1]
注册总用时：7.745ms
自动扫描程序集：0个
扩展缓存：

[[[微信扩展缓存注册完成]]]
[2019/10/31 20:46:01.1704]
[线程：1]
微信扩展缓存注册总用时：92.0973ms
扩展缓存：Senparc.Weixin.Cache.LocalContainerCacheStrategy
Senparc.Weixin.Cache.Redis.RedisContainerCacheStrategy

