[[[自动注册扩展缓存完成]]]
[2019-10-12 16:25:35.2215]
[线程：1]
注册总用时：37.050200000000004ms
自动扫描程序集：0个
扩展缓存：

[[[微信扩展缓存注册完成]]]
[2019-10-12 16:25:35.6531]
[线程：1]
微信扩展缓存注册总用时：99.43430000000001ms
扩展缓存：Senparc.Weixin.Cache.LocalContainerCacheStrategy
Senparc.Weixin.Cache.Redis.RedisContainerCacheStrategy

[[[自动注册扩展缓存完成]]]
[2019-10-12 19:54:26.5578]
[线程：1]
注册总用时：30.3852ms
自动扫描程序集：0个
扩展缓存：

[[[微信扩展缓存注册完成]]]
[2019-10-12 19:54:27.1817]
[线程：1]
微信扩展缓存注册总用时：146.0004ms
扩展缓存：Senparc.Weixin.Cache.LocalContainerCacheStrategy
Senparc.Weixin.Cache.Redis.RedisContainerCacheStrategy

[[[自动注册扩展缓存完成]]]
[2019-10-12 20:48:19.7657]
[线程：1]
注册总用时：47.9114ms
自动扫描程序集：0个
扩展缓存：

[[[微信扩展缓存注册完成]]]
[2019-10-12 20:48:20.1791]
[线程：1]
微信扩展缓存注册总用时：120.9158ms
扩展缓存：Senparc.Weixin.Cache.LocalContainerCacheStrategy
Senparc.Weixin.Cache.Redis.RedisContainerCacheStrategy

