[[[微信扩展缓存注册完成]]]
[2019-10-06 09:58:00.8852]
[线程：1]
微信扩展缓存注册总用时：105.8463ms
扩展缓存：Senparc.Weixin.Cache.LocalContainerCacheStrategy
Senparc.Weixin.Cache.Redis.RedisContainerCacheStrategy

[[[自动注册扩展缓存完成]]]
[2019-10-06 09:58:00.4901]
[线程：1]
注册总用时：32.6856ms
自动扫描程序集：0个
扩展缓存：

[[[微信扩展缓存注册完成]]]
[2019-10-06 11:26:34.2996]
[线程：1]
微信扩展缓存注册总用时：34.22ms
扩展缓存：Senparc.Weixin.Cache.LocalContainerCacheStrategy
Senparc.Weixin.Cache.Redis.RedisContainerCacheStrategy

[[[自动注册扩展缓存完成]]]
[2019-10-06 11:26:34.1007]
[线程：1]
注册总用时：27.4144ms
自动扫描程序集：0个
扩展缓存：

[[[自动注册扩展缓存完成]]]
[2019-10-06 14:24:42.9893]
[线程：1]
注册总用时：31.720100000000002ms
自动扫描程序集：0个
扩展缓存：

[[[微信扩展缓存注册完成]]]
[2019-10-06 14:24:44.2094]
[线程：1]
微信扩展缓存注册总用时：509.24100000000004ms
扩展缓存：Senparc.Weixin.Cache.LocalContainerCacheStrategy
Senparc.Weixin.Cache.Redis.RedisContainerCacheStrategy

[[[接口调用]]]
[2019-10-06 14:50:59.0748]
[线程：36]
	URL：https://api.weixin.qq.com/sns/jscode2session?appid=wx3821f908eabc524d&secret=25aa4e5a28cb4954c7de7144445cdc55&js_code=071Nydi11CzIwW14wRh112dai11NydiS&grant_type=authorization_code
	Result：
{"session_key":"SJ57um0G0vOk1k3Tjiky+A==","openid":"o4Uv25WxCveS6QYtBK0xhYeWiZK0"}

[[[自动注册扩展缓存完成]]]
[2019-10-06 16:14:12.8595]
[线程：1]
注册总用时：36.024300000000004ms
自动扫描程序集：0个
扩展缓存：

[[[微信扩展缓存注册完成]]]
[2019-10-06 16:14:14.0604]
[线程：1]
微信扩展缓存注册总用时：249.38340000000002ms
扩展缓存：Senparc.Weixin.Cache.LocalContainerCacheStrategy
Senparc.Weixin.Cache.Redis.RedisContainerCacheStrategy

[[[接口调用]]]
[2019-10-06 16:14:34.6068]
[线程：24]
	URL：https://api.weixin.qq.com/sns/jscode2session?appid=wx3821f908eabc524d&secret=25aa4e5a28cb4954c7de7144445cdc55&js_code=001RLLMv0yf5Wh1MxYLv0SJJMv0RLLMI&grant_type=authorization_code
	Result：
{"session_key":"N5kR4cskH77\/0HNFgLMvNg==","openid":"o4Uv25WxCveS6QYtBK0xhYeWiZK0"}

[[[接口调用]]]
[2019-10-06 16:15:06.6286]
[线程：23]
	URL：https://api.weixin.qq.com/sns/jscode2session?appid=wx3821f908eabc524d&secret=25aa4e5a28cb4954c7de7144445cdc55&js_code=001fTX0j0FH7Bp1QWlXi0BkG0j0fTX0x&grant_type=authorization_code
	Result：
{"session_key":"N5kR4cskH77\/0HNFgLMvNg==","openid":"o4Uv25WxCveS6QYtBK0xhYeWiZK0"}

[[[接口调用]]]
[2019-10-06 16:16:26.3402]
[线程：4]
	URL：https://api.weixin.qq.com/sns/jscode2session?appid=wx3821f908eabc524d&secret=25aa4e5a28cb4954c7de7144445cdc55&js_code=061zWuod2j08zF0Xlxod2eQwod2zWuoA&grant_type=authorization_code
	Result：
{"session_key":"AK3F36g01fOpQc7fabGLyQ==","openid":"o4Uv25WxCveS6QYtBK0xhYeWiZK0"}

[[[接口调用]]]
[2019-10-06 16:17:11.1545]
[线程：35]
	URL：https://api.weixin.qq.com/sns/jscode2session?appid=wx3821f908eabc524d&secret=25aa4e5a28cb4954c7de7144445cdc55&js_code=081oxRzb1kXzix0Pxnyb1ZtNzb1oxRzK&grant_type=authorization_code
	Result：
{"session_key":"AK3F36g01fOpQc7fabGLyQ==","openid":"o4Uv25WxCveS6QYtBK0xhYeWiZK0"}

