【13:02:07.367】  Yuebon.Quartz.Job.MessageNotice.OperateTrajectoryQuartz T27 
方法名称：SendTrajectoryNotice
日志内容：消息推送,用户:
{
  "ErrCode": "-1",
  "ErrMsg": null,
  "Success": false,
  "ResData": null
}
【13:09:42.346】  Yuebon.Quartz.Job.MessageNotice.OperateTrajectoryQuartz T5 
方法名称：SendTrajectoryNotice
日志内容：消息推送,用户:
{
  "ErrCode": "-1",
  "ErrMsg": null,
  "Success": false,
  "ResData": null
}
【13:14:17.242】  Yuebon.Quartz.Job.MessageNotice.OperateTrajectoryQuartz T38 
方法名称：SendTrajectoryNotice
日志内容：消息推送,用户:
{
  "ErrCode": "-1",
  "ErrMsg": null,
  "Success": false,
  "ResData": null
}
【13:18:59.538】  Yuebon.Quartz.Job.MessageNotice.OperateTrajectoryQuartz T8 
方法名称：SendTrajectoryNotice
日志内容：消息推送,用户:
{
  "ErrCode": "-1",
  "ErrMsg": null,
  "Success": false,
  "ResData": null
}
【13:24:15.928】  Yuebon.Quartz.Job.MessageNotice.OperateTrajectoryQuartz T41 
方法名称：SendTrajectoryNotice
日志内容：消息推送,用户:
{
  "ErrCode": "-1",
  "ErrMsg": null,
  "Success": false,
  "ResData": null
}
【13:55:09.463】  Yuebon.Quartz.Job.MessageNotice.OperateTrajectoryQuartz T19 
方法名称：SendTrajectoryNotice
日志内容：消息推送,用户:
{
  "ErrCode": "-1",
  "ErrMsg": null,
  "Success": false,
  "ResData": null
}
【14:02:09.108】  Yuebon.Quartz.Job.MessageNotice.OperateTrajectoryQuartz T19 
方法名称：SendTrajectoryNotice
日志内容：消息推送,用户:
{
  "ErrCode": "-1",
  "ErrMsg": null,
  "Success": false,
  "ResData": null
}
【14:07:04.068】  Yuebon.Quartz.Job.MessageNotice.OperateTrajectoryQuartz T45 
方法名称：SendTrajectoryNotice
日志内容：消息推送,用户:
{
  "ErrCode": "-1",
  "ErrMsg": null,
  "Success": false,
  "ResData": null
}
【14:12:04.029】  Yuebon.Quartz.Job.MessageNotice.OperateTrajectoryQuartz T55 
方法名称：SendTrajectoryNotice
日志内容：消息推送,用户:
{
  "ErrCode": "-1",
  "ErrMsg": null,
  "Success": false,
  "ResData": null
}
【14:17:03.995】  Yuebon.Quartz.Job.MessageNotice.OperateTrajectoryQuartz T67 
方法名称：SendTrajectoryNotice
日志内容：消息推送,用户:
{
  "ErrCode": "-1",
  "ErrMsg": null,
  "Success": false,
  "ResData": null
}
【14:22:03.999】  Yuebon.Quartz.Job.MessageNotice.OperateTrajectoryQuartz T45 
方法名称：SendTrajectoryNotice
日志内容：消息推送,用户:
{
  "ErrCode": "-1",
  "ErrMsg": null,
  "Success": false,
  "ResData": null
}
