【10:21:35.970】  Yuebon.AspNetCore.Mvc.TokenProvider T48 
Error
System.NullReferenceException: Object reference not set to an instance of an object.
   at Yuebon.AspNetCore.Mvc.TokenProvider.ValidateToken(String token) in D:\netcorespace\YueGroup\src\Yuebon.NetCore\Yuebon.AspNetCore\Mvc\TokenProvider.cs:line 90
【10:21:38.304】  Yuebon.AspNetCore.Mvc.TokenProvider T49 
Error
System.NullReferenceException: Object reference not set to an instance of an object.
   at Yuebon.AspNetCore.Mvc.TokenProvider.ValidateToken(String token) in D:\netcorespace\YueGroup\src\Yuebon.NetCore\Yuebon.AspNetCore\Mvc\TokenProvider.cs:line 90
【10:21:42.558】  Yuebon.AspNetCore.Mvc.TokenProvider T38 
Error
System.NullReferenceException: Object reference not set to an instance of an object.
   at Yuebon.AspNetCore.Mvc.TokenProvider.ValidateToken(String token) in D:\netcorespace\YueGroup\src\Yuebon.NetCore\Yuebon.AspNetCore\Mvc\TokenProvider.cs:line 90
【10:22:28.482】  Yuebon.AspNetCore.Mvc.TokenProvider T38 
Error
System.ArgumentException: IDX12709: CanReadToken() returned false. JWT is not well formed: '[PII is hidden. For more details, see https://aka.ms/IdentityModel/PII.]'.
The token needs to be in JWS or JWE Compact Serialization Format. (JWS): 'EncodedHeader.EndcodedPayload.EncodedSignature'. (JWE): 'EncodedProtectedHeader.EncodedEncryptedKey.EncodedInitializationVector.EncodedCiphertext.EncodedAuthenticationTag'.
   at System.IdentityModel.Tokens.Jwt.JwtSecurityTokenHandler.ReadJwtToken(String token)
   at Yuebon.AspNetCore.Mvc.TokenProvider.ValidateToken(String token) in D:\netcorespace\YueGroup\src\Yuebon.NetCore\Yuebon.AspNetCore\Mvc\TokenProvider.cs:line 85
【10:23:01.859】  Yuebon.AspNetCore.Mvc.TokenProvider T53 
Error
System.ArgumentException: IDX12709: CanReadToken() returned false. JWT is not well formed: '[PII is hidden. For more details, see https://aka.ms/IdentityModel/PII.]'.
The token needs to be in JWS or JWE Compact Serialization Format. (JWS): 'EncodedHeader.EndcodedPayload.EncodedSignature'. (JWE): 'EncodedProtectedHeader.EncodedEncryptedKey.EncodedInitializationVector.EncodedCiphertext.EncodedAuthenticationTag'.
   at System.IdentityModel.Tokens.Jwt.JwtSecurityTokenHandler.ReadJwtToken(String token)
   at Yuebon.AspNetCore.Mvc.TokenProvider.ValidateToken(String token) in D:\netcorespace\YueGroup\src\Yuebon.NetCore\Yuebon.AspNetCore\Mvc\TokenProvider.cs:line 85
【10:23:58.198】  Yuebon.AspNetCore.Mvc.TokenProvider T59 
Error
System.ArgumentException: IDX12709: CanReadToken() returned false. JWT is not well formed: '[PII is hidden. For more details, see https://aka.ms/IdentityModel/PII.]'.
The token needs to be in JWS or JWE Compact Serialization Format. (JWS): 'EncodedHeader.EndcodedPayload.EncodedSignature'. (JWE): 'EncodedProtectedHeader.EncodedEncryptedKey.EncodedInitializationVector.EncodedCiphertext.EncodedAuthenticationTag'.
   at System.IdentityModel.Tokens.Jwt.JwtSecurityTokenHandler.ReadJwtToken(String token)
   at Yuebon.AspNetCore.Mvc.TokenProvider.ValidateToken(String token) in D:\netcorespace\YueGroup\src\Yuebon.NetCore\Yuebon.AspNetCore\Mvc\TokenProvider.cs:line 85
【10:24:29.866】  Yuebon.AspNetCore.Mvc.TokenProvider T44 
Error
System.ArgumentException: IDX12709: CanReadToken() returned false. JWT is not well formed: '[PII is hidden. For more details, see https://aka.ms/IdentityModel/PII.]'.
The token needs to be in JWS or JWE Compact Serialization Format. (JWS): 'EncodedHeader.EndcodedPayload.EncodedSignature'. (JWE): 'EncodedProtectedHeader.EncodedEncryptedKey.EncodedInitializationVector.EncodedCiphertext.EncodedAuthenticationTag'.
   at System.IdentityModel.Tokens.Jwt.JwtSecurityTokenHandler.ReadJwtToken(String token)
   at Yuebon.AspNetCore.Mvc.TokenProvider.ValidateToken(String token) in D:\netcorespace\YueGroup\src\Yuebon.NetCore\Yuebon.AspNetCore\Mvc\TokenProvider.cs:line 85
【10:24:58.301】  Yuebon.AspNetCore.Mvc.TokenProvider T59 
Error
System.ArgumentException: IDX12709: CanReadToken() returned false. JWT is not well formed: '[PII is hidden. For more details, see https://aka.ms/IdentityModel/PII.]'.
The token needs to be in JWS or JWE Compact Serialization Format. (JWS): 'EncodedHeader.EndcodedPayload.EncodedSignature'. (JWE): 'EncodedProtectedHeader.EncodedEncryptedKey.EncodedInitializationVector.EncodedCiphertext.EncodedAuthenticationTag'.
   at System.IdentityModel.Tokens.Jwt.JwtSecurityTokenHandler.ReadJwtToken(String token)
   at Yuebon.AspNetCore.Mvc.TokenProvider.ValidateToken(String token) in D:\netcorespace\YueGroup\src\Yuebon.NetCore\Yuebon.AspNetCore\Mvc\TokenProvider.cs:line 85
【10:26:14.751】  Yuebon.AspNetCore.Mvc.TokenProvider T60 
Error
System.NullReferenceException: Object reference not set to an instance of an object.
   at Yuebon.AspNetCore.Mvc.TokenProvider.ValidateToken(String token) in D:\netcorespace\YueGroup\src\Yuebon.NetCore\Yuebon.AspNetCore\Mvc\TokenProvider.cs:line 90
【10:28:27.046】  Yuebon.AspNetCore.Mvc.TokenProvider T61 
Error
System.NullReferenceException: Object reference not set to an instance of an object.
   at Yuebon.AspNetCore.Mvc.TokenProvider.ValidateToken(String token) in D:\netcorespace\YueGroup\src\Yuebon.NetCore\Yuebon.AspNetCore\Mvc\TokenProvider.cs:line 90
【10:35:38.085】  Yuebon.AspNetCore.Mvc.TokenProvider T22 
Error
System.NullReferenceException: Object reference not set to an instance of an object.
   at Yuebon.AspNetCore.Mvc.TokenProvider.ValidateToken(String token)
【10:35:48.144】  Yuebon.AspNetCore.Mvc.TokenProvider T26 
Error
System.NullReferenceException: Object reference not set to an instance of an object.
   at Yuebon.AspNetCore.Mvc.TokenProvider.ValidateToken(String token)
【10:39:54.134】  Yuebon.AspNetCore.Mvc.TokenProvider T5 
Error
System.NullReferenceException: Object reference not set to an instance of an object.
   at Yuebon.AspNetCore.Mvc.TokenProvider.ValidateToken(String token) in D:\netcorespace\YueGroup\src\Yuebon.NetCore\Yuebon.AspNetCore\Mvc\TokenProvider.cs:line 90
【10:40:01.330】  Yuebon.AspNetCore.Mvc.TokenProvider T7 
Error
System.NullReferenceException: Object reference not set to an instance of an object.
   at Yuebon.AspNetCore.Mvc.TokenProvider.ValidateToken(String token) in D:\netcorespace\YueGroup\src\Yuebon.NetCore\Yuebon.AspNetCore\Mvc\TokenProvider.cs:line 90
【10:41:16.686】  Yuebon.AspNetCore.Mvc.TokenProvider T4 
Error
System.NullReferenceException: Object reference not set to an instance of an object.
   at Yuebon.AspNetCore.Mvc.TokenProvider.ValidateToken(String token) in D:\netcorespace\YueGroup\src\Yuebon.NetCore\Yuebon.AspNetCore\Mvc\TokenProvider.cs:line 90
【11:05:36.102】  Yuebon.AspNetCore.Mvc.TokenProvider T28 
Error
System.NullReferenceException: Object reference not set to an instance of an object.
   at Yuebon.AspNetCore.Mvc.TokenProvider.ValidateToken(String token) in D:\netcorespace\YueGroup\src\Yuebon.NetCore\Yuebon.AspNetCore\Mvc\TokenProvider.cs:line 91
【11:06:33.444】  Yuebon.AspNetCore.Mvc.TokenProvider T28 
Error
System.NullReferenceException: Object reference not set to an instance of an object.
   at Yuebon.AspNetCore.Mvc.TokenProvider.ValidateToken(String token) in D:\netcorespace\YueGroup\src\Yuebon.NetCore\Yuebon.AspNetCore\Mvc\TokenProvider.cs:line 91
【11:08:40.946】  Yuebon.AspNetCore.Mvc.TokenProvider T29 
Error
System.NullReferenceException: Object reference not set to an instance of an object.
   at Yuebon.AspNetCore.Mvc.TokenProvider.ValidateToken(String token) in D:\netcorespace\YueGroup\src\Yuebon.NetCore\Yuebon.AspNetCore\Mvc\TokenProvider.cs:line 91
【11:28:18.722】  Yuebon.AspNetCore.Mvc.TokenProvider T9 
Error
System.ArgumentException: IDX12709: CanReadToken() returned false. JWT is not well formed: '[PII is hidden. For more details, see https://aka.ms/IdentityModel/PII.]'.
The token needs to be in JWS or JWE Compact Serialization Format. (JWS): 'EncodedHeader.EndcodedPayload.EncodedSignature'. (JWE): 'EncodedProtectedHeader.EncodedEncryptedKey.EncodedInitializationVector.EncodedCiphertext.EncodedAuthenticationTag'.
   at System.IdentityModel.Tokens.Jwt.JwtSecurityTokenHandler.ReadJwtToken(String token)
   at Yuebon.AspNetCore.Mvc.TokenProvider.ValidateToken(String token) in D:\netcorespace\YueGroup\src\Yuebon.NetCore\Yuebon.AspNetCore\Mvc\TokenProvider.cs:line 86
【11:28:42.253】  Yuebon.AspNetCore.Mvc.TokenProvider T27 
Error
System.ArgumentException: IDX12709: CanReadToken() returned false. JWT is not well formed: '[PII is hidden. For more details, see https://aka.ms/IdentityModel/PII.]'.
The token needs to be in JWS or JWE Compact Serialization Format. (JWS): 'EncodedHeader.EndcodedPayload.EncodedSignature'. (JWE): 'EncodedProtectedHeader.EncodedEncryptedKey.EncodedInitializationVector.EncodedCiphertext.EncodedAuthenticationTag'.
   at System.IdentityModel.Tokens.Jwt.JwtSecurityTokenHandler.ReadJwtToken(String token)
   at Yuebon.AspNetCore.Mvc.TokenProvider.ValidateToken(String token) in D:\netcorespace\YueGroup\src\Yuebon.NetCore\Yuebon.AspNetCore\Mvc\TokenProvider.cs:line 86
【11:28:49.080】  Yuebon.AspNetCore.Mvc.TokenProvider T5 
Error
System.ArgumentException: IDX12709: CanReadToken() returned false. JWT is not well formed: '[PII is hidden. For more details, see https://aka.ms/IdentityModel/PII.]'.
The token needs to be in JWS or JWE Compact Serialization Format. (JWS): 'EncodedHeader.EndcodedPayload.EncodedSignature'. (JWE): 'EncodedProtectedHeader.EncodedEncryptedKey.EncodedInitializationVector.EncodedCiphertext.EncodedAuthenticationTag'.
   at System.IdentityModel.Tokens.Jwt.JwtSecurityTokenHandler.ReadJwtToken(String token)
   at Yuebon.AspNetCore.Mvc.TokenProvider.ValidateToken(String token) in D:\netcorespace\YueGroup\src\Yuebon.NetCore\Yuebon.AspNetCore\Mvc\TokenProvider.cs:line 86
【11:29:10.019】  Yuebon.AspNetCore.Mvc.TokenProvider T9 
Error
System.ArgumentException: IDX12709: CanReadToken() returned false. JWT is not well formed: '[PII is hidden. For more details, see https://aka.ms/IdentityModel/PII.]'.
The token needs to be in JWS or JWE Compact Serialization Format. (JWS): 'EncodedHeader.EndcodedPayload.EncodedSignature'. (JWE): 'EncodedProtectedHeader.EncodedEncryptedKey.EncodedInitializationVector.EncodedCiphertext.EncodedAuthenticationTag'.
   at System.IdentityModel.Tokens.Jwt.JwtSecurityTokenHandler.ReadJwtToken(String token)
   at Yuebon.AspNetCore.Mvc.TokenProvider.ValidateToken(String token) in D:\netcorespace\YueGroup\src\Yuebon.NetCore\Yuebon.AspNetCore\Mvc\TokenProvider.cs:line 86
【11:29:22.225】  Yuebon.AspNetCore.Mvc.TokenProvider T39 
Error
System.ArgumentException: IDX12709: CanReadToken() returned false. JWT is not well formed: '[PII is hidden. For more details, see https://aka.ms/IdentityModel/PII.]'.
The token needs to be in JWS or JWE Compact Serialization Format. (JWS): 'EncodedHeader.EndcodedPayload.EncodedSignature'. (JWE): 'EncodedProtectedHeader.EncodedEncryptedKey.EncodedInitializationVector.EncodedCiphertext.EncodedAuthenticationTag'.
   at System.IdentityModel.Tokens.Jwt.JwtSecurityTokenHandler.ReadJwtToken(String token)
   at Yuebon.AspNetCore.Mvc.TokenProvider.ValidateToken(String token) in D:\netcorespace\YueGroup\src\Yuebon.NetCore\Yuebon.AspNetCore\Mvc\TokenProvider.cs:line 86
【11:30:36.740】  Yuebon.AspNetCore.Mvc.TokenProvider T31 
Error
System.ArgumentException: IDX12709: CanReadToken() returned false. JWT is not well formed: '[PII is hidden. For more details, see https://aka.ms/IdentityModel/PII.]'.
The token needs to be in JWS or JWE Compact Serialization Format. (JWS): 'EncodedHeader.EndcodedPayload.EncodedSignature'. (JWE): 'EncodedProtectedHeader.EncodedEncryptedKey.EncodedInitializationVector.EncodedCiphertext.EncodedAuthenticationTag'.
   at System.IdentityModel.Tokens.Jwt.JwtSecurityTokenHandler.ReadJwtToken(String token)
   at Yuebon.AspNetCore.Mvc.TokenProvider.ValidateToken(String token) in D:\netcorespace\YueGroup\src\Yuebon.NetCore\Yuebon.AspNetCore\Mvc\TokenProvider.cs:line 86
【11:30:43.141】  Yuebon.AspNetCore.Mvc.TokenProvider T9 
Error
System.ArgumentException: IDX12709: CanReadToken() returned false. JWT is not well formed: '[PII is hidden. For more details, see https://aka.ms/IdentityModel/PII.]'.
The token needs to be in JWS or JWE Compact Serialization Format. (JWS): 'EncodedHeader.EndcodedPayload.EncodedSignature'. (JWE): 'EncodedProtectedHeader.EncodedEncryptedKey.EncodedInitializationVector.EncodedCiphertext.EncodedAuthenticationTag'.
   at System.IdentityModel.Tokens.Jwt.JwtSecurityTokenHandler.ReadJwtToken(String token)
   at Yuebon.AspNetCore.Mvc.TokenProvider.ValidateToken(String token) in D:\netcorespace\YueGroup\src\Yuebon.NetCore\Yuebon.AspNetCore\Mvc\TokenProvider.cs:line 86
【11:52:05.581】  Yuebon.AspNetCore.Mvc.TokenProvider T33 
Error
System.ArgumentException: IDX12709: CanReadToken() returned false. JWT is not well formed: '[PII is hidden. For more details, see https://aka.ms/IdentityModel/PII.]'.
The token needs to be in JWS or JWE Compact Serialization Format. (JWS): 'EncodedHeader.EndcodedPayload.EncodedSignature'. (JWE): 'EncodedProtectedHeader.EncodedEncryptedKey.EncodedInitializationVector.EncodedCiphertext.EncodedAuthenticationTag'.
   at System.IdentityModel.Tokens.Jwt.JwtSecurityTokenHandler.ReadJwtToken(String token)
   at Yuebon.AspNetCore.Mvc.TokenProvider.ValidateToken(String token) in D:\netcorespace\YueGroup\src\Yuebon.NetCore\Yuebon.AspNetCore\Mvc\TokenProvider.cs:line 86
【11:52:11.570】  Yuebon.AspNetCore.Mvc.TokenProvider T29 
Error
System.ArgumentException: IDX12709: CanReadToken() returned false. JWT is not well formed: '[PII is hidden. For more details, see https://aka.ms/IdentityModel/PII.]'.
The token needs to be in JWS or JWE Compact Serialization Format. (JWS): 'EncodedHeader.EndcodedPayload.EncodedSignature'. (JWE): 'EncodedProtectedHeader.EncodedEncryptedKey.EncodedInitializationVector.EncodedCiphertext.EncodedAuthenticationTag'.
   at System.IdentityModel.Tokens.Jwt.JwtSecurityTokenHandler.ReadJwtToken(String token)
   at Yuebon.AspNetCore.Mvc.TokenProvider.ValidateToken(String token) in D:\netcorespace\YueGroup\src\Yuebon.NetCore\Yuebon.AspNetCore\Mvc\TokenProvider.cs:line 86
