[10:11:19.800] Yuebon.AspNetCore.Mvc.Filter.ExceptionHandlingAttribute T26 系统警告信息
Yuebon.AspNetCore.Common.MyApiException: Exception of type 'Yuebon.AspNetCore.Common.MyApiException' was thrown.
   at Yuebon.AspNetCore.Mvc.TokenProvider.ValidateToken(String token) in D:\netcorespace\YueGroup\src\Yuebon.AspNetCore\Mvc\TokenProvider.cs:line 101
   at Yuebon.AspNetCore.Controllers.ApiController.CheckToken(String token) in D:\netcorespace\YueGroup\src\Yuebon.AspNetCore\Mvc\ApiController.cs:line 56
   at Yuebon.WebApi.Areas.Security.Controllers.AppController.GetById(String id, String token) in D:\netcorespace\YueGroup\src\Yuebon.WebApi\Areas\Security\Controllers\AppController.cs:line 43
   at lambda_method(Closure , Object , Object[] )
   at Microsoft.Extensions.Internal.ObjectMethodExecutor.Execute(Object target, Object[] parameters)
   at Microsoft.AspNetCore.Mvc.Infrastructure.ActionMethodExecutor.SyncActionResultExecutor.Execute(IActionResultTypeMapper mapper, ObjectMethodExecutor executor, Object controller, Object[] arguments)
   at Microsoft.AspNetCore.Mvc.Infrastructure.ControllerActionInvoker.<InvokeActionMethodAsync>g__Logged|12_1(ControllerActionInvoker invoker)
   at Microsoft.AspNetCore.Mvc.Infrastructure.ControllerActionInvoker.<InvokeNextActionFilterAsync>g__Awaited|10_0(ControllerActionInvoker invoker, Task lastTask, State next, Scope scope, Object state, Boolean isCompleted)
   at Microsoft.AspNetCore.Mvc.Infrastructure.ControllerActionInvoker.Rethrow(ActionExecutedContextSealed context)
   at Microsoft.AspNetCore.Mvc.Infrastructure.ControllerActionInvoker.Next(State& next, Scope& scope, Object& state, Boolean& isCompleted)
   at Microsoft.AspNetCore.Mvc.Infrastructure.ControllerActionInvoker.InvokeInnerFilterAsync()
--- End of stack trace from previous location where exception was thrown ---
   at Microsoft.AspNetCore.Mvc.Infrastructure.ResourceInvoker.<InvokeNextExceptionFilterAsync>g__Awaited|25_0(ResourceInvoker invoker, Task lastTask, State next, Scope scope, Object state, Boolean isCompleted)
[10:11:32.347] Yuebon.AspNetCore.Mvc.Filter.ExceptionHandlingAttribute T26 系统警告信息
Yuebon.AspNetCore.Common.MyApiException: Exception of type 'Yuebon.AspNetCore.Common.MyApiException' was thrown.
   at Yuebon.AspNetCore.Mvc.TokenProvider.ValidateToken(String token) in D:\netcorespace\YueGroup\src\Yuebon.AspNetCore\Mvc\TokenProvider.cs:line 101
   at Yuebon.AspNetCore.Controllers.ApiController.CheckToken(String token) in D:\netcorespace\YueGroup\src\Yuebon.AspNetCore\Mvc\ApiController.cs:line 56
   at Yuebon.WebApi.Areas.Security.Controllers.AppController.GetById(String id, String token) in D:\netcorespace\YueGroup\src\Yuebon.WebApi\Areas\Security\Controllers\AppController.cs:line 43
   at lambda_method(Closure , Object , Object[] )
   at Microsoft.Extensions.Internal.ObjectMethodExecutor.Execute(Object target, Object[] parameters)
   at Microsoft.AspNetCore.Mvc.Infrastructure.ActionMethodExecutor.SyncActionResultExecutor.Execute(IActionResultTypeMapper mapper, ObjectMethodExecutor executor, Object controller, Object[] arguments)
   at Microsoft.AspNetCore.Mvc.Infrastructure.ControllerActionInvoker.<InvokeActionMethodAsync>g__Logged|12_1(ControllerActionInvoker invoker)
   at Microsoft.AspNetCore.Mvc.Infrastructure.ControllerActionInvoker.<InvokeNextActionFilterAsync>g__Awaited|10_0(ControllerActionInvoker invoker, Task lastTask, State next, Scope scope, Object state, Boolean isCompleted)
   at Microsoft.AspNetCore.Mvc.Infrastructure.ControllerActionInvoker.Rethrow(ActionExecutedContextSealed context)
   at Microsoft.AspNetCore.Mvc.Infrastructure.ControllerActionInvoker.Next(State& next, Scope& scope, Object& state, Boolean& isCompleted)
   at Microsoft.AspNetCore.Mvc.Infrastructure.ControllerActionInvoker.InvokeInnerFilterAsync()
--- End of stack trace from previous location where exception was thrown ---
   at Microsoft.AspNetCore.Mvc.Infrastructure.ResourceInvoker.<InvokeNextExceptionFilterAsync>g__Awaited|25_0(ResourceInvoker invoker, Task lastTask, State next, Scope scope, Object state, Boolean isCompleted)
[10:56:43.641] Yuebon.AspNetCore.Mvc.Filter.ExceptionHandlingAttribute T5 系统警告信息
System.NullReferenceException: MapperExtensions.Mapper不能为空，请先设置值
   at Yuebon.Commons.Mapping.MapperExtensions.CheckMapper() in D:\netcorespace\YueGroup\src\Yuebon.Commons\Mapping\MapperExtensions.cs:line 73
   at Yuebon.Commons.Mapping.MapperExtensions.MapTo[TTarget](Object source) in D:\netcorespace\YueGroup\src\Yuebon.Commons\Mapping\MapperExtensions.cs:line 36
   at Yuebon.WebApi.Areas.Security.Controllers.AppController.GetById(String id, String token) in D:\netcorespace\YueGroup\src\Yuebon.WebApi\Areas\Security\Controllers\AppController.cs:line 49
   at lambda_method(Closure , Object , Object[] )
   at Microsoft.Extensions.Internal.ObjectMethodExecutor.Execute(Object target, Object[] parameters)
   at Microsoft.AspNetCore.Mvc.Infrastructure.ActionMethodExecutor.SyncActionResultExecutor.Execute(IActionResultTypeMapper mapper, ObjectMethodExecutor executor, Object controller, Object[] arguments)
   at Microsoft.AspNetCore.Mvc.Infrastructure.ControllerActionInvoker.<InvokeActionMethodAsync>g__Logged|12_1(ControllerActionInvoker invoker)
   at Microsoft.AspNetCore.Mvc.Infrastructure.ControllerActionInvoker.<InvokeNextActionFilterAsync>g__Awaited|10_0(ControllerActionInvoker invoker, Task lastTask, State next, Scope scope, Object state, Boolean isCompleted)
   at Microsoft.AspNetCore.Mvc.Infrastructure.ControllerActionInvoker.Rethrow(ActionExecutedContextSealed context)
   at Microsoft.AspNetCore.Mvc.Infrastructure.ControllerActionInvoker.Next(State& next, Scope& scope, Object& state, Boolean& isCompleted)
   at Microsoft.AspNetCore.Mvc.Infrastructure.ControllerActionInvoker.InvokeInnerFilterAsync()
--- End of stack trace from previous location where exception was thrown ---
   at Microsoft.AspNetCore.Mvc.Infrastructure.ResourceInvoker.<InvokeNextExceptionFilterAsync>g__Awaited|25_0(ResourceInvoker invoker, Task lastTask, State next, Scope scope, Object state, Boolean isCompleted)
[18:24:19.013] Yuebon.AspNetCore.Mvc.Filter.ExceptionHandlingAttribute T4 系统警告信息
AutoMapper.AutoMapperMappingException: Missing type map configuration or unsupported mapping.

Mapping types:
APP -> AppOutputDto
Yuebon.Security.Models.APP -> Yuebon.Security.Core.Dtos.AppOutputDto
   at lambda_method(Closure , APP , AppOutputDto , ResolutionContext )
   at lambda_method(Closure , Object , Object , ResolutionContext )
   at Yuebon.Commons.Mapping.MapperExtensions.MapTo[TTarget](Object source) in D:\netcorespace\YueGroup\src\Yuebon.Commons\Mapping\MapperExtensions.cs:line 38
   at Yuebon.WebApi.Areas.Security.Controllers.AppController.GetById(String id, String token) in D:\netcorespace\YueGroup\src\Yuebon.WebApi\Areas\Security\Controllers\AppController.cs:line 49
   at lambda_method(Closure , Object , Object[] )
   at Microsoft.Extensions.Internal.ObjectMethodExecutor.Execute(Object target, Object[] parameters)
   at Microsoft.AspNetCore.Mvc.Infrastructure.ActionMethodExecutor.SyncActionResultExecutor.Execute(IActionResultTypeMapper mapper, ObjectMethodExecutor executor, Object controller, Object[] arguments)
   at Microsoft.AspNetCore.Mvc.Infrastructure.ControllerActionInvoker.<InvokeActionMethodAsync>g__Logged|12_1(ControllerActionInvoker invoker)
   at Microsoft.AspNetCore.Mvc.Infrastructure.ControllerActionInvoker.<InvokeNextActionFilterAsync>g__Awaited|10_0(ControllerActionInvoker invoker, Task lastTask, State next, Scope scope, Object state, Boolean isCompleted)
   at Microsoft.AspNetCore.Mvc.Infrastructure.ControllerActionInvoker.Rethrow(ActionExecutedContextSealed context)
   at Microsoft.AspNetCore.Mvc.Infrastructure.ControllerActionInvoker.Next(State& next, Scope& scope, Object& state, Boolean& isCompleted)
   at Microsoft.AspNetCore.Mvc.Infrastructure.ControllerActionInvoker.InvokeInnerFilterAsync()
--- End of stack trace from previous location where exception was thrown ---
   at Microsoft.AspNetCore.Mvc.Infrastructure.ResourceInvoker.<InvokeNextExceptionFilterAsync>g__Awaited|25_0(ResourceInvoker invoker, Task lastTask, State next, Scope scope, Object state, Boolean isCompleted)
