【17:26:17.516】  Yuebon.Quartz.Job.MessageNotice.OperateTrajectoryQuartz T8 
方法名称：SendTrajectoryNotice
日志内容：消息推送,用户:
{
  "ErrCode": "-1",
  "ErrMsg": null,
  "Success": false,
  "ResData": null
}
【17:31:15.682】  Yuebon.Quartz.Job.MessageNotice.OperateTrajectoryQuartz T26 
方法名称：SendTrajectoryNotice
日志内容：消息推送,用户:
{
  "ErrCode": "-1",
  "ErrMsg": null,
  "Success": false,
  "ResData": null
}
【17:37:38.871】  Yuebon.Quartz.Job.MessageNotice.OperateTrajectoryQuartz T5 
方法名称：SendTrajectoryNotice
日志内容：消息推送,用户:
{
  "ErrCode": "-1",
  "ErrMsg": null,
  "Success": false,
  "ResData": null
}
【17:42:33.739】  Yuebon.Quartz.Job.MessageNotice.OperateTrajectoryQuartz T39 
方法名称：SendTrajectoryNotice
日志内容：消息推送,用户:
{
  "ErrCode": "-1",
  "ErrMsg": null,
  "Success": false,
  "ResData": null
}
【17:47:33.903】  Yuebon.Quartz.Job.MessageNotice.OperateTrajectoryQuartz T48 
方法名称：SendTrajectoryNotice
日志内容：消息推送,用户:
{
  "ErrCode": "-1",
  "ErrMsg": null,
  "Success": false,
  "ResData": null
}
【17:52:33.741】  Yuebon.Quartz.Job.MessageNotice.OperateTrajectoryQuartz T56 
方法名称：SendTrajectoryNotice
日志内容：消息推送,用户:
{
  "ErrCode": "-1",
  "ErrMsg": null,
  "Success": false,
  "ResData": null
}
【17:57:33.816】  Yuebon.Quartz.Job.MessageNotice.OperateTrajectoryQuartz T33 
方法名称：SendTrajectoryNotice
日志内容：消息推送,用户:
{
  "ErrCode": "-1",
  "ErrMsg": null,
  "Success": false,
  "ResData": null
}
【18:02:33.770】  Yuebon.Quartz.Job.MessageNotice.OperateTrajectoryQuartz T97 
方法名称：SendTrajectoryNotice
日志内容：消息推送,用户:
{
  "ErrCode": "-1",
  "ErrMsg": null,
  "Success": false,
  "ResData": null
}
【18:07:33.738】  Yuebon.Quartz.Job.MessageNotice.OperateTrajectoryQuartz T89 
方法名称：SendTrajectoryNotice
日志内容：消息推送,用户:
{
  "ErrCode": "-1",
  "ErrMsg": null,
  "Success": false,
  "ResData": null
}
【18:11:42.704】  Yuebon.Quartz.Job.MessageNotice.OperateTrajectoryQuartz T8 
方法名称：SendTrajectoryNotice
日志内容：消息推送,用户:
{
  "ErrCode": "-1",
  "ErrMsg": null,
  "Success": false,
  "ResData": null
}
【18:17:32.589】  Yuebon.Quartz.Job.MessageNotice.OperateTrajectoryQuartz T19 
方法名称：SendTrajectoryNotice
日志内容：消息推送,用户:
{
  "ErrCode": "-1",
  "ErrMsg": null,
  "Success": false,
  "ResData": null
}
【18:22:29.957】  Yuebon.Quartz.Job.MessageNotice.OperateTrajectoryQuartz T26 
方法名称：SendTrajectoryNotice
日志内容：消息推送,用户:
{
  "ErrCode": "-1",
  "ErrMsg": null,
  "Success": false,
  "ResData": null
}
【18:24:08.861】  Yuebon.Quartz.Job.MessageNotice.OperateTrajectoryQuartz T5 
方法名称：SendTrajectoryNotice
日志内容：消息推送,用户:
{
  "ErrCode": "-1",
  "ErrMsg": null,
  "Success": false,
  "ResData": null
}
【18:32:39.782】  Yuebon.Quartz.Job.MessageNotice.OperateTrajectoryQuartz T4 
方法名称：SendTrajectoryNotice
日志内容：消息推送,用户:
{
  "ErrCode": "-1",
  "ErrMsg": null,
  "Success": false,
  "ResData": null
}
【18:35:41.932】  Yuebon.Quartz.Job.MessageNotice.OperateTrajectoryQuartz T19 
方法名称：SendTrajectoryNotice
日志内容：消息推送,用户:
{
  "ErrCode": "-1",
  "ErrMsg": null,
  "Success": false,
  "ResData": null
}
【18:37:33.745】  Yuebon.Quartz.Job.MessageNotice.OperateTrajectoryQuartz T18 
方法名称：SendTrajectoryNotice
日志内容：消息推送,用户:
{
  "ErrCode": "-1",
  "ErrMsg": null,
  "Success": false,
  "ResData": null
}
【18:51:13.734】  Yuebon.Quartz.Job.MessageNotice.OperateTrajectoryQuartz T23 
方法名称：SendTrajectoryNotice
日志内容：消息推送,用户:
{
  "ErrCode": "-1",
  "ErrMsg": null,
  "Success": false,
  "ResData": null
}
【18:56:37.581】  Yuebon.Quartz.Job.MessageNotice.OperateTrajectoryQuartz T19 
方法名称：SendTrajectoryNotice
日志内容：消息推送,用户:
{
  "ErrCode": "-1",
  "ErrMsg": null,
  "Success": false,
  "ResData": null
}
【19:01:55.065】  Yuebon.Quartz.Job.MessageNotice.OperateTrajectoryQuartz T5 
方法名称：SendTrajectoryNotice
日志内容：消息推送,用户:
{
  "ErrCode": "-1",
  "ErrMsg": null,
  "Success": false,
  "ResData": null
}
【19:06:52.706】  Yuebon.Quartz.Job.MessageNotice.OperateTrajectoryQuartz T38 
方法名称：SendTrajectoryNotice
日志内容：消息推送,用户:
{
  "ErrCode": "-1",
  "ErrMsg": null,
  "Success": false,
  "ResData": null
}
【19:11:52.716】  Yuebon.Quartz.Job.MessageNotice.OperateTrajectoryQuartz T41 
方法名称：SendTrajectoryNotice
日志内容：消息推送,用户:
{
  "ErrCode": "-1",
  "ErrMsg": null,
  "Success": false,
  "ResData": null
}
【19:16:53.467】  Yuebon.Quartz.Job.MessageNotice.OperateTrajectoryQuartz T19 
方法名称：SendTrajectoryNotice
日志内容：消息推送,用户:
{
  "ErrCode": "-1",
  "ErrMsg": null,
  "Success": false,
  "ResData": null
}
【19:21:51.598】  Yuebon.Quartz.Job.MessageNotice.OperateTrajectoryQuartz T22 
方法名称：SendTrajectoryNotice
日志内容：消息推送,用户:
{
  "ErrCode": "-1",
  "ErrMsg": null,
  "Success": false,
  "ResData": null
}
【19:26:13.988】  Yuebon.Quartz.Job.MessageNotice.OperateTrajectoryQuartz T19 
方法名称：SendTrajectoryNotice
日志内容：消息推送,用户:
{
  "ErrCode": "-1",
  "ErrMsg": null,
  "Success": false,
  "ResData": null
}
【19:31:12.081】  Yuebon.Quartz.Job.MessageNotice.OperateTrajectoryQuartz T5 
方法名称：SendTrajectoryNotice
日志内容：消息推送,用户:
{
  "ErrCode": "-1",
  "ErrMsg": null,
  "Success": false,
  "ResData": null
}
【19:34:01.804】  Yuebon.Quartz.Job.MessageNotice.OperateTrajectoryQuartz T22 
方法名称：SendTrajectoryNotice
日志内容：消息推送,用户:
{
  "ErrCode": "-1",
  "ErrMsg": null,
  "Success": false,
  "ResData": null
}
【19:35:22.967】  Yuebon.Quartz.Job.MessageNotice.OperateTrajectoryQuartz T5 
方法名称：SendTrajectoryNotice
日志内容：消息推送,用户:
{
  "ErrCode": "-1",
  "ErrMsg": null,
  "Success": false,
  "ResData": null
}
【19:40:20.913】  Yuebon.Quartz.Job.MessageNotice.OperateTrajectoryQuartz T47 
方法名称：SendTrajectoryNotice
日志内容：消息推送,用户:
{
  "ErrCode": "-1",
  "ErrMsg": null,
  "Success": false,
  "ResData": null
}
【19:45:00.608】  Yuebon.Quartz.Job.MessageNotice.OperateTrajectoryQuartz T5 
方法名称：SendTrajectoryNotice
日志内容：消息推送,用户:
{
  "ErrCode": "-1",
  "ErrMsg": null,
  "Success": false,
  "ResData": null
}
【19:47:27.277】  Yuebon.Quartz.Job.MessageNotice.OperateTrajectoryQuartz T8 
方法名称：SendTrajectoryNotice
日志内容：消息推送,用户:
{
  "ErrCode": "-1",
  "ErrMsg": null,
  "Success": false,
  "ResData": null
}
【19:49:59.458】  Yuebon.Quartz.Job.MessageNotice.OperateTrajectoryQuartz T8 
方法名称：SendTrajectoryNotice
日志内容：消息推送,用户:
{
  "ErrCode": "-1",
  "ErrMsg": null,
  "Success": false,
  "ResData": null
}
【19:59:19.782】  Yuebon.Quartz.Job.MessageNotice.OperateTrajectoryQuartz T5 
方法名称：SendTrajectoryNotice
日志内容：消息推送,用户:
{
  "ErrCode": "-1",
  "ErrMsg": null,
  "Success": false,
  "ResData": null
}
【20:04:17.460】  Yuebon.Quartz.Job.MessageNotice.OperateTrajectoryQuartz T47 
方法名称：SendTrajectoryNotice
日志内容：消息推送,用户:
{
  "ErrCode": "-1",
  "ErrMsg": null,
  "Success": false,
  "ResData": null
}
【20:09:17.463】  Yuebon.Quartz.Job.MessageNotice.OperateTrajectoryQuartz T47 
方法名称：SendTrajectoryNotice
日志内容：消息推送,用户:
{
  "ErrCode": "-1",
  "ErrMsg": null,
  "Success": false,
  "ResData": null
}
【20:14:17.497】  Yuebon.Quartz.Job.MessageNotice.OperateTrajectoryQuartz T28 
方法名称：SendTrajectoryNotice
日志内容：消息推送,用户:
{
  "ErrCode": "-1",
  "ErrMsg": null,
  "Success": false,
  "ResData": null
}
【20:19:17.495】  Yuebon.Quartz.Job.MessageNotice.OperateTrajectoryQuartz T48 
方法名称：SendTrajectoryNotice
日志内容：消息推送,用户:
{
  "ErrCode": "-1",
  "ErrMsg": null,
  "Success": false,
  "ResData": null
}
【20:24:17.487】  Yuebon.Quartz.Job.MessageNotice.OperateTrajectoryQuartz T19 
方法名称：SendTrajectoryNotice
日志内容：消息推送,用户:
{
  "ErrCode": "-1",
  "ErrMsg": null,
  "Success": false,
  "ResData": null
}
【20:29:17.486】  Yuebon.Quartz.Job.MessageNotice.OperateTrajectoryQuartz T56 
方法名称：SendTrajectoryNotice
日志内容：消息推送,用户:
{
  "ErrCode": "-1",
  "ErrMsg": null,
  "Success": false,
  "ResData": null
}
