【11:57:10.095】  Yuebon.Quartz.Job.MessageNotice.OperateTrajectoryQuartz T20 
方法名称：SendTrajectoryNotice
日志内容：消息推送,用户:
{
  "ErrCode": "-1",
  "ErrMsg": null,
  "Success": false,
  "ResData": null
}
【12:02:07.498】  Yuebon.Quartz.Job.MessageNotice.OperateTrajectoryQuartz T39 
方法名称：SendTrajectoryNotice
日志内容：消息推送,用户:
{
  "ErrCode": "-1",
  "ErrMsg": null,
  "Success": false,
  "ResData": null
}
【12:07:07.484】  Yuebon.Quartz.Job.MessageNotice.OperateTrajectoryQuartz T60 
方法名称：SendTrajectoryNotice
日志内容：消息推送,用户:
{
  "ErrCode": "-1",
  "ErrMsg": null,
  "Success": false,
  "ResData": null
}
【12:12:07.485】  Yuebon.Quartz.Job.MessageNotice.OperateTrajectoryQuartz T60 
方法名称：SendTrajectoryNotice
日志内容：消息推送,用户:
{
  "ErrCode": "-1",
  "ErrMsg": null,
  "Success": false,
  "ResData": null
}
【12:17:07.489】  Yuebon.Quartz.Job.MessageNotice.OperateTrajectoryQuartz T58 
方法名称：SendTrajectoryNotice
日志内容：消息推送,用户:
{
  "ErrCode": "-1",
  "ErrMsg": null,
  "Success": false,
  "ResData": null
}
【12:22:07.441】  Yuebon.Quartz.Job.MessageNotice.OperateTrajectoryQuartz T92 
方法名称：SendTrajectoryNotice
日志内容：消息推送,用户:
{
  "ErrCode": "-1",
  "ErrMsg": null,
  "Success": false,
  "ResData": null
}
【12:27:07.434】  Yuebon.Quartz.Job.MessageNotice.OperateTrajectoryQuartz T103 
方法名称：SendTrajectoryNotice
日志内容：消息推送,用户:
{
  "ErrCode": "-1",
  "ErrMsg": null,
  "Success": false,
  "ResData": null
}
【12:32:07.469】  Yuebon.Quartz.Job.MessageNotice.OperateTrajectoryQuartz T82 
方法名称：SendTrajectoryNotice
日志内容：消息推送,用户:
{
  "ErrCode": "-1",
  "ErrMsg": null,
  "Success": false,
  "ResData": null
}
【12:37:07.397】  Yuebon.Quartz.Job.MessageNotice.OperateTrajectoryQuartz T99 
方法名称：SendTrajectoryNotice
日志内容：消息推送,用户:
{
  "ErrCode": "-1",
  "ErrMsg": null,
  "Success": false,
  "ResData": null
}
【12:42:07.415】  Yuebon.Quartz.Job.MessageNotice.OperateTrajectoryQuartz T80 
方法名称：SendTrajectoryNotice
日志内容：消息推送,用户:
{
  "ErrCode": "-1",
  "ErrMsg": null,
  "Success": false,
  "ResData": null
}
【12:47:07.411】  Yuebon.Quartz.Job.MessageNotice.OperateTrajectoryQuartz T87 
方法名称：SendTrajectoryNotice
日志内容：消息推送,用户:
{
  "ErrCode": "-1",
  "ErrMsg": null,
  "Success": false,
  "ResData": null
}
【12:52:07.431】  Yuebon.Quartz.Job.MessageNotice.OperateTrajectoryQuartz T98 
方法名称：SendTrajectoryNotice
日志内容：消息推送,用户:
{
  "ErrCode": "-1",
  "ErrMsg": null,
  "Success": false,
  "ResData": null
}
【12:57:07.408】  Yuebon.Quartz.Job.MessageNotice.OperateTrajectoryQuartz T92 
方法名称：SendTrajectoryNotice
日志内容：消息推送,用户:
{
  "ErrCode": "-1",
  "ErrMsg": null,
  "Success": false,
  "ResData": null
}
【13:02:07.473】  Yuebon.Quartz.Job.MessageNotice.OperateTrajectoryQuartz T92 
方法名称：SendTrajectoryNotice
日志内容：消息推送,用户:
{
  "ErrCode": "-1",
  "ErrMsg": null,
  "Success": false,
  "ResData": null
}
【13:18:10.764】  Yuebon.Quartz.Job.MessageNotice.OperateTrajectoryQuartz T5 
方法名称：SendTrajectoryNotice
日志内容：消息推送,用户:
{
  "ErrCode": "-1",
  "ErrMsg": null,
  "Success": false,
  "ResData": null
}
【13:25:53.285】  Yuebon.Quartz.Job.MessageNotice.OperateTrajectoryQuartz T19 
方法名称：SendTrajectoryNotice
日志内容：消息推送,用户:
{
  "ErrCode": "-1",
  "ErrMsg": null,
  "Success": false,
  "ResData": null
}
【13:30:50.862】  Yuebon.Quartz.Job.MessageNotice.OperateTrajectoryQuartz T22 
方法名称：SendTrajectoryNotice
日志内容：消息推送,用户:
{
  "ErrCode": "-1",
  "ErrMsg": null,
  "Success": false,
  "ResData": null
}
【13:35:50.876】  Yuebon.Quartz.Job.MessageNotice.OperateTrajectoryQuartz T19 
方法名称：SendTrajectoryNotice
日志内容：消息推送,用户:
{
  "ErrCode": "-1",
  "ErrMsg": null,
  "Success": false,
  "ResData": null
}
【13:40:50.826】  Yuebon.Quartz.Job.MessageNotice.OperateTrajectoryQuartz T26 
方法名称：SendTrajectoryNotice
日志内容：消息推送,用户:
{
  "ErrCode": "-1",
  "ErrMsg": null,
  "Success": false,
  "ResData": null
}
【13:45:50.910】  Yuebon.Quartz.Job.MessageNotice.OperateTrajectoryQuartz T59 
方法名称：SendTrajectoryNotice
日志内容：消息推送,用户:
{
  "ErrCode": "-1",
  "ErrMsg": null,
  "Success": false,
  "ResData": null
}
【13:50:50.851】  Yuebon.Quartz.Job.MessageNotice.OperateTrajectoryQuartz T51 
方法名称：SendTrajectoryNotice
日志内容：消息推送,用户:
{
  "ErrCode": "-1",
  "ErrMsg": null,
  "Success": false,
  "ResData": null
}
【13:55:50.838】  Yuebon.Quartz.Job.MessageNotice.OperateTrajectoryQuartz T59 
方法名称：SendTrajectoryNotice
日志内容：消息推送,用户:
{
  "ErrCode": "-1",
  "ErrMsg": null,
  "Success": false,
  "ResData": null
}
【14:00:50.872】  Yuebon.Quartz.Job.MessageNotice.OperateTrajectoryQuartz T51 
方法名称：SendTrajectoryNotice
日志内容：消息推送,用户:
{
  "ErrCode": "-1",
  "ErrMsg": null,
  "Success": false,
  "ResData": null
}
【14:05:50.821】  Yuebon.Quartz.Job.MessageNotice.OperateTrajectoryQuartz T74 
方法名称：SendTrajectoryNotice
日志内容：消息推送,用户:
{
  "ErrCode": "-1",
  "ErrMsg": null,
  "Success": false,
  "ResData": null
}
【14:15:50.856】  Yuebon.Quartz.Job.MessageNotice.OperateTrajectoryQuartz T87 
方法名称：SendTrajectoryNotice
日志内容：消息推送,用户:
{
  "ErrCode": "-1",
  "ErrMsg": null,
  "Success": false,
  "ResData": null
}
【14:20:50.844】  Yuebon.Quartz.Job.MessageNotice.OperateTrajectoryQuartz T70 
方法名称：SendTrajectoryNotice
日志内容：消息推送,用户:
{
  "ErrCode": "-1",
  "ErrMsg": null,
  "Success": false,
  "ResData": null
}
【14:25:50.820】  Yuebon.Quartz.Job.MessageNotice.OperateTrajectoryQuartz T61 
方法名称：SendTrajectoryNotice
日志内容：消息推送,用户:
{
  "ErrCode": "-1",
  "ErrMsg": null,
  "Success": false,
  "ResData": null
}
【14:30:50.965】  Yuebon.Quartz.Job.MessageNotice.OperateTrajectoryQuartz T24 
方法名称：SendTrajectoryNotice
日志内容：消息推送,用户:
{
  "ErrCode": "-1",
  "ErrMsg": null,
  "Success": false,
  "ResData": null
}
【14:35:50.841】  Yuebon.Quartz.Job.MessageNotice.OperateTrajectoryQuartz T120 
方法名称：SendTrajectoryNotice
日志内容：消息推送,用户:
{
  "ErrCode": "-1",
  "ErrMsg": null,
  "Success": false,
  "ResData": null
}
【15:26:47.267】  Yuebon.Quartz.Job.MessageNotice.OperateTrajectoryQuartz T4 
方法名称：SendTrajectoryNotice
日志内容：消息推送,用户:
{
  "ErrCode": "-1",
  "ErrMsg": null,
  "Success": false,
  "ResData": null
}
【15:32:17.297】  Yuebon.Quartz.Job.MessageNotice.OperateTrajectoryQuartz T5 
方法名称：SendTrajectoryNotice
日志内容：消息推送,用户:
{
  "ErrCode": "-1",
  "ErrMsg": null,
  "Success": false,
  "ResData": null
}
【15:37:15.327】  Yuebon.Quartz.Job.MessageNotice.OperateTrajectoryQuartz T36 
方法名称：SendTrajectoryNotice
日志内容：消息推送,用户:
{
  "ErrCode": "-1",
  "ErrMsg": null,
  "Success": false,
  "ResData": null
}
【15:42:15.409】  Yuebon.Quartz.Job.MessageNotice.OperateTrajectoryQuartz T55 
方法名称：SendTrajectoryNotice
日志内容：消息推送,用户:
{
  "ErrCode": "-1",
  "ErrMsg": null,
  "Success": false,
  "ResData": null
}
【15:47:15.343】  Yuebon.Quartz.Job.MessageNotice.OperateTrajectoryQuartz T71 
方法名称：SendTrajectoryNotice
日志内容：消息推送,用户:
{
  "ErrCode": "-1",
  "ErrMsg": null,
  "Success": false,
  "ResData": null
}
【15:52:15.364】  Yuebon.Quartz.Job.MessageNotice.OperateTrajectoryQuartz T75 
方法名称：SendTrajectoryNotice
日志内容：消息推送,用户:
{
  "ErrCode": "-1",
  "ErrMsg": null,
  "Success": false,
  "ResData": null
}
【15:57:15.344】  Yuebon.Quartz.Job.MessageNotice.OperateTrajectoryQuartz T102 
方法名称：SendTrajectoryNotice
日志内容：消息推送,用户:
{
  "ErrCode": "-1",
  "ErrMsg": null,
  "Success": false,
  "ResData": null
}
【16:02:15.344】  Yuebon.Quartz.Job.MessageNotice.OperateTrajectoryQuartz T94 
方法名称：SendTrajectoryNotice
日志内容：消息推送,用户:
{
  "ErrCode": "-1",
  "ErrMsg": null,
  "Success": false,
  "ResData": null
}
【16:07:15.349】  Yuebon.Quartz.Job.MessageNotice.OperateTrajectoryQuartz T117 
方法名称：SendTrajectoryNotice
日志内容：消息推送,用户:
{
  "ErrCode": "-1",
  "ErrMsg": null,
  "Success": false,
  "ResData": null
}
【16:12:15.336】  Yuebon.Quartz.Job.MessageNotice.OperateTrajectoryQuartz T103 
方法名称：SendTrajectoryNotice
日志内容：消息推送,用户:
{
  "ErrCode": "-1",
  "ErrMsg": null,
  "Success": false,
  "ResData": null
}
【21:33:00.259】  Yuebon.Quartz.Job.MessageNotice.OperateTrajectoryQuartz T17 
方法名称：SendTrajectoryNotice
日志内容：消息推送,用户:
{
  "ErrCode": "-1",
  "ErrMsg": null,
  "Success": false,
  "ResData": null
}
