【10:22:58.712】  Yuebon.Quartz.Job.MessageNotice.OperateTrajectoryQuartz T4 
方法名称：SendTrajectoryNotice
日志内容：消息推送,用户:
{
  "ErrCode": "-1",
  "ErrMsg": null,
  "Success": false,
  "ResData": null
}
【10:27:55.543】  Yuebon.Quartz.Job.MessageNotice.OperateTrajectoryQuartz T50 
方法名称：SendTrajectoryNotice
日志内容：消息推送,用户:
{
  "ErrCode": "-1",
  "ErrMsg": null,
  "Success": false,
  "ResData": null
}
【10:32:55.554】  Yuebon.Quartz.Job.MessageNotice.OperateTrajectoryQuartz T62 
方法名称：SendTrajectoryNotice
日志内容：消息推送,用户:
{
  "ErrCode": "-1",
  "ErrMsg": null,
  "Success": false,
  "ResData": null
}
【10:38:32.614】  Yuebon.Quartz.Job.MessageNotice.OperateTrajectoryQuartz T5 
方法名称：SendTrajectoryNotice
日志内容：消息推送,用户:
{
  "ErrCode": "-1",
  "ErrMsg": null,
  "Success": false,
  "ResData": null
}
【10:43:30.695】  Yuebon.Quartz.Job.MessageNotice.OperateTrajectoryQuartz T22 
方法名称：SendTrajectoryNotice
日志内容：消息推送,用户:
{
  "ErrCode": "-1",
  "ErrMsg": null,
  "Success": false,
  "ResData": null
}
【10:48:30.887】  Yuebon.Quartz.Job.MessageNotice.OperateTrajectoryQuartz T19 
方法名称：SendTrajectoryNotice
日志内容：消息推送,用户:
{
  "ErrCode": "-1",
  "ErrMsg": null,
  "Success": false,
  "ResData": null
}
【10:53:30.735】  Yuebon.Quartz.Job.MessageNotice.OperateTrajectoryQuartz T75 
方法名称：SendTrajectoryNotice
日志内容：消息推送,用户:
{
  "ErrCode": "-1",
  "ErrMsg": null,
  "Success": false,
  "ResData": null
}
【11:00:22.780】  Yuebon.Quartz.Job.MessageNotice.OperateTrajectoryQuartz T24 
方法名称：SendTrajectoryNotice
日志内容：消息推送,用户:
{
  "ErrCode": "-1",
  "ErrMsg": null,
  "Success": false,
  "ResData": null
}
【11:04:23.386】  Yuebon.Quartz.Job.MessageNotice.OperateTrajectoryQuartz T5 
方法名称：SendTrajectoryNotice
日志内容：消息推送,用户:
{
  "ErrCode": "-1",
  "ErrMsg": null,
  "Success": false,
  "ResData": null
}
【11:05:57.290】  Yuebon.Quartz.Job.MessageNotice.OperateTrajectoryQuartz T18 
方法名称：SendTrajectoryNotice
日志内容：消息推送,用户:
{
  "ErrCode": "-1",
  "ErrMsg": null,
  "Success": false,
  "ResData": null
}
【11:12:24.766】  Yuebon.Quartz.Job.MessageNotice.OperateTrajectoryQuartz T4 
方法名称：SendTrajectoryNotice
日志内容：消息推送,用户:
{
  "ErrCode": "-1",
  "ErrMsg": null,
  "Success": false,
  "ResData": null
}
【11:17:22.593】  Yuebon.Quartz.Job.MessageNotice.OperateTrajectoryQuartz T60 
方法名称：SendTrajectoryNotice
日志内容：消息推送,用户:
{
  "ErrCode": "-1",
  "ErrMsg": null,
  "Success": false,
  "ResData": null
}
【14:44:51.053】  Yuebon.Quartz.Job.MessageNotice.OperateTrajectoryQuartz T6 
方法名称：SendTrajectoryNotice
日志内容：消息推送,用户:
{
  "ErrCode": "-1",
  "ErrMsg": null,
  "Success": false,
  "ResData": null
}
【14:49:46.558】  Yuebon.Quartz.Job.MessageNotice.OperateTrajectoryQuartz T32 
方法名称：SendTrajectoryNotice
日志内容：消息推送,用户:
{
  "ErrCode": "-1",
  "ErrMsg": null,
  "Success": false,
  "ResData": null
}
【14:54:46.460】  Yuebon.Quartz.Job.MessageNotice.OperateTrajectoryQuartz T58 
方法名称：SendTrajectoryNotice
日志内容：消息推送,用户:
{
  "ErrCode": "-1",
  "ErrMsg": null,
  "Success": false,
  "ResData": null
}
【14:59:46.549】  Yuebon.Quartz.Job.MessageNotice.OperateTrajectoryQuartz T81 
方法名称：SendTrajectoryNotice
日志内容：消息推送,用户:
{
  "ErrCode": "-1",
  "ErrMsg": null,
  "Success": false,
  "ResData": null
}
【15:02:29.300】  Yuebon.Quartz.Job.MessageNotice.OperateTrajectoryQuartz T9 
方法名称：SendTrajectoryNotice
日志内容：消息推送,用户:
{
  "ErrCode": "-1",
  "ErrMsg": null,
  "Success": false,
  "ResData": null
}
【15:07:25.915】  Yuebon.Quartz.Job.MessageNotice.OperateTrajectoryQuartz T39 
方法名称：SendTrajectoryNotice
日志内容：消息推送,用户:
{
  "ErrCode": "-1",
  "ErrMsg": null,
  "Success": false,
  "ResData": null
}
【15:16:17.112】  Yuebon.Quartz.Job.MessageNotice.OperateTrajectoryQuartz T5 
方法名称：SendTrajectoryNotice
日志内容：消息推送,用户:
{
  "ErrCode": "-1",
  "ErrMsg": null,
  "Success": false,
  "ResData": null
}
【15:26:44.333】  Yuebon.Quartz.Job.MessageNotice.OperateTrajectoryQuartz T24 
方法名称：SendTrajectoryNotice
日志内容：消息推送,用户:
{
  "ErrCode": "-1",
  "ErrMsg": null,
  "Success": false,
  "ResData": null
}
【15:29:03.122】  Yuebon.Quartz.Job.MessageNotice.OperateTrajectoryQuartz T8 
方法名称：SendTrajectoryNotice
日志内容：消息推送,用户:
{
  "ErrCode": "-1",
  "ErrMsg": null,
  "Success": false,
  "ResData": null
}
【15:32:15.750】  Yuebon.Quartz.Job.MessageNotice.OperateTrajectoryQuartz T19 
方法名称：SendTrajectoryNotice
日志内容：消息推送,用户:
{
  "ErrCode": "-1",
  "ErrMsg": null,
  "Success": false,
  "ResData": null
}
【15:37:13.892】  Yuebon.Quartz.Job.MessageNotice.OperateTrajectoryQuartz T54 
方法名称：SendTrajectoryNotice
日志内容：消息推送,用户:
{
  "ErrCode": "-1",
  "ErrMsg": null,
  "Success": false,
  "ResData": null
}
【15:42:13.894】  Yuebon.Quartz.Job.MessageNotice.OperateTrajectoryQuartz T52 
方法名称：SendTrajectoryNotice
日志内容：消息推送,用户:
{
  "ErrCode": "-1",
  "ErrMsg": null,
  "Success": false,
  "ResData": null
}
【15:47:13.926】  Yuebon.Quartz.Job.MessageNotice.OperateTrajectoryQuartz T42 
方法名称：SendTrajectoryNotice
日志内容：消息推送,用户:
{
  "ErrCode": "-1",
  "ErrMsg": null,
  "Success": false,
  "ResData": null
}
【15:52:13.998】  Yuebon.Quartz.Job.MessageNotice.OperateTrajectoryQuartz T52 
方法名称：SendTrajectoryNotice
日志内容：消息推送,用户:
{
  "ErrCode": "-1",
  "ErrMsg": null,
  "Success": false,
  "ResData": null
}
【15:57:13.843】  Yuebon.Quartz.Job.MessageNotice.OperateTrajectoryQuartz T92 
方法名称：SendTrajectoryNotice
日志内容：消息推送,用户:
{
  "ErrCode": "-1",
  "ErrMsg": null,
  "Success": false,
  "ResData": null
}
【16:02:13.882】  Yuebon.Quartz.Job.MessageNotice.OperateTrajectoryQuartz T34 
方法名称：SendTrajectoryNotice
日志内容：消息推送,用户:
{
  "ErrCode": "-1",
  "ErrMsg": null,
  "Success": false,
  "ResData": null
}
【16:07:13.868】  Yuebon.Quartz.Job.MessageNotice.OperateTrajectoryQuartz T19 
方法名称：SendTrajectoryNotice
日志内容：消息推送,用户:
{
  "ErrCode": "-1",
  "ErrMsg": null,
  "Success": false,
  "ResData": null
}
【16:12:13.842】  Yuebon.Quartz.Job.MessageNotice.OperateTrajectoryQuartz T68 
方法名称：SendTrajectoryNotice
日志内容：消息推送,用户:
{
  "ErrCode": "-1",
  "ErrMsg": null,
  "Success": false,
  "ResData": null
}
【16:17:16.248】  Yuebon.Quartz.Job.MessageNotice.OperateTrajectoryQuartz T98 
方法名称：SendTrajectoryNotice
日志内容：消息推送,用户:
{
  "ErrCode": "-1",
  "ErrMsg": null,
  "Success": false,
  "ResData": null
}
【16:19:19.762】  Yuebon.Quartz.Job.MessageNotice.OperateTrajectoryQuartz T4 
方法名称：SendTrajectoryNotice
日志内容：消息推送,用户:
{
  "ErrCode": "-1",
  "ErrMsg": null,
  "Success": false,
  "ResData": null
}
【16:24:17.336】  Yuebon.Quartz.Job.MessageNotice.OperateTrajectoryQuartz T35 
方法名称：SendTrajectoryNotice
日志内容：消息推送,用户:
{
  "ErrCode": "-1",
  "ErrMsg": null,
  "Success": false,
  "ResData": null
}
【16:29:17.511】  Yuebon.Quartz.Job.MessageNotice.OperateTrajectoryQuartz T62 
方法名称：SendTrajectoryNotice
日志内容：消息推送,用户:
{
  "ErrCode": "-1",
  "ErrMsg": null,
  "Success": false,
  "ResData": null
}
【16:34:17.422】  Yuebon.Quartz.Job.MessageNotice.OperateTrajectoryQuartz T78 
方法名称：SendTrajectoryNotice
日志内容：消息推送,用户:
{
  "ErrCode": "-1",
  "ErrMsg": null,
  "Success": false,
  "ResData": null
}
