【14:38:30.229】  Yuebon.Quartz.Job.MessageNotice.OperateTrajectoryQuartz T8 
方法名称：SendTrajectoryNotice
日志内容：消息推送：
{
  "ErrCode": "-1",
  "ErrMsg": null,
  "Success": false,
  "ResData": null
}
【14:39:06.732】  Yuebon.Quartz.Job.MessageNotice.OperateTrajectoryQuartz T8 
方法名称：SendTrajectoryNotice
日志内容：消息推送：
{
  "ErrCode": "用户拒绝接受消息",
  "ErrMsg": "user refuse to accept the msg hint: [st07204124]",
  "Success": false,
  "ResData": null
}
【14:39:08.835】  Yuebon.Quartz.Job.MessageNotice.OperateTrajectoryQuartz T8 
方法名称：SendTrajectoryNotice
日志内容：消息推送：
{
  "ErrCode": "模板参数不准确",
  "ErrMsg": "argument invalid! hint: [zw16da07484105] data.thing2.value invalid",
  "Success": false,
  "ResData": null
}
【14:39:10.445】  Yuebon.Quartz.Job.MessageNotice.OperateTrajectoryQuartz T8 
方法名称：SendTrajectoryNotice
日志内容：消息推送：
{
  "ErrCode": "用户拒绝接受消息",
  "ErrMsg": "user refuse to accept the msg hint: [pHOynA07503113]",
  "Success": false,
  "ResData": null
}
【14:39:12.105】  Yuebon.Quartz.Job.MessageNotice.OperateTrajectoryQuartz T8 
方法名称：SendTrajectoryNotice
日志内容：消息推送：
{
  "ErrCode": "-1",
  "ErrMsg": null,
  "Success": false,
  "ResData": null
}
【14:39:18.084】  Yuebon.Quartz.Job.MessageNotice.OperateTrajectoryQuartz T8 
方法名称：SendTrajectoryNotice
日志内容：消息推送：
{
  "ErrCode": "-1",
  "ErrMsg": null,
  "Success": false,
  "ResData": null
}
【14:39:19.496】  Yuebon.Quartz.Job.MessageNotice.OperateTrajectoryQuartz T8 
方法名称：SendTrajectoryNotice
日志内容：消息推送：
{
  "ErrCode": "-1",
  "ErrMsg": null,
  "Success": false,
  "ResData": null
}
【14:39:22.746】  Yuebon.Quartz.Job.MessageNotice.OperateTrajectoryQuartz T8 
方法名称：SendTrajectoryNotice
日志内容：消息推送：
{
  "ErrCode": "-1",
  "ErrMsg": null,
  "Success": false,
  "ResData": null
}
【14:40:05.665】  Yuebon.Quartz.Job.MessageNotice.OperateTrajectoryQuartz T5 
方法名称：SendTrajectoryNotice
日志内容：消息推送：
{
  "ErrCode": "-1",
  "ErrMsg": null,
  "Success": false,
  "ResData": null
}
【14:44:39.497】  Yuebon.Quartz.Job.MessageNotice.OperateTrajectoryQuartz T4 
方法名称：SendTrajectoryNotice
日志内容：消息推送：
{
  "ErrCode": "-1",
  "ErrMsg": null,
  "Success": false,
  "ResData": null
}
【14:44:44.527】  Yuebon.Quartz.Job.MessageNotice.OperateTrajectoryQuartz T4 
方法名称：SendTrajectoryNotice
日志内容：消息推送：
{
  "ErrCode": "请求成功",
  "ErrMsg": "ok",
  "Success": false,
  "ResData": null
}
【14:44:47.049】  Yuebon.Quartz.Job.MessageNotice.OperateTrajectoryQuartz T4 
方法名称：SendTrajectoryNotice
日志内容：消息推送：
{
  "ErrCode": "请求成功",
  "ErrMsg": "ok",
  "Success": false,
  "ResData": null
}
【14:52:58.424】  Yuebon.Quartz.Job.MessageNotice.OperateTrajectoryQuartz T19 
方法名称：SendTrajectoryNotice
日志内容：消息推送：
{
  "ErrCode": "-1",
  "ErrMsg": null,
  "Success": false,
  "ResData": null
}
【14:54:18.989】  Yuebon.Quartz.Job.MessageNotice.OperateTrajectoryQuartz T35 
方法名称：SendTrajectoryNotice
日志内容：消息推送：
{
  "ErrCode": "-1",
  "ErrMsg": null,
  "Success": false,
  "ResData": null
}
【14:54:19.004】  Yuebon.Quartz.Job.MessageNotice.OperateTrajectoryQuartz T19 
方法名称：SendTrajectoryNotice
日志内容：消息推送：
{
  "ErrCode": "-1",
  "ErrMsg": "{\r\n  \"errcode\": 43101,\r\n  \"ErrorCodeValue\": 43101,\r\n  \"errmsg\": \"user refuse to accept the msg hint: [F_7uSA0656shc1]\",\r\n  \"P2PData\": null\r\n}",
  "Success": false,
  "ResData": null
}
【14:54:24.784】  Yuebon.Quartz.Job.MessageNotice.OperateTrajectoryQuartz T19 
方法名称：SendTrajectoryNotice
日志内容：消息推送：
{
  "ErrCode": "-1",
  "ErrMsg": null,
  "Success": false,
  "ResData": null
}
【14:55:01.345】  Yuebon.Quartz.Job.MessageNotice.OperateTrajectoryQuartz T19 
方法名称：SendTrajectoryNotice
日志内容：消息推送：
{
  "ErrCode": "-1",
  "ErrMsg": null,
  "Success": false,
  "ResData": null
}
【14:55:15.720】  Yuebon.Quartz.Job.MessageNotice.OperateTrajectoryQuartz T35 
方法名称：SendTrajectoryNotice
日志内容：消息推送：
{
  "ErrCode": "-1",
  "ErrMsg": "{\r\n  \"errcode\": 43101,\r\n  \"ErrorCodeValue\": 43101,\r\n  \"errmsg\": \"user refuse to accept the msg hint: [jitWLA06654963]\",\r\n  \"P2PData\": null\r\n}",
  "Success": false,
  "ResData": null
}
【14:55:30.357】  Yuebon.Quartz.Job.MessageNotice.OperateTrajectoryQuartz T19 
方法名称：SendTrajectoryNotice
日志内容：消息推送：
{
  "ErrCode": "-1",
  "ErrMsg": null,
  "Success": false,
  "ResData": null
}
【14:55:34.192】  Yuebon.Quartz.Job.MessageNotice.OperateTrajectoryQuartz T35 
方法名称：SendTrajectoryNotice
日志内容：消息推送：
{
  "ErrCode": "-1",
  "ErrMsg": null,
  "Success": false,
  "ResData": null
}
【14:55:40.226】  Yuebon.Quartz.Job.MessageNotice.OperateTrajectoryQuartz T35 
方法名称：SendTrajectoryNotice
日志内容：消息推送：
{
  "ErrCode": "-1",
  "ErrMsg": null,
  "Success": false,
  "ResData": null
}
【14:55:42.017】  Yuebon.Quartz.Job.MessageNotice.OperateTrajectoryQuartz T19 
方法名称：SendTrajectoryNotice
日志内容：消息推送：
{
  "ErrCode": "-1",
  "ErrMsg": null,
  "Success": false,
  "ResData": null
}
【14:55:42.049】  Yuebon.Quartz.Job.MessageNotice.OperateTrajectoryQuartz T35 
方法名称：SendTrajectoryNotice
日志内容：消息推送：
{
  "ErrCode": "-1",
  "ErrMsg": null,
  "Success": false,
  "ResData": null
}
【14:55:42.715】  Yuebon.Quartz.Job.MessageNotice.OperateTrajectoryQuartz T35 
方法名称：SendTrajectoryNotice
日志内容：消息推送：
{
  "ErrCode": "-1",
  "ErrMsg": null,
  "Success": false,
  "ResData": null
}
【14:57:09.559】  Yuebon.Quartz.Job.MessageNotice.OperateTrajectoryQuartz T34 
方法名称：SendTrajectoryNotice
日志内容：消息推送：
{
  "ErrCode": "-1",
  "ErrMsg": null,
  "Success": false,
  "ResData": null
}
【14:58:29.316】  Yuebon.Quartz.Job.MessageNotice.OperateTrajectoryQuartz T34 
方法名称：SendTrajectoryNotice
日志内容：消息推送：
{
  "ErrCode": "-1",
  "ErrMsg": "{\r\n  \"errcode\": 43101,\r\n  \"ErrorCodeValue\": 43101,\r\n  \"errmsg\": \"user refuse to accept the msg hint: [5VSqka08588630]\",\r\n  \"P2PData\": null\r\n}",
  "Success": false,
  "ResData": null
}
【15:10:40.113】  Yuebon.Quartz.Job.MessageNotice.OperateTrajectoryQuartz T19 
方法名称：SendTrajectoryNotice
日志内容：消息推送,用户:2019100511085423515104
{
  "ErrCode": "-1",
  "ErrMsg": "{\r\n  \"errcode\": 43101,\r\n  \"ErrorCodeValue\": 43101,\r\n  \"errmsg\": \"user refuse to accept the msg hint: [CDVaya06384924]\",\r\n  \"P2PData\": null\r\n}",
  "Success": false,
  "ResData": null
}
【15:10:40.186】  Yuebon.Quartz.Job.MessageNotice.OperateTrajectoryQuartz T19 
方法名称：SendTrajectoryNotice
日志内容：消息推送,用户:2019101212244399723050
{
  "ErrCode": "-1",
  "ErrMsg": null,
  "Success": false,
  "ResData": null
}
【15:10:40.504】  Yuebon.Quartz.Job.MessageNotice.OperateTrajectoryQuartz T19 
方法名称：SendTrajectoryNotice
日志内容：消息推送,用户:2019101217022154089924
{
  "ErrCode": "-1",
  "ErrMsg": null,
  "Success": false,
  "ResData": null
}
【15:10:40.558】  Yuebon.Quartz.Job.MessageNotice.OperateTrajectoryQuartz T19 
方法名称：SendTrajectoryNotice
日志内容：消息推送,用户:2019103023312014234238
{
  "ErrCode": "-1",
  "ErrMsg": null,
  "Success": false,
  "ResData": null
}
【15:10:40.606】  Yuebon.Quartz.Job.MessageNotice.OperateTrajectoryQuartz T19 
方法名称：SendTrajectoryNotice
日志内容：消息推送,用户:9f2ec079-7d0f-4fe2-90ab-8b09a8302aba
{
  "ErrCode": "-1",
  "ErrMsg": null,
  "Success": false,
  "ResData": null
}
【15:12:24.662】  Yuebon.Quartz.Job.MessageNotice.OperateTrajectoryQuartz T37 
方法名称：SendTrajectoryNotice
日志内容：消息推送,用户:2019100511085423515104
{
  "ErrCode": "-1",
  "ErrMsg": "{\r\n  \"errcode\": 43101,\r\n  \"ErrorCodeValue\": 43101,\r\n  \"errmsg\": \"user refuse to accept the msg hint: [UWVlZa07433950]\",\r\n  \"P2PData\": null\r\n}",
  "Success": false,
  "ResData": null
}
【15:12:24.715】  Yuebon.Quartz.Job.MessageNotice.OperateTrajectoryQuartz T37 
方法名称：SendTrajectoryNotice
日志内容：消息推送,用户:2019101212244399723050
{
  "ErrCode": "-1",
  "ErrMsg": null,
  "Success": false,
  "ResData": null
}
【15:12:24.765】  Yuebon.Quartz.Job.MessageNotice.OperateTrajectoryQuartz T37 
方法名称：SendTrajectoryNotice
日志内容：消息推送,用户:2019101217022154089924
{
  "ErrCode": "-1",
  "ErrMsg": null,
  "Success": false,
  "ResData": null
}
【15:12:24.811】  Yuebon.Quartz.Job.MessageNotice.OperateTrajectoryQuartz T37 
方法名称：SendTrajectoryNotice
日志内容：消息推送,用户:2019103023312014234238
{
  "ErrCode": "-1",
  "ErrMsg": null,
  "Success": false,
  "ResData": null
}
【15:12:24.880】  Yuebon.Quartz.Job.MessageNotice.OperateTrajectoryQuartz T37 
方法名称：SendTrajectoryNotice
日志内容：消息推送,用户:9f2ec079-7d0f-4fe2-90ab-8b09a8302aba
{
  "ErrCode": "-1",
  "ErrMsg": null,
  "Success": false,
  "ResData": null
}
【16:02:09.029】  Yuebon.Quartz.Job.MessageNotice.OperateTrajectoryQuartz T8 
方法名称：SendTrajectoryNotice
日志内容：消息推送,用户:2019101212244399723050
{
  "ErrCode": "-1",
  "ErrMsg": null,
  "Success": false,
  "ResData": null
}
【16:02:09.118】  Yuebon.Quartz.Job.MessageNotice.OperateTrajectoryQuartz T8 
方法名称：SendTrajectoryNotice
日志内容：消息推送,用户:2019101217022154089924
{
  "ErrCode": "-1",
  "ErrMsg": null,
  "Success": false,
  "ResData": null
}
【16:02:09.163】  Yuebon.Quartz.Job.MessageNotice.OperateTrajectoryQuartz T8 
方法名称：SendTrajectoryNotice
日志内容：消息推送,用户:2019103023312014234238
{
  "ErrCode": "-1",
  "ErrMsg": null,
  "Success": false,
  "ResData": null
}
【16:02:09.228】  Yuebon.Quartz.Job.MessageNotice.OperateTrajectoryQuartz T8 
方法名称：SendTrajectoryNotice
日志内容：消息推送,用户:9f2ec079-7d0f-4fe2-90ab-8b09a8302aba
{
  "ErrCode": "-1",
  "ErrMsg": null,
  "Success": false,
  "ResData": null
}
【16:04:05.535】  Yuebon.Quartz.Job.MessageNotice.OperateTrajectoryQuartz T27 
方法名称：SendTrajectoryNotice
日志内容：消息推送,用户:2019101212244399723050
{
  "ErrCode": "-1",
  "ErrMsg": null,
  "Success": false,
  "ResData": null
}
【16:04:05.589】  Yuebon.Quartz.Job.MessageNotice.OperateTrajectoryQuartz T27 
方法名称：SendTrajectoryNotice
日志内容：消息推送,用户:2019101217022154089924
{
  "ErrCode": "-1",
  "ErrMsg": null,
  "Success": false,
  "ResData": null
}
【16:04:05.640】  Yuebon.Quartz.Job.MessageNotice.OperateTrajectoryQuartz T27 
方法名称：SendTrajectoryNotice
日志内容：消息推送,用户:2019103023312014234238
{
  "ErrCode": "-1",
  "ErrMsg": null,
  "Success": false,
  "ResData": null
}
【16:04:05.681】  Yuebon.Quartz.Job.MessageNotice.OperateTrajectoryQuartz T27 
方法名称：SendTrajectoryNotice
日志内容：消息推送,用户:9f2ec079-7d0f-4fe2-90ab-8b09a8302aba
{
  "ErrCode": "-1",
  "ErrMsg": null,
  "Success": false,
  "ResData": null
}
【16:06:05.985】  Yuebon.Quartz.Job.MessageNotice.OperateTrajectoryQuartz T39 
方法名称：SendTrajectoryNotice
日志内容：消息推送,用户:2019101212244399723050
{
  "ErrCode": "-1",
  "ErrMsg": null,
  "Success": false,
  "ResData": null
}
【16:06:06.033】  Yuebon.Quartz.Job.MessageNotice.OperateTrajectoryQuartz T39 
方法名称：SendTrajectoryNotice
日志内容：消息推送,用户:2019101217022154089924
{
  "ErrCode": "-1",
  "ErrMsg": null,
  "Success": false,
  "ResData": null
}
【16:06:06.080】  Yuebon.Quartz.Job.MessageNotice.OperateTrajectoryQuartz T39 
方法名称：SendTrajectoryNotice
日志内容：消息推送,用户:2019103023312014234238
{
  "ErrCode": "-1",
  "ErrMsg": null,
  "Success": false,
  "ResData": null
}
【16:06:06.121】  Yuebon.Quartz.Job.MessageNotice.OperateTrajectoryQuartz T39 
方法名称：SendTrajectoryNotice
日志内容：消息推送,用户:9f2ec079-7d0f-4fe2-90ab-8b09a8302aba
{
  "ErrCode": "-1",
  "ErrMsg": null,
  "Success": false,
  "ResData": null
}
【16:08:49.568】  Yuebon.Quartz.Job.MessageNotice.OperateTrajectoryQuartz T44 
方法名称：SendTrajectoryNotice
日志内容：消息推送,用户:2019101212244399723050
{
  "ErrCode": "-1",
  "ErrMsg": null,
  "Success": false,
  "ResData": null
}
【16:08:49.648】  Yuebon.Quartz.Job.MessageNotice.OperateTrajectoryQuartz T44 
方法名称：SendTrajectoryNotice
日志内容：消息推送,用户:2019101217022154089924
{
  "ErrCode": "-1",
  "ErrMsg": null,
  "Success": false,
  "ResData": null
}
【16:08:51.476】  Yuebon.Quartz.Job.MessageNotice.OperateTrajectoryQuartz T44 
方法名称：SendTrajectoryNotice
日志内容：消息推送,用户:2019103023312014234238
{
  "ErrCode": "-1",
  "ErrMsg": null,
  "Success": false,
  "ResData": null
}
【16:08:51.783】  Yuebon.Quartz.Job.MessageNotice.OperateTrajectoryQuartz T44 
方法名称：SendTrajectoryNotice
日志内容：消息推送,用户:9f2ec079-7d0f-4fe2-90ab-8b09a8302aba
{
  "ErrCode": "-1",
  "ErrMsg": null,
  "Success": false,
  "ResData": null
}
【16:10:07.026】  Yuebon.Quartz.Job.MessageNotice.OperateTrajectoryQuartz T55 
方法名称：SendTrajectoryNotice
日志内容：消息推送,用户:2019101212244399723050
{
  "ErrCode": "-1",
  "ErrMsg": null,
  "Success": false,
  "ResData": null
}
【16:10:07.123】  Yuebon.Quartz.Job.MessageNotice.OperateTrajectoryQuartz T55 
方法名称：SendTrajectoryNotice
日志内容：消息推送,用户:2019101217022154089924
{
  "ErrCode": "-1",
  "ErrMsg": null,
  "Success": false,
  "ResData": null
}
【16:10:07.170】  Yuebon.Quartz.Job.MessageNotice.OperateTrajectoryQuartz T55 
方法名称：SendTrajectoryNotice
日志内容：消息推送,用户:2019103023312014234238
{
  "ErrCode": "-1",
  "ErrMsg": null,
  "Success": false,
  "ResData": null
}
【16:10:07.228】  Yuebon.Quartz.Job.MessageNotice.OperateTrajectoryQuartz T55 
方法名称：SendTrajectoryNotice
日志内容：消息推送,用户:9f2ec079-7d0f-4fe2-90ab-8b09a8302aba
{
  "ErrCode": "-1",
  "ErrMsg": null,
  "Success": false,
  "ResData": null
}
【16:12:03.243】  Yuebon.Quartz.Job.MessageNotice.OperateTrajectoryQuartz T67 
方法名称：SendTrajectoryNotice
日志内容：消息推送,用户:2019101212244399723050
{
  "ErrCode": "-1",
  "ErrMsg": null,
  "Success": false,
  "ResData": null
}
【16:12:03.286】  Yuebon.Quartz.Job.MessageNotice.OperateTrajectoryQuartz T67 
方法名称：SendTrajectoryNotice
日志内容：消息推送,用户:2019101217022154089924
{
  "ErrCode": "-1",
  "ErrMsg": null,
  "Success": false,
  "ResData": null
}
【16:12:03.345】  Yuebon.Quartz.Job.MessageNotice.OperateTrajectoryQuartz T67 
方法名称：SendTrajectoryNotice
日志内容：消息推送,用户:2019103023312014234238
{
  "ErrCode": "-1",
  "ErrMsg": null,
  "Success": false,
  "ResData": null
}
【16:12:03.396】  Yuebon.Quartz.Job.MessageNotice.OperateTrajectoryQuartz T67 
方法名称：SendTrajectoryNotice
日志内容：消息推送,用户:9f2ec079-7d0f-4fe2-90ab-8b09a8302aba
{
  "ErrCode": "-1",
  "ErrMsg": null,
  "Success": false,
  "ResData": null
}
【16:14:03.352】  Yuebon.Quartz.Job.MessageNotice.OperateTrajectoryQuartz T62 
方法名称：SendTrajectoryNotice
日志内容：消息推送,用户:2019101212244399723050
{
  "ErrCode": "-1",
  "ErrMsg": null,
  "Success": false,
  "ResData": null
}
【16:14:03.418】  Yuebon.Quartz.Job.MessageNotice.OperateTrajectoryQuartz T62 
方法名称：SendTrajectoryNotice
日志内容：消息推送,用户:2019101217022154089924
{
  "ErrCode": "-1",
  "ErrMsg": null,
  "Success": false,
  "ResData": null
}
【16:14:03.480】  Yuebon.Quartz.Job.MessageNotice.OperateTrajectoryQuartz T62 
方法名称：SendTrajectoryNotice
日志内容：消息推送,用户:2019103023312014234238
{
  "ErrCode": "-1",
  "ErrMsg": null,
  "Success": false,
  "ResData": null
}
【16:14:03.524】  Yuebon.Quartz.Job.MessageNotice.OperateTrajectoryQuartz T62 
方法名称：SendTrajectoryNotice
日志内容：消息推送,用户:9f2ec079-7d0f-4fe2-90ab-8b09a8302aba
{
  "ErrCode": "-1",
  "ErrMsg": null,
  "Success": false,
  "ResData": null
}
【16:16:03.277】  Yuebon.Quartz.Job.MessageNotice.OperateTrajectoryQuartz T65 
方法名称：SendTrajectoryNotice
日志内容：消息推送,用户:2019101212244399723050
{
  "ErrCode": "-1",
  "ErrMsg": null,
  "Success": false,
  "ResData": null
}
【16:16:03.360】  Yuebon.Quartz.Job.MessageNotice.OperateTrajectoryQuartz T65 
方法名称：SendTrajectoryNotice
日志内容：消息推送,用户:2019101217022154089924
{
  "ErrCode": "-1",
  "ErrMsg": null,
  "Success": false,
  "ResData": null
}
【16:16:03.399】  Yuebon.Quartz.Job.MessageNotice.OperateTrajectoryQuartz T65 
方法名称：SendTrajectoryNotice
日志内容：消息推送,用户:2019103023312014234238
{
  "ErrCode": "-1",
  "ErrMsg": null,
  "Success": false,
  "ResData": null
}
【16:16:03.440】  Yuebon.Quartz.Job.MessageNotice.OperateTrajectoryQuartz T65 
方法名称：SendTrajectoryNotice
日志内容：消息推送,用户:9f2ec079-7d0f-4fe2-90ab-8b09a8302aba
{
  "ErrCode": "-1",
  "ErrMsg": null,
  "Success": false,
  "ResData": null
}
【16:18:03.303】  Yuebon.Quartz.Job.MessageNotice.OperateTrajectoryQuartz T74 
方法名称：SendTrajectoryNotice
日志内容：消息推送,用户:2019101212244399723050
{
  "ErrCode": "-1",
  "ErrMsg": null,
  "Success": false,
  "ResData": null
}
【16:18:03.356】  Yuebon.Quartz.Job.MessageNotice.OperateTrajectoryQuartz T74 
方法名称：SendTrajectoryNotice
日志内容：消息推送,用户:2019101217022154089924
{
  "ErrCode": "-1",
  "ErrMsg": null,
  "Success": false,
  "ResData": null
}
【16:18:03.398】  Yuebon.Quartz.Job.MessageNotice.OperateTrajectoryQuartz T74 
方法名称：SendTrajectoryNotice
日志内容：消息推送,用户:2019103023312014234238
{
  "ErrCode": "-1",
  "ErrMsg": null,
  "Success": false,
  "ResData": null
}
【16:18:03.452】  Yuebon.Quartz.Job.MessageNotice.OperateTrajectoryQuartz T74 
方法名称：SendTrajectoryNotice
日志内容：消息推送,用户:9f2ec079-7d0f-4fe2-90ab-8b09a8302aba
{
  "ErrCode": "-1",
  "ErrMsg": null,
  "Success": false,
  "ResData": null
}
【16:20:03.263】  Yuebon.Quartz.Job.MessageNotice.OperateTrajectoryQuartz T70 
方法名称：SendTrajectoryNotice
日志内容：消息推送,用户:2019101212244399723050
{
  "ErrCode": "-1",
  "ErrMsg": null,
  "Success": false,
  "ResData": null
}
【16:20:03.310】  Yuebon.Quartz.Job.MessageNotice.OperateTrajectoryQuartz T70 
方法名称：SendTrajectoryNotice
日志内容：消息推送,用户:2019101217022154089924
{
  "ErrCode": "-1",
  "ErrMsg": null,
  "Success": false,
  "ResData": null
}
【16:20:03.356】  Yuebon.Quartz.Job.MessageNotice.OperateTrajectoryQuartz T70 
方法名称：SendTrajectoryNotice
日志内容：消息推送,用户:2019103023312014234238
{
  "ErrCode": "-1",
  "ErrMsg": null,
  "Success": false,
  "ResData": null
}
【16:20:03.406】  Yuebon.Quartz.Job.MessageNotice.OperateTrajectoryQuartz T70 
方法名称：SendTrajectoryNotice
日志内容：消息推送,用户:9f2ec079-7d0f-4fe2-90ab-8b09a8302aba
{
  "ErrCode": "-1",
  "ErrMsg": null,
  "Success": false,
  "ResData": null
}
【16:22:03.254】  Yuebon.Quartz.Job.MessageNotice.OperateTrajectoryQuartz T87 
方法名称：SendTrajectoryNotice
日志内容：消息推送,用户:2019101212244399723050
{
  "ErrCode": "-1",
  "ErrMsg": null,
  "Success": false,
  "ResData": null
}
【16:22:03.296】  Yuebon.Quartz.Job.MessageNotice.OperateTrajectoryQuartz T87 
方法名称：SendTrajectoryNotice
日志内容：消息推送,用户:2019101217022154089924
{
  "ErrCode": "-1",
  "ErrMsg": null,
  "Success": false,
  "ResData": null
}
【16:22:03.347】  Yuebon.Quartz.Job.MessageNotice.OperateTrajectoryQuartz T87 
方法名称：SendTrajectoryNotice
日志内容：消息推送,用户:2019103023312014234238
{
  "ErrCode": "-1",
  "ErrMsg": null,
  "Success": false,
  "ResData": null
}
【16:22:03.395】  Yuebon.Quartz.Job.MessageNotice.OperateTrajectoryQuartz T87 
方法名称：SendTrajectoryNotice
日志内容：消息推送,用户:9f2ec079-7d0f-4fe2-90ab-8b09a8302aba
{
  "ErrCode": "-1",
  "ErrMsg": null,
  "Success": false,
  "ResData": null
}
【16:28:40.488】  Yuebon.Quartz.Job.MessageNotice.OperateTrajectoryQuartz T9 
方法名称：SendTrajectoryNotice
日志内容：消息推送,用户:2019101212244399723050
{
  "ErrCode": "-1",
  "ErrMsg": null,
  "Success": false,
  "ResData": null
}
【16:28:40.589】  Yuebon.Quartz.Job.MessageNotice.OperateTrajectoryQuartz T9 
方法名称：SendTrajectoryNotice
日志内容：消息推送,用户:2019101217022154089924
{
  "ErrCode": "-1",
  "ErrMsg": null,
  "Success": false,
  "ResData": null
}
【16:28:40.661】  Yuebon.Quartz.Job.MessageNotice.OperateTrajectoryQuartz T9 
方法名称：SendTrajectoryNotice
日志内容：消息推送,用户:2019103023312014234238
{
  "ErrCode": "-1",
  "ErrMsg": null,
  "Success": false,
  "ResData": null
}
【16:28:40.707】  Yuebon.Quartz.Job.MessageNotice.OperateTrajectoryQuartz T9 
方法名称：SendTrajectoryNotice
日志内容：消息推送,用户:9f2ec079-7d0f-4fe2-90ab-8b09a8302aba
{
  "ErrCode": "-1",
  "ErrMsg": null,
  "Success": false,
  "ResData": null
}
【16:57:47.823】  Yuebon.Quartz.Job.MessageNotice.OperateTrajectoryQuartz T32 
方法名称：SendTrajectoryNotice
日志内容：消息推送,用户:2019101212244399723050
{
  "ErrCode": "-1",
  "ErrMsg": null,
  "Success": false,
  "ResData": null
}
【16:57:47.964】  Yuebon.Quartz.Job.MessageNotice.OperateTrajectoryQuartz T32 
方法名称：SendTrajectoryNotice
日志内容：消息推送,用户:2019101217022154089924
{
  "ErrCode": "-1",
  "ErrMsg": null,
  "Success": false,
  "ResData": null
}
【16:57:48.003】  Yuebon.Quartz.Job.MessageNotice.OperateTrajectoryQuartz T32 
方法名称：SendTrajectoryNotice
日志内容：消息推送,用户:2019103023312014234238
{
  "ErrCode": "-1",
  "ErrMsg": null,
  "Success": false,
  "ResData": null
}
【16:57:48.063】  Yuebon.Quartz.Job.MessageNotice.OperateTrajectoryQuartz T32 
方法名称：SendTrajectoryNotice
日志内容：消息推送,用户:9f2ec079-7d0f-4fe2-90ab-8b09a8302aba
{
  "ErrCode": "-1",
  "ErrMsg": null,
  "Success": false,
  "ResData": null
}
【16:59:45.231】  Yuebon.Quartz.Job.MessageNotice.OperateTrajectoryQuartz T21 
方法名称：SendTrajectoryNotice
日志内容：消息推送,用户:2019101212244399723050
{
  "ErrCode": "-1",
  "ErrMsg": null,
  "Success": false,
  "ResData": null
}
【16:59:45.327】  Yuebon.Quartz.Job.MessageNotice.OperateTrajectoryQuartz T21 
方法名称：SendTrajectoryNotice
日志内容：消息推送,用户:2019101217022154089924
{
  "ErrCode": "-1",
  "ErrMsg": null,
  "Success": false,
  "ResData": null
}
【16:59:45.418】  Yuebon.Quartz.Job.MessageNotice.OperateTrajectoryQuartz T21 
方法名称：SendTrajectoryNotice
日志内容：消息推送,用户:2019103023312014234238
{
  "ErrCode": "-1",
  "ErrMsg": null,
  "Success": false,
  "ResData": null
}
【16:59:45.467】  Yuebon.Quartz.Job.MessageNotice.OperateTrajectoryQuartz T21 
方法名称：SendTrajectoryNotice
日志内容：消息推送,用户:9f2ec079-7d0f-4fe2-90ab-8b09a8302aba
{
  "ErrCode": "-1",
  "ErrMsg": null,
  "Success": false,
  "ResData": null
}
【17:07:23.359】  Yuebon.Quartz.Job.MessageNotice.OperateTrajectoryQuartz T20 
方法名称：SendTrajectoryNotice
日志内容：消息推送,用户:2019101212244399723050
{
  "ErrCode": "-1",
  "ErrMsg": null,
  "Success": false,
  "ResData": null
}
【17:07:23.417】  Yuebon.Quartz.Job.MessageNotice.OperateTrajectoryQuartz T20 
方法名称：SendTrajectoryNotice
日志内容：消息推送,用户:2019101217022154089924
{
  "ErrCode": "-1",
  "ErrMsg": null,
  "Success": false,
  "ResData": null
}
【17:07:23.479】  Yuebon.Quartz.Job.MessageNotice.OperateTrajectoryQuartz T20 
方法名称：SendTrajectoryNotice
日志内容：消息推送,用户:2019103023312014234238
{
  "ErrCode": "-1",
  "ErrMsg": null,
  "Success": false,
  "ResData": null
}
【17:07:23.533】  Yuebon.Quartz.Job.MessageNotice.OperateTrajectoryQuartz T20 
方法名称：SendTrajectoryNotice
日志内容：消息推送,用户:9f2ec079-7d0f-4fe2-90ab-8b09a8302aba
{
  "ErrCode": "-1",
  "ErrMsg": null,
  "Success": false,
  "ResData": null
}
【17:10:05.551】  Yuebon.Quartz.Job.MessageNotice.OperateTrajectoryQuartz T37 
方法名称：SendTrajectoryNotice
日志内容：消息推送,用户:2019101212244399723050
{
  "ErrCode": "-1",
  "ErrMsg": null,
  "Success": false,
  "ResData": null
}
【17:10:05.615】  Yuebon.Quartz.Job.MessageNotice.OperateTrajectoryQuartz T37 
方法名称：SendTrajectoryNotice
日志内容：消息推送,用户:2019101217022154089924
{
  "ErrCode": "-1",
  "ErrMsg": null,
  "Success": false,
  "ResData": null
}
【17:10:05.697】  Yuebon.Quartz.Job.MessageNotice.OperateTrajectoryQuartz T37 
方法名称：SendTrajectoryNotice
日志内容：消息推送,用户:2019103023312014234238
{
  "ErrCode": "-1",
  "ErrMsg": null,
  "Success": false,
  "ResData": null
}
【17:10:05.819】  Yuebon.Quartz.Job.MessageNotice.OperateTrajectoryQuartz T37 
方法名称：SendTrajectoryNotice
日志内容：消息推送,用户:9f2ec079-7d0f-4fe2-90ab-8b09a8302aba
{
  "ErrCode": "-1",
  "ErrMsg": null,
  "Success": false,
  "ResData": null
}
【17:11:22.368】  Yuebon.Quartz.Job.MessageNotice.OperateTrajectoryQuartz T39 
方法名称：SendTrajectoryNotice
日志内容：消息推送,用户:2019101212244399723050
{
  "ErrCode": "-1",
  "ErrMsg": null,
  "Success": false,
  "ResData": null
}
【17:11:22.414】  Yuebon.Quartz.Job.MessageNotice.OperateTrajectoryQuartz T39 
方法名称：SendTrajectoryNotice
日志内容：消息推送,用户:2019101217022154089924
{
  "ErrCode": "-1",
  "ErrMsg": null,
  "Success": false,
  "ResData": null
}
【17:11:22.467】  Yuebon.Quartz.Job.MessageNotice.OperateTrajectoryQuartz T39 
方法名称：SendTrajectoryNotice
日志内容：消息推送,用户:2019103023312014234238
{
  "ErrCode": "-1",
  "ErrMsg": null,
  "Success": false,
  "ResData": null
}
【17:11:22.517】  Yuebon.Quartz.Job.MessageNotice.OperateTrajectoryQuartz T39 
方法名称：SendTrajectoryNotice
日志内容：消息推送,用户:9f2ec079-7d0f-4fe2-90ab-8b09a8302aba
{
  "ErrCode": "-1",
  "ErrMsg": null,
  "Success": false,
  "ResData": null
}
【17:13:26.211】  Yuebon.Quartz.Job.MessageNotice.OperateTrajectoryQuartz T50 
方法名称：SendTrajectoryNotice
日志内容：消息推送,用户:2019101212244399723050
{
  "ErrCode": "-1",
  "ErrMsg": null,
  "Success": false,
  "ResData": null
}
【17:13:26.282】  Yuebon.Quartz.Job.MessageNotice.OperateTrajectoryQuartz T50 
方法名称：SendTrajectoryNotice
日志内容：消息推送,用户:2019101217022154089924
{
  "ErrCode": "-1",
  "ErrMsg": null,
  "Success": false,
  "ResData": null
}
【17:13:26.368】  Yuebon.Quartz.Job.MessageNotice.OperateTrajectoryQuartz T50 
方法名称：SendTrajectoryNotice
日志内容：消息推送,用户:2019103023312014234238
{
  "ErrCode": "-1",
  "ErrMsg": null,
  "Success": false,
  "ResData": null
}
【17:13:26.430】  Yuebon.Quartz.Job.MessageNotice.OperateTrajectoryQuartz T50 
方法名称：SendTrajectoryNotice
日志内容：消息推送,用户:9f2ec079-7d0f-4fe2-90ab-8b09a8302aba
{
  "ErrCode": "-1",
  "ErrMsg": null,
  "Success": false,
  "ResData": null
}
【17:16:28.094】  Yuebon.Quartz.Job.MessageNotice.OperateTrajectoryQuartz T23 
方法名称：SendTrajectoryNotice
日志内容：消息推送,用户:2019101212244399723050
{
  "ErrCode": "-1",
  "ErrMsg": null,
  "Success": false,
  "ResData": null
}
【17:16:28.155】  Yuebon.Quartz.Job.MessageNotice.OperateTrajectoryQuartz T23 
方法名称：SendTrajectoryNotice
日志内容：消息推送,用户:2019101217022154089924
{
  "ErrCode": "-1",
  "ErrMsg": null,
  "Success": false,
  "ResData": null
}
【17:16:28.207】  Yuebon.Quartz.Job.MessageNotice.OperateTrajectoryQuartz T23 
方法名称：SendTrajectoryNotice
日志内容：消息推送,用户:2019103023312014234238
{
  "ErrCode": "-1",
  "ErrMsg": null,
  "Success": false,
  "ResData": null
}
【17:16:28.265】  Yuebon.Quartz.Job.MessageNotice.OperateTrajectoryQuartz T23 
方法名称：SendTrajectoryNotice
日志内容：消息推送,用户:9f2ec079-7d0f-4fe2-90ab-8b09a8302aba
{
  "ErrCode": "-1",
  "ErrMsg": null,
  "Success": false,
  "ResData": null
}
【17:18:25.854】  Yuebon.Quartz.Job.MessageNotice.OperateTrajectoryQuartz T28 
方法名称：SendTrajectoryNotice
日志内容：消息推送,用户:2019101212244399723050
{
  "ErrCode": "-1",
  "ErrMsg": null,
  "Success": false,
  "ResData": null
}
【17:18:25.916】  Yuebon.Quartz.Job.MessageNotice.OperateTrajectoryQuartz T28 
方法名称：SendTrajectoryNotice
日志内容：消息推送,用户:2019101217022154089924
{
  "ErrCode": "-1",
  "ErrMsg": null,
  "Success": false,
  "ResData": null
}
【17:18:25.972】  Yuebon.Quartz.Job.MessageNotice.OperateTrajectoryQuartz T28 
方法名称：SendTrajectoryNotice
日志内容：消息推送,用户:2019103023312014234238
{
  "ErrCode": "-1",
  "ErrMsg": null,
  "Success": false,
  "ResData": null
}
【17:18:26.024】  Yuebon.Quartz.Job.MessageNotice.OperateTrajectoryQuartz T28 
方法名称：SendTrajectoryNotice
日志内容：消息推送,用户:9f2ec079-7d0f-4fe2-90ab-8b09a8302aba
{
  "ErrCode": "-1",
  "ErrMsg": null,
  "Success": false,
  "ResData": null
}
【17:20:20.923】  Yuebon.Quartz.Job.MessageNotice.OperateTrajectoryQuartz T8 
方法名称：SendTrajectoryNotice
日志内容：消息推送,用户:2019101212244399723050
{
  "ErrCode": "-1",
  "ErrMsg": null,
  "Success": false,
  "ResData": null
}
【17:20:20.997】  Yuebon.Quartz.Job.MessageNotice.OperateTrajectoryQuartz T8 
方法名称：SendTrajectoryNotice
日志内容：消息推送,用户:2019101217022154089924
{
  "ErrCode": "-1",
  "ErrMsg": null,
  "Success": false,
  "ResData": null
}
【17:20:21.046】  Yuebon.Quartz.Job.MessageNotice.OperateTrajectoryQuartz T8 
方法名称：SendTrajectoryNotice
日志内容：消息推送,用户:2019103023312014234238
{
  "ErrCode": "-1",
  "ErrMsg": null,
  "Success": false,
  "ResData": null
}
【17:20:21.109】  Yuebon.Quartz.Job.MessageNotice.OperateTrajectoryQuartz T8 
方法名称：SendTrajectoryNotice
日志内容：消息推送,用户:9f2ec079-7d0f-4fe2-90ab-8b09a8302aba
{
  "ErrCode": "-1",
  "ErrMsg": null,
  "Success": false,
  "ResData": null
}
【17:22:08.644】  Yuebon.Quartz.Job.MessageNotice.OperateTrajectoryQuartz T4 
方法名称：SendTrajectoryNotice
日志内容：消息推送,用户:2019101212244399723050
{
  "ErrCode": "-1",
  "ErrMsg": null,
  "Success": false,
  "ResData": null
}
【17:22:08.722】  Yuebon.Quartz.Job.MessageNotice.OperateTrajectoryQuartz T4 
方法名称：SendTrajectoryNotice
日志内容：消息推送,用户:2019101217022154089924
{
  "ErrCode": "-1",
  "ErrMsg": null,
  "Success": false,
  "ResData": null
}
【17:22:08.774】  Yuebon.Quartz.Job.MessageNotice.OperateTrajectoryQuartz T4 
方法名称：SendTrajectoryNotice
日志内容：消息推送,用户:2019103023312014234238
{
  "ErrCode": "-1",
  "ErrMsg": null,
  "Success": false,
  "ResData": null
}
【17:22:08.816】  Yuebon.Quartz.Job.MessageNotice.OperateTrajectoryQuartz T4 
方法名称：SendTrajectoryNotice
日志内容：消息推送,用户:9f2ec079-7d0f-4fe2-90ab-8b09a8302aba
{
  "ErrCode": "-1",
  "ErrMsg": null,
  "Success": false,
  "ResData": null
}
【20:57:32.829】  Yuebon.Quartz.Job.MessageNotice.OperateTrajectoryQuartz T8 
方法名称：SendTrajectoryNotice
日志内容：消息推送,用户:2019091014550757968715
{
  "ErrCode": "用户拒绝接受消息",
  "ErrMsg": null,
  "Success": false,
  "ResData": null
}
【20:57:33.093】  Yuebon.Quartz.Job.MessageNotice.OperateTrajectoryQuartz T8 
方法名称：SendTrajectoryNotice
日志内容：消息推送,用户:2019100511085423515104
{
  "ErrCode": "请求成功",
  "ErrMsg": null,
  "Success": false,
  "ResData": null
}
【20:57:33.147】  Yuebon.Quartz.Job.MessageNotice.OperateTrajectoryQuartz T8 
方法名称：SendTrajectoryNotice
日志内容：消息推送,用户:2019103023312014234238
{
  "ErrCode": "-1",
  "ErrMsg": null,
  "Success": false,
  "ResData": null
}
【21:02:30.206】  Yuebon.Quartz.Job.MessageNotice.OperateTrajectoryQuartz T33 
方法名称：SendTrajectoryNotice
日志内容：消息推送,用户:2019091014550757968715
{
  "ErrCode": "用户拒绝接受消息",
  "ErrMsg": null,
  "Success": false,
  "ResData": null
}
【21:02:30.387】  Yuebon.Quartz.Job.MessageNotice.OperateTrajectoryQuartz T33 
方法名称：SendTrajectoryNotice
日志内容：消息推送,用户:2019103023312014234238
{
  "ErrCode": "-1",
  "ErrMsg": null,
  "Success": false,
  "ResData": null
}
【21:12:30.396】  Yuebon.Quartz.Job.MessageNotice.OperateTrajectoryQuartz T72 
方法名称：SendTrajectoryNotice
日志内容：消息推送,用户:2019091014550757968715
{
  "ErrCode": "用户拒绝接受消息",
  "ErrMsg": null,
  "Success": false,
  "ResData": null
}
【21:12:30.559】  Yuebon.Quartz.Job.MessageNotice.OperateTrajectoryQuartz T72 
方法名称：SendTrajectoryNotice
日志内容：消息推送,用户:2019103023312014234238
{
  "ErrCode": "-1",
  "ErrMsg": null,
  "Success": false,
  "ResData": null
}
【21:17:25.031】  Yuebon.Quartz.Job.MessageNotice.OperateTrajectoryQuartz T81 
方法名称：SendTrajectoryNotice
日志内容：消息推送,用户:2019091014550757968715
{
  "ErrCode": "用户拒绝接受消息",
  "ErrMsg": null,
  "Success": false,
  "ResData": null
}
【21:17:25.086】  Yuebon.Quartz.Job.MessageNotice.OperateTrajectoryQuartz T81 
方法名称：SendTrajectoryNotice
日志内容：消息推送,用户:2019103023312014234238
{
  "ErrCode": "-1",
  "ErrMsg": null,
  "Success": false,
  "ResData": null
}
【21:22:24.813】  Yuebon.Quartz.Job.MessageNotice.OperateTrajectoryQuartz T102 
方法名称：SendTrajectoryNotice
日志内容：消息推送,用户:2019091014550757968715
{
  "ErrCode": "用户拒绝接受消息",
  "ErrMsg": null,
  "Success": false,
  "ResData": null
}
【21:22:24.911】  Yuebon.Quartz.Job.MessageNotice.OperateTrajectoryQuartz T102 
方法名称：SendTrajectoryNotice
日志内容：消息推送,用户:2019103023312014234238
{
  "ErrCode": "-1",
  "ErrMsg": null,
  "Success": false,
  "ResData": null
}
【21:27:25.003】  Yuebon.Quartz.Job.MessageNotice.OperateTrajectoryQuartz T112 
方法名称：SendTrajectoryNotice
日志内容：消息推送,用户:2019091014550757968715
{
  "ErrCode": "用户拒绝接受消息",
  "ErrMsg": null,
  "Success": false,
  "ResData": null
}
【21:27:25.054】  Yuebon.Quartz.Job.MessageNotice.OperateTrajectoryQuartz T112 
方法名称：SendTrajectoryNotice
日志内容：消息推送,用户:2019103023312014234238
{
  "ErrCode": "-1",
  "ErrMsg": null,
  "Success": false,
  "ResData": null
}
【21:32:25.430】  Yuebon.Quartz.Job.MessageNotice.OperateTrajectoryQuartz T119 
方法名称：SendTrajectoryNotice
日志内容：消息推送,用户:2019091014550757968715
{
  "ErrCode": "用户拒绝接受消息",
  "ErrMsg": null,
  "Success": false,
  "ResData": null
}
【21:32:25.570】  Yuebon.Quartz.Job.MessageNotice.OperateTrajectoryQuartz T119 
方法名称：SendTrajectoryNotice
日志内容：消息推送,用户:2019103023312014234238
{
  "ErrCode": "-1",
  "ErrMsg": null,
  "Success": false,
  "ResData": null
}
【21:42:24.905】  Yuebon.Quartz.Job.MessageNotice.OperateTrajectoryQuartz T90 
方法名称：SendTrajectoryNotice
日志内容：消息推送,用户:2019091014550757968715
{
  "ErrCode": "用户拒绝接受消息",
  "ErrMsg": null,
  "Success": false,
  "ResData": null
}
【21:42:25.212】  Yuebon.Quartz.Job.MessageNotice.OperateTrajectoryQuartz T90 
方法名称：SendTrajectoryNotice
日志内容：消息推送,用户:2019103023312014234238
{
  "ErrCode": "-1",
  "ErrMsg": null,
  "Success": false,
  "ResData": null
}
