[16:00:20.984] Yuebon.AspNetCore.Mvc.Filter.ExceptionHandlingAttribute T4 系统警告信息
System.Data.SqlTypes.SqlTypeException: SqlDateTime overflow. Must be between 1/1/1753 12:00:00 AM and 12/31/9999 11:59:59 PM.
   at System.Data.SqlTypes.SqlDateTime.FromTimeSpan(TimeSpan value)
   at System.Data.SqlTypes.SqlDateTime.FromDateTime(DateTime value)
   at System.Data.SqlTypes.SqlDateTime..ctor(DateTime value)
   at System.Data.SqlClient.MetaType.FromDateTime(DateTime dateTime, Byte cb)
   at System.Data.SqlClient.TdsParser.WriteUnterminatedValue(Object value, MetaType type, Byte scale, Int32 actualLength, Int32 encodingByteSize, Int32 offset, TdsParserStateObject stateObj, Int32 paramSize, Boolean isDataFeed)
   at System.Data.SqlClient.TdsParser.WriteValue(Object value, MetaType type, Byte scale, Int32 actualLength, Int32 encodingByteSize, Int32 offset, TdsParserStateObject stateObj, Int32 paramSize, Boolean isDataFeed)
   at System.Data.SqlClient.TdsParser.TDSExecuteRPCAddParameter(TdsParserStateObject stateObj, SqlParameter param, MetaType mt, Byte options)
   at System.Data.SqlClient.TdsParser.TdsExecuteRPC(_SqlRPC[] rpcArray, Int32 timeout, Boolean inSchema, SqlNotificationRequest notificationRequest, TdsParserStateObject stateObj, Boolean isCommandProc, Boolean sync, TaskCompletionSource`1 completion, Int32 startRpc, Int32 startParam)
   at System.Data.SqlClient.SqlCommand.RunExecuteReaderTds(CommandBehavior cmdBehavior, RunBehavior runBehavior, Boolean returnStream, Boolean async, Int32 timeout, Task& task, Boolean asyncWrite, SqlDataReader ds)
   at System.Data.SqlClient.SqlCommand.RunExecuteReader(CommandBehavior cmdBehavior, RunBehavior runBehavior, Boolean returnStream, TaskCompletionSource`1 completion, Int32 timeout, Task& task, Boolean asyncWrite, String method)
   at System.Data.SqlClient.SqlCommand.RunExecuteReader(CommandBehavior cmdBehavior, RunBehavior runBehavior, Boolean returnStream, String method)
   at System.Data.SqlClient.SqlCommand.ExecuteReader(CommandBehavior behavior)
   at System.Data.SqlClient.SqlCommand.ExecuteDbDataReader(CommandBehavior behavior)
   at System.Data.Common.DbCommand.System.Data.IDbCommand.ExecuteReader(CommandBehavior behavior)
   at Dapper.SqlMapper.ExecuteReaderWithFlagsFallback(IDbCommand cmd, Boolean wasClosed, CommandBehavior behavior) in C:\projects\dapper\Dapper\SqlMapper.cs:line 1051
   at Dapper.SqlMapper.QueryMultipleImpl(IDbConnection cnn, CommandDefinition& command) in C:\projects\dapper\Dapper\SqlMapper.cs:line 1020
   at Dapper.SqlMapper.QueryMultiple(IDbConnection cnn, String sql, Object param, IDbTransaction transaction, Nullable`1 commandTimeout, Nullable`1 commandType) in C:\projects\dapper\Dapper\SqlMapper.cs:line 996
   at SqlServerAdapter.Insert(IDbConnection connection, IDbTransaction transaction, Nullable`1 commandTimeout, String tableName, String columnList, String parameterList, IEnumerable`1 keyProperties, Object entityToInsert) in D:\netcorespace\YueGroup\src\Yuebon.NetCore\Yuebon.Commons\Extensions\SqlMapperExtensions.cs:line 828
   at Dapper.Contrib.Extensions.SqlMapperExtensions.Insert[T](IDbConnection connection, T entityToInsert, IDbTransaction transaction, Nullable`1 commandTimeout) in D:\netcorespace\YueGroup\src\Yuebon.NetCore\Yuebon.Commons\Extensions\SqlMapperExtensions.cs:line 386
   at Yuebon.Commons.Repositories.BaseRepository`2.Insert(T entity, IDbTransaction trans) in D:\netcorespace\YueGroup\src\Yuebon.NetCore\Yuebon.Commons\Core\Repositories\BaseRepository.cs:line 720
   at Yuebon.Commons.Services.BaseService`2.Insert(T entity, IDbTransaction trans) in D:\netcorespace\YueGroup\src\Yuebon.NetCore\Yuebon.Commons\Core\Services\BaseService.cs:line 260
   at Yuebon.Messages.Services.MemberMessageBoxService.Yuebon.Commons.IServices.IService<Yuebon.Messages.Models.MemberMessageBox,System.String>.Insert(MemberMessageBox entity, IDbTransaction tran)
   at Yuebon.Messages.Application.Messenger.SendCommentNotice(String userId, String text, String date, String page) in D:\netcorespace\YueGroup\src\Yuebon.Messages\Yuebon.Messages.Core\Application\Messenger.cs:line 46
   at Yuebon.WebApi.Areas.Msg.Controllers.MessageController.SendCommentNotice(String userId, String text, String date, String page) in D:\netcorespace\YueGroup\src\Yuebon.Api\Yuebon.WebApi\Areas\Msg\Controllers\MessageController.cs:line 59
   at lambda_method(Closure , Object , Object[] )
   at Microsoft.Extensions.Internal.ObjectMethodExecutor.Execute(Object target, Object[] parameters)
   at Microsoft.AspNetCore.Mvc.Infrastructure.ActionMethodExecutor.SyncActionResultExecutor.Execute(IActionResultTypeMapper mapper, ObjectMethodExecutor executor, Object controller, Object[] arguments)
   at Microsoft.AspNetCore.Mvc.Infrastructure.ControllerActionInvoker.InvokeActionMethodAsync()
   at Microsoft.AspNetCore.Mvc.Infrastructure.ControllerActionInvoker.Next(State& next, Scope& scope, Object& state, Boolean& isCompleted)
   at Microsoft.AspNetCore.Mvc.Infrastructure.ControllerActionInvoker.InvokeNextActionFilterAsync()
--- End of stack trace from previous location where exception was thrown ---
   at Microsoft.AspNetCore.Mvc.Infrastructure.ControllerActionInvoker.Rethrow(ActionExecutedContextSealed context)
   at Microsoft.AspNetCore.Mvc.Infrastructure.ControllerActionInvoker.Next(State& next, Scope& scope, Object& state, Boolean& isCompleted)
   at Microsoft.AspNetCore.Mvc.Infrastructure.ControllerActionInvoker.InvokeInnerFilterAsync()
--- End of stack trace from previous location where exception was thrown ---
   at Microsoft.AspNetCore.Mvc.Infrastructure.ResourceInvoker.<InvokeNextExceptionFilterAsync>g__Awaited|25_0(ResourceInvoker invoker, Task lastTask, State next, Scope scope, Object state, Boolean isCompleted)
[16:00:45.167] Yuebon.AspNetCore.Mvc.Filter.ExceptionHandlingAttribute T5 系统警告信息
System.Data.SqlTypes.SqlTypeException: SqlDateTime overflow. Must be between 1/1/1753 12:00:00 AM and 12/31/9999 11:59:59 PM.
   at System.Data.SqlTypes.SqlDateTime.FromTimeSpan(TimeSpan value)
   at System.Data.SqlTypes.SqlDateTime.FromDateTime(DateTime value)
   at System.Data.SqlTypes.SqlDateTime..ctor(DateTime value)
   at System.Data.SqlClient.MetaType.FromDateTime(DateTime dateTime, Byte cb)
   at System.Data.SqlClient.TdsParser.WriteUnterminatedValue(Object value, MetaType type, Byte scale, Int32 actualLength, Int32 encodingByteSize, Int32 offset, TdsParserStateObject stateObj, Int32 paramSize, Boolean isDataFeed)
   at System.Data.SqlClient.TdsParser.WriteValue(Object value, MetaType type, Byte scale, Int32 actualLength, Int32 encodingByteSize, Int32 offset, TdsParserStateObject stateObj, Int32 paramSize, Boolean isDataFeed)
   at System.Data.SqlClient.TdsParser.TDSExecuteRPCAddParameter(TdsParserStateObject stateObj, SqlParameter param, MetaType mt, Byte options)
   at System.Data.SqlClient.TdsParser.TdsExecuteRPC(_SqlRPC[] rpcArray, Int32 timeout, Boolean inSchema, SqlNotificationRequest notificationRequest, TdsParserStateObject stateObj, Boolean isCommandProc, Boolean sync, TaskCompletionSource`1 completion, Int32 startRpc, Int32 startParam)
   at System.Data.SqlClient.SqlCommand.RunExecuteReaderTds(CommandBehavior cmdBehavior, RunBehavior runBehavior, Boolean returnStream, Boolean async, Int32 timeout, Task& task, Boolean asyncWrite, SqlDataReader ds)
   at System.Data.SqlClient.SqlCommand.RunExecuteReader(CommandBehavior cmdBehavior, RunBehavior runBehavior, Boolean returnStream, TaskCompletionSource`1 completion, Int32 timeout, Task& task, Boolean asyncWrite, String method)
   at System.Data.SqlClient.SqlCommand.RunExecuteReader(CommandBehavior cmdBehavior, RunBehavior runBehavior, Boolean returnStream, String method)
   at System.Data.SqlClient.SqlCommand.ExecuteReader(CommandBehavior behavior)
   at System.Data.SqlClient.SqlCommand.ExecuteDbDataReader(CommandBehavior behavior)
   at System.Data.Common.DbCommand.System.Data.IDbCommand.ExecuteReader(CommandBehavior behavior)
   at Dapper.SqlMapper.ExecuteReaderWithFlagsFallback(IDbCommand cmd, Boolean wasClosed, CommandBehavior behavior) in C:\projects\dapper\Dapper\SqlMapper.cs:line 1051
   at Dapper.SqlMapper.QueryMultipleImpl(IDbConnection cnn, CommandDefinition& command) in C:\projects\dapper\Dapper\SqlMapper.cs:line 1020
   at Dapper.SqlMapper.QueryMultiple(IDbConnection cnn, String sql, Object param, IDbTransaction transaction, Nullable`1 commandTimeout, Nullable`1 commandType) in C:\projects\dapper\Dapper\SqlMapper.cs:line 996
   at SqlServerAdapter.Insert(IDbConnection connection, IDbTransaction transaction, Nullable`1 commandTimeout, String tableName, String columnList, String parameterList, IEnumerable`1 keyProperties, Object entityToInsert) in D:\netcorespace\YueGroup\src\Yuebon.NetCore\Yuebon.Commons\Extensions\SqlMapperExtensions.cs:line 828
   at Dapper.Contrib.Extensions.SqlMapperExtensions.Insert[T](IDbConnection connection, T entityToInsert, IDbTransaction transaction, Nullable`1 commandTimeout) in D:\netcorespace\YueGroup\src\Yuebon.NetCore\Yuebon.Commons\Extensions\SqlMapperExtensions.cs:line 386
   at Yuebon.Commons.Repositories.BaseRepository`2.Insert(T entity, IDbTransaction trans) in D:\netcorespace\YueGroup\src\Yuebon.NetCore\Yuebon.Commons\Core\Repositories\BaseRepository.cs:line 720
   at Yuebon.Commons.Services.BaseService`2.Insert(T entity, IDbTransaction trans) in D:\netcorespace\YueGroup\src\Yuebon.NetCore\Yuebon.Commons\Core\Services\BaseService.cs:line 260
   at Yuebon.Messages.Services.MemberMessageBoxService.Yuebon.Commons.IServices.IService<Yuebon.Messages.Models.MemberMessageBox,System.String>.Insert(MemberMessageBox entity, IDbTransaction tran)
   at Yuebon.Messages.Application.Messenger.SendCommentNotice(String userId, String text, String date, String page) in D:\netcorespace\YueGroup\src\Yuebon.Messages\Yuebon.Messages.Core\Application\Messenger.cs:line 46
   at Yuebon.WebApi.Areas.Msg.Controllers.MessageController.SendCommentNotice(String userId, String text, String date, String page) in D:\netcorespace\YueGroup\src\Yuebon.Api\Yuebon.WebApi\Areas\Msg\Controllers\MessageController.cs:line 59
   at lambda_method(Closure , Object , Object[] )
   at Microsoft.Extensions.Internal.ObjectMethodExecutor.Execute(Object target, Object[] parameters)
   at Microsoft.AspNetCore.Mvc.Infrastructure.ActionMethodExecutor.SyncActionResultExecutor.Execute(IActionResultTypeMapper mapper, ObjectMethodExecutor executor, Object controller, Object[] arguments)
   at Microsoft.AspNetCore.Mvc.Infrastructure.ControllerActionInvoker.InvokeActionMethodAsync()
   at Microsoft.AspNetCore.Mvc.Infrastructure.ControllerActionInvoker.Next(State& next, Scope& scope, Object& state, Boolean& isCompleted)
   at Microsoft.AspNetCore.Mvc.Infrastructure.ControllerActionInvoker.InvokeNextActionFilterAsync()
--- End of stack trace from previous location where exception was thrown ---
   at Microsoft.AspNetCore.Mvc.Infrastructure.ControllerActionInvoker.Rethrow(ActionExecutedContextSealed context)
   at Microsoft.AspNetCore.Mvc.Infrastructure.ControllerActionInvoker.Next(State& next, Scope& scope, Object& state, Boolean& isCompleted)
   at Microsoft.AspNetCore.Mvc.Infrastructure.ControllerActionInvoker.InvokeInnerFilterAsync()
--- End of stack trace from previous location where exception was thrown ---
   at Microsoft.AspNetCore.Mvc.Infrastructure.ResourceInvoker.<InvokeNextExceptionFilterAsync>g__Awaited|25_0(ResourceInvoker invoker, Task lastTask, State next, Scope scope, Object state, Boolean isCompleted)
