【16:04:23.919】  Yuebon.Quartz.Job.MessageNotice.OperateTrajectoryQuartz T5 
方法名称：SendTrajectoryNotice
日志内容：消息推送,用户:
{
  "ErrCode": "-1",
  "ErrMsg": null,
  "Success": false,
  "ResData": null
}
【16:09:17.311】  Yuebon.Quartz.Job.MessageNotice.OperateTrajectoryQuartz T62 
方法名称：SendTrajectoryNotice
日志内容：消息推送,用户:
{
  "ErrCode": "-1",
  "ErrMsg": null,
  "Success": false,
  "ResData": null
}
【16:14:17.251】  Yuebon.Quartz.Job.MessageNotice.OperateTrajectoryQuartz T33 
方法名称：SendTrajectoryNotice
日志内容：消息推送,用户:
{
  "ErrCode": "-1",
  "ErrMsg": null,
  "Success": false,
  "ResData": null
}
【16:24:17.315】  Yuebon.Quartz.Job.MessageNotice.OperateTrajectoryQuartz T19 
方法名称：SendTrajectoryNotice
日志内容：消息推送,用户:
{
  "ErrCode": "-1",
  "ErrMsg": null,
  "Success": false,
  "ResData": null
}
【16:29:17.296】  Yuebon.Quartz.Job.MessageNotice.OperateTrajectoryQuartz T52 
方法名称：SendTrajectoryNotice
日志内容：消息推送,用户:
{
  "ErrCode": "-1",
  "ErrMsg": null,
  "Success": false,
  "ResData": null
}
【16:34:17.278】  Yuebon.Quartz.Job.MessageNotice.OperateTrajectoryQuartz T56 
方法名称：SendTrajectoryNotice
日志内容：消息推送,用户:
{
  "ErrCode": "-1",
  "ErrMsg": null,
  "Success": false,
  "ResData": null
}
【16:39:17.304】  Yuebon.Quartz.Job.MessageNotice.OperateTrajectoryQuartz T79 
方法名称：SendTrajectoryNotice
日志内容：消息推送,用户:
{
  "ErrCode": "-1",
  "ErrMsg": null,
  "Success": false,
  "ResData": null
}
【16:44:17.262】  Yuebon.Quartz.Job.MessageNotice.OperateTrajectoryQuartz T61 
方法名称：SendTrajectoryNotice
日志内容：消息推送,用户:
{
  "ErrCode": "-1",
  "ErrMsg": null,
  "Success": false,
  "ResData": null
}
【16:49:17.271】  Yuebon.Quartz.Job.MessageNotice.OperateTrajectoryQuartz T58 
方法名称：SendTrajectoryNotice
日志内容：消息推送,用户:
{
  "ErrCode": "-1",
  "ErrMsg": null,
  "Success": false,
  "ResData": null
}
【16:54:17.629】  Yuebon.Quartz.Job.MessageNotice.OperateTrajectoryQuartz T67 
方法名称：SendTrajectoryNotice
日志内容：消息推送,用户:
{
  "ErrCode": "-1",
  "ErrMsg": null,
  "Success": false,
  "ResData": null
}
【16:59:17.408】  Yuebon.Quartz.Job.MessageNotice.OperateTrajectoryQuartz T22 
方法名称：SendTrajectoryNotice
日志内容：消息推送,用户:
{
  "ErrCode": "-1",
  "ErrMsg": null,
  "Success": false,
  "ResData": null
}
【17:04:17.260】  Yuebon.Quartz.Job.MessageNotice.OperateTrajectoryQuartz T46 
方法名称：SendTrajectoryNotice
日志内容：消息推送,用户:
{
  "ErrCode": "-1",
  "ErrMsg": null,
  "Success": false,
  "ResData": null
}
【17:09:17.300】  Yuebon.Quartz.Job.MessageNotice.OperateTrajectoryQuartz T73 
方法名称：SendTrajectoryNotice
日志内容：消息推送,用户:
{
  "ErrCode": "-1",
  "ErrMsg": null,
  "Success": false,
  "ResData": null
}
