[15:12:39.322] Yuebon.AspNetCore.Mvc.Filter.ExceptionHandlingAttribute T30 系统警告信息
System.ArgumentOutOfRangeException: startIndex cannot be larger than length of string. (Parameter 'startIndex')
   at System.String.Substring(Int32 startIndex, Int32 length)
   at System.String.Substring(Int32 startIndex)
   at Yuebon.AspNetCore.Controllers.ApiController.CheckToken() in D:\netcorespace\YueGroup\src\Yuebon.NetCore\Yuebon.AspNetCore\Mvc\ApiController.cs:line 62
   at Yuebon.WebApi.Areas.WeiXin.Controllers.WxOpenController.GetOpenId(String code) in D:\netcorespace\YueGroup\src\Yuebon.Api\Yuebon.WebApi\Areas\WeiXin\Controllers\WxOpenController.cs:line 167
   at lambda_method(Closure , Object , Object[] )
   at Microsoft.Extensions.Internal.ObjectMethodExecutor.Execute(Object target, Object[] parameters)
   at Microsoft.AspNetCore.Mvc.Infrastructure.ActionMethodExecutor.SyncActionResultExecutor.Execute(IActionResultTypeMapper mapper, ObjectMethodExecutor executor, Object controller, Object[] arguments)
   at Microsoft.AspNetCore.Mvc.Infrastructure.ControllerActionInvoker.<InvokeActionMethodAsync>g__Logged|12_1(ControllerActionInvoker invoker)
   at Microsoft.AspNetCore.Mvc.Infrastructure.ControllerActionInvoker.<InvokeNextActionFilterAsync>g__Awaited|10_0(ControllerActionInvoker invoker, Task lastTask, State next, Scope scope, Object state, Boolean isCompleted)
   at Microsoft.AspNetCore.Mvc.Infrastructure.ControllerActionInvoker.Rethrow(ActionExecutedContextSealed context)
   at Microsoft.AspNetCore.Mvc.Infrastructure.ControllerActionInvoker.Next(State& next, Scope& scope, Object& state, Boolean& isCompleted)
   at Microsoft.AspNetCore.Mvc.Infrastructure.ControllerActionInvoker.InvokeInnerFilterAsync()
--- End of stack trace from previous location where exception was thrown ---
   at Microsoft.AspNetCore.Mvc.Infrastructure.ResourceInvoker.<InvokeNextExceptionFilterAsync>g__Awaited|25_0(ResourceInvoker invoker, Task lastTask, State next, Scope scope, Object state, Boolean isCompleted)
[15:13:01.550] Yuebon.AspNetCore.Mvc.Filter.ExceptionHandlingAttribute T11 系统警告信息
System.ArgumentOutOfRangeException: startIndex cannot be larger than length of string. (Parameter 'startIndex')
   at System.String.Substring(Int32 startIndex, Int32 length)
   at System.String.Substring(Int32 startIndex)
   at Yuebon.AspNetCore.Controllers.ApiController.CheckToken() in D:\netcorespace\YueGroup\src\Yuebon.NetCore\Yuebon.AspNetCore\Mvc\ApiController.cs:line 62
   at Yuebon.WebApi.Areas.WeiXin.Controllers.WxOpenController.GetOpenId(String code) in D:\netcorespace\YueGroup\src\Yuebon.Api\Yuebon.WebApi\Areas\WeiXin\Controllers\WxOpenController.cs:line 167
   at lambda_method(Closure , Object , Object[] )
   at Microsoft.Extensions.Internal.ObjectMethodExecutor.Execute(Object target, Object[] parameters)
   at Microsoft.AspNetCore.Mvc.Infrastructure.ActionMethodExecutor.SyncActionResultExecutor.Execute(IActionResultTypeMapper mapper, ObjectMethodExecutor executor, Object controller, Object[] arguments)
   at Microsoft.AspNetCore.Mvc.Infrastructure.ControllerActionInvoker.<InvokeActionMethodAsync>g__Logged|12_1(ControllerActionInvoker invoker)
   at Microsoft.AspNetCore.Mvc.Infrastructure.ControllerActionInvoker.<InvokeNextActionFilterAsync>g__Awaited|10_0(ControllerActionInvoker invoker, Task lastTask, State next, Scope scope, Object state, Boolean isCompleted)
   at Microsoft.AspNetCore.Mvc.Infrastructure.ControllerActionInvoker.Rethrow(ActionExecutedContextSealed context)
   at Microsoft.AspNetCore.Mvc.Infrastructure.ControllerActionInvoker.Next(State& next, Scope& scope, Object& state, Boolean& isCompleted)
   at Microsoft.AspNetCore.Mvc.Infrastructure.ControllerActionInvoker.InvokeInnerFilterAsync()
--- End of stack trace from previous location where exception was thrown ---
   at Microsoft.AspNetCore.Mvc.Infrastructure.ResourceInvoker.<InvokeNextExceptionFilterAsync>g__Awaited|25_0(ResourceInvoker invoker, Task lastTask, State next, Scope scope, Object state, Boolean isCompleted)
[15:14:03.834] Yuebon.AspNetCore.Mvc.Filter.ExceptionHandlingAttribute T28 系统警告信息
System.ArgumentOutOfRangeException: startIndex cannot be larger than length of string. (Parameter 'startIndex')
   at System.String.Substring(Int32 startIndex, Int32 length)
   at System.String.Substring(Int32 startIndex)
   at Yuebon.AspNetCore.Controllers.ApiController.CheckToken() in D:\netcorespace\YueGroup\src\Yuebon.NetCore\Yuebon.AspNetCore\Mvc\ApiController.cs:line 62
   at Yuebon.WebApi.Areas.WeiXin.Controllers.WxOpenController.LoginByOpenId(String openId) in D:\netcorespace\YueGroup\src\Yuebon.Api\Yuebon.WebApi\Areas\WeiXin\Controllers\WxOpenController.cs:line 475
   at lambda_method(Closure , Object , Object[] )
   at Microsoft.Extensions.Internal.ObjectMethodExecutor.Execute(Object target, Object[] parameters)
   at Microsoft.AspNetCore.Mvc.Infrastructure.ActionMethodExecutor.SyncActionResultExecutor.Execute(IActionResultTypeMapper mapper, ObjectMethodExecutor executor, Object controller, Object[] arguments)
   at Microsoft.AspNetCore.Mvc.Infrastructure.ControllerActionInvoker.<InvokeActionMethodAsync>g__Logged|12_1(ControllerActionInvoker invoker)
   at Microsoft.AspNetCore.Mvc.Infrastructure.ControllerActionInvoker.<InvokeNextActionFilterAsync>g__Awaited|10_0(ControllerActionInvoker invoker, Task lastTask, State next, Scope scope, Object state, Boolean isCompleted)
   at Microsoft.AspNetCore.Mvc.Infrastructure.ControllerActionInvoker.Rethrow(ActionExecutedContextSealed context)
   at Microsoft.AspNetCore.Mvc.Infrastructure.ControllerActionInvoker.Next(State& next, Scope& scope, Object& state, Boolean& isCompleted)
   at Microsoft.AspNetCore.Mvc.Infrastructure.ControllerActionInvoker.InvokeInnerFilterAsync()
--- End of stack trace from previous location where exception was thrown ---
   at Microsoft.AspNetCore.Mvc.Infrastructure.ResourceInvoker.<InvokeNextExceptionFilterAsync>g__Awaited|25_0(ResourceInvoker invoker, Task lastTask, State next, Scope scope, Object state, Boolean isCompleted)
[15:47:10.731] Yuebon.AspNetCore.Mvc.Filter.ExceptionHandlingAttribute T77 系统警告信息
System.ArgumentOutOfRangeException: startIndex cannot be larger than length of string. (Parameter 'startIndex')
   at System.String.Substring(Int32 startIndex, Int32 length)
   at Yuebon.AspNetCore.Controllers.ApiController.CheckToken() in D:\netcorespace\YueGroup\src\Yuebon.NetCore\Yuebon.AspNetCore\Mvc\ApiController.cs:line 62
   at Yuebon.WebApi.Areas.WeiXin.Controllers.WxOpenController.LoginByOpenId(String openId) in D:\netcorespace\YueGroup\src\Yuebon.Api\Yuebon.WebApi\Areas\WeiXin\Controllers\WxOpenController.cs:line 475
   at lambda_method(Closure , Object , Object[] )
   at Microsoft.Extensions.Internal.ObjectMethodExecutor.Execute(Object target, Object[] parameters)
   at Microsoft.AspNetCore.Mvc.Infrastructure.ActionMethodExecutor.SyncActionResultExecutor.Execute(IActionResultTypeMapper mapper, ObjectMethodExecutor executor, Object controller, Object[] arguments)
   at Microsoft.AspNetCore.Mvc.Infrastructure.ControllerActionInvoker.<InvokeActionMethodAsync>g__Logged|12_1(ControllerActionInvoker invoker)
   at Microsoft.AspNetCore.Mvc.Infrastructure.ControllerActionInvoker.<InvokeNextActionFilterAsync>g__Awaited|10_0(ControllerActionInvoker invoker, Task lastTask, State next, Scope scope, Object state, Boolean isCompleted)
   at Microsoft.AspNetCore.Mvc.Infrastructure.ControllerActionInvoker.Rethrow(ActionExecutedContextSealed context)
   at Microsoft.AspNetCore.Mvc.Infrastructure.ControllerActionInvoker.Next(State& next, Scope& scope, Object& state, Boolean& isCompleted)
   at Microsoft.AspNetCore.Mvc.Infrastructure.ControllerActionInvoker.InvokeInnerFilterAsync()
--- End of stack trace from previous location where exception was thrown ---
   at Microsoft.AspNetCore.Mvc.Infrastructure.ResourceInvoker.<InvokeNextExceptionFilterAsync>g__Awaited|25_0(ResourceInvoker invoker, Task lastTask, State next, Scope scope, Object state, Boolean isCompleted)
