【08:49:19.179】  Yuebon.Quartz.Job.MessageNotice.OperateTrajectoryQuartz T20 
方法名称：SendTrajectoryNotice
日志内容：消息推送,用户:
{
  "ErrCode": "-1",
  "ErrMsg": null,
  "Success": false,
  "ResData": null
}
【08:54:16.922】  Yuebon.Quartz.Job.MessageNotice.OperateTrajectoryQuartz T39 
方法名称：SendTrajectoryNotice
日志内容：消息推送,用户:
{
  "ErrCode": "-1",
  "ErrMsg": null,
  "Success": false,
  "ResData": null
}
【08:59:17.103】  Yuebon.Quartz.Job.MessageNotice.OperateTrajectoryQuartz T43 
方法名称：SendTrajectoryNotice
日志内容：消息推送,用户:
{
  "ErrCode": "-1",
  "ErrMsg": null,
  "Success": false,
  "ResData": null
}
【09:04:16.942】  Yuebon.Quartz.Job.MessageNotice.OperateTrajectoryQuartz T66 
方法名称：SendTrajectoryNotice
日志内容：消息推送,用户:
{
  "ErrCode": "-1",
  "ErrMsg": null,
  "Success": false,
  "ResData": null
}
【09:09:26.773】  Yuebon.Quartz.Job.MessageNotice.OperateTrajectoryQuartz T4 
方法名称：SendTrajectoryNotice
日志内容：消息推送,用户:
{
  "ErrCode": "-1",
  "ErrMsg": null,
  "Success": false,
  "ResData": null
}
