【12:57:20.322】  Yuebon.Quartz.Job.MessageNotice.OperateTrajectoryQuartz T7 
方法名称：SendTrajectoryNotice
日志内容：消息推送,用户:
{
  "ErrCode": "-1",
  "ErrMsg": null,
  "Success": false,
  "ResData": null
}
【13:02:18.139】  Yuebon.Quartz.Job.MessageNotice.OperateTrajectoryQuartz T39 
方法名称：SendTrajectoryNotice
日志内容：消息推送,用户:
{
  "ErrCode": "-1",
  "ErrMsg": null,
  "Success": false,
  "ResData": null
}
【13:07:18.209】  Yuebon.Quartz.Job.MessageNotice.OperateTrajectoryQuartz T39 
方法名称：SendTrajectoryNotice
日志内容：消息推送,用户:
{
  "ErrCode": "-1",
  "ErrMsg": null,
  "Success": false,
  "ResData": null
}
【13:12:18.222】  Yuebon.Quartz.Job.MessageNotice.OperateTrajectoryQuartz T62 
方法名称：SendTrajectoryNotice
日志内容：消息推送,用户:
{
  "ErrCode": "-1",
  "ErrMsg": null,
  "Success": false,
  "ResData": null
}
【13:17:18.292】  Yuebon.Quartz.Job.MessageNotice.OperateTrajectoryQuartz T73 
方法名称：SendTrajectoryNotice
日志内容：消息推送,用户:
{
  "ErrCode": "-1",
  "ErrMsg": null,
  "Success": false,
  "ResData": null
}
【13:22:18.138】  Yuebon.Quartz.Job.MessageNotice.OperateTrajectoryQuartz T62 
方法名称：SendTrajectoryNotice
日志内容：消息推送,用户:
{
  "ErrCode": "-1",
  "ErrMsg": null,
  "Success": false,
  "ResData": null
}
【13:27:18.144】  Yuebon.Quartz.Job.MessageNotice.OperateTrajectoryQuartz T92 
方法名称：SendTrajectoryNotice
日志内容：消息推送,用户:
{
  "ErrCode": "-1",
  "ErrMsg": null,
  "Success": false,
  "ResData": null
}
【13:32:18.205】  Yuebon.Quartz.Job.MessageNotice.OperateTrajectoryQuartz T99 
方法名称：SendTrajectoryNotice
日志内容：消息推送,用户:
{
  "ErrCode": "-1",
  "ErrMsg": null,
  "Success": false,
  "ResData": null
}
【18:48:38.032】  Yuebon.Quartz.Job.MessageNotice.OperateTrajectoryQuartz T19 
方法名称：SendTrajectoryNotice
日志内容：消息推送,用户:
{
  "ErrCode": "-1",
  "ErrMsg": null,
  "Success": false,
  "ResData": null
}
【18:53:34.947】  Yuebon.Quartz.Job.MessageNotice.OperateTrajectoryQuartz T49 
方法名称：SendTrajectoryNotice
日志内容：消息推送,用户:
{
  "ErrCode": "-1",
  "ErrMsg": null,
  "Success": false,
  "ResData": null
}
【18:58:34.971】  Yuebon.Quartz.Job.MessageNotice.OperateTrajectoryQuartz T44 
方法名称：SendTrajectoryNotice
日志内容：消息推送,用户:
{
  "ErrCode": "-1",
  "ErrMsg": null,
  "Success": false,
  "ResData": null
}
【19:03:34.943】  Yuebon.Quartz.Job.MessageNotice.OperateTrajectoryQuartz T24 
方法名称：SendTrajectoryNotice
日志内容：消息推送,用户:
{
  "ErrCode": "-1",
  "ErrMsg": null,
  "Success": false,
  "ResData": null
}
【19:08:34.936】  Yuebon.Quartz.Job.MessageNotice.OperateTrajectoryQuartz T46 
方法名称：SendTrajectoryNotice
日志内容：消息推送,用户:
{
  "ErrCode": "-1",
  "ErrMsg": null,
  "Success": false,
  "ResData": null
}
【19:13:34.946】  Yuebon.Quartz.Job.MessageNotice.OperateTrajectoryQuartz T77 
方法名称：SendTrajectoryNotice
日志内容：消息推送,用户:
{
  "ErrCode": "-1",
  "ErrMsg": null,
  "Success": false,
  "ResData": null
}
【19:18:34.918】  Yuebon.Quartz.Job.MessageNotice.OperateTrajectoryQuartz T30 
方法名称：SendTrajectoryNotice
日志内容：消息推送,用户:
{
  "ErrCode": "-1",
  "ErrMsg": null,
  "Success": false,
  "ResData": null
}
【19:43:03.927】  Yuebon.Quartz.Job.MessageNotice.OperateTrajectoryQuartz T7 
方法名称：SendTrajectoryNotice
日志内容：消息推送,用户:
{
  "ErrCode": "-1",
  "ErrMsg": null,
  "Success": false,
  "ResData": null
}
【19:45:01.271】  Yuebon.Quartz.Job.MessageNotice.OperateTrajectoryQuartz T4 
方法名称：SendTrajectoryNotice
日志内容：消息推送,用户:
{
  "ErrCode": "-1",
  "ErrMsg": null,
  "Success": false,
  "ResData": null
}
【19:48:30.198】  Yuebon.Quartz.Job.MessageNotice.OperateTrajectoryQuartz T19 
方法名称：SendTrajectoryNotice
日志内容：消息推送,用户:
{
  "ErrCode": "-1",
  "ErrMsg": null,
  "Success": false,
  "ResData": null
}
