[14:26:34] (Yuebon.Quartz.Jobs.OperateTrajectoryMsgJob) 方法名称：Execute
日志内容：定时执行开始：2019/11/21 14:26:34
[14:26:37] (Yuebon.Quartz.Jobs.OperateTrajectoryMsgJob) 方法名称：Execute
日志内容：定时执行结束：2019/11/21 14:26:37
[14:28:04] (Yuebon.Quartz.Jobs.OperateTrajectoryMsgJob) 方法名称：Execute
日志内容：定时执行开始：2019/11/21 14:28:04
[14:28:06] (Yuebon.Quartz.Jobs.OperateTrajectoryMsgJob) 方法名称：Execute
日志内容：定时执行结束：2019/11/21 14:28:06
[14:33:04] (Yuebon.Quartz.Jobs.OperateTrajectoryMsgJob) 方法名称：Execute
日志内容：定时执行开始：2019/11/21 14:33:04
[14:33:04] (Yuebon.Quartz.Jobs.OperateTrajectoryMsgJob) 方法名称：Execute
日志内容：定时执行结束：2019/11/21 14:33:04
[14:38:04] (Yuebon.Quartz.Jobs.OperateTrajectoryMsgJob) 方法名称：Execute
日志内容：定时执行开始：2019/11/21 14:38:04
[14:38:04] (Yuebon.Quartz.Jobs.OperateTrajectoryMsgJob) 方法名称：Execute
日志内容：定时执行结束：2019/11/21 14:38:04
[14:43:04] (Yuebon.Quartz.Jobs.OperateTrajectoryMsgJob) 方法名称：Execute
日志内容：定时执行开始：2019/11/21 14:43:04
[14:43:04] (Yuebon.Quartz.Jobs.OperateTrajectoryMsgJob) 方法名称：Execute
日志内容：定时执行结束：2019/11/21 14:43:04
[14:46:56] (Yuebon.Quartz.Jobs.OperateTrajectoryMsgJob) 方法名称：Execute
日志内容：定时执行开始：2019/11/21 14:46:56
[14:46:59] (Yuebon.Quartz.Jobs.OperateTrajectoryMsgJob) 方法名称：Execute
日志内容：定时执行结束：2019/11/21 14:46:59
[14:47:23] (Yuebon.AspNetCore.Mvc.TokenProvider) 方法名称：ValidateToken
日志内容：eyJhbGciOiJIUzI1NiIsInR5cCI6IkpXVCJ9.eyJhdWQiOiJ3eGFwcGxldCIsImlzcyI6Ill1ZWJvblRlYWNoIiwibmFtZSI6ImNxaW53biIsImlkIjoiMjAxOTA5MDYyMzIyMjA3MTQyMjQ2OCIsInJvbGUiOiIyMDE5MDkxNzIxMDUzMzQyODcxMzMyIiwic3ViIjoicGFzc3dvcmQiLCJuYmYiOjE1NzQzMTg4NDIsImV4cCI6MTU3NDMyNjA0MiwiaWF0IjoxNTc0MzE4ODQyfQ.VqelakbGoHR2xELSjW89ge-5Ts_mTPwyMQBv-P19yWA
[14:47:23] (Yuebon.AspNetCore.Mvc.TokenProvider) 方法名称：ValidateToken
日志内容：eyJhbGciOiJIUzI1NiIsInR5cCI6IkpXVCJ9.eyJhdWQiOiJ3eGFwcGxldCIsImlzcyI6Ill1ZWJvblRlYWNoIiwibmFtZSI6ImNxaW53biIsImlkIjoiMjAxOTA5MDYyMzIyMjA3MTQyMjQ2OCIsInJvbGUiOiIyMDE5MDkxNzIxMDUzMzQyODcxMzMyIiwic3ViIjoicGFzc3dvcmQiLCJuYmYiOjE1NzQzMTg4NDIsImV4cCI6MTU3NDMyNjA0MiwiaWF0IjoxNTc0MzE4ODQyfQ.VqelakbGoHR2xELSjW89ge-5Ts_mTPwyMQBv-P19yWA
[14:47:23] (Yuebon.AspNetCore.Mvc.TokenProvider) 方法名称：ValidateToken
日志内容：{
  "Actor": null,
  "Audiences": [
    "wxapplet"
  ],
  "Claims": [
    {
      "Issuer": "YuebonTeach",
      "OriginalIssuer": "YuebonTeach",
      "Properties": {},
      "Subject": null,
      "Type": "aud",
      "Value": "wxapplet",
      "ValueType": "http://www.w3.org/2001/XMLSchema#string"
    },
    {
      "Issuer": "YuebonTeach",
      "OriginalIssuer": "YuebonTeach",
      "Properties": {},
      "Subject": null,
      "Type": "iss",
      "Value": "YuebonTeach",
      "ValueType": "http://www.w3.org/2001/XMLSchema#string"
    },
    {
      "Issuer": "YuebonTeach",
      "OriginalIssuer": "YuebonTeach",
      "Properties": {},
      "Subject": null,
      "Type": "name",
      "Value": "cqinwn",
      "ValueType": "http://www.w3.org/2001/XMLSchema#string"
    },
    {
      "Issuer": "YuebonTeach",
      "OriginalIssuer": "YuebonTeach",
      "Properties": {},
      "Subject": null,
      "Type": "id",
      "Value": "2019090623222071422468",
      "ValueType": "http://www.w3.org/2001/XMLSchema#string"
    },
    {
      "Issuer": "YuebonTeach",
      "OriginalIssuer": "YuebonTeach",
      "Properties": {},
      "Subject": null,
      "Type": "role",
      "Value": "2019091721053342871332",
      "ValueType": "http://www.w3.org/2001/XMLSchema#string"
    },
    {
      "Issuer": "YuebonTeach",
      "OriginalIssuer": "YuebonTeach",
      "Properties": {},
      "Subject": null,
      "Type": "sub",
      "Value": "password",
      "ValueType": "http://www.w3.org/2001/XMLSchema#string"
    },
    {
      "Issuer": "YuebonTeach",
      "OriginalIssuer": "YuebonTeach",
      "Properties": {},
      "Subject": null,
      "Type": "nbf",
      "Value": "1574318842",
      "ValueType": "http://www.w3.org/2001/XMLSchema#integer"
    },
    {
      "Issuer": "YuebonTeach",
      "OriginalIssuer": "YuebonTeach",
      "Properties": {},
      "Subject": null,
      "Type": "exp",
      "Value": "1574326042",
      "ValueType": "http://www.w3.org/2001/XMLSchema#integer"
    },
    {
      "Issuer": "YuebonTeach",
      "OriginalIssuer": "YuebonTeach",
      "Properties": {},
      "Subject": null,
      "Type": "iat",
      "Value": "1574318842",
      "ValueType": "http://www.w3.org/2001/XMLSchema#integer"
    }
  ],
  "EncodedHeader": "eyJhbGciOiJIUzI1NiIsInR5cCI6IkpXVCJ9",
  "EncodedPayload": "eyJhdWQiOiJ3eGFwcGxldCIsImlzcyI6Ill1ZWJvblRlYWNoIiwibmFtZSI6ImNxaW53biIsImlkIjoiMjAxOTA5MDYyMzIyMjA3MTQyMjQ2OCIsInJvbGUiOiIyMDE5MDkxNzIxMDUzMzQyODcxMzMyIiwic3ViIjoicGFzc3dvcmQiLCJuYmYiOjE1NzQzMTg4NDIsImV4cCI6MTU3NDMyNjA0MiwiaWF0IjoxNTc0MzE4ODQyfQ",
  "Header": {
    "alg": "HS256",
    "typ": "JWT"
  },
  "Id": null,
  "Issuer": "YuebonTeach",
  "Payload": {
    "aud": "wxapplet",
    "iss": "YuebonTeach",
    "name": "cqinwn",
    "id": "2019090623222071422468",
    "role": "2019091721053342871332",
    "sub": "password",
    "nbf": 1574318842,
    "exp": 1574326042,
    "iat": 1574318842
  },
  "InnerToken": null,
  "RawAuthenticationTag": null,
  "RawCiphertext": null,
  "RawData": "eyJhbGciOiJIUzI1NiIsInR5cCI6IkpXVCJ9.eyJhdWQiOiJ3eGFwcGxldCIsImlzcyI6Ill1ZWJvblRlYWNoIiwibmFtZSI6ImNxaW53biIsImlkIjoiMjAxOTA5MDYyMzIyMjA3MTQyMjQ2OCIsInJvbGUiOiIyMDE5MDkxNzIxMDUzMzQyODcxMzMyIiwic3ViIjoicGFzc3dvcmQiLCJuYmYiOjE1NzQzMTg4NDIsImV4cCI6MTU3NDMyNjA0MiwiaWF0IjoxNTc0MzE4ODQyfQ.VqelakbGoHR2xELSjW89ge-5Ts_mTPwyMQBv-P19yWA",
  "RawEncryptedKey": null,
  "RawInitializationVector": null,
  "RawHeader": "eyJhbGciOiJIUzI1NiIsInR5cCI6IkpXVCJ9",
  "RawPayload": "eyJhdWQiOiJ3eGFwcGxldCIsImlzcyI6Ill1ZWJvblRlYWNoIiwibmFtZSI6ImNxaW53biIsImlkIjoiMjAxOTA5MDYyMzIyMjA3MTQyMjQ2OCIsInJvbGUiOiIyMDE5MDkxNzIxMDUzMzQyODcxMzMyIiwic3ViIjoicGFzc3dvcmQiLCJuYmYiOjE1NzQzMTg4NDIsImV4cCI6MTU3NDMyNjA0MiwiaWF0IjoxNTc0MzE4ODQyfQ",
  "RawSignature": "VqelakbGoHR2xELSjW89ge-5Ts_mTPwyMQBv-P19yWA",
  "SecurityKey": null,
  "SignatureAlgorithm": "HS256",
  "SigningCredentials": null,
  "EncryptingCredentials": null,
  "SigningKey": null,
  "Subject": "password",
  "ValidFrom": "2019-11-21 06:47:22",
  "ValidTo": "2019-11-21 08:47:22"
}
[14:47:23] (Yuebon.AspNetCore.Mvc.TokenProvider) 方法名称：ValidateToken
日志内容：{
  "Actor": null,
  "Audiences": [
    "wxapplet"
  ],
  "Claims": [
    {
      "Issuer": "YuebonTeach",
      "OriginalIssuer": "YuebonTeach",
      "Properties": {},
      "Subject": null,
      "Type": "aud",
      "Value": "wxapplet",
      "ValueType": "http://www.w3.org/2001/XMLSchema#string"
    },
    {
      "Issuer": "YuebonTeach",
      "OriginalIssuer": "YuebonTeach",
      "Properties": {},
      "Subject": null,
      "Type": "iss",
      "Value": "YuebonTeach",
      "ValueType": "http://www.w3.org/2001/XMLSchema#string"
    },
    {
      "Issuer": "YuebonTeach",
      "OriginalIssuer": "YuebonTeach",
      "Properties": {},
      "Subject": null,
      "Type": "name",
      "Value": "cqinwn",
      "ValueType": "http://www.w3.org/2001/XMLSchema#string"
    },
    {
      "Issuer": "YuebonTeach",
      "OriginalIssuer": "YuebonTeach",
      "Properties": {},
      "Subject": null,
      "Type": "id",
      "Value": "2019090623222071422468",
      "ValueType": "http://www.w3.org/2001/XMLSchema#string"
    },
    {
      "Issuer": "YuebonTeach",
      "OriginalIssuer": "YuebonTeach",
      "Properties": {},
      "Subject": null,
      "Type": "role",
      "Value": "2019091721053342871332",
      "ValueType": "http://www.w3.org/2001/XMLSchema#string"
    },
    {
      "Issuer": "YuebonTeach",
      "OriginalIssuer": "YuebonTeach",
      "Properties": {},
      "Subject": null,
      "Type": "sub",
      "Value": "password",
      "ValueType": "http://www.w3.org/2001/XMLSchema#string"
    },
    {
      "Issuer": "YuebonTeach",
      "OriginalIssuer": "YuebonTeach",
      "Properties": {},
      "Subject": null,
      "Type": "nbf",
      "Value": "1574318842",
      "ValueType": "http://www.w3.org/2001/XMLSchema#integer"
    },
    {
      "Issuer": "YuebonTeach",
      "OriginalIssuer": "YuebonTeach",
      "Properties": {},
      "Subject": null,
      "Type": "exp",
      "Value": "1574326042",
      "ValueType": "http://www.w3.org/2001/XMLSchema#integer"
    },
    {
      "Issuer": "YuebonTeach",
      "OriginalIssuer": "YuebonTeach",
      "Properties": {},
      "Subject": null,
      "Type": "iat",
      "Value": "1574318842",
      "ValueType": "http://www.w3.org/2001/XMLSchema#integer"
    }
  ],
  "EncodedHeader": "eyJhbGciOiJIUzI1NiIsInR5cCI6IkpXVCJ9",
  "EncodedPayload": "eyJhdWQiOiJ3eGFwcGxldCIsImlzcyI6Ill1ZWJvblRlYWNoIiwibmFtZSI6ImNxaW53biIsImlkIjoiMjAxOTA5MDYyMzIyMjA3MTQyMjQ2OCIsInJvbGUiOiIyMDE5MDkxNzIxMDUzMzQyODcxMzMyIiwic3ViIjoicGFzc3dvcmQiLCJuYmYiOjE1NzQzMTg4NDIsImV4cCI6MTU3NDMyNjA0MiwiaWF0IjoxNTc0MzE4ODQyfQ",
  "Header": {
    "alg": "HS256",
    "typ": "JWT"
  },
  "Id": null,
  "Issuer": "YuebonTeach",
  "Payload": {
    "aud": "wxapplet",
    "iss": "YuebonTeach",
    "name": "cqinwn",
    "id": "2019090623222071422468",
    "role": "2019091721053342871332",
    "sub": "password",
    "nbf": 1574318842,
    "exp": 1574326042,
    "iat": 1574318842
  },
  "InnerToken": null,
  "RawAuthenticationTag": null,
  "RawCiphertext": null,
  "RawData": "eyJhbGciOiJIUzI1NiIsInR5cCI6IkpXVCJ9.eyJhdWQiOiJ3eGFwcGxldCIsImlzcyI6Ill1ZWJvblRlYWNoIiwibmFtZSI6ImNxaW53biIsImlkIjoiMjAxOTA5MDYyMzIyMjA3MTQyMjQ2OCIsInJvbGUiOiIyMDE5MDkxNzIxMDUzMzQyODcxMzMyIiwic3ViIjoicGFzc3dvcmQiLCJuYmYiOjE1NzQzMTg4NDIsImV4cCI6MTU3NDMyNjA0MiwiaWF0IjoxNTc0MzE4ODQyfQ.VqelakbGoHR2xELSjW89ge-5Ts_mTPwyMQBv-P19yWA",
  "RawEncryptedKey": null,
  "RawInitializationVector": null,
  "RawHeader": "eyJhbGciOiJIUzI1NiIsInR5cCI6IkpXVCJ9",
  "RawPayload": "eyJhdWQiOiJ3eGFwcGxldCIsImlzcyI6Ill1ZWJvblRlYWNoIiwibmFtZSI6ImNxaW53biIsImlkIjoiMjAxOTA5MDYyMzIyMjA3MTQyMjQ2OCIsInJvbGUiOiIyMDE5MDkxNzIxMDUzMzQyODcxMzMyIiwic3ViIjoicGFzc3dvcmQiLCJuYmYiOjE1NzQzMTg4NDIsImV4cCI6MTU3NDMyNjA0MiwiaWF0IjoxNTc0MzE4ODQyfQ",
  "RawSignature": "VqelakbGoHR2xELSjW89ge-5Ts_mTPwyMQBv-P19yWA",
  "SecurityKey": null,
  "SignatureAlgorithm": "HS256",
  "SigningCredentials": null,
  "EncryptingCredentials": null,
  "SigningKey": null,
  "Subject": "password",
  "ValidFrom": "2019-11-21 06:47:22",
  "ValidTo": "2019-11-21 08:47:22"
}
[14:47:23] (Yuebon.AspNetCore.Mvc.TokenProvider) 方法名称：ValidateToken
日志内容：eyJhbGciOiJIUzI1NiIsInR5cCI6IkpXVCJ9.eyJhdWQiOiJ3eGFwcGxldCIsImlzcyI6Ill1ZWJvblRlYWNoIiwibmFtZSI6ImNxaW53biIsImlkIjoiMjAxOTA5MDYyMzIyMjA3MTQyMjQ2OCIsInJvbGUiOiIyMDE5MDkxNzIxMDUzMzQyODcxMzMyIiwic3ViIjoicGFzc3dvcmQiLCJuYmYiOjE1NzQzMTg4NDIsImV4cCI6MTU3NDMyNjA0MiwiaWF0IjoxNTc0MzE4ODQyfQ.VqelakbGoHR2xELSjW89ge-5Ts_mTPwyMQBv-P19yWA
[14:47:23] (Yuebon.AspNetCore.Mvc.TokenProvider) 方法名称：ValidateToken
日志内容：eyJhbGciOiJIUzI1NiIsInR5cCI6IkpXVCJ9.eyJhdWQiOiJ3eGFwcGxldCIsImlzcyI6Ill1ZWJvblRlYWNoIiwibmFtZSI6ImNxaW53biIsImlkIjoiMjAxOTA5MDYyMzIyMjA3MTQyMjQ2OCIsInJvbGUiOiIyMDE5MDkxNzIxMDUzMzQyODcxMzMyIiwic3ViIjoicGFzc3dvcmQiLCJuYmYiOjE1NzQzMTg4NDIsImV4cCI6MTU3NDMyNjA0MiwiaWF0IjoxNTc0MzE4ODQyfQ.VqelakbGoHR2xELSjW89ge-5Ts_mTPwyMQBv-P19yWA
[14:47:23] (Yuebon.AspNetCore.Mvc.TokenProvider) 方法名称：ValidateToken
日志内容：eyJhbGciOiJIUzI1NiIsInR5cCI6IkpXVCJ9.eyJhdWQiOiJ3eGFwcGxldCIsImlzcyI6Ill1ZWJvblRlYWNoIiwibmFtZSI6ImNxaW53biIsImlkIjoiMjAxOTA5MDYyMzIyMjA3MTQyMjQ2OCIsInJvbGUiOiIyMDE5MDkxNzIxMDUzMzQyODcxMzMyIiwic3ViIjoicGFzc3dvcmQiLCJuYmYiOjE1NzQzMTg4NDIsImV4cCI6MTU3NDMyNjA0MiwiaWF0IjoxNTc0MzE4ODQyfQ.VqelakbGoHR2xELSjW89ge-5Ts_mTPwyMQBv-P19yWA
[14:47:23] (Yuebon.AspNetCore.Mvc.TokenProvider) 方法名称：ValidateToken
日志内容：eyJhbGciOiJIUzI1NiIsInR5cCI6IkpXVCJ9.eyJhdWQiOiJ3eGFwcGxldCIsImlzcyI6Ill1ZWJvblRlYWNoIiwibmFtZSI6ImNxaW53biIsImlkIjoiMjAxOTA5MDYyMzIyMjA3MTQyMjQ2OCIsInJvbGUiOiIyMDE5MDkxNzIxMDUzMzQyODcxMzMyIiwic3ViIjoicGFzc3dvcmQiLCJuYmYiOjE1NzQzMTg4NDIsImV4cCI6MTU3NDMyNjA0MiwiaWF0IjoxNTc0MzE4ODQyfQ.VqelakbGoHR2xELSjW89ge-5Ts_mTPwyMQBv-P19yWA
[14:47:23] (Yuebon.AspNetCore.Mvc.TokenProvider) 方法名称：ValidateToken
日志内容：eyJhbGciOiJIUzI1NiIsInR5cCI6IkpXVCJ9.eyJhdWQiOiJ3eGFwcGxldCIsImlzcyI6Ill1ZWJvblRlYWNoIiwibmFtZSI6ImNxaW53biIsImlkIjoiMjAxOTA5MDYyMzIyMjA3MTQyMjQ2OCIsInJvbGUiOiIyMDE5MDkxNzIxMDUzMzQyODcxMzMyIiwic3ViIjoicGFzc3dvcmQiLCJuYmYiOjE1NzQzMTg4NDIsImV4cCI6MTU3NDMyNjA0MiwiaWF0IjoxNTc0MzE4ODQyfQ.VqelakbGoHR2xELSjW89ge-5Ts_mTPwyMQBv-P19yWA
[14:47:23] (Yuebon.AspNetCore.Mvc.TokenProvider) 方法名称：ValidateToken
日志内容：eyJhbGciOiJIUzI1NiIsInR5cCI6IkpXVCJ9.eyJhdWQiOiJ3eGFwcGxldCIsImlzcyI6Ill1ZWJvblRlYWNoIiwibmFtZSI6ImNxaW53biIsImlkIjoiMjAxOTA5MDYyMzIyMjA3MTQyMjQ2OCIsInJvbGUiOiIyMDE5MDkxNzIxMDUzMzQyODcxMzMyIiwic3ViIjoicGFzc3dvcmQiLCJuYmYiOjE1NzQzMTg4NDIsImV4cCI6MTU3NDMyNjA0MiwiaWF0IjoxNTc0MzE4ODQyfQ.VqelakbGoHR2xELSjW89ge-5Ts_mTPwyMQBv-P19yWA
[14:47:23] (Yuebon.AspNetCore.Mvc.TokenProvider) 方法名称：ValidateToken
日志内容：{
  "Actor": null,
  "Audiences": [
    "wxapplet"
  ],
  "Claims": [
    {
      "Issuer": "YuebonTeach",
      "OriginalIssuer": "YuebonTeach",
      "Properties": {},
      "Subject": null,
      "Type": "aud",
      "Value": "wxapplet",
      "ValueType": "http://www.w3.org/2001/XMLSchema#string"
    },
    {
      "Issuer": "YuebonTeach",
      "OriginalIssuer": "YuebonTeach",
      "Properties": {},
      "Subject": null,
      "Type": "iss",
      "Value": "YuebonTeach",
      "ValueType": "http://www.w3.org/2001/XMLSchema#string"
    },
    {
      "Issuer": "YuebonTeach",
      "OriginalIssuer": "YuebonTeach",
      "Properties": {},
      "Subject": null,
      "Type": "name",
      "Value": "cqinwn",
      "ValueType": "http://www.w3.org/2001/XMLSchema#string"
    },
    {
      "Issuer": "YuebonTeach",
      "OriginalIssuer": "YuebonTeach",
      "Properties": {},
      "Subject": null,
      "Type": "id",
      "Value": "2019090623222071422468",
      "ValueType": "http://www.w3.org/2001/XMLSchema#string"
    },
    {
      "Issuer": "YuebonTeach",
      "OriginalIssuer": "YuebonTeach",
      "Properties": {},
      "Subject": null,
      "Type": "role",
      "Value": "2019091721053342871332",
      "ValueType": "http://www.w3.org/2001/XMLSchema#string"
    },
    {
      "Issuer": "YuebonTeach",
      "OriginalIssuer": "YuebonTeach",
      "Properties": {},
      "Subject": null,
      "Type": "sub",
      "Value": "password",
      "ValueType": "http://www.w3.org/2001/XMLSchema#string"
    },
    {
      "Issuer": "YuebonTeach",
      "OriginalIssuer": "YuebonTeach",
      "Properties": {},
      "Subject": null,
      "Type": "nbf",
      "Value": "1574318842",
      "ValueType": "http://www.w3.org/2001/XMLSchema#integer"
    },
    {
      "Issuer": "YuebonTeach",
      "OriginalIssuer": "YuebonTeach",
      "Properties": {},
      "Subject": null,
      "Type": "exp",
      "Value": "1574326042",
      "ValueType": "http://www.w3.org/2001/XMLSchema#integer"
    },
    {
      "Issuer": "YuebonTeach",
      "OriginalIssuer": "YuebonTeach",
      "Properties": {},
      "Subject": null,
      "Type": "iat",
      "Value": "1574318842",
      "ValueType": "http://www.w3.org/2001/XMLSchema#integer"
    }
  ],
  "EncodedHeader": "eyJhbGciOiJIUzI1NiIsInR5cCI6IkpXVCJ9",
  "EncodedPayload": "eyJhdWQiOiJ3eGFwcGxldCIsImlzcyI6Ill1ZWJvblRlYWNoIiwibmFtZSI6ImNxaW53biIsImlkIjoiMjAxOTA5MDYyMzIyMjA3MTQyMjQ2OCIsInJvbGUiOiIyMDE5MDkxNzIxMDUzMzQyODcxMzMyIiwic3ViIjoicGFzc3dvcmQiLCJuYmYiOjE1NzQzMTg4NDIsImV4cCI6MTU3NDMyNjA0MiwiaWF0IjoxNTc0MzE4ODQyfQ",
  "Header": {
    "alg": "HS256",
    "typ": "JWT"
  },
  "Id": null,
  "Issuer": "YuebonTeach",
  "Payload": {
    "aud": "wxapplet",
    "iss": "YuebonTeach",
    "name": "cqinwn",
    "id": "2019090623222071422468",
    "role": "2019091721053342871332",
    "sub": "password",
    "nbf": 1574318842,
    "exp": 1574326042,
    "iat": 1574318842
  },
  "InnerToken": null,
  "RawAuthenticationTag": null,
  "RawCiphertext": null,
  "RawData": "eyJhbGciOiJIUzI1NiIsInR5cCI6IkpXVCJ9.eyJhdWQiOiJ3eGFwcGxldCIsImlzcyI6Ill1ZWJvblRlYWNoIiwibmFtZSI6ImNxaW53biIsImlkIjoiMjAxOTA5MDYyMzIyMjA3MTQyMjQ2OCIsInJvbGUiOiIyMDE5MDkxNzIxMDUzMzQyODcxMzMyIiwic3ViIjoicGFzc3dvcmQiLCJuYmYiOjE1NzQzMTg4NDIsImV4cCI6MTU3NDMyNjA0MiwiaWF0IjoxNTc0MzE4ODQyfQ.VqelakbGoHR2xELSjW89ge-5Ts_mTPwyMQBv-P19yWA",
  "RawEncryptedKey": null,
  "RawInitializationVector": null,
  "RawHeader": "eyJhbGciOiJIUzI1NiIsInR5cCI6IkpXVCJ9",
  "RawPayload": "eyJhdWQiOiJ3eGFwcGxldCIsImlzcyI6Ill1ZWJvblRlYWNoIiwibmFtZSI6ImNxaW53biIsImlkIjoiMjAxOTA5MDYyMzIyMjA3MTQyMjQ2OCIsInJvbGUiOiIyMDE5MDkxNzIxMDUzMzQyODcxMzMyIiwic3ViIjoicGFzc3dvcmQiLCJuYmYiOjE1NzQzMTg4NDIsImV4cCI6MTU3NDMyNjA0MiwiaWF0IjoxNTc0MzE4ODQyfQ",
  "RawSignature": "VqelakbGoHR2xELSjW89ge-5Ts_mTPwyMQBv-P19yWA",
  "SecurityKey": null,
  "SignatureAlgorithm": "HS256",
  "SigningCredentials": null,
  "EncryptingCredentials": null,
  "SigningKey": null,
  "Subject": "password",
  "ValidFrom": "2019-11-21 06:47:22",
  "ValidTo": "2019-11-21 08:47:22"
}
[14:47:23] (Yuebon.AspNetCore.Mvc.TokenProvider) 方法名称：ValidateToken
日志内容：{
  "Actor": null,
  "Audiences": [
    "wxapplet"
  ],
  "Claims": [
    {
      "Issuer": "YuebonTeach",
      "OriginalIssuer": "YuebonTeach",
      "Properties": {},
      "Subject": null,
      "Type": "aud",
      "Value": "wxapplet",
      "ValueType": "http://www.w3.org/2001/XMLSchema#string"
    },
    {
      "Issuer": "YuebonTeach",
      "OriginalIssuer": "YuebonTeach",
      "Properties": {},
      "Subject": null,
      "Type": "iss",
      "Value": "YuebonTeach",
      "ValueType": "http://www.w3.org/2001/XMLSchema#string"
    },
    {
      "Issuer": "YuebonTeach",
      "OriginalIssuer": "YuebonTeach",
      "Properties": {},
      "Subject": null,
      "Type": "name",
      "Value": "cqinwn",
      "ValueType": "http://www.w3.org/2001/XMLSchema#string"
    },
    {
      "Issuer": "YuebonTeach",
      "OriginalIssuer": "YuebonTeach",
      "Properties": {},
      "Subject": null,
      "Type": "id",
      "Value": "2019090623222071422468",
      "ValueType": "http://www.w3.org/2001/XMLSchema#string"
    },
    {
      "Issuer": "YuebonTeach",
      "OriginalIssuer": "YuebonTeach",
      "Properties": {},
      "Subject": null,
      "Type": "role",
      "Value": "2019091721053342871332",
      "ValueType": "http://www.w3.org/2001/XMLSchema#string"
    },
    {
      "Issuer": "YuebonTeach",
      "OriginalIssuer": "YuebonTeach",
      "Properties": {},
      "Subject": null,
      "Type": "sub",
      "Value": "password",
      "ValueType": "http://www.w3.org/2001/XMLSchema#string"
    },
    {
      "Issuer": "YuebonTeach",
      "OriginalIssuer": "YuebonTeach",
      "Properties": {},
      "Subject": null,
      "Type": "nbf",
      "Value": "1574318842",
      "ValueType": "http://www.w3.org/2001/XMLSchema#integer"
    },
    {
      "Issuer": "YuebonTeach",
      "OriginalIssuer": "YuebonTeach",
      "Properties": {},
      "Subject": null,
      "Type": "exp",
      "Value": "1574326042",
      "ValueType": "http://www.w3.org/2001/XMLSchema#integer"
    },
    {
      "Issuer": "YuebonTeach",
      "OriginalIssuer": "YuebonTeach",
      "Properties": {},
      "Subject": null,
      "Type": "iat",
      "Value": "1574318842",
      "ValueType": "http://www.w3.org/2001/XMLSchema#integer"
    }
  ],
  "EncodedHeader": "eyJhbGciOiJIUzI1NiIsInR5cCI6IkpXVCJ9",
  "EncodedPayload": "eyJhdWQiOiJ3eGFwcGxldCIsImlzcyI6Ill1ZWJvblRlYWNoIiwibmFtZSI6ImNxaW53biIsImlkIjoiMjAxOTA5MDYyMzIyMjA3MTQyMjQ2OCIsInJvbGUiOiIyMDE5MDkxNzIxMDUzMzQyODcxMzMyIiwic3ViIjoicGFzc3dvcmQiLCJuYmYiOjE1NzQzMTg4NDIsImV4cCI6MTU3NDMyNjA0MiwiaWF0IjoxNTc0MzE4ODQyfQ",
  "Header": {
    "alg": "HS256",
    "typ": "JWT"
  },
  "Id": null,
  "Issuer": "YuebonTeach",
  "Payload": {
    "aud": "wxapplet",
    "iss": "YuebonTeach",
    "name": "cqinwn",
    "id": "2019090623222071422468",
    "role": "2019091721053342871332",
    "sub": "password",
    "nbf": 1574318842,
    "exp": 1574326042,
    "iat": 1574318842
  },
  "InnerToken": null,
  "RawAuthenticationTag": null,
  "RawCiphertext": null,
  "RawData": "eyJhbGciOiJIUzI1NiIsInR5cCI6IkpXVCJ9.eyJhdWQiOiJ3eGFwcGxldCIsImlzcyI6Ill1ZWJvblRlYWNoIiwibmFtZSI6ImNxaW53biIsImlkIjoiMjAxOTA5MDYyMzIyMjA3MTQyMjQ2OCIsInJvbGUiOiIyMDE5MDkxNzIxMDUzMzQyODcxMzMyIiwic3ViIjoicGFzc3dvcmQiLCJuYmYiOjE1NzQzMTg4NDIsImV4cCI6MTU3NDMyNjA0MiwiaWF0IjoxNTc0MzE4ODQyfQ.VqelakbGoHR2xELSjW89ge-5Ts_mTPwyMQBv-P19yWA",
  "RawEncryptedKey": null,
  "RawInitializationVector": null,
  "RawHeader": "eyJhbGciOiJIUzI1NiIsInR5cCI6IkpXVCJ9",
  "RawPayload": "eyJhdWQiOiJ3eGFwcGxldCIsImlzcyI6Ill1ZWJvblRlYWNoIiwibmFtZSI6ImNxaW53biIsImlkIjoiMjAxOTA5MDYyMzIyMjA3MTQyMjQ2OCIsInJvbGUiOiIyMDE5MDkxNzIxMDUzMzQyODcxMzMyIiwic3ViIjoicGFzc3dvcmQiLCJuYmYiOjE1NzQzMTg4NDIsImV4cCI6MTU3NDMyNjA0MiwiaWF0IjoxNTc0MzE4ODQyfQ",
  "RawSignature": "VqelakbGoHR2xELSjW89ge-5Ts_mTPwyMQBv-P19yWA",
  "SecurityKey": null,
  "SignatureAlgorithm": "HS256",
  "SigningCredentials": null,
  "EncryptingCredentials": null,
  "SigningKey": null,
  "Subject": "password",
  "ValidFrom": "2019-11-21 06:47:22",
  "ValidTo": "2019-11-21 08:47:22"
}
[14:47:23] (Yuebon.AspNetCore.Mvc.TokenProvider) 方法名称：ValidateToken
日志内容：{
  "Actor": null,
  "Audiences": [
    "wxapplet"
  ],
  "Claims": [
    {
      "Issuer": "YuebonTeach",
      "OriginalIssuer": "YuebonTeach",
      "Properties": {},
      "Subject": null,
      "Type": "aud",
      "Value": "wxapplet",
      "ValueType": "http://www.w3.org/2001/XMLSchema#string"
    },
    {
      "Issuer": "YuebonTeach",
      "OriginalIssuer": "YuebonTeach",
      "Properties": {},
      "Subject": null,
      "Type": "iss",
      "Value": "YuebonTeach",
      "ValueType": "http://www.w3.org/2001/XMLSchema#string"
    },
    {
      "Issuer": "YuebonTeach",
      "OriginalIssuer": "YuebonTeach",
      "Properties": {},
      "Subject": null,
      "Type": "name",
      "Value": "cqinwn",
      "ValueType": "http://www.w3.org/2001/XMLSchema#string"
    },
    {
      "Issuer": "YuebonTeach",
      "OriginalIssuer": "YuebonTeach",
      "Properties": {},
      "Subject": null,
      "Type": "id",
      "Value": "2019090623222071422468",
      "ValueType": "http://www.w3.org/2001/XMLSchema#string"
    },
    {
      "Issuer": "YuebonTeach",
      "OriginalIssuer": "YuebonTeach",
      "Properties": {},
      "Subject": null,
      "Type": "role",
      "Value": "2019091721053342871332",
      "ValueType": "http://www.w3.org/2001/XMLSchema#string"
    },
    {
      "Issuer": "YuebonTeach",
      "OriginalIssuer": "YuebonTeach",
      "Properties": {},
      "Subject": null,
      "Type": "sub",
      "Value": "password",
      "ValueType": "http://www.w3.org/2001/XMLSchema#string"
    },
    {
      "Issuer": "YuebonTeach",
      "OriginalIssuer": "YuebonTeach",
      "Properties": {},
      "Subject": null,
      "Type": "nbf",
      "Value": "1574318842",
      "ValueType": "http://www.w3.org/2001/XMLSchema#integer"
    },
    {
      "Issuer": "YuebonTeach",
      "OriginalIssuer": "YuebonTeach",
      "Properties": {},
      "Subject": null,
      "Type": "exp",
      "Value": "1574326042",
      "ValueType": "http://www.w3.org/2001/XMLSchema#integer"
    },
    {
      "Issuer": "YuebonTeach",
      "OriginalIssuer": "YuebonTeach",
      "Properties": {},
      "Subject": null,
      "Type": "iat",
      "Value": "1574318842",
      "ValueType": "http://www.w3.org/2001/XMLSchema#integer"
    }
  ],
  "EncodedHeader": "eyJhbGciOiJIUzI1NiIsInR5cCI6IkpXVCJ9",
  "EncodedPayload": "eyJhdWQiOiJ3eGFwcGxldCIsImlzcyI6Ill1ZWJvblRlYWNoIiwibmFtZSI6ImNxaW53biIsImlkIjoiMjAxOTA5MDYyMzIyMjA3MTQyMjQ2OCIsInJvbGUiOiIyMDE5MDkxNzIxMDUzMzQyODcxMzMyIiwic3ViIjoicGFzc3dvcmQiLCJuYmYiOjE1NzQzMTg4NDIsImV4cCI6MTU3NDMyNjA0MiwiaWF0IjoxNTc0MzE4ODQyfQ",
  "Header": {
    "alg": "HS256",
    "typ": "JWT"
  },
  "Id": null,
  "Issuer": "YuebonTeach",
  "Payload": {
    "aud": "wxapplet",
    "iss": "YuebonTeach",
    "name": "cqinwn",
    "id": "2019090623222071422468",
    "role": "2019091721053342871332",
    "sub": "password",
    "nbf": 1574318842,
    "exp": 1574326042,
    "iat": 1574318842
  },
  "InnerToken": null,
  "RawAuthenticationTag": null,
  "RawCiphertext": null,
  "RawData": "eyJhbGciOiJIUzI1NiIsInR5cCI6IkpXVCJ9.eyJhdWQiOiJ3eGFwcGxldCIsImlzcyI6Ill1ZWJvblRlYWNoIiwibmFtZSI6ImNxaW53biIsImlkIjoiMjAxOTA5MDYyMzIyMjA3MTQyMjQ2OCIsInJvbGUiOiIyMDE5MDkxNzIxMDUzMzQyODcxMzMyIiwic3ViIjoicGFzc3dvcmQiLCJuYmYiOjE1NzQzMTg4NDIsImV4cCI6MTU3NDMyNjA0MiwiaWF0IjoxNTc0MzE4ODQyfQ.VqelakbGoHR2xELSjW89ge-5Ts_mTPwyMQBv-P19yWA",
  "RawEncryptedKey": null,
  "RawInitializationVector": null,
  "RawHeader": "eyJhbGciOiJIUzI1NiIsInR5cCI6IkpXVCJ9",
  "RawPayload": "eyJhdWQiOiJ3eGFwcGxldCIsImlzcyI6Ill1ZWJvblRlYWNoIiwibmFtZSI6ImNxaW53biIsImlkIjoiMjAxOTA5MDYyMzIyMjA3MTQyMjQ2OCIsInJvbGUiOiIyMDE5MDkxNzIxMDUzMzQyODcxMzMyIiwic3ViIjoicGFzc3dvcmQiLCJuYmYiOjE1NzQzMTg4NDIsImV4cCI6MTU3NDMyNjA0MiwiaWF0IjoxNTc0MzE4ODQyfQ",
  "RawSignature": "VqelakbGoHR2xELSjW89ge-5Ts_mTPwyMQBv-P19yWA",
  "SecurityKey": null,
  "SignatureAlgorithm": "HS256",
  "SigningCredentials": null,
  "EncryptingCredentials": null,
  "SigningKey": null,
  "Subject": "password",
  "ValidFrom": "2019-11-21 06:47:22",
  "ValidTo": "2019-11-21 08:47:22"
}
[14:47:23] (Yuebon.AspNetCore.Mvc.TokenProvider) 方法名称：ValidateToken
日志内容：{
  "Actor": null,
  "Audiences": [
    "wxapplet"
  ],
  "Claims": [
    {
      "Issuer": "YuebonTeach",
      "OriginalIssuer": "YuebonTeach",
      "Properties": {},
      "Subject": null,
      "Type": "aud",
      "Value": "wxapplet",
      "ValueType": "http://www.w3.org/2001/XMLSchema#string"
    },
    {
      "Issuer": "YuebonTeach",
      "OriginalIssuer": "YuebonTeach",
      "Properties": {},
      "Subject": null,
      "Type": "iss",
      "Value": "YuebonTeach",
      "ValueType": "http://www.w3.org/2001/XMLSchema#string"
    },
    {
      "Issuer": "YuebonTeach",
      "OriginalIssuer": "YuebonTeach",
      "Properties": {},
      "Subject": null,
      "Type": "name",
      "Value": "cqinwn",
      "ValueType": "http://www.w3.org/2001/XMLSchema#string"
    },
    {
      "Issuer": "YuebonTeach",
      "OriginalIssuer": "YuebonTeach",
      "Properties": {},
      "Subject": null,
      "Type": "id",
      "Value": "2019090623222071422468",
      "ValueType": "http://www.w3.org/2001/XMLSchema#string"
    },
    {
      "Issuer": "YuebonTeach",
      "OriginalIssuer": "YuebonTeach",
      "Properties": {},
      "Subject": null,
      "Type": "role",
      "Value": "2019091721053342871332",
      "ValueType": "http://www.w3.org/2001/XMLSchema#string"
    },
    {
      "Issuer": "YuebonTeach",
      "OriginalIssuer": "YuebonTeach",
      "Properties": {},
      "Subject": null,
      "Type": "sub",
      "Value": "password",
      "ValueType": "http://www.w3.org/2001/XMLSchema#string"
    },
    {
      "Issuer": "YuebonTeach",
      "OriginalIssuer": "YuebonTeach",
      "Properties": {},
      "Subject": null,
      "Type": "nbf",
      "Value": "1574318842",
      "ValueType": "http://www.w3.org/2001/XMLSchema#integer"
    },
    {
      "Issuer": "YuebonTeach",
      "OriginalIssuer": "YuebonTeach",
      "Properties": {},
      "Subject": null,
      "Type": "exp",
      "Value": "1574326042",
      "ValueType": "http://www.w3.org/2001/XMLSchema#integer"
    },
    {
      "Issuer": "YuebonTeach",
      "OriginalIssuer": "YuebonTeach",
      "Properties": {},
      "Subject": null,
      "Type": "iat",
      "Value": "1574318842",
      "ValueType": "http://www.w3.org/2001/XMLSchema#integer"
    }
  ],
  "EncodedHeader": "eyJhbGciOiJIUzI1NiIsInR5cCI6IkpXVCJ9",
  "EncodedPayload": "eyJhdWQiOiJ3eGFwcGxldCIsImlzcyI6Ill1ZWJvblRlYWNoIiwibmFtZSI6ImNxaW53biIsImlkIjoiMjAxOTA5MDYyMzIyMjA3MTQyMjQ2OCIsInJvbGUiOiIyMDE5MDkxNzIxMDUzMzQyODcxMzMyIiwic3ViIjoicGFzc3dvcmQiLCJuYmYiOjE1NzQzMTg4NDIsImV4cCI6MTU3NDMyNjA0MiwiaWF0IjoxNTc0MzE4ODQyfQ",
  "Header": {
    "alg": "HS256",
    "typ": "JWT"
  },
  "Id": null,
  "Issuer": "YuebonTeach",
  "Payload": {
    "aud": "wxapplet",
    "iss": "YuebonTeach",
    "name": "cqinwn",
    "id": "2019090623222071422468",
    "role": "2019091721053342871332",
    "sub": "password",
    "nbf": 1574318842,
    "exp": 1574326042,
    "iat": 1574318842
  },
  "InnerToken": null,
  "RawAuthenticationTag": null,
  "RawCiphertext": null,
  "RawData": "eyJhbGciOiJIUzI1NiIsInR5cCI6IkpXVCJ9.eyJhdWQiOiJ3eGFwcGxldCIsImlzcyI6Ill1ZWJvblRlYWNoIiwibmFtZSI6ImNxaW53biIsImlkIjoiMjAxOTA5MDYyMzIyMjA3MTQyMjQ2OCIsInJvbGUiOiIyMDE5MDkxNzIxMDUzMzQyODcxMzMyIiwic3ViIjoicGFzc3dvcmQiLCJuYmYiOjE1NzQzMTg4NDIsImV4cCI6MTU3NDMyNjA0MiwiaWF0IjoxNTc0MzE4ODQyfQ.VqelakbGoHR2xELSjW89ge-5Ts_mTPwyMQBv-P19yWA",
  "RawEncryptedKey": null,
  "RawInitializationVector": null,
  "RawHeader": "eyJhbGciOiJIUzI1NiIsInR5cCI6IkpXVCJ9",
  "RawPayload": "eyJhdWQiOiJ3eGFwcGxldCIsImlzcyI6Ill1ZWJvblRlYWNoIiwibmFtZSI6ImNxaW53biIsImlkIjoiMjAxOTA5MDYyMzIyMjA3MTQyMjQ2OCIsInJvbGUiOiIyMDE5MDkxNzIxMDUzMzQyODcxMzMyIiwic3ViIjoicGFzc3dvcmQiLCJuYmYiOjE1NzQzMTg4NDIsImV4cCI6MTU3NDMyNjA0MiwiaWF0IjoxNTc0MzE4ODQyfQ",
  "RawSignature": "VqelakbGoHR2xELSjW89ge-5Ts_mTPwyMQBv-P19yWA",
  "SecurityKey": null,
  "SignatureAlgorithm": "HS256",
  "SigningCredentials": null,
  "EncryptingCredentials": null,
  "SigningKey": null,
  "Subject": "password",
  "ValidFrom": "2019-11-21 06:47:22",
  "ValidTo": "2019-11-21 08:47:22"
}
[14:47:23] (Yuebon.AspNetCore.Mvc.TokenProvider) 方法名称：ValidateToken
日志内容：{
  "Actor": null,
  "Audiences": [
    "wxapplet"
  ],
  "Claims": [
    {
      "Issuer": "YuebonTeach",
      "OriginalIssuer": "YuebonTeach",
      "Properties": {},
      "Subject": null,
      "Type": "aud",
      "Value": "wxapplet",
      "ValueType": "http://www.w3.org/2001/XMLSchema#string"
    },
    {
      "Issuer": "YuebonTeach",
      "OriginalIssuer": "YuebonTeach",
      "Properties": {},
      "Subject": null,
      "Type": "iss",
      "Value": "YuebonTeach",
      "ValueType": "http://www.w3.org/2001/XMLSchema#string"
    },
    {
      "Issuer": "YuebonTeach",
      "OriginalIssuer": "YuebonTeach",
      "Properties": {},
      "Subject": null,
      "Type": "name",
      "Value": "cqinwn",
      "ValueType": "http://www.w3.org/2001/XMLSchema#string"
    },
    {
      "Issuer": "YuebonTeach",
      "OriginalIssuer": "YuebonTeach",
      "Properties": {},
      "Subject": null,
      "Type": "id",
      "Value": "2019090623222071422468",
      "ValueType": "http://www.w3.org/2001/XMLSchema#string"
    },
    {
      "Issuer": "YuebonTeach",
      "OriginalIssuer": "YuebonTeach",
      "Properties": {},
      "Subject": null,
      "Type": "role",
      "Value": "2019091721053342871332",
      "ValueType": "http://www.w3.org/2001/XMLSchema#string"
    },
    {
      "Issuer": "YuebonTeach",
      "OriginalIssuer": "YuebonTeach",
      "Properties": {},
      "Subject": null,
      "Type": "sub",
      "Value": "password",
      "ValueType": "http://www.w3.org/2001/XMLSchema#string"
    },
    {
      "Issuer": "YuebonTeach",
      "OriginalIssuer": "YuebonTeach",
      "Properties": {},
      "Subject": null,
      "Type": "nbf",
      "Value": "1574318842",
      "ValueType": "http://www.w3.org/2001/XMLSchema#integer"
    },
    {
      "Issuer": "YuebonTeach",
      "OriginalIssuer": "YuebonTeach",
      "Properties": {},
      "Subject": null,
      "Type": "exp",
      "Value": "1574326042",
      "ValueType": "http://www.w3.org/2001/XMLSchema#integer"
    },
    {
      "Issuer": "YuebonTeach",
      "OriginalIssuer": "YuebonTeach",
      "Properties": {},
      "Subject": null,
      "Type": "iat",
      "Value": "1574318842",
      "ValueType": "http://www.w3.org/2001/XMLSchema#integer"
    }
  ],
  "EncodedHeader": "eyJhbGciOiJIUzI1NiIsInR5cCI6IkpXVCJ9",
  "EncodedPayload": "eyJhdWQiOiJ3eGFwcGxldCIsImlzcyI6Ill1ZWJvblRlYWNoIiwibmFtZSI6ImNxaW53biIsImlkIjoiMjAxOTA5MDYyMzIyMjA3MTQyMjQ2OCIsInJvbGUiOiIyMDE5MDkxNzIxMDUzMzQyODcxMzMyIiwic3ViIjoicGFzc3dvcmQiLCJuYmYiOjE1NzQzMTg4NDIsImV4cCI6MTU3NDMyNjA0MiwiaWF0IjoxNTc0MzE4ODQyfQ",
  "Header": {
    "alg": "HS256",
    "typ": "JWT"
  },
  "Id": null,
  "Issuer": "YuebonTeach",
  "Payload": {
    "aud": "wxapplet",
    "iss": "YuebonTeach",
    "name": "cqinwn",
    "id": "2019090623222071422468",
    "role": "2019091721053342871332",
    "sub": "password",
    "nbf": 1574318842,
    "exp": 1574326042,
    "iat": 1574318842
  },
  "InnerToken": null,
  "RawAuthenticationTag": null,
  "RawCiphertext": null,
  "RawData": "eyJhbGciOiJIUzI1NiIsInR5cCI6IkpXVCJ9.eyJhdWQiOiJ3eGFwcGxldCIsImlzcyI6Ill1ZWJvblRlYWNoIiwibmFtZSI6ImNxaW53biIsImlkIjoiMjAxOTA5MDYyMzIyMjA3MTQyMjQ2OCIsInJvbGUiOiIyMDE5MDkxNzIxMDUzMzQyODcxMzMyIiwic3ViIjoicGFzc3dvcmQiLCJuYmYiOjE1NzQzMTg4NDIsImV4cCI6MTU3NDMyNjA0MiwiaWF0IjoxNTc0MzE4ODQyfQ.VqelakbGoHR2xELSjW89ge-5Ts_mTPwyMQBv-P19yWA",
  "RawEncryptedKey": null,
  "RawInitializationVector": null,
  "RawHeader": "eyJhbGciOiJIUzI1NiIsInR5cCI6IkpXVCJ9",
  "RawPayload": "eyJhdWQiOiJ3eGFwcGxldCIsImlzcyI6Ill1ZWJvblRlYWNoIiwibmFtZSI6ImNxaW53biIsImlkIjoiMjAxOTA5MDYyMzIyMjA3MTQyMjQ2OCIsInJvbGUiOiIyMDE5MDkxNzIxMDUzMzQyODcxMzMyIiwic3ViIjoicGFzc3dvcmQiLCJuYmYiOjE1NzQzMTg4NDIsImV4cCI6MTU3NDMyNjA0MiwiaWF0IjoxNTc0MzE4ODQyfQ",
  "RawSignature": "VqelakbGoHR2xELSjW89ge-5Ts_mTPwyMQBv-P19yWA",
  "SecurityKey": null,
  "SignatureAlgorithm": "HS256",
  "SigningCredentials": null,
  "EncryptingCredentials": null,
  "SigningKey": null,
  "Subject": "password",
  "ValidFrom": "2019-11-21 06:47:22",
  "ValidTo": "2019-11-21 08:47:22"
}
[14:47:23] (Yuebon.AspNetCore.Mvc.TokenProvider) 方法名称：ValidateToken
日志内容：{
  "Actor": null,
  "Audiences": [
    "wxapplet"
  ],
  "Claims": [
    {
      "Issuer": "YuebonTeach",
      "OriginalIssuer": "YuebonTeach",
      "Properties": {},
      "Subject": null,
      "Type": "aud",
      "Value": "wxapplet",
      "ValueType": "http://www.w3.org/2001/XMLSchema#string"
    },
    {
      "Issuer": "YuebonTeach",
      "OriginalIssuer": "YuebonTeach",
      "Properties": {},
      "Subject": null,
      "Type": "iss",
      "Value": "YuebonTeach",
      "ValueType": "http://www.w3.org/2001/XMLSchema#string"
    },
    {
      "Issuer": "YuebonTeach",
      "OriginalIssuer": "YuebonTeach",
      "Properties": {},
      "Subject": null,
      "Type": "name",
      "Value": "cqinwn",
      "ValueType": "http://www.w3.org/2001/XMLSchema#string"
    },
    {
      "Issuer": "YuebonTeach",
      "OriginalIssuer": "YuebonTeach",
      "Properties": {},
      "Subject": null,
      "Type": "id",
      "Value": "2019090623222071422468",
      "ValueType": "http://www.w3.org/2001/XMLSchema#string"
    },
    {
      "Issuer": "YuebonTeach",
      "OriginalIssuer": "YuebonTeach",
      "Properties": {},
      "Subject": null,
      "Type": "role",
      "Value": "2019091721053342871332",
      "ValueType": "http://www.w3.org/2001/XMLSchema#string"
    },
    {
      "Issuer": "YuebonTeach",
      "OriginalIssuer": "YuebonTeach",
      "Properties": {},
      "Subject": null,
      "Type": "sub",
      "Value": "password",
      "ValueType": "http://www.w3.org/2001/XMLSchema#string"
    },
    {
      "Issuer": "YuebonTeach",
      "OriginalIssuer": "YuebonTeach",
      "Properties": {},
      "Subject": null,
      "Type": "nbf",
      "Value": "1574318842",
      "ValueType": "http://www.w3.org/2001/XMLSchema#integer"
    },
    {
      "Issuer": "YuebonTeach",
      "OriginalIssuer": "YuebonTeach",
      "Properties": {},
      "Subject": null,
      "Type": "exp",
      "Value": "1574326042",
      "ValueType": "http://www.w3.org/2001/XMLSchema#integer"
    },
    {
      "Issuer": "YuebonTeach",
      "OriginalIssuer": "YuebonTeach",
      "Properties": {},
      "Subject": null,
      "Type": "iat",
      "Value": "1574318842",
      "ValueType": "http://www.w3.org/2001/XMLSchema#integer"
    }
  ],
  "EncodedHeader": "eyJhbGciOiJIUzI1NiIsInR5cCI6IkpXVCJ9",
  "EncodedPayload": "eyJhdWQiOiJ3eGFwcGxldCIsImlzcyI6Ill1ZWJvblRlYWNoIiwibmFtZSI6ImNxaW53biIsImlkIjoiMjAxOTA5MDYyMzIyMjA3MTQyMjQ2OCIsInJvbGUiOiIyMDE5MDkxNzIxMDUzMzQyODcxMzMyIiwic3ViIjoicGFzc3dvcmQiLCJuYmYiOjE1NzQzMTg4NDIsImV4cCI6MTU3NDMyNjA0MiwiaWF0IjoxNTc0MzE4ODQyfQ",
  "Header": {
    "alg": "HS256",
    "typ": "JWT"
  },
  "Id": null,
  "Issuer": "YuebonTeach",
  "Payload": {
    "aud": "wxapplet",
    "iss": "YuebonTeach",
    "name": "cqinwn",
    "id": "2019090623222071422468",
    "role": "2019091721053342871332",
    "sub": "password",
    "nbf": 1574318842,
    "exp": 1574326042,
    "iat": 1574318842
  },
  "InnerToken": null,
  "RawAuthenticationTag": null,
  "RawCiphertext": null,
  "RawData": "eyJhbGciOiJIUzI1NiIsInR5cCI6IkpXVCJ9.eyJhdWQiOiJ3eGFwcGxldCIsImlzcyI6Ill1ZWJvblRlYWNoIiwibmFtZSI6ImNxaW53biIsImlkIjoiMjAxOTA5MDYyMzIyMjA3MTQyMjQ2OCIsInJvbGUiOiIyMDE5MDkxNzIxMDUzMzQyODcxMzMyIiwic3ViIjoicGFzc3dvcmQiLCJuYmYiOjE1NzQzMTg4NDIsImV4cCI6MTU3NDMyNjA0MiwiaWF0IjoxNTc0MzE4ODQyfQ.VqelakbGoHR2xELSjW89ge-5Ts_mTPwyMQBv-P19yWA",
  "RawEncryptedKey": null,
  "RawInitializationVector": null,
  "RawHeader": "eyJhbGciOiJIUzI1NiIsInR5cCI6IkpXVCJ9",
  "RawPayload": "eyJhdWQiOiJ3eGFwcGxldCIsImlzcyI6Ill1ZWJvblRlYWNoIiwibmFtZSI6ImNxaW53biIsImlkIjoiMjAxOTA5MDYyMzIyMjA3MTQyMjQ2OCIsInJvbGUiOiIyMDE5MDkxNzIxMDUzMzQyODcxMzMyIiwic3ViIjoicGFzc3dvcmQiLCJuYmYiOjE1NzQzMTg4NDIsImV4cCI6MTU3NDMyNjA0MiwiaWF0IjoxNTc0MzE4ODQyfQ",
  "RawSignature": "VqelakbGoHR2xELSjW89ge-5Ts_mTPwyMQBv-P19yWA",
  "SecurityKey": null,
  "SignatureAlgorithm": "HS256",
  "SigningCredentials": null,
  "EncryptingCredentials": null,
  "SigningKey": null,
  "Subject": "password",
  "ValidFrom": "2019-11-21 06:47:22",
  "ValidTo": "2019-11-21 08:47:22"
}
[14:47:25] (Yuebon.AspNetCore.Mvc.TokenProvider) 方法名称：ValidateToken
日志内容：eyJhbGciOiJIUzI1NiIsInR5cCI6IkpXVCJ9.eyJhdWQiOiJ3eGFwcGxldCIsImlzcyI6Ill1ZWJvblRlYWNoIiwibmFtZSI6ImNxaW53biIsImlkIjoiMjAxOTA5MDYyMzIyMjA3MTQyMjQ2OCIsInJvbGUiOiIyMDE5MDkxNzIxMDUzMzQyODcxMzMyIiwic3ViIjoicGFzc3dvcmQiLCJuYmYiOjE1NzQzMTg4NDIsImV4cCI6MTU3NDMyNjA0MiwiaWF0IjoxNTc0MzE4ODQyfQ.VqelakbGoHR2xELSjW89ge-5Ts_mTPwyMQBv-P19yWA
[14:47:25] (Yuebon.AspNetCore.Mvc.TokenProvider) 方法名称：ValidateToken
日志内容：eyJhbGciOiJIUzI1NiIsInR5cCI6IkpXVCJ9.eyJhdWQiOiJ3eGFwcGxldCIsImlzcyI6Ill1ZWJvblRlYWNoIiwibmFtZSI6ImNxaW53biIsImlkIjoiMjAxOTA5MDYyMzIyMjA3MTQyMjQ2OCIsInJvbGUiOiIyMDE5MDkxNzIxMDUzMzQyODcxMzMyIiwic3ViIjoicGFzc3dvcmQiLCJuYmYiOjE1NzQzMTg4NDIsImV4cCI6MTU3NDMyNjA0MiwiaWF0IjoxNTc0MzE4ODQyfQ.VqelakbGoHR2xELSjW89ge-5Ts_mTPwyMQBv-P19yWA
[14:47:25] (Yuebon.AspNetCore.Mvc.TokenProvider) 方法名称：ValidateToken
日志内容：{
  "Actor": null,
  "Audiences": [
    "wxapplet"
  ],
  "Claims": [
    {
      "Issuer": "YuebonTeach",
      "OriginalIssuer": "YuebonTeach",
      "Properties": {},
      "Subject": null,
      "Type": "aud",
      "Value": "wxapplet",
      "ValueType": "http://www.w3.org/2001/XMLSchema#string"
    },
    {
      "Issuer": "YuebonTeach",
      "OriginalIssuer": "YuebonTeach",
      "Properties": {},
      "Subject": null,
      "Type": "iss",
      "Value": "YuebonTeach",
      "ValueType": "http://www.w3.org/2001/XMLSchema#string"
    },
    {
      "Issuer": "YuebonTeach",
      "OriginalIssuer": "YuebonTeach",
      "Properties": {},
      "Subject": null,
      "Type": "name",
      "Value": "cqinwn",
      "ValueType": "http://www.w3.org/2001/XMLSchema#string"
    },
    {
      "Issuer": "YuebonTeach",
      "OriginalIssuer": "YuebonTeach",
      "Properties": {},
      "Subject": null,
      "Type": "id",
      "Value": "2019090623222071422468",
      "ValueType": "http://www.w3.org/2001/XMLSchema#string"
    },
    {
      "Issuer": "YuebonTeach",
      "OriginalIssuer": "YuebonTeach",
      "Properties": {},
      "Subject": null,
      "Type": "role",
      "Value": "2019091721053342871332",
      "ValueType": "http://www.w3.org/2001/XMLSchema#string"
    },
    {
      "Issuer": "YuebonTeach",
      "OriginalIssuer": "YuebonTeach",
      "Properties": {},
      "Subject": null,
      "Type": "sub",
      "Value": "password",
      "ValueType": "http://www.w3.org/2001/XMLSchema#string"
    },
    {
      "Issuer": "YuebonTeach",
      "OriginalIssuer": "YuebonTeach",
      "Properties": {},
      "Subject": null,
      "Type": "nbf",
      "Value": "1574318842",
      "ValueType": "http://www.w3.org/2001/XMLSchema#integer"
    },
    {
      "Issuer": "YuebonTeach",
      "OriginalIssuer": "YuebonTeach",
      "Properties": {},
      "Subject": null,
      "Type": "exp",
      "Value": "1574326042",
      "ValueType": "http://www.w3.org/2001/XMLSchema#integer"
    },
    {
      "Issuer": "YuebonTeach",
      "OriginalIssuer": "YuebonTeach",
      "Properties": {},
      "Subject": null,
      "Type": "iat",
      "Value": "1574318842",
      "ValueType": "http://www.w3.org/2001/XMLSchema#integer"
    }
  ],
  "EncodedHeader": "eyJhbGciOiJIUzI1NiIsInR5cCI6IkpXVCJ9",
  "EncodedPayload": "eyJhdWQiOiJ3eGFwcGxldCIsImlzcyI6Ill1ZWJvblRlYWNoIiwibmFtZSI6ImNxaW53biIsImlkIjoiMjAxOTA5MDYyMzIyMjA3MTQyMjQ2OCIsInJvbGUiOiIyMDE5MDkxNzIxMDUzMzQyODcxMzMyIiwic3ViIjoicGFzc3dvcmQiLCJuYmYiOjE1NzQzMTg4NDIsImV4cCI6MTU3NDMyNjA0MiwiaWF0IjoxNTc0MzE4ODQyfQ",
  "Header": {
    "alg": "HS256",
    "typ": "JWT"
  },
  "Id": null,
  "Issuer": "YuebonTeach",
  "Payload": {
    "aud": "wxapplet",
    "iss": "YuebonTeach",
    "name": "cqinwn",
    "id": "2019090623222071422468",
    "role": "2019091721053342871332",
    "sub": "password",
    "nbf": 1574318842,
    "exp": 1574326042,
    "iat": 1574318842
  },
  "InnerToken": null,
  "RawAuthenticationTag": null,
  "RawCiphertext": null,
  "RawData": "eyJhbGciOiJIUzI1NiIsInR5cCI6IkpXVCJ9.eyJhdWQiOiJ3eGFwcGxldCIsImlzcyI6Ill1ZWJvblRlYWNoIiwibmFtZSI6ImNxaW53biIsImlkIjoiMjAxOTA5MDYyMzIyMjA3MTQyMjQ2OCIsInJvbGUiOiIyMDE5MDkxNzIxMDUzMzQyODcxMzMyIiwic3ViIjoicGFzc3dvcmQiLCJuYmYiOjE1NzQzMTg4NDIsImV4cCI6MTU3NDMyNjA0MiwiaWF0IjoxNTc0MzE4ODQyfQ.VqelakbGoHR2xELSjW89ge-5Ts_mTPwyMQBv-P19yWA",
  "RawEncryptedKey": null,
  "RawInitializationVector": null,
  "RawHeader": "eyJhbGciOiJIUzI1NiIsInR5cCI6IkpXVCJ9",
  "RawPayload": "eyJhdWQiOiJ3eGFwcGxldCIsImlzcyI6Ill1ZWJvblRlYWNoIiwibmFtZSI6ImNxaW53biIsImlkIjoiMjAxOTA5MDYyMzIyMjA3MTQyMjQ2OCIsInJvbGUiOiIyMDE5MDkxNzIxMDUzMzQyODcxMzMyIiwic3ViIjoicGFzc3dvcmQiLCJuYmYiOjE1NzQzMTg4NDIsImV4cCI6MTU3NDMyNjA0MiwiaWF0IjoxNTc0MzE4ODQyfQ",
  "RawSignature": "VqelakbGoHR2xELSjW89ge-5Ts_mTPwyMQBv-P19yWA",
  "SecurityKey": null,
  "SignatureAlgorithm": "HS256",
  "SigningCredentials": null,
  "EncryptingCredentials": null,
  "SigningKey": null,
  "Subject": "password",
  "ValidFrom": "2019-11-21 06:47:22",
  "ValidTo": "2019-11-21 08:47:22"
}
[14:47:25] (Yuebon.AspNetCore.Mvc.TokenProvider) 方法名称：ValidateToken
日志内容：{
  "Actor": null,
  "Audiences": [
    "wxapplet"
  ],
  "Claims": [
    {
      "Issuer": "YuebonTeach",
      "OriginalIssuer": "YuebonTeach",
      "Properties": {},
      "Subject": null,
      "Type": "aud",
      "Value": "wxapplet",
      "ValueType": "http://www.w3.org/2001/XMLSchema#string"
    },
    {
      "Issuer": "YuebonTeach",
      "OriginalIssuer": "YuebonTeach",
      "Properties": {},
      "Subject": null,
      "Type": "iss",
      "Value": "YuebonTeach",
      "ValueType": "http://www.w3.org/2001/XMLSchema#string"
    },
    {
      "Issuer": "YuebonTeach",
      "OriginalIssuer": "YuebonTeach",
      "Properties": {},
      "Subject": null,
      "Type": "name",
      "Value": "cqinwn",
      "ValueType": "http://www.w3.org/2001/XMLSchema#string"
    },
    {
      "Issuer": "YuebonTeach",
      "OriginalIssuer": "YuebonTeach",
      "Properties": {},
      "Subject": null,
      "Type": "id",
      "Value": "2019090623222071422468",
      "ValueType": "http://www.w3.org/2001/XMLSchema#string"
    },
    {
      "Issuer": "YuebonTeach",
      "OriginalIssuer": "YuebonTeach",
      "Properties": {},
      "Subject": null,
      "Type": "role",
      "Value": "2019091721053342871332",
      "ValueType": "http://www.w3.org/2001/XMLSchema#string"
    },
    {
      "Issuer": "YuebonTeach",
      "OriginalIssuer": "YuebonTeach",
      "Properties": {},
      "Subject": null,
      "Type": "sub",
      "Value": "password",
      "ValueType": "http://www.w3.org/2001/XMLSchema#string"
    },
    {
      "Issuer": "YuebonTeach",
      "OriginalIssuer": "YuebonTeach",
      "Properties": {},
      "Subject": null,
      "Type": "nbf",
      "Value": "1574318842",
      "ValueType": "http://www.w3.org/2001/XMLSchema#integer"
    },
    {
      "Issuer": "YuebonTeach",
      "OriginalIssuer": "YuebonTeach",
      "Properties": {},
      "Subject": null,
      "Type": "exp",
      "Value": "1574326042",
      "ValueType": "http://www.w3.org/2001/XMLSchema#integer"
    },
    {
      "Issuer": "YuebonTeach",
      "OriginalIssuer": "YuebonTeach",
      "Properties": {},
      "Subject": null,
      "Type": "iat",
      "Value": "1574318842",
      "ValueType": "http://www.w3.org/2001/XMLSchema#integer"
    }
  ],
  "EncodedHeader": "eyJhbGciOiJIUzI1NiIsInR5cCI6IkpXVCJ9",
  "EncodedPayload": "eyJhdWQiOiJ3eGFwcGxldCIsImlzcyI6Ill1ZWJvblRlYWNoIiwibmFtZSI6ImNxaW53biIsImlkIjoiMjAxOTA5MDYyMzIyMjA3MTQyMjQ2OCIsInJvbGUiOiIyMDE5MDkxNzIxMDUzMzQyODcxMzMyIiwic3ViIjoicGFzc3dvcmQiLCJuYmYiOjE1NzQzMTg4NDIsImV4cCI6MTU3NDMyNjA0MiwiaWF0IjoxNTc0MzE4ODQyfQ",
  "Header": {
    "alg": "HS256",
    "typ": "JWT"
  },
  "Id": null,
  "Issuer": "YuebonTeach",
  "Payload": {
    "aud": "wxapplet",
    "iss": "YuebonTeach",
    "name": "cqinwn",
    "id": "2019090623222071422468",
    "role": "2019091721053342871332",
    "sub": "password",
    "nbf": 1574318842,
    "exp": 1574326042,
    "iat": 1574318842
  },
  "InnerToken": null,
  "RawAuthenticationTag": null,
  "RawCiphertext": null,
  "RawData": "eyJhbGciOiJIUzI1NiIsInR5cCI6IkpXVCJ9.eyJhdWQiOiJ3eGFwcGxldCIsImlzcyI6Ill1ZWJvblRlYWNoIiwibmFtZSI6ImNxaW53biIsImlkIjoiMjAxOTA5MDYyMzIyMjA3MTQyMjQ2OCIsInJvbGUiOiIyMDE5MDkxNzIxMDUzMzQyODcxMzMyIiwic3ViIjoicGFzc3dvcmQiLCJuYmYiOjE1NzQzMTg4NDIsImV4cCI6MTU3NDMyNjA0MiwiaWF0IjoxNTc0MzE4ODQyfQ.VqelakbGoHR2xELSjW89ge-5Ts_mTPwyMQBv-P19yWA",
  "RawEncryptedKey": null,
  "RawInitializationVector": null,
  "RawHeader": "eyJhbGciOiJIUzI1NiIsInR5cCI6IkpXVCJ9",
  "RawPayload": "eyJhdWQiOiJ3eGFwcGxldCIsImlzcyI6Ill1ZWJvblRlYWNoIiwibmFtZSI6ImNxaW53biIsImlkIjoiMjAxOTA5MDYyMzIyMjA3MTQyMjQ2OCIsInJvbGUiOiIyMDE5MDkxNzIxMDUzMzQyODcxMzMyIiwic3ViIjoicGFzc3dvcmQiLCJuYmYiOjE1NzQzMTg4NDIsImV4cCI6MTU3NDMyNjA0MiwiaWF0IjoxNTc0MzE4ODQyfQ",
  "RawSignature": "VqelakbGoHR2xELSjW89ge-5Ts_mTPwyMQBv-P19yWA",
  "SecurityKey": null,
  "SignatureAlgorithm": "HS256",
  "SigningCredentials": null,
  "EncryptingCredentials": null,
  "SigningKey": null,
  "Subject": "password",
  "ValidFrom": "2019-11-21 06:47:22",
  "ValidTo": "2019-11-21 08:47:22"
}
[14:47:25] (Yuebon.AspNetCore.Mvc.TokenProvider) 方法名称：ValidateToken
日志内容：eyJhbGciOiJIUzI1NiIsInR5cCI6IkpXVCJ9.eyJhdWQiOiJ3eGFwcGxldCIsImlzcyI6Ill1ZWJvblRlYWNoIiwibmFtZSI6ImNxaW53biIsImlkIjoiMjAxOTA5MDYyMzIyMjA3MTQyMjQ2OCIsInJvbGUiOiIyMDE5MDkxNzIxMDUzMzQyODcxMzMyIiwic3ViIjoicGFzc3dvcmQiLCJuYmYiOjE1NzQzMTg4NDIsImV4cCI6MTU3NDMyNjA0MiwiaWF0IjoxNTc0MzE4ODQyfQ.VqelakbGoHR2xELSjW89ge-5Ts_mTPwyMQBv-P19yWA
[14:47:25] (Yuebon.AspNetCore.Mvc.TokenProvider) 方法名称：ValidateToken
日志内容：eyJhbGciOiJIUzI1NiIsInR5cCI6IkpXVCJ9.eyJhdWQiOiJ3eGFwcGxldCIsImlzcyI6Ill1ZWJvblRlYWNoIiwibmFtZSI6ImNxaW53biIsImlkIjoiMjAxOTA5MDYyMzIyMjA3MTQyMjQ2OCIsInJvbGUiOiIyMDE5MDkxNzIxMDUzMzQyODcxMzMyIiwic3ViIjoicGFzc3dvcmQiLCJuYmYiOjE1NzQzMTg4NDIsImV4cCI6MTU3NDMyNjA0MiwiaWF0IjoxNTc0MzE4ODQyfQ.VqelakbGoHR2xELSjW89ge-5Ts_mTPwyMQBv-P19yWA
[14:47:25] (Yuebon.AspNetCore.Mvc.TokenProvider) 方法名称：ValidateToken
日志内容：eyJhbGciOiJIUzI1NiIsInR5cCI6IkpXVCJ9.eyJhdWQiOiJ3eGFwcGxldCIsImlzcyI6Ill1ZWJvblRlYWNoIiwibmFtZSI6ImNxaW53biIsImlkIjoiMjAxOTA5MDYyMzIyMjA3MTQyMjQ2OCIsInJvbGUiOiIyMDE5MDkxNzIxMDUzMzQyODcxMzMyIiwic3ViIjoicGFzc3dvcmQiLCJuYmYiOjE1NzQzMTg4NDIsImV4cCI6MTU3NDMyNjA0MiwiaWF0IjoxNTc0MzE4ODQyfQ.VqelakbGoHR2xELSjW89ge-5Ts_mTPwyMQBv-P19yWA
[14:47:25] (Yuebon.AspNetCore.Mvc.TokenProvider) 方法名称：ValidateToken
日志内容：eyJhbGciOiJIUzI1NiIsInR5cCI6IkpXVCJ9.eyJhdWQiOiJ3eGFwcGxldCIsImlzcyI6Ill1ZWJvblRlYWNoIiwibmFtZSI6ImNxaW53biIsImlkIjoiMjAxOTA5MDYyMzIyMjA3MTQyMjQ2OCIsInJvbGUiOiIyMDE5MDkxNzIxMDUzMzQyODcxMzMyIiwic3ViIjoicGFzc3dvcmQiLCJuYmYiOjE1NzQzMTg4NDIsImV4cCI6MTU3NDMyNjA0MiwiaWF0IjoxNTc0MzE4ODQyfQ.VqelakbGoHR2xELSjW89ge-5Ts_mTPwyMQBv-P19yWA
[14:47:25] (Yuebon.AspNetCore.Mvc.TokenProvider) 方法名称：ValidateToken
日志内容：{
  "Actor": null,
  "Audiences": [
    "wxapplet"
  ],
  "Claims": [
    {
      "Issuer": "YuebonTeach",
      "OriginalIssuer": "YuebonTeach",
      "Properties": {},
      "Subject": null,
      "Type": "aud",
      "Value": "wxapplet",
      "ValueType": "http://www.w3.org/2001/XMLSchema#string"
    },
    {
      "Issuer": "YuebonTeach",
      "OriginalIssuer": "YuebonTeach",
      "Properties": {},
      "Subject": null,
      "Type": "iss",
      "Value": "YuebonTeach",
      "ValueType": "http://www.w3.org/2001/XMLSchema#string"
    },
    {
      "Issuer": "YuebonTeach",
      "OriginalIssuer": "YuebonTeach",
      "Properties": {},
      "Subject": null,
      "Type": "name",
      "Value": "cqinwn",
      "ValueType": "http://www.w3.org/2001/XMLSchema#string"
    },
    {
      "Issuer": "YuebonTeach",
      "OriginalIssuer": "YuebonTeach",
      "Properties": {},
      "Subject": null,
      "Type": "id",
      "Value": "2019090623222071422468",
      "ValueType": "http://www.w3.org/2001/XMLSchema#string"
    },
    {
      "Issuer": "YuebonTeach",
      "OriginalIssuer": "YuebonTeach",
      "Properties": {},
      "Subject": null,
      "Type": "role",
      "Value": "2019091721053342871332",
      "ValueType": "http://www.w3.org/2001/XMLSchema#string"
    },
    {
      "Issuer": "YuebonTeach",
      "OriginalIssuer": "YuebonTeach",
      "Properties": {},
      "Subject": null,
      "Type": "sub",
      "Value": "password",
      "ValueType": "http://www.w3.org/2001/XMLSchema#string"
    },
    {
      "Issuer": "YuebonTeach",
      "OriginalIssuer": "YuebonTeach",
      "Properties": {},
      "Subject": null,
      "Type": "nbf",
      "Value": "1574318842",
      "ValueType": "http://www.w3.org/2001/XMLSchema#integer"
    },
    {
      "Issuer": "YuebonTeach",
      "OriginalIssuer": "YuebonTeach",
      "Properties": {},
      "Subject": null,
      "Type": "exp",
      "Value": "1574326042",
      "ValueType": "http://www.w3.org/2001/XMLSchema#integer"
    },
    {
      "Issuer": "YuebonTeach",
      "OriginalIssuer": "YuebonTeach",
      "Properties": {},
      "Subject": null,
      "Type": "iat",
      "Value": "1574318842",
      "ValueType": "http://www.w3.org/2001/XMLSchema#integer"
    }
  ],
  "EncodedHeader": "eyJhbGciOiJIUzI1NiIsInR5cCI6IkpXVCJ9",
  "EncodedPayload": "eyJhdWQiOiJ3eGFwcGxldCIsImlzcyI6Ill1ZWJvblRlYWNoIiwibmFtZSI6ImNxaW53biIsImlkIjoiMjAxOTA5MDYyMzIyMjA3MTQyMjQ2OCIsInJvbGUiOiIyMDE5MDkxNzIxMDUzMzQyODcxMzMyIiwic3ViIjoicGFzc3dvcmQiLCJuYmYiOjE1NzQzMTg4NDIsImV4cCI6MTU3NDMyNjA0MiwiaWF0IjoxNTc0MzE4ODQyfQ",
  "Header": {
    "alg": "HS256",
    "typ": "JWT"
  },
  "Id": null,
  "Issuer": "YuebonTeach",
  "Payload": {
    "aud": "wxapplet",
    "iss": "YuebonTeach",
    "name": "cqinwn",
    "id": "2019090623222071422468",
    "role": "2019091721053342871332",
    "sub": "password",
    "nbf": 1574318842,
    "exp": 1574326042,
    "iat": 1574318842
  },
  "InnerToken": null,
  "RawAuthenticationTag": null,
  "RawCiphertext": null,
  "RawData": "eyJhbGciOiJIUzI1NiIsInR5cCI6IkpXVCJ9.eyJhdWQiOiJ3eGFwcGxldCIsImlzcyI6Ill1ZWJvblRlYWNoIiwibmFtZSI6ImNxaW53biIsImlkIjoiMjAxOTA5MDYyMzIyMjA3MTQyMjQ2OCIsInJvbGUiOiIyMDE5MDkxNzIxMDUzMzQyODcxMzMyIiwic3ViIjoicGFzc3dvcmQiLCJuYmYiOjE1NzQzMTg4NDIsImV4cCI6MTU3NDMyNjA0MiwiaWF0IjoxNTc0MzE4ODQyfQ.VqelakbGoHR2xELSjW89ge-5Ts_mTPwyMQBv-P19yWA",
  "RawEncryptedKey": null,
  "RawInitializationVector": null,
  "RawHeader": "eyJhbGciOiJIUzI1NiIsInR5cCI6IkpXVCJ9",
  "RawPayload": "eyJhdWQiOiJ3eGFwcGxldCIsImlzcyI6Ill1ZWJvblRlYWNoIiwibmFtZSI6ImNxaW53biIsImlkIjoiMjAxOTA5MDYyMzIyMjA3MTQyMjQ2OCIsInJvbGUiOiIyMDE5MDkxNzIxMDUzMzQyODcxMzMyIiwic3ViIjoicGFzc3dvcmQiLCJuYmYiOjE1NzQzMTg4NDIsImV4cCI6MTU3NDMyNjA0MiwiaWF0IjoxNTc0MzE4ODQyfQ",
  "RawSignature": "VqelakbGoHR2xELSjW89ge-5Ts_mTPwyMQBv-P19yWA",
  "SecurityKey": null,
  "SignatureAlgorithm": "HS256",
  "SigningCredentials": null,
  "EncryptingCredentials": null,
  "SigningKey": null,
  "Subject": "password",
  "ValidFrom": "2019-11-21 06:47:22",
  "ValidTo": "2019-11-21 08:47:22"
}
[14:47:25] (Yuebon.AspNetCore.Mvc.TokenProvider) 方法名称：ValidateToken
日志内容：{
  "Actor": null,
  "Audiences": [
    "wxapplet"
  ],
  "Claims": [
    {
      "Issuer": "YuebonTeach",
      "OriginalIssuer": "YuebonTeach",
      "Properties": {},
      "Subject": null,
      "Type": "aud",
      "Value": "wxapplet",
      "ValueType": "http://www.w3.org/2001/XMLSchema#string"
    },
    {
      "Issuer": "YuebonTeach",
      "OriginalIssuer": "YuebonTeach",
      "Properties": {},
      "Subject": null,
      "Type": "iss",
      "Value": "YuebonTeach",
      "ValueType": "http://www.w3.org/2001/XMLSchema#string"
    },
    {
      "Issuer": "YuebonTeach",
      "OriginalIssuer": "YuebonTeach",
      "Properties": {},
      "Subject": null,
      "Type": "name",
      "Value": "cqinwn",
      "ValueType": "http://www.w3.org/2001/XMLSchema#string"
    },
    {
      "Issuer": "YuebonTeach",
      "OriginalIssuer": "YuebonTeach",
      "Properties": {},
      "Subject": null,
      "Type": "id",
      "Value": "2019090623222071422468",
      "ValueType": "http://www.w3.org/2001/XMLSchema#string"
    },
    {
      "Issuer": "YuebonTeach",
      "OriginalIssuer": "YuebonTeach",
      "Properties": {},
      "Subject": null,
      "Type": "role",
      "Value": "2019091721053342871332",
      "ValueType": "http://www.w3.org/2001/XMLSchema#string"
    },
    {
      "Issuer": "YuebonTeach",
      "OriginalIssuer": "YuebonTeach",
      "Properties": {},
      "Subject": null,
      "Type": "sub",
      "Value": "password",
      "ValueType": "http://www.w3.org/2001/XMLSchema#string"
    },
    {
      "Issuer": "YuebonTeach",
      "OriginalIssuer": "YuebonTeach",
      "Properties": {},
      "Subject": null,
      "Type": "nbf",
      "Value": "1574318842",
      "ValueType": "http://www.w3.org/2001/XMLSchema#integer"
    },
    {
      "Issuer": "YuebonTeach",
      "OriginalIssuer": "YuebonTeach",
      "Properties": {},
      "Subject": null,
      "Type": "exp",
      "Value": "1574326042",
      "ValueType": "http://www.w3.org/2001/XMLSchema#integer"
    },
    {
      "Issuer": "YuebonTeach",
      "OriginalIssuer": "YuebonTeach",
      "Properties": {},
      "Subject": null,
      "Type": "iat",
      "Value": "1574318842",
      "ValueType": "http://www.w3.org/2001/XMLSchema#integer"
    }
  ],
  "EncodedHeader": "eyJhbGciOiJIUzI1NiIsInR5cCI6IkpXVCJ9",
  "EncodedPayload": "eyJhdWQiOiJ3eGFwcGxldCIsImlzcyI6Ill1ZWJvblRlYWNoIiwibmFtZSI6ImNxaW53biIsImlkIjoiMjAxOTA5MDYyMzIyMjA3MTQyMjQ2OCIsInJvbGUiOiIyMDE5MDkxNzIxMDUzMzQyODcxMzMyIiwic3ViIjoicGFzc3dvcmQiLCJuYmYiOjE1NzQzMTg4NDIsImV4cCI6MTU3NDMyNjA0MiwiaWF0IjoxNTc0MzE4ODQyfQ",
  "Header": {
    "alg": "HS256",
    "typ": "JWT"
  },
  "Id": null,
  "Issuer": "YuebonTeach",
  "Payload": {
    "aud": "wxapplet",
    "iss": "YuebonTeach",
    "name": "cqinwn",
    "id": "2019090623222071422468",
    "role": "2019091721053342871332",
    "sub": "password",
    "nbf": 1574318842,
    "exp": 1574326042,
    "iat": 1574318842
  },
  "InnerToken": null,
  "RawAuthenticationTag": null,
  "RawCiphertext": null,
  "RawData": "eyJhbGciOiJIUzI1NiIsInR5cCI6IkpXVCJ9.eyJhdWQiOiJ3eGFwcGxldCIsImlzcyI6Ill1ZWJvblRlYWNoIiwibmFtZSI6ImNxaW53biIsImlkIjoiMjAxOTA5MDYyMzIyMjA3MTQyMjQ2OCIsInJvbGUiOiIyMDE5MDkxNzIxMDUzMzQyODcxMzMyIiwic3ViIjoicGFzc3dvcmQiLCJuYmYiOjE1NzQzMTg4NDIsImV4cCI6MTU3NDMyNjA0MiwiaWF0IjoxNTc0MzE4ODQyfQ.VqelakbGoHR2xELSjW89ge-5Ts_mTPwyMQBv-P19yWA",
  "RawEncryptedKey": null,
  "RawInitializationVector": null,
  "RawHeader": "eyJhbGciOiJIUzI1NiIsInR5cCI6IkpXVCJ9",
  "RawPayload": "eyJhdWQiOiJ3eGFwcGxldCIsImlzcyI6Ill1ZWJvblRlYWNoIiwibmFtZSI6ImNxaW53biIsImlkIjoiMjAxOTA5MDYyMzIyMjA3MTQyMjQ2OCIsInJvbGUiOiIyMDE5MDkxNzIxMDUzMzQyODcxMzMyIiwic3ViIjoicGFzc3dvcmQiLCJuYmYiOjE1NzQzMTg4NDIsImV4cCI6MTU3NDMyNjA0MiwiaWF0IjoxNTc0MzE4ODQyfQ",
  "RawSignature": "VqelakbGoHR2xELSjW89ge-5Ts_mTPwyMQBv-P19yWA",
  "SecurityKey": null,
  "SignatureAlgorithm": "HS256",
  "SigningCredentials": null,
  "EncryptingCredentials": null,
  "SigningKey": null,
  "Subject": "password",
  "ValidFrom": "2019-11-21 06:47:22",
  "ValidTo": "2019-11-21 08:47:22"
}
[14:47:25] (Yuebon.AspNetCore.Mvc.TokenProvider) 方法名称：ValidateToken
日志内容：{
  "Actor": null,
  "Audiences": [
    "wxapplet"
  ],
  "Claims": [
    {
      "Issuer": "YuebonTeach",
      "OriginalIssuer": "YuebonTeach",
      "Properties": {},
      "Subject": null,
      "Type": "aud",
      "Value": "wxapplet",
      "ValueType": "http://www.w3.org/2001/XMLSchema#string"
    },
    {
      "Issuer": "YuebonTeach",
      "OriginalIssuer": "YuebonTeach",
      "Properties": {},
      "Subject": null,
      "Type": "iss",
      "Value": "YuebonTeach",
      "ValueType": "http://www.w3.org/2001/XMLSchema#string"
    },
    {
      "Issuer": "YuebonTeach",
      "OriginalIssuer": "YuebonTeach",
      "Properties": {},
      "Subject": null,
      "Type": "name",
      "Value": "cqinwn",
      "ValueType": "http://www.w3.org/2001/XMLSchema#string"
    },
    {
      "Issuer": "YuebonTeach",
      "OriginalIssuer": "YuebonTeach",
      "Properties": {},
      "Subject": null,
      "Type": "id",
      "Value": "2019090623222071422468",
      "ValueType": "http://www.w3.org/2001/XMLSchema#string"
    },
    {
      "Issuer": "YuebonTeach",
      "OriginalIssuer": "YuebonTeach",
      "Properties": {},
      "Subject": null,
      "Type": "role",
      "Value": "2019091721053342871332",
      "ValueType": "http://www.w3.org/2001/XMLSchema#string"
    },
    {
      "Issuer": "YuebonTeach",
      "OriginalIssuer": "YuebonTeach",
      "Properties": {},
      "Subject": null,
      "Type": "sub",
      "Value": "password",
      "ValueType": "http://www.w3.org/2001/XMLSchema#string"
    },
    {
      "Issuer": "YuebonTeach",
      "OriginalIssuer": "YuebonTeach",
      "Properties": {},
      "Subject": null,
      "Type": "nbf",
      "Value": "1574318842",
      "ValueType": "http://www.w3.org/2001/XMLSchema#integer"
    },
    {
      "Issuer": "YuebonTeach",
      "OriginalIssuer": "YuebonTeach",
      "Properties": {},
      "Subject": null,
      "Type": "exp",
      "Value": "1574326042",
      "ValueType": "http://www.w3.org/2001/XMLSchema#integer"
    },
    {
      "Issuer": "YuebonTeach",
      "OriginalIssuer": "YuebonTeach",
      "Properties": {},
      "Subject": null,
      "Type": "iat",
      "Value": "1574318842",
      "ValueType": "http://www.w3.org/2001/XMLSchema#integer"
    }
  ],
  "EncodedHeader": "eyJhbGciOiJIUzI1NiIsInR5cCI6IkpXVCJ9",
  "EncodedPayload": "eyJhdWQiOiJ3eGFwcGxldCIsImlzcyI6Ill1ZWJvblRlYWNoIiwibmFtZSI6ImNxaW53biIsImlkIjoiMjAxOTA5MDYyMzIyMjA3MTQyMjQ2OCIsInJvbGUiOiIyMDE5MDkxNzIxMDUzMzQyODcxMzMyIiwic3ViIjoicGFzc3dvcmQiLCJuYmYiOjE1NzQzMTg4NDIsImV4cCI6MTU3NDMyNjA0MiwiaWF0IjoxNTc0MzE4ODQyfQ",
  "Header": {
    "alg": "HS256",
    "typ": "JWT"
  },
  "Id": null,
  "Issuer": "YuebonTeach",
  "Payload": {
    "aud": "wxapplet",
    "iss": "YuebonTeach",
    "name": "cqinwn",
    "id": "2019090623222071422468",
    "role": "2019091721053342871332",
    "sub": "password",
    "nbf": 1574318842,
    "exp": 1574326042,
    "iat": 1574318842
  },
  "InnerToken": null,
  "RawAuthenticationTag": null,
  "RawCiphertext": null,
  "RawData": "eyJhbGciOiJIUzI1NiIsInR5cCI6IkpXVCJ9.eyJhdWQiOiJ3eGFwcGxldCIsImlzcyI6Ill1ZWJvblRlYWNoIiwibmFtZSI6ImNxaW53biIsImlkIjoiMjAxOTA5MDYyMzIyMjA3MTQyMjQ2OCIsInJvbGUiOiIyMDE5MDkxNzIxMDUzMzQyODcxMzMyIiwic3ViIjoicGFzc3dvcmQiLCJuYmYiOjE1NzQzMTg4NDIsImV4cCI6MTU3NDMyNjA0MiwiaWF0IjoxNTc0MzE4ODQyfQ.VqelakbGoHR2xELSjW89ge-5Ts_mTPwyMQBv-P19yWA",
  "RawEncryptedKey": null,
  "RawInitializationVector": null,
  "RawHeader": "eyJhbGciOiJIUzI1NiIsInR5cCI6IkpXVCJ9",
  "RawPayload": "eyJhdWQiOiJ3eGFwcGxldCIsImlzcyI6Ill1ZWJvblRlYWNoIiwibmFtZSI6ImNxaW53biIsImlkIjoiMjAxOTA5MDYyMzIyMjA3MTQyMjQ2OCIsInJvbGUiOiIyMDE5MDkxNzIxMDUzMzQyODcxMzMyIiwic3ViIjoicGFzc3dvcmQiLCJuYmYiOjE1NzQzMTg4NDIsImV4cCI6MTU3NDMyNjA0MiwiaWF0IjoxNTc0MzE4ODQyfQ",
  "RawSignature": "VqelakbGoHR2xELSjW89ge-5Ts_mTPwyMQBv-P19yWA",
  "SecurityKey": null,
  "SignatureAlgorithm": "HS256",
  "SigningCredentials": null,
  "EncryptingCredentials": null,
  "SigningKey": null,
  "Subject": "password",
  "ValidFrom": "2019-11-21 06:47:22",
  "ValidTo": "2019-11-21 08:47:22"
}
[14:47:25] (Yuebon.AspNetCore.Mvc.TokenProvider) 方法名称：ValidateToken
日志内容：{
  "Actor": null,
  "Audiences": [
    "wxapplet"
  ],
  "Claims": [
    {
      "Issuer": "YuebonTeach",
      "OriginalIssuer": "YuebonTeach",
      "Properties": {},
      "Subject": null,
      "Type": "aud",
      "Value": "wxapplet",
      "ValueType": "http://www.w3.org/2001/XMLSchema#string"
    },
    {
      "Issuer": "YuebonTeach",
      "OriginalIssuer": "YuebonTeach",
      "Properties": {},
      "Subject": null,
      "Type": "iss",
      "Value": "YuebonTeach",
      "ValueType": "http://www.w3.org/2001/XMLSchema#string"
    },
    {
      "Issuer": "YuebonTeach",
      "OriginalIssuer": "YuebonTeach",
      "Properties": {},
      "Subject": null,
      "Type": "name",
      "Value": "cqinwn",
      "ValueType": "http://www.w3.org/2001/XMLSchema#string"
    },
    {
      "Issuer": "YuebonTeach",
      "OriginalIssuer": "YuebonTeach",
      "Properties": {},
      "Subject": null,
      "Type": "id",
      "Value": "2019090623222071422468",
      "ValueType": "http://www.w3.org/2001/XMLSchema#string"
    },
    {
      "Issuer": "YuebonTeach",
      "OriginalIssuer": "YuebonTeach",
      "Properties": {},
      "Subject": null,
      "Type": "role",
      "Value": "2019091721053342871332",
      "ValueType": "http://www.w3.org/2001/XMLSchema#string"
    },
    {
      "Issuer": "YuebonTeach",
      "OriginalIssuer": "YuebonTeach",
      "Properties": {},
      "Subject": null,
      "Type": "sub",
      "Value": "password",
      "ValueType": "http://www.w3.org/2001/XMLSchema#string"
    },
    {
      "Issuer": "YuebonTeach",
      "OriginalIssuer": "YuebonTeach",
      "Properties": {},
      "Subject": null,
      "Type": "nbf",
      "Value": "1574318842",
      "ValueType": "http://www.w3.org/2001/XMLSchema#integer"
    },
    {
      "Issuer": "YuebonTeach",
      "OriginalIssuer": "YuebonTeach",
      "Properties": {},
      "Subject": null,
      "Type": "exp",
      "Value": "1574326042",
      "ValueType": "http://www.w3.org/2001/XMLSchema#integer"
    },
    {
      "Issuer": "YuebonTeach",
      "OriginalIssuer": "YuebonTeach",
      "Properties": {},
      "Subject": null,
      "Type": "iat",
      "Value": "1574318842",
      "ValueType": "http://www.w3.org/2001/XMLSchema#integer"
    }
  ],
  "EncodedHeader": "eyJhbGciOiJIUzI1NiIsInR5cCI6IkpXVCJ9",
  "EncodedPayload": "eyJhdWQiOiJ3eGFwcGxldCIsImlzcyI6Ill1ZWJvblRlYWNoIiwibmFtZSI6ImNxaW53biIsImlkIjoiMjAxOTA5MDYyMzIyMjA3MTQyMjQ2OCIsInJvbGUiOiIyMDE5MDkxNzIxMDUzMzQyODcxMzMyIiwic3ViIjoicGFzc3dvcmQiLCJuYmYiOjE1NzQzMTg4NDIsImV4cCI6MTU3NDMyNjA0MiwiaWF0IjoxNTc0MzE4ODQyfQ",
  "Header": {
    "alg": "HS256",
    "typ": "JWT"
  },
  "Id": null,
  "Issuer": "YuebonTeach",
  "Payload": {
    "aud": "wxapplet",
    "iss": "YuebonTeach",
    "name": "cqinwn",
    "id": "2019090623222071422468",
    "role": "2019091721053342871332",
    "sub": "password",
    "nbf": 1574318842,
    "exp": 1574326042,
    "iat": 1574318842
  },
  "InnerToken": null,
  "RawAuthenticationTag": null,
  "RawCiphertext": null,
  "RawData": "eyJhbGciOiJIUzI1NiIsInR5cCI6IkpXVCJ9.eyJhdWQiOiJ3eGFwcGxldCIsImlzcyI6Ill1ZWJvblRlYWNoIiwibmFtZSI6ImNxaW53biIsImlkIjoiMjAxOTA5MDYyMzIyMjA3MTQyMjQ2OCIsInJvbGUiOiIyMDE5MDkxNzIxMDUzMzQyODcxMzMyIiwic3ViIjoicGFzc3dvcmQiLCJuYmYiOjE1NzQzMTg4NDIsImV4cCI6MTU3NDMyNjA0MiwiaWF0IjoxNTc0MzE4ODQyfQ.VqelakbGoHR2xELSjW89ge-5Ts_mTPwyMQBv-P19yWA",
  "RawEncryptedKey": null,
  "RawInitializationVector": null,
  "RawHeader": "eyJhbGciOiJIUzI1NiIsInR5cCI6IkpXVCJ9",
  "RawPayload": "eyJhdWQiOiJ3eGFwcGxldCIsImlzcyI6Ill1ZWJvblRlYWNoIiwibmFtZSI6ImNxaW53biIsImlkIjoiMjAxOTA5MDYyMzIyMjA3MTQyMjQ2OCIsInJvbGUiOiIyMDE5MDkxNzIxMDUzMzQyODcxMzMyIiwic3ViIjoicGFzc3dvcmQiLCJuYmYiOjE1NzQzMTg4NDIsImV4cCI6MTU3NDMyNjA0MiwiaWF0IjoxNTc0MzE4ODQyfQ",
  "RawSignature": "VqelakbGoHR2xELSjW89ge-5Ts_mTPwyMQBv-P19yWA",
  "SecurityKey": null,
  "SignatureAlgorithm": "HS256",
  "SigningCredentials": null,
  "EncryptingCredentials": null,
  "SigningKey": null,
  "Subject": "password",
  "ValidFrom": "2019-11-21 06:47:22",
  "ValidTo": "2019-11-21 08:47:22"
}
[14:47:51] (Yuebon.AspNetCore.Mvc.TokenProvider) 方法名称：ValidateToken
日志内容：eyJhbGciOiJIUzI1NiIsInR5cCI6IkpXVCJ9.eyJhdWQiOiJ3eGFwcGxldCIsImlzcyI6Ill1ZWJvblRlYWNoIiwibmFtZSI6ImNxaW53biIsImlkIjoiMjAxOTA5MDYyMzIyMjA3MTQyMjQ2OCIsInJvbGUiOiIyMDE5MDkxNzIxMDUzMzQyODcxMzMyIiwic3ViIjoicGFzc3dvcmQiLCJuYmYiOjE1NzQzMTg4NDIsImV4cCI6MTU3NDMyNjA0MiwiaWF0IjoxNTc0MzE4ODQyfQ.VqelakbGoHR2xELSjW89ge-5Ts_mTPwyMQBv-P19yWA
[14:47:51] (Yuebon.AspNetCore.Mvc.TokenProvider) 方法名称：ValidateToken
日志内容：eyJhbGciOiJIUzI1NiIsInR5cCI6IkpXVCJ9.eyJhdWQiOiJ3eGFwcGxldCIsImlzcyI6Ill1ZWJvblRlYWNoIiwibmFtZSI6ImNxaW53biIsImlkIjoiMjAxOTA5MDYyMzIyMjA3MTQyMjQ2OCIsInJvbGUiOiIyMDE5MDkxNzIxMDUzMzQyODcxMzMyIiwic3ViIjoicGFzc3dvcmQiLCJuYmYiOjE1NzQzMTg4NDIsImV4cCI6MTU3NDMyNjA0MiwiaWF0IjoxNTc0MzE4ODQyfQ.VqelakbGoHR2xELSjW89ge-5Ts_mTPwyMQBv-P19yWA
[14:47:51] (Yuebon.AspNetCore.Mvc.TokenProvider) 方法名称：ValidateToken
日志内容：{
  "Actor": null,
  "Audiences": [
    "wxapplet"
  ],
  "Claims": [
    {
      "Issuer": "YuebonTeach",
      "OriginalIssuer": "YuebonTeach",
      "Properties": {},
      "Subject": null,
      "Type": "aud",
      "Value": "wxapplet",
      "ValueType": "http://www.w3.org/2001/XMLSchema#string"
    },
    {
      "Issuer": "YuebonTeach",
      "OriginalIssuer": "YuebonTeach",
      "Properties": {},
      "Subject": null,
      "Type": "iss",
      "Value": "YuebonTeach",
      "ValueType": "http://www.w3.org/2001/XMLSchema#string"
    },
    {
      "Issuer": "YuebonTeach",
      "OriginalIssuer": "YuebonTeach",
      "Properties": {},
      "Subject": null,
      "Type": "name",
      "Value": "cqinwn",
      "ValueType": "http://www.w3.org/2001/XMLSchema#string"
    },
    {
      "Issuer": "YuebonTeach",
      "OriginalIssuer": "YuebonTeach",
      "Properties": {},
      "Subject": null,
      "Type": "id",
      "Value": "2019090623222071422468",
      "ValueType": "http://www.w3.org/2001/XMLSchema#string"
    },
    {
      "Issuer": "YuebonTeach",
      "OriginalIssuer": "YuebonTeach",
      "Properties": {},
      "Subject": null,
      "Type": "role",
      "Value": "2019091721053342871332",
      "ValueType": "http://www.w3.org/2001/XMLSchema#string"
    },
    {
      "Issuer": "YuebonTeach",
      "OriginalIssuer": "YuebonTeach",
      "Properties": {},
      "Subject": null,
      "Type": "sub",
      "Value": "password",
      "ValueType": "http://www.w3.org/2001/XMLSchema#string"
    },
    {
      "Issuer": "YuebonTeach",
      "OriginalIssuer": "YuebonTeach",
      "Properties": {},
      "Subject": null,
      "Type": "nbf",
      "Value": "1574318842",
      "ValueType": "http://www.w3.org/2001/XMLSchema#integer"
    },
    {
      "Issuer": "YuebonTeach",
      "OriginalIssuer": "YuebonTeach",
      "Properties": {},
      "Subject": null,
      "Type": "exp",
      "Value": "1574326042",
      "ValueType": "http://www.w3.org/2001/XMLSchema#integer"
    },
    {
      "Issuer": "YuebonTeach",
      "OriginalIssuer": "YuebonTeach",
      "Properties": {},
      "Subject": null,
      "Type": "iat",
      "Value": "1574318842",
      "ValueType": "http://www.w3.org/2001/XMLSchema#integer"
    }
  ],
  "EncodedHeader": "eyJhbGciOiJIUzI1NiIsInR5cCI6IkpXVCJ9",
  "EncodedPayload": "eyJhdWQiOiJ3eGFwcGxldCIsImlzcyI6Ill1ZWJvblRlYWNoIiwibmFtZSI6ImNxaW53biIsImlkIjoiMjAxOTA5MDYyMzIyMjA3MTQyMjQ2OCIsInJvbGUiOiIyMDE5MDkxNzIxMDUzMzQyODcxMzMyIiwic3ViIjoicGFzc3dvcmQiLCJuYmYiOjE1NzQzMTg4NDIsImV4cCI6MTU3NDMyNjA0MiwiaWF0IjoxNTc0MzE4ODQyfQ",
  "Header": {
    "alg": "HS256",
    "typ": "JWT"
  },
  "Id": null,
  "Issuer": "YuebonTeach",
  "Payload": {
    "aud": "wxapplet",
    "iss": "YuebonTeach",
    "name": "cqinwn",
    "id": "2019090623222071422468",
    "role": "2019091721053342871332",
    "sub": "password",
    "nbf": 1574318842,
    "exp": 1574326042,
    "iat": 1574318842
  },
  "InnerToken": null,
  "RawAuthenticationTag": null,
  "RawCiphertext": null,
  "RawData": "eyJhbGciOiJIUzI1NiIsInR5cCI6IkpXVCJ9.eyJhdWQiOiJ3eGFwcGxldCIsImlzcyI6Ill1ZWJvblRlYWNoIiwibmFtZSI6ImNxaW53biIsImlkIjoiMjAxOTA5MDYyMzIyMjA3MTQyMjQ2OCIsInJvbGUiOiIyMDE5MDkxNzIxMDUzMzQyODcxMzMyIiwic3ViIjoicGFzc3dvcmQiLCJuYmYiOjE1NzQzMTg4NDIsImV4cCI6MTU3NDMyNjA0MiwiaWF0IjoxNTc0MzE4ODQyfQ.VqelakbGoHR2xELSjW89ge-5Ts_mTPwyMQBv-P19yWA",
  "RawEncryptedKey": null,
  "RawInitializationVector": null,
  "RawHeader": "eyJhbGciOiJIUzI1NiIsInR5cCI6IkpXVCJ9",
  "RawPayload": "eyJhdWQiOiJ3eGFwcGxldCIsImlzcyI6Ill1ZWJvblRlYWNoIiwibmFtZSI6ImNxaW53biIsImlkIjoiMjAxOTA5MDYyMzIyMjA3MTQyMjQ2OCIsInJvbGUiOiIyMDE5MDkxNzIxMDUzMzQyODcxMzMyIiwic3ViIjoicGFzc3dvcmQiLCJuYmYiOjE1NzQzMTg4NDIsImV4cCI6MTU3NDMyNjA0MiwiaWF0IjoxNTc0MzE4ODQyfQ",
  "RawSignature": "VqelakbGoHR2xELSjW89ge-5Ts_mTPwyMQBv-P19yWA",
  "SecurityKey": null,
  "SignatureAlgorithm": "HS256",
  "SigningCredentials": null,
  "EncryptingCredentials": null,
  "SigningKey": null,
  "Subject": "password",
  "ValidFrom": "2019-11-21 06:47:22",
  "ValidTo": "2019-11-21 08:47:22"
}
[14:47:51] (Yuebon.AspNetCore.Mvc.TokenProvider) 方法名称：ValidateToken
日志内容：{
  "Actor": null,
  "Audiences": [
    "wxapplet"
  ],
  "Claims": [
    {
      "Issuer": "YuebonTeach",
      "OriginalIssuer": "YuebonTeach",
      "Properties": {},
      "Subject": null,
      "Type": "aud",
      "Value": "wxapplet",
      "ValueType": "http://www.w3.org/2001/XMLSchema#string"
    },
    {
      "Issuer": "YuebonTeach",
      "OriginalIssuer": "YuebonTeach",
      "Properties": {},
      "Subject": null,
      "Type": "iss",
      "Value": "YuebonTeach",
      "ValueType": "http://www.w3.org/2001/XMLSchema#string"
    },
    {
      "Issuer": "YuebonTeach",
      "OriginalIssuer": "YuebonTeach",
      "Properties": {},
      "Subject": null,
      "Type": "name",
      "Value": "cqinwn",
      "ValueType": "http://www.w3.org/2001/XMLSchema#string"
    },
    {
      "Issuer": "YuebonTeach",
      "OriginalIssuer": "YuebonTeach",
      "Properties": {},
      "Subject": null,
      "Type": "id",
      "Value": "2019090623222071422468",
      "ValueType": "http://www.w3.org/2001/XMLSchema#string"
    },
    {
      "Issuer": "YuebonTeach",
      "OriginalIssuer": "YuebonTeach",
      "Properties": {},
      "Subject": null,
      "Type": "role",
      "Value": "2019091721053342871332",
      "ValueType": "http://www.w3.org/2001/XMLSchema#string"
    },
    {
      "Issuer": "YuebonTeach",
      "OriginalIssuer": "YuebonTeach",
      "Properties": {},
      "Subject": null,
      "Type": "sub",
      "Value": "password",
      "ValueType": "http://www.w3.org/2001/XMLSchema#string"
    },
    {
      "Issuer": "YuebonTeach",
      "OriginalIssuer": "YuebonTeach",
      "Properties": {},
      "Subject": null,
      "Type": "nbf",
      "Value": "1574318842",
      "ValueType": "http://www.w3.org/2001/XMLSchema#integer"
    },
    {
      "Issuer": "YuebonTeach",
      "OriginalIssuer": "YuebonTeach",
      "Properties": {},
      "Subject": null,
      "Type": "exp",
      "Value": "1574326042",
      "ValueType": "http://www.w3.org/2001/XMLSchema#integer"
    },
    {
      "Issuer": "YuebonTeach",
      "OriginalIssuer": "YuebonTeach",
      "Properties": {},
      "Subject": null,
      "Type": "iat",
      "Value": "1574318842",
      "ValueType": "http://www.w3.org/2001/XMLSchema#integer"
    }
  ],
  "EncodedHeader": "eyJhbGciOiJIUzI1NiIsInR5cCI6IkpXVCJ9",
  "EncodedPayload": "eyJhdWQiOiJ3eGFwcGxldCIsImlzcyI6Ill1ZWJvblRlYWNoIiwibmFtZSI6ImNxaW53biIsImlkIjoiMjAxOTA5MDYyMzIyMjA3MTQyMjQ2OCIsInJvbGUiOiIyMDE5MDkxNzIxMDUzMzQyODcxMzMyIiwic3ViIjoicGFzc3dvcmQiLCJuYmYiOjE1NzQzMTg4NDIsImV4cCI6MTU3NDMyNjA0MiwiaWF0IjoxNTc0MzE4ODQyfQ",
  "Header": {
    "alg": "HS256",
    "typ": "JWT"
  },
  "Id": null,
  "Issuer": "YuebonTeach",
  "Payload": {
    "aud": "wxapplet",
    "iss": "YuebonTeach",
    "name": "cqinwn",
    "id": "2019090623222071422468",
    "role": "2019091721053342871332",
    "sub": "password",
    "nbf": 1574318842,
    "exp": 1574326042,
    "iat": 1574318842
  },
  "InnerToken": null,
  "RawAuthenticationTag": null,
  "RawCiphertext": null,
  "RawData": "eyJhbGciOiJIUzI1NiIsInR5cCI6IkpXVCJ9.eyJhdWQiOiJ3eGFwcGxldCIsImlzcyI6Ill1ZWJvblRlYWNoIiwibmFtZSI6ImNxaW53biIsImlkIjoiMjAxOTA5MDYyMzIyMjA3MTQyMjQ2OCIsInJvbGUiOiIyMDE5MDkxNzIxMDUzMzQyODcxMzMyIiwic3ViIjoicGFzc3dvcmQiLCJuYmYiOjE1NzQzMTg4NDIsImV4cCI6MTU3NDMyNjA0MiwiaWF0IjoxNTc0MzE4ODQyfQ.VqelakbGoHR2xELSjW89ge-5Ts_mTPwyMQBv-P19yWA",
  "RawEncryptedKey": null,
  "RawInitializationVector": null,
  "RawHeader": "eyJhbGciOiJIUzI1NiIsInR5cCI6IkpXVCJ9",
  "RawPayload": "eyJhdWQiOiJ3eGFwcGxldCIsImlzcyI6Ill1ZWJvblRlYWNoIiwibmFtZSI6ImNxaW53biIsImlkIjoiMjAxOTA5MDYyMzIyMjA3MTQyMjQ2OCIsInJvbGUiOiIyMDE5MDkxNzIxMDUzMzQyODcxMzMyIiwic3ViIjoicGFzc3dvcmQiLCJuYmYiOjE1NzQzMTg4NDIsImV4cCI6MTU3NDMyNjA0MiwiaWF0IjoxNTc0MzE4ODQyfQ",
  "RawSignature": "VqelakbGoHR2xELSjW89ge-5Ts_mTPwyMQBv-P19yWA",
  "SecurityKey": null,
  "SignatureAlgorithm": "HS256",
  "SigningCredentials": null,
  "EncryptingCredentials": null,
  "SigningKey": null,
  "Subject": "password",
  "ValidFrom": "2019-11-21 06:47:22",
  "ValidTo": "2019-11-21 08:47:22"
}
[14:50:33] (Yuebon.AspNetCore.Mvc.TokenProvider) 方法名称：ValidateToken
日志内容：eyJhbGciOiJIUzI1NiIsInR5cCI6IkpXVCJ9.eyJhdWQiOiJ3eGFwcGxldCIsImlzcyI6Ill1ZWJvblRlYWNoIiwibmFtZSI6ImNxaW53biIsImlkIjoiMjAxOTA5MDYyMzIyMjA3MTQyMjQ2OCIsInJvbGUiOiIyMDE5MDkxNzIxMDUzMzQyODcxMzMyIiwic3ViIjoicGFzc3dvcmQiLCJuYmYiOjE1NzQzMTg4NDIsImV4cCI6MTU3NDMyNjA0MiwiaWF0IjoxNTc0MzE4ODQyfQ.VqelakbGoHR2xELSjW89ge-5Ts_mTPwyMQBv-P19yWA
[14:50:33] (Yuebon.AspNetCore.Mvc.TokenProvider) 方法名称：ValidateToken
日志内容：eyJhbGciOiJIUzI1NiIsInR5cCI6IkpXVCJ9.eyJhdWQiOiJ3eGFwcGxldCIsImlzcyI6Ill1ZWJvblRlYWNoIiwibmFtZSI6ImNxaW53biIsImlkIjoiMjAxOTA5MDYyMzIyMjA3MTQyMjQ2OCIsInJvbGUiOiIyMDE5MDkxNzIxMDUzMzQyODcxMzMyIiwic3ViIjoicGFzc3dvcmQiLCJuYmYiOjE1NzQzMTg4NDIsImV4cCI6MTU3NDMyNjA0MiwiaWF0IjoxNTc0MzE4ODQyfQ.VqelakbGoHR2xELSjW89ge-5Ts_mTPwyMQBv-P19yWA
[14:50:33] (Yuebon.AspNetCore.Mvc.TokenProvider) 方法名称：ValidateToken
日志内容：{
  "Actor": null,
  "Audiences": [
    "wxapplet"
  ],
  "Claims": [
    {
      "Issuer": "YuebonTeach",
      "OriginalIssuer": "YuebonTeach",
      "Properties": {},
      "Subject": null,
      "Type": "aud",
      "Value": "wxapplet",
      "ValueType": "http://www.w3.org/2001/XMLSchema#string"
    },
    {
      "Issuer": "YuebonTeach",
      "OriginalIssuer": "YuebonTeach",
      "Properties": {},
      "Subject": null,
      "Type": "iss",
      "Value": "YuebonTeach",
      "ValueType": "http://www.w3.org/2001/XMLSchema#string"
    },
    {
      "Issuer": "YuebonTeach",
      "OriginalIssuer": "YuebonTeach",
      "Properties": {},
      "Subject": null,
      "Type": "name",
      "Value": "cqinwn",
      "ValueType": "http://www.w3.org/2001/XMLSchema#string"
    },
    {
      "Issuer": "YuebonTeach",
      "OriginalIssuer": "YuebonTeach",
      "Properties": {},
      "Subject": null,
      "Type": "id",
      "Value": "2019090623222071422468",
      "ValueType": "http://www.w3.org/2001/XMLSchema#string"
    },
    {
      "Issuer": "YuebonTeach",
      "OriginalIssuer": "YuebonTeach",
      "Properties": {},
      "Subject": null,
      "Type": "role",
      "Value": "2019091721053342871332",
      "ValueType": "http://www.w3.org/2001/XMLSchema#string"
    },
    {
      "Issuer": "YuebonTeach",
      "OriginalIssuer": "YuebonTeach",
      "Properties": {},
      "Subject": null,
      "Type": "sub",
      "Value": "password",
      "ValueType": "http://www.w3.org/2001/XMLSchema#string"
    },
    {
      "Issuer": "YuebonTeach",
      "OriginalIssuer": "YuebonTeach",
      "Properties": {},
      "Subject": null,
      "Type": "nbf",
      "Value": "1574318842",
      "ValueType": "http://www.w3.org/2001/XMLSchema#integer"
    },
    {
      "Issuer": "YuebonTeach",
      "OriginalIssuer": "YuebonTeach",
      "Properties": {},
      "Subject": null,
      "Type": "exp",
      "Value": "1574326042",
      "ValueType": "http://www.w3.org/2001/XMLSchema#integer"
    },
    {
      "Issuer": "YuebonTeach",
      "OriginalIssuer": "YuebonTeach",
      "Properties": {},
      "Subject": null,
      "Type": "iat",
      "Value": "1574318842",
      "ValueType": "http://www.w3.org/2001/XMLSchema#integer"
    }
  ],
  "EncodedHeader": "eyJhbGciOiJIUzI1NiIsInR5cCI6IkpXVCJ9",
  "EncodedPayload": "eyJhdWQiOiJ3eGFwcGxldCIsImlzcyI6Ill1ZWJvblRlYWNoIiwibmFtZSI6ImNxaW53biIsImlkIjoiMjAxOTA5MDYyMzIyMjA3MTQyMjQ2OCIsInJvbGUiOiIyMDE5MDkxNzIxMDUzMzQyODcxMzMyIiwic3ViIjoicGFzc3dvcmQiLCJuYmYiOjE1NzQzMTg4NDIsImV4cCI6MTU3NDMyNjA0MiwiaWF0IjoxNTc0MzE4ODQyfQ",
  "Header": {
    "alg": "HS256",
    "typ": "JWT"
  },
  "Id": null,
  "Issuer": "YuebonTeach",
  "Payload": {
    "aud": "wxapplet",
    "iss": "YuebonTeach",
    "name": "cqinwn",
    "id": "2019090623222071422468",
    "role": "2019091721053342871332",
    "sub": "password",
    "nbf": 1574318842,
    "exp": 1574326042,
    "iat": 1574318842
  },
  "InnerToken": null,
  "RawAuthenticationTag": null,
  "RawCiphertext": null,
  "RawData": "eyJhbGciOiJIUzI1NiIsInR5cCI6IkpXVCJ9.eyJhdWQiOiJ3eGFwcGxldCIsImlzcyI6Ill1ZWJvblRlYWNoIiwibmFtZSI6ImNxaW53biIsImlkIjoiMjAxOTA5MDYyMzIyMjA3MTQyMjQ2OCIsInJvbGUiOiIyMDE5MDkxNzIxMDUzMzQyODcxMzMyIiwic3ViIjoicGFzc3dvcmQiLCJuYmYiOjE1NzQzMTg4NDIsImV4cCI6MTU3NDMyNjA0MiwiaWF0IjoxNTc0MzE4ODQyfQ.VqelakbGoHR2xELSjW89ge-5Ts_mTPwyMQBv-P19yWA",
  "RawEncryptedKey": null,
  "RawInitializationVector": null,
  "RawHeader": "eyJhbGciOiJIUzI1NiIsInR5cCI6IkpXVCJ9",
  "RawPayload": "eyJhdWQiOiJ3eGFwcGxldCIsImlzcyI6Ill1ZWJvblRlYWNoIiwibmFtZSI6ImNxaW53biIsImlkIjoiMjAxOTA5MDYyMzIyMjA3MTQyMjQ2OCIsInJvbGUiOiIyMDE5MDkxNzIxMDUzMzQyODcxMzMyIiwic3ViIjoicGFzc3dvcmQiLCJuYmYiOjE1NzQzMTg4NDIsImV4cCI6MTU3NDMyNjA0MiwiaWF0IjoxNTc0MzE4ODQyfQ",
  "RawSignature": "VqelakbGoHR2xELSjW89ge-5Ts_mTPwyMQBv-P19yWA",
  "SecurityKey": null,
  "SignatureAlgorithm": "HS256",
  "SigningCredentials": null,
  "EncryptingCredentials": null,
  "SigningKey": null,
  "Subject": "password",
  "ValidFrom": "2019-11-21 06:47:22",
  "ValidTo": "2019-11-21 08:47:22"
}
[14:50:33] (Yuebon.AspNetCore.Mvc.TokenProvider) 方法名称：ValidateToken
日志内容：{
  "Actor": null,
  "Audiences": [
    "wxapplet"
  ],
  "Claims": [
    {
      "Issuer": "YuebonTeach",
      "OriginalIssuer": "YuebonTeach",
      "Properties": {},
      "Subject": null,
      "Type": "aud",
      "Value": "wxapplet",
      "ValueType": "http://www.w3.org/2001/XMLSchema#string"
    },
    {
      "Issuer": "YuebonTeach",
      "OriginalIssuer": "YuebonTeach",
      "Properties": {},
      "Subject": null,
      "Type": "iss",
      "Value": "YuebonTeach",
      "ValueType": "http://www.w3.org/2001/XMLSchema#string"
    },
    {
      "Issuer": "YuebonTeach",
      "OriginalIssuer": "YuebonTeach",
      "Properties": {},
      "Subject": null,
      "Type": "name",
      "Value": "cqinwn",
      "ValueType": "http://www.w3.org/2001/XMLSchema#string"
    },
    {
      "Issuer": "YuebonTeach",
      "OriginalIssuer": "YuebonTeach",
      "Properties": {},
      "Subject": null,
      "Type": "id",
      "Value": "2019090623222071422468",
      "ValueType": "http://www.w3.org/2001/XMLSchema#string"
    },
    {
      "Issuer": "YuebonTeach",
      "OriginalIssuer": "YuebonTeach",
      "Properties": {},
      "Subject": null,
      "Type": "role",
      "Value": "2019091721053342871332",
      "ValueType": "http://www.w3.org/2001/XMLSchema#string"
    },
    {
      "Issuer": "YuebonTeach",
      "OriginalIssuer": "YuebonTeach",
      "Properties": {},
      "Subject": null,
      "Type": "sub",
      "Value": "password",
      "ValueType": "http://www.w3.org/2001/XMLSchema#string"
    },
    {
      "Issuer": "YuebonTeach",
      "OriginalIssuer": "YuebonTeach",
      "Properties": {},
      "Subject": null,
      "Type": "nbf",
      "Value": "1574318842",
      "ValueType": "http://www.w3.org/2001/XMLSchema#integer"
    },
    {
      "Issuer": "YuebonTeach",
      "OriginalIssuer": "YuebonTeach",
      "Properties": {},
      "Subject": null,
      "Type": "exp",
      "Value": "1574326042",
      "ValueType": "http://www.w3.org/2001/XMLSchema#integer"
    },
    {
      "Issuer": "YuebonTeach",
      "OriginalIssuer": "YuebonTeach",
      "Properties": {},
      "Subject": null,
      "Type": "iat",
      "Value": "1574318842",
      "ValueType": "http://www.w3.org/2001/XMLSchema#integer"
    }
  ],
  "EncodedHeader": "eyJhbGciOiJIUzI1NiIsInR5cCI6IkpXVCJ9",
  "EncodedPayload": "eyJhdWQiOiJ3eGFwcGxldCIsImlzcyI6Ill1ZWJvblRlYWNoIiwibmFtZSI6ImNxaW53biIsImlkIjoiMjAxOTA5MDYyMzIyMjA3MTQyMjQ2OCIsInJvbGUiOiIyMDE5MDkxNzIxMDUzMzQyODcxMzMyIiwic3ViIjoicGFzc3dvcmQiLCJuYmYiOjE1NzQzMTg4NDIsImV4cCI6MTU3NDMyNjA0MiwiaWF0IjoxNTc0MzE4ODQyfQ",
  "Header": {
    "alg": "HS256",
    "typ": "JWT"
  },
  "Id": null,
  "Issuer": "YuebonTeach",
  "Payload": {
    "aud": "wxapplet",
    "iss": "YuebonTeach",
    "name": "cqinwn",
    "id": "2019090623222071422468",
    "role": "2019091721053342871332",
    "sub": "password",
    "nbf": 1574318842,
    "exp": 1574326042,
    "iat": 1574318842
  },
  "InnerToken": null,
  "RawAuthenticationTag": null,
  "RawCiphertext": null,
  "RawData": "eyJhbGciOiJIUzI1NiIsInR5cCI6IkpXVCJ9.eyJhdWQiOiJ3eGFwcGxldCIsImlzcyI6Ill1ZWJvblRlYWNoIiwibmFtZSI6ImNxaW53biIsImlkIjoiMjAxOTA5MDYyMzIyMjA3MTQyMjQ2OCIsInJvbGUiOiIyMDE5MDkxNzIxMDUzMzQyODcxMzMyIiwic3ViIjoicGFzc3dvcmQiLCJuYmYiOjE1NzQzMTg4NDIsImV4cCI6MTU3NDMyNjA0MiwiaWF0IjoxNTc0MzE4ODQyfQ.VqelakbGoHR2xELSjW89ge-5Ts_mTPwyMQBv-P19yWA",
  "RawEncryptedKey": null,
  "RawInitializationVector": null,
  "RawHeader": "eyJhbGciOiJIUzI1NiIsInR5cCI6IkpXVCJ9",
  "RawPayload": "eyJhdWQiOiJ3eGFwcGxldCIsImlzcyI6Ill1ZWJvblRlYWNoIiwibmFtZSI6ImNxaW53biIsImlkIjoiMjAxOTA5MDYyMzIyMjA3MTQyMjQ2OCIsInJvbGUiOiIyMDE5MDkxNzIxMDUzMzQyODcxMzMyIiwic3ViIjoicGFzc3dvcmQiLCJuYmYiOjE1NzQzMTg4NDIsImV4cCI6MTU3NDMyNjA0MiwiaWF0IjoxNTc0MzE4ODQyfQ",
  "RawSignature": "VqelakbGoHR2xELSjW89ge-5Ts_mTPwyMQBv-P19yWA",
  "SecurityKey": null,
  "SignatureAlgorithm": "HS256",
  "SigningCredentials": null,
  "EncryptingCredentials": null,
  "SigningKey": null,
  "Subject": "password",
  "ValidFrom": "2019-11-21 06:47:22",
  "ValidTo": "2019-11-21 08:47:22"
}
[14:50:36] (Yuebon.AspNetCore.Mvc.TokenProvider) 方法名称：ValidateToken
日志内容：eyJhbGciOiJIUzI1NiIsInR5cCI6IkpXVCJ9.eyJhdWQiOiJ3eGFwcGxldCIsImlzcyI6Ill1ZWJvblRlYWNoIiwibmFtZSI6ImNxaW53biIsImlkIjoiMjAxOTA5MDYyMzIyMjA3MTQyMjQ2OCIsInJvbGUiOiIyMDE5MDkxNzIxMDUzMzQyODcxMzMyIiwic3ViIjoicGFzc3dvcmQiLCJuYmYiOjE1NzQzMTg4NDIsImV4cCI6MTU3NDMyNjA0MiwiaWF0IjoxNTc0MzE4ODQyfQ.VqelakbGoHR2xELSjW89ge-5Ts_mTPwyMQBv-P19yWA
[14:50:36] (Yuebon.AspNetCore.Mvc.TokenProvider) 方法名称：ValidateToken
日志内容：eyJhbGciOiJIUzI1NiIsInR5cCI6IkpXVCJ9.eyJhdWQiOiJ3eGFwcGxldCIsImlzcyI6Ill1ZWJvblRlYWNoIiwibmFtZSI6ImNxaW53biIsImlkIjoiMjAxOTA5MDYyMzIyMjA3MTQyMjQ2OCIsInJvbGUiOiIyMDE5MDkxNzIxMDUzMzQyODcxMzMyIiwic3ViIjoicGFzc3dvcmQiLCJuYmYiOjE1NzQzMTg4NDIsImV4cCI6MTU3NDMyNjA0MiwiaWF0IjoxNTc0MzE4ODQyfQ.VqelakbGoHR2xELSjW89ge-5Ts_mTPwyMQBv-P19yWA
[14:50:36] (Yuebon.AspNetCore.Mvc.TokenProvider) 方法名称：ValidateToken
日志内容：{
  "Actor": null,
  "Audiences": [
    "wxapplet"
  ],
  "Claims": [
    {
      "Issuer": "YuebonTeach",
      "OriginalIssuer": "YuebonTeach",
      "Properties": {},
      "Subject": null,
      "Type": "aud",
      "Value": "wxapplet",
      "ValueType": "http://www.w3.org/2001/XMLSchema#string"
    },
    {
      "Issuer": "YuebonTeach",
      "OriginalIssuer": "YuebonTeach",
      "Properties": {},
      "Subject": null,
      "Type": "iss",
      "Value": "YuebonTeach",
      "ValueType": "http://www.w3.org/2001/XMLSchema#string"
    },
    {
      "Issuer": "YuebonTeach",
      "OriginalIssuer": "YuebonTeach",
      "Properties": {},
      "Subject": null,
      "Type": "name",
      "Value": "cqinwn",
      "ValueType": "http://www.w3.org/2001/XMLSchema#string"
    },
    {
      "Issuer": "YuebonTeach",
      "OriginalIssuer": "YuebonTeach",
      "Properties": {},
      "Subject": null,
      "Type": "id",
      "Value": "2019090623222071422468",
      "ValueType": "http://www.w3.org/2001/XMLSchema#string"
    },
    {
      "Issuer": "YuebonTeach",
      "OriginalIssuer": "YuebonTeach",
      "Properties": {},
      "Subject": null,
      "Type": "role",
      "Value": "2019091721053342871332",
      "ValueType": "http://www.w3.org/2001/XMLSchema#string"
    },
    {
      "Issuer": "YuebonTeach",
      "OriginalIssuer": "YuebonTeach",
      "Properties": {},
      "Subject": null,
      "Type": "sub",
      "Value": "password",
      "ValueType": "http://www.w3.org/2001/XMLSchema#string"
    },
    {
      "Issuer": "YuebonTeach",
      "OriginalIssuer": "YuebonTeach",
      "Properties": {},
      "Subject": null,
      "Type": "nbf",
      "Value": "1574318842",
      "ValueType": "http://www.w3.org/2001/XMLSchema#integer"
    },
    {
      "Issuer": "YuebonTeach",
      "OriginalIssuer": "YuebonTeach",
      "Properties": {},
      "Subject": null,
      "Type": "exp",
      "Value": "1574326042",
      "ValueType": "http://www.w3.org/2001/XMLSchema#integer"
    },
    {
      "Issuer": "YuebonTeach",
      "OriginalIssuer": "YuebonTeach",
      "Properties": {},
      "Subject": null,
      "Type": "iat",
      "Value": "1574318842",
      "ValueType": "http://www.w3.org/2001/XMLSchema#integer"
    }
  ],
  "EncodedHeader": "eyJhbGciOiJIUzI1NiIsInR5cCI6IkpXVCJ9",
  "EncodedPayload": "eyJhdWQiOiJ3eGFwcGxldCIsImlzcyI6Ill1ZWJvblRlYWNoIiwibmFtZSI6ImNxaW53biIsImlkIjoiMjAxOTA5MDYyMzIyMjA3MTQyMjQ2OCIsInJvbGUiOiIyMDE5MDkxNzIxMDUzMzQyODcxMzMyIiwic3ViIjoicGFzc3dvcmQiLCJuYmYiOjE1NzQzMTg4NDIsImV4cCI6MTU3NDMyNjA0MiwiaWF0IjoxNTc0MzE4ODQyfQ",
  "Header": {
    "alg": "HS256",
    "typ": "JWT"
  },
  "Id": null,
  "Issuer": "YuebonTeach",
  "Payload": {
    "aud": "wxapplet",
    "iss": "YuebonTeach",
    "name": "cqinwn",
    "id": "2019090623222071422468",
    "role": "2019091721053342871332",
    "sub": "password",
    "nbf": 1574318842,
    "exp": 1574326042,
    "iat": 1574318842
  },
  "InnerToken": null,
  "RawAuthenticationTag": null,
  "RawCiphertext": null,
  "RawData": "eyJhbGciOiJIUzI1NiIsInR5cCI6IkpXVCJ9.eyJhdWQiOiJ3eGFwcGxldCIsImlzcyI6Ill1ZWJvblRlYWNoIiwibmFtZSI6ImNxaW53biIsImlkIjoiMjAxOTA5MDYyMzIyMjA3MTQyMjQ2OCIsInJvbGUiOiIyMDE5MDkxNzIxMDUzMzQyODcxMzMyIiwic3ViIjoicGFzc3dvcmQiLCJuYmYiOjE1NzQzMTg4NDIsImV4cCI6MTU3NDMyNjA0MiwiaWF0IjoxNTc0MzE4ODQyfQ.VqelakbGoHR2xELSjW89ge-5Ts_mTPwyMQBv-P19yWA",
  "RawEncryptedKey": null,
  "RawInitializationVector": null,
  "RawHeader": "eyJhbGciOiJIUzI1NiIsInR5cCI6IkpXVCJ9",
  "RawPayload": "eyJhdWQiOiJ3eGFwcGxldCIsImlzcyI6Ill1ZWJvblRlYWNoIiwibmFtZSI6ImNxaW53biIsImlkIjoiMjAxOTA5MDYyMzIyMjA3MTQyMjQ2OCIsInJvbGUiOiIyMDE5MDkxNzIxMDUzMzQyODcxMzMyIiwic3ViIjoicGFzc3dvcmQiLCJuYmYiOjE1NzQzMTg4NDIsImV4cCI6MTU3NDMyNjA0MiwiaWF0IjoxNTc0MzE4ODQyfQ",
  "RawSignature": "VqelakbGoHR2xELSjW89ge-5Ts_mTPwyMQBv-P19yWA",
  "SecurityKey": null,
  "SignatureAlgorithm": "HS256",
  "SigningCredentials": null,
  "EncryptingCredentials": null,
  "SigningKey": null,
  "Subject": "password",
  "ValidFrom": "2019-11-21 06:47:22",
  "ValidTo": "2019-11-21 08:47:22"
}
[14:50:36] (Yuebon.AspNetCore.Mvc.TokenProvider) 方法名称：ValidateToken
日志内容：{
  "Actor": null,
  "Audiences": [
    "wxapplet"
  ],
  "Claims": [
    {
      "Issuer": "YuebonTeach",
      "OriginalIssuer": "YuebonTeach",
      "Properties": {},
      "Subject": null,
      "Type": "aud",
      "Value": "wxapplet",
      "ValueType": "http://www.w3.org/2001/XMLSchema#string"
    },
    {
      "Issuer": "YuebonTeach",
      "OriginalIssuer": "YuebonTeach",
      "Properties": {},
      "Subject": null,
      "Type": "iss",
      "Value": "YuebonTeach",
      "ValueType": "http://www.w3.org/2001/XMLSchema#string"
    },
    {
      "Issuer": "YuebonTeach",
      "OriginalIssuer": "YuebonTeach",
      "Properties": {},
      "Subject": null,
      "Type": "name",
      "Value": "cqinwn",
      "ValueType": "http://www.w3.org/2001/XMLSchema#string"
    },
    {
      "Issuer": "YuebonTeach",
      "OriginalIssuer": "YuebonTeach",
      "Properties": {},
      "Subject": null,
      "Type": "id",
      "Value": "2019090623222071422468",
      "ValueType": "http://www.w3.org/2001/XMLSchema#string"
    },
    {
      "Issuer": "YuebonTeach",
      "OriginalIssuer": "YuebonTeach",
      "Properties": {},
      "Subject": null,
      "Type": "role",
      "Value": "2019091721053342871332",
      "ValueType": "http://www.w3.org/2001/XMLSchema#string"
    },
    {
      "Issuer": "YuebonTeach",
      "OriginalIssuer": "YuebonTeach",
      "Properties": {},
      "Subject": null,
      "Type": "sub",
      "Value": "password",
      "ValueType": "http://www.w3.org/2001/XMLSchema#string"
    },
    {
      "Issuer": "YuebonTeach",
      "OriginalIssuer": "YuebonTeach",
      "Properties": {},
      "Subject": null,
      "Type": "nbf",
      "Value": "1574318842",
      "ValueType": "http://www.w3.org/2001/XMLSchema#integer"
    },
    {
      "Issuer": "YuebonTeach",
      "OriginalIssuer": "YuebonTeach",
      "Properties": {},
      "Subject": null,
      "Type": "exp",
      "Value": "1574326042",
      "ValueType": "http://www.w3.org/2001/XMLSchema#integer"
    },
    {
      "Issuer": "YuebonTeach",
      "OriginalIssuer": "YuebonTeach",
      "Properties": {},
      "Subject": null,
      "Type": "iat",
      "Value": "1574318842",
      "ValueType": "http://www.w3.org/2001/XMLSchema#integer"
    }
  ],
  "EncodedHeader": "eyJhbGciOiJIUzI1NiIsInR5cCI6IkpXVCJ9",
  "EncodedPayload": "eyJhdWQiOiJ3eGFwcGxldCIsImlzcyI6Ill1ZWJvblRlYWNoIiwibmFtZSI6ImNxaW53biIsImlkIjoiMjAxOTA5MDYyMzIyMjA3MTQyMjQ2OCIsInJvbGUiOiIyMDE5MDkxNzIxMDUzMzQyODcxMzMyIiwic3ViIjoicGFzc3dvcmQiLCJuYmYiOjE1NzQzMTg4NDIsImV4cCI6MTU3NDMyNjA0MiwiaWF0IjoxNTc0MzE4ODQyfQ",
  "Header": {
    "alg": "HS256",
    "typ": "JWT"
  },
  "Id": null,
  "Issuer": "YuebonTeach",
  "Payload": {
    "aud": "wxapplet",
    "iss": "YuebonTeach",
    "name": "cqinwn",
    "id": "2019090623222071422468",
    "role": "2019091721053342871332",
    "sub": "password",
    "nbf": 1574318842,
    "exp": 1574326042,
    "iat": 1574318842
  },
  "InnerToken": null,
  "RawAuthenticationTag": null,
  "RawCiphertext": null,
  "RawData": "eyJhbGciOiJIUzI1NiIsInR5cCI6IkpXVCJ9.eyJhdWQiOiJ3eGFwcGxldCIsImlzcyI6Ill1ZWJvblRlYWNoIiwibmFtZSI6ImNxaW53biIsImlkIjoiMjAxOTA5MDYyMzIyMjA3MTQyMjQ2OCIsInJvbGUiOiIyMDE5MDkxNzIxMDUzMzQyODcxMzMyIiwic3ViIjoicGFzc3dvcmQiLCJuYmYiOjE1NzQzMTg4NDIsImV4cCI6MTU3NDMyNjA0MiwiaWF0IjoxNTc0MzE4ODQyfQ.VqelakbGoHR2xELSjW89ge-5Ts_mTPwyMQBv-P19yWA",
  "RawEncryptedKey": null,
  "RawInitializationVector": null,
  "RawHeader": "eyJhbGciOiJIUzI1NiIsInR5cCI6IkpXVCJ9",
  "RawPayload": "eyJhdWQiOiJ3eGFwcGxldCIsImlzcyI6Ill1ZWJvblRlYWNoIiwibmFtZSI6ImNxaW53biIsImlkIjoiMjAxOTA5MDYyMzIyMjA3MTQyMjQ2OCIsInJvbGUiOiIyMDE5MDkxNzIxMDUzMzQyODcxMzMyIiwic3ViIjoicGFzc3dvcmQiLCJuYmYiOjE1NzQzMTg4NDIsImV4cCI6MTU3NDMyNjA0MiwiaWF0IjoxNTc0MzE4ODQyfQ",
  "RawSignature": "VqelakbGoHR2xELSjW89ge-5Ts_mTPwyMQBv-P19yWA",
  "SecurityKey": null,
  "SignatureAlgorithm": "HS256",
  "SigningCredentials": null,
  "EncryptingCredentials": null,
  "SigningKey": null,
  "Subject": "password",
  "ValidFrom": "2019-11-21 06:47:22",
  "ValidTo": "2019-11-21 08:47:22"
}
