【12:43:28.643】  Yuebon.Quartz.Job.MessageNotice.OperateTrajectoryQuartz T8 
方法名称：SendTrajectoryNotice
日志内容：消息推送,用户:
{
  "ErrCode": "-1",
  "ErrMsg": null,
  "Success": false,
  "ResData": null
}
【12:48:26.433】  Yuebon.Quartz.Job.MessageNotice.OperateTrajectoryQuartz T23 
方法名称：SendTrajectoryNotice
日志内容：消息推送,用户:
{
  "ErrCode": "-1",
  "ErrMsg": null,
  "Success": false,
  "ResData": null
}
【12:53:26.476】  Yuebon.Quartz.Job.MessageNotice.OperateTrajectoryQuartz T43 
方法名称：SendTrajectoryNotice
日志内容：消息推送,用户:
{
  "ErrCode": "-1",
  "ErrMsg": null,
  "Success": false,
  "ResData": null
}
【12:58:26.426】  Yuebon.Quartz.Job.MessageNotice.OperateTrajectoryQuartz T47 
方法名称：SendTrajectoryNotice
日志内容：消息推送,用户:
{
  "ErrCode": "-1",
  "ErrMsg": null,
  "Success": false,
  "ResData": null
}
【13:03:26.419】  Yuebon.Quartz.Job.MessageNotice.OperateTrajectoryQuartz T37 
方法名称：SendTrajectoryNotice
日志内容：消息推送,用户:
{
  "ErrCode": "-1",
  "ErrMsg": null,
  "Success": false,
  "ResData": null
}
【13:08:26.409】  Yuebon.Quartz.Job.MessageNotice.OperateTrajectoryQuartz T47 
方法名称：SendTrajectoryNotice
日志内容：消息推送,用户:
{
  "ErrCode": "-1",
  "ErrMsg": null,
  "Success": false,
  "ResData": null
}
【13:13:26.405】  Yuebon.Quartz.Job.MessageNotice.OperateTrajectoryQuartz T72 
方法名称：SendTrajectoryNotice
日志内容：消息推送,用户:
{
  "ErrCode": "-1",
  "ErrMsg": null,
  "Success": false,
  "ResData": null
}
【13:18:26.384】  Yuebon.Quartz.Job.MessageNotice.OperateTrajectoryQuartz T90 
方法名称：SendTrajectoryNotice
日志内容：消息推送,用户:
{
  "ErrCode": "-1",
  "ErrMsg": null,
  "Success": false,
  "ResData": null
}
【13:23:26.337】  Yuebon.Quartz.Job.MessageNotice.OperateTrajectoryQuartz T108 
方法名称：SendTrajectoryNotice
日志内容：消息推送,用户:
{
  "ErrCode": "-1",
  "ErrMsg": null,
  "Success": false,
  "ResData": null
}
【13:28:26.414】  Yuebon.Quartz.Job.MessageNotice.OperateTrajectoryQuartz T122 
方法名称：SendTrajectoryNotice
日志内容：消息推送,用户:
{
  "ErrCode": "-1",
  "ErrMsg": null,
  "Success": false,
  "ResData": null
}
【13:33:26.503】  Yuebon.Quartz.Job.MessageNotice.OperateTrajectoryQuartz T139 
方法名称：SendTrajectoryNotice
日志内容：消息推送,用户:
{
  "ErrCode": "-1",
  "ErrMsg": null,
  "Success": false,
  "ResData": null
}
【13:38:26.436】  Yuebon.Quartz.Job.MessageNotice.OperateTrajectoryQuartz T155 
方法名称：SendTrajectoryNotice
日志内容：消息推送,用户:
{
  "ErrCode": "-1",
  "ErrMsg": null,
  "Success": false,
  "ResData": null
}
【13:43:26.554】  Yuebon.Quartz.Job.MessageNotice.OperateTrajectoryQuartz T164 
方法名称：SendTrajectoryNotice
日志内容：消息推送,用户:
{
  "ErrCode": "-1",
  "ErrMsg": null,
  "Success": false,
  "ResData": null
}
【13:48:26.385】  Yuebon.Quartz.Job.MessageNotice.OperateTrajectoryQuartz T164 
方法名称：SendTrajectoryNotice
日志内容：消息推送,用户:
{
  "ErrCode": "-1",
  "ErrMsg": null,
  "Success": false,
  "ResData": null
}
【13:53:26.392】  Yuebon.Quartz.Job.MessageNotice.OperateTrajectoryQuartz T155 
方法名称：SendTrajectoryNotice
日志内容：消息推送,用户:
{
  "ErrCode": "-1",
  "ErrMsg": null,
  "Success": false,
  "ResData": null
}
【13:58:26.496】  Yuebon.Quartz.Job.MessageNotice.OperateTrajectoryQuartz T140 
方法名称：SendTrajectoryNotice
日志内容：消息推送,用户:
{
  "ErrCode": "-1",
  "ErrMsg": null,
  "Success": false,
  "ResData": null
}
【20:31:52.356】  Yuebon.Quartz.Job.MessageNotice.OperateTrajectoryQuartz T25 
方法名称：SendTrajectoryNotice
日志内容：消息推送,用户:
{
  "ErrCode": "-1",
  "ErrMsg": null,
  "Success": false,
  "ResData": null
}
【20:36:47.084】  Yuebon.Quartz.Job.MessageNotice.OperateTrajectoryQuartz T47 
方法名称：SendTrajectoryNotice
日志内容：消息推送,用户:
{
  "ErrCode": "-1",
  "ErrMsg": null,
  "Success": false,
  "ResData": null
}
【20:41:47.127】  Yuebon.Quartz.Job.MessageNotice.OperateTrajectoryQuartz T54 
方法名称：SendTrajectoryNotice
日志内容：消息推送,用户:
{
  "ErrCode": "-1",
  "ErrMsg": null,
  "Success": false,
  "ResData": null
}
【20:46:47.064】  Yuebon.Quartz.Job.MessageNotice.OperateTrajectoryQuartz T48 
方法名称：SendTrajectoryNotice
日志内容：消息推送,用户:
{
  "ErrCode": "-1",
  "ErrMsg": null,
  "Success": false,
  "ResData": null
}
【20:51:47.108】  Yuebon.Quartz.Job.MessageNotice.OperateTrajectoryQuartz T54 
方法名称：SendTrajectoryNotice
日志内容：消息推送,用户:
{
  "ErrCode": "-1",
  "ErrMsg": null,
  "Success": false,
  "ResData": null
}
【20:56:47.258】  Yuebon.Quartz.Job.MessageNotice.OperateTrajectoryQuartz T51 
方法名称：SendTrajectoryNotice
日志内容：消息推送,用户:
{
  "ErrCode": "-1",
  "ErrMsg": null,
  "Success": false,
  "ResData": null
}
【21:01:47.101】  Yuebon.Quartz.Job.MessageNotice.OperateTrajectoryQuartz T58 
方法名称：SendTrajectoryNotice
日志内容：消息推送,用户:
{
  "ErrCode": "-1",
  "ErrMsg": null,
  "Success": false,
  "ResData": null
}
【21:06:47.164】  Yuebon.Quartz.Job.MessageNotice.OperateTrajectoryQuartz T33 
方法名称：SendTrajectoryNotice
日志内容：消息推送,用户:
{
  "ErrCode": "-1",
  "ErrMsg": null,
  "Success": false,
  "ResData": null
}
