[12:43:26] (Yuebon.Quartz.Jobs.OperateTrajectoryMsgJob) 方法名称：Execute
日志内容：定时执行开始：2019/11/12 12:43:26
[12:43:28] (Yuebon.Quartz.Jobs.OperateTrajectoryMsgJob) 方法名称：Execute
日志内容：定时执行结束：2019/11/12 12:43:28
[12:48:26] (Yuebon.Quartz.Jobs.OperateTrajectoryMsgJob) 方法名称：Execute
日志内容：定时执行开始：2019/11/12 12:48:26
[12:48:26] (Yuebon.Quartz.Jobs.OperateTrajectoryMsgJob) 方法名称：Execute
日志内容：定时执行结束：2019/11/12 12:48:26
[12:53:26] (Yuebon.Quartz.Jobs.OperateTrajectoryMsgJob) 方法名称：Execute
日志内容：定时执行开始：2019/11/12 12:53:26
[12:53:26] (Yuebon.Quartz.Jobs.OperateTrajectoryMsgJob) 方法名称：Execute
日志内容：定时执行结束：2019/11/12 12:53:26
[12:58:26] (Yuebon.Quartz.Jobs.OperateTrajectoryMsgJob) 方法名称：Execute
日志内容：定时执行开始：2019/11/12 12:58:26
[12:58:26] (Yuebon.Quartz.Jobs.OperateTrajectoryMsgJob) 方法名称：Execute
日志内容：定时执行结束：2019/11/12 12:58:26
[13:03:26] (Yuebon.Quartz.Jobs.OperateTrajectoryMsgJob) 方法名称：Execute
日志内容：定时执行开始：2019/11/12 13:03:26
[13:03:26] (Yuebon.Quartz.Jobs.OperateTrajectoryMsgJob) 方法名称：Execute
日志内容：定时执行结束：2019/11/12 13:03:26
[13:08:26] (Yuebon.Quartz.Jobs.OperateTrajectoryMsgJob) 方法名称：Execute
日志内容：定时执行开始：2019/11/12 13:08:26
[13:08:26] (Yuebon.Quartz.Jobs.OperateTrajectoryMsgJob) 方法名称：Execute
日志内容：定时执行结束：2019/11/12 13:08:26
[13:13:26] (Yuebon.Quartz.Jobs.OperateTrajectoryMsgJob) 方法名称：Execute
日志内容：定时执行开始：2019/11/12 13:13:26
[13:13:26] (Yuebon.Quartz.Jobs.OperateTrajectoryMsgJob) 方法名称：Execute
日志内容：定时执行结束：2019/11/12 13:13:26
[13:18:26] (Yuebon.Quartz.Jobs.OperateTrajectoryMsgJob) 方法名称：Execute
日志内容：定时执行开始：2019/11/12 13:18:26
[13:18:26] (Yuebon.Quartz.Jobs.OperateTrajectoryMsgJob) 方法名称：Execute
日志内容：定时执行结束：2019/11/12 13:18:26
[13:23:26] (Yuebon.Quartz.Jobs.OperateTrajectoryMsgJob) 方法名称：Execute
日志内容：定时执行开始：2019/11/12 13:23:26
[13:23:26] (Yuebon.Quartz.Jobs.OperateTrajectoryMsgJob) 方法名称：Execute
日志内容：定时执行结束：2019/11/12 13:23:26
[13:28:26] (Yuebon.Quartz.Jobs.OperateTrajectoryMsgJob) 方法名称：Execute
日志内容：定时执行开始：2019/11/12 13:28:26
[13:28:26] (Yuebon.Quartz.Jobs.OperateTrajectoryMsgJob) 方法名称：Execute
日志内容：定时执行结束：2019/11/12 13:28:26
[13:33:26] (Yuebon.Quartz.Jobs.OperateTrajectoryMsgJob) 方法名称：Execute
日志内容：定时执行开始：2019/11/12 13:33:26
[13:33:26] (Yuebon.Quartz.Jobs.OperateTrajectoryMsgJob) 方法名称：Execute
日志内容：定时执行结束：2019/11/12 13:33:26
[13:38:26] (Yuebon.Quartz.Jobs.OperateTrajectoryMsgJob) 方法名称：Execute
日志内容：定时执行开始：2019/11/12 13:38:26
[13:38:26] (Yuebon.Quartz.Jobs.OperateTrajectoryMsgJob) 方法名称：Execute
日志内容：定时执行结束：2019/11/12 13:38:26
[13:43:26] (Yuebon.Quartz.Jobs.OperateTrajectoryMsgJob) 方法名称：Execute
日志内容：定时执行开始：2019/11/12 13:43:26
[13:43:26] (Yuebon.Quartz.Jobs.OperateTrajectoryMsgJob) 方法名称：Execute
日志内容：定时执行结束：2019/11/12 13:43:26
[13:48:26] (Yuebon.Quartz.Jobs.OperateTrajectoryMsgJob) 方法名称：Execute
日志内容：定时执行开始：2019/11/12 13:48:26
[13:48:26] (Yuebon.Quartz.Jobs.OperateTrajectoryMsgJob) 方法名称：Execute
日志内容：定时执行结束：2019/11/12 13:48:26
[13:53:26] (Yuebon.Quartz.Jobs.OperateTrajectoryMsgJob) 方法名称：Execute
日志内容：定时执行开始：2019/11/12 13:53:26
[13:53:26] (Yuebon.Quartz.Jobs.OperateTrajectoryMsgJob) 方法名称：Execute
日志内容：定时执行结束：2019/11/12 13:53:26
[13:58:26] (Yuebon.Quartz.Jobs.OperateTrajectoryMsgJob) 方法名称：Execute
日志内容：定时执行开始：2019/11/12 13:58:26
[13:58:26] (Yuebon.Quartz.Jobs.OperateTrajectoryMsgJob) 方法名称：Execute
日志内容：定时执行结束：2019/11/12 13:58:26
[20:31:47] (Yuebon.Quartz.Jobs.OperateTrajectoryMsgJob) 方法名称：Execute
日志内容：定时执行开始：2019/11/12 20:31:47
[20:31:54] (Yuebon.Quartz.Jobs.OperateTrajectoryMsgJob) 方法名称：Execute
日志内容：定时执行结束：2019/11/12 20:31:54
[20:33:31] (Yuebon.AspNetCore.Mvc.TokenProvider) 方法名称：ValidateToken
日志内容：eyJhbGciOiJIUzI1NiIsInR5cCI6IkpXVCJ9.eyJhdWQiOiJ3eGFwcGxldCIsImlzcyI6Ill1ZWJvblRlYWNoIiwibmFtZSI6ImNxaW53biIsImlkIjoiMjAxOTA5MDYyMzIyMjA3MTQyMjQ2OCIsInJvbGUiOiIyMDE5MDkxNzIxMDUzMzQyODcxMzMyIiwic3ViIjoicGFzc3dvcmQiLCJuYmYiOjE1NzM1NTg0NTUsImV4cCI6MTU3MzU2NTY1NSwiaWF0IjoxNTczNTU4NDU1fQ.qikggIZvyKwUO47cQ50RvTTLebjqQ-y4mvU_oFDaVzQ
[20:33:32] (Yuebon.AspNetCore.Mvc.TokenProvider) 方法名称：ValidateToken
日志内容：eyJhbGciOiJIUzI1NiIsInR5cCI6IkpXVCJ9.eyJhdWQiOiJ3eGFwcGxldCIsImlzcyI6Ill1ZWJvblRlYWNoIiwibmFtZSI6ImNxaW53biIsImlkIjoiMjAxOTA5MDYyMzIyMjA3MTQyMjQ2OCIsInJvbGUiOiIyMDE5MDkxNzIxMDUzMzQyODcxMzMyIiwic3ViIjoicGFzc3dvcmQiLCJuYmYiOjE1NzM1NTg0NTUsImV4cCI6MTU3MzU2NTY1NSwiaWF0IjoxNTczNTU4NDU1fQ.qikggIZvyKwUO47cQ50RvTTLebjqQ-y4mvU_oFDaVzQ
[20:33:37] (Yuebon.AspNetCore.Mvc.TokenProvider) 方法名称：ValidateToken
日志内容：{
  "Actor": null,
  "Audiences": [
    "wxapplet"
  ],
  "Claims": [
    {
      "Issuer": "YuebonTeach",
      "OriginalIssuer": "YuebonTeach",
      "Properties": {},
      "Subject": null,
      "Type": "aud",
      "Value": "wxapplet",
      "ValueType": "http://www.w3.org/2001/XMLSchema#string"
    },
    {
      "Issuer": "YuebonTeach",
      "OriginalIssuer": "YuebonTeach",
      "Properties": {},
      "Subject": null,
      "Type": "iss",
      "Value": "YuebonTeach",
      "ValueType": "http://www.w3.org/2001/XMLSchema#string"
    },
    {
      "Issuer": "YuebonTeach",
      "OriginalIssuer": "YuebonTeach",
      "Properties": {},
      "Subject": null,
      "Type": "name",
      "Value": "cqinwn",
      "ValueType": "http://www.w3.org/2001/XMLSchema#string"
    },
    {
      "Issuer": "YuebonTeach",
      "OriginalIssuer": "YuebonTeach",
      "Properties": {},
      "Subject": null,
      "Type": "id",
      "Value": "2019090623222071422468",
      "ValueType": "http://www.w3.org/2001/XMLSchema#string"
    },
    {
      "Issuer": "YuebonTeach",
      "OriginalIssuer": "YuebonTeach",
      "Properties": {},
      "Subject": null,
      "Type": "role",
      "Value": "2019091721053342871332",
      "ValueType": "http://www.w3.org/2001/XMLSchema#string"
    },
    {
      "Issuer": "YuebonTeach",
      "OriginalIssuer": "YuebonTeach",
      "Properties": {},
      "Subject": null,
      "Type": "sub",
      "Value": "password",
      "ValueType": "http://www.w3.org/2001/XMLSchema#string"
    },
    {
      "Issuer": "YuebonTeach",
      "OriginalIssuer": "YuebonTeach",
      "Properties": {},
      "Subject": null,
      "Type": "nbf",
      "Value": "1573558455",
      "ValueType": "http://www.w3.org/2001/XMLSchema#integer"
    },
    {
      "Issuer": "YuebonTeach",
      "OriginalIssuer": "YuebonTeach",
      "Properties": {},
      "Subject": null,
      "Type": "exp",
      "Value": "1573565655",
      "ValueType": "http://www.w3.org/2001/XMLSchema#integer"
    },
    {
      "Issuer": "YuebonTeach",
      "OriginalIssuer": "YuebonTeach",
      "Properties": {},
      "Subject": null,
      "Type": "iat",
      "Value": "1573558455",
      "ValueType": "http://www.w3.org/2001/XMLSchema#integer"
    }
  ],
  "EncodedHeader": "eyJhbGciOiJIUzI1NiIsInR5cCI6IkpXVCJ9",
  "EncodedPayload": "eyJhdWQiOiJ3eGFwcGxldCIsImlzcyI6Ill1ZWJvblRlYWNoIiwibmFtZSI6ImNxaW53biIsImlkIjoiMjAxOTA5MDYyMzIyMjA3MTQyMjQ2OCIsInJvbGUiOiIyMDE5MDkxNzIxMDUzMzQyODcxMzMyIiwic3ViIjoicGFzc3dvcmQiLCJuYmYiOjE1NzM1NTg0NTUsImV4cCI6MTU3MzU2NTY1NSwiaWF0IjoxNTczNTU4NDU1fQ",
  "Header": {
    "alg": "HS256",
    "typ": "JWT"
  },
  "Id": null,
  "Issuer": "YuebonTeach",
  "Payload": {
    "aud": "wxapplet",
    "iss": "YuebonTeach",
    "name": "cqinwn",
    "id": "2019090623222071422468",
    "role": "2019091721053342871332",
    "sub": "password",
    "nbf": 1573558455,
    "exp": 1573565655,
    "iat": 1573558455
  },
  "InnerToken": null,
  "RawAuthenticationTag": null,
  "RawCiphertext": null,
  "RawData": "eyJhbGciOiJIUzI1NiIsInR5cCI6IkpXVCJ9.eyJhdWQiOiJ3eGFwcGxldCIsImlzcyI6Ill1ZWJvblRlYWNoIiwibmFtZSI6ImNxaW53biIsImlkIjoiMjAxOTA5MDYyMzIyMjA3MTQyMjQ2OCIsInJvbGUiOiIyMDE5MDkxNzIxMDUzMzQyODcxMzMyIiwic3ViIjoicGFzc3dvcmQiLCJuYmYiOjE1NzM1NTg0NTUsImV4cCI6MTU3MzU2NTY1NSwiaWF0IjoxNTczNTU4NDU1fQ.qikggIZvyKwUO47cQ50RvTTLebjqQ-y4mvU_oFDaVzQ",
  "RawEncryptedKey": null,
  "RawInitializationVector": null,
  "RawHeader": "eyJhbGciOiJIUzI1NiIsInR5cCI6IkpXVCJ9",
  "RawPayload": "eyJhdWQiOiJ3eGFwcGxldCIsImlzcyI6Ill1ZWJvblRlYWNoIiwibmFtZSI6ImNxaW53biIsImlkIjoiMjAxOTA5MDYyMzIyMjA3MTQyMjQ2OCIsInJvbGUiOiIyMDE5MDkxNzIxMDUzMzQyODcxMzMyIiwic3ViIjoicGFzc3dvcmQiLCJuYmYiOjE1NzM1NTg0NTUsImV4cCI6MTU3MzU2NTY1NSwiaWF0IjoxNTczNTU4NDU1fQ",
  "RawSignature": "qikggIZvyKwUO47cQ50RvTTLebjqQ-y4mvU_oFDaVzQ",
  "SecurityKey": null,
  "SignatureAlgorithm": "HS256",
  "SigningCredentials": null,
  "EncryptingCredentials": null,
  "SigningKey": null,
  "Subject": "password",
  "ValidFrom": "2019-11-12 11:34:15",
  "ValidTo": "2019-11-12 13:34:15"
}
[20:33:37] (Yuebon.AspNetCore.Mvc.TokenProvider) 方法名称：ValidateToken
日志内容：{
  "Actor": null,
  "Audiences": [
    "wxapplet"
  ],
  "Claims": [
    {
      "Issuer": "YuebonTeach",
      "OriginalIssuer": "YuebonTeach",
      "Properties": {},
      "Subject": null,
      "Type": "aud",
      "Value": "wxapplet",
      "ValueType": "http://www.w3.org/2001/XMLSchema#string"
    },
    {
      "Issuer": "YuebonTeach",
      "OriginalIssuer": "YuebonTeach",
      "Properties": {},
      "Subject": null,
      "Type": "iss",
      "Value": "YuebonTeach",
      "ValueType": "http://www.w3.org/2001/XMLSchema#string"
    },
    {
      "Issuer": "YuebonTeach",
      "OriginalIssuer": "YuebonTeach",
      "Properties": {},
      "Subject": null,
      "Type": "name",
      "Value": "cqinwn",
      "ValueType": "http://www.w3.org/2001/XMLSchema#string"
    },
    {
      "Issuer": "YuebonTeach",
      "OriginalIssuer": "YuebonTeach",
      "Properties": {},
      "Subject": null,
      "Type": "id",
      "Value": "2019090623222071422468",
      "ValueType": "http://www.w3.org/2001/XMLSchema#string"
    },
    {
      "Issuer": "YuebonTeach",
      "OriginalIssuer": "YuebonTeach",
      "Properties": {},
      "Subject": null,
      "Type": "role",
      "Value": "2019091721053342871332",
      "ValueType": "http://www.w3.org/2001/XMLSchema#string"
    },
    {
      "Issuer": "YuebonTeach",
      "OriginalIssuer": "YuebonTeach",
      "Properties": {},
      "Subject": null,
      "Type": "sub",
      "Value": "password",
      "ValueType": "http://www.w3.org/2001/XMLSchema#string"
    },
    {
      "Issuer": "YuebonTeach",
      "OriginalIssuer": "YuebonTeach",
      "Properties": {},
      "Subject": null,
      "Type": "nbf",
      "Value": "1573558455",
      "ValueType": "http://www.w3.org/2001/XMLSchema#integer"
    },
    {
      "Issuer": "YuebonTeach",
      "OriginalIssuer": "YuebonTeach",
      "Properties": {},
      "Subject": null,
      "Type": "exp",
      "Value": "1573565655",
      "ValueType": "http://www.w3.org/2001/XMLSchema#integer"
    },
    {
      "Issuer": "YuebonTeach",
      "OriginalIssuer": "YuebonTeach",
      "Properties": {},
      "Subject": null,
      "Type": "iat",
      "Value": "1573558455",
      "ValueType": "http://www.w3.org/2001/XMLSchema#integer"
    }
  ],
  "EncodedHeader": "eyJhbGciOiJIUzI1NiIsInR5cCI6IkpXVCJ9",
  "EncodedPayload": "eyJhdWQiOiJ3eGFwcGxldCIsImlzcyI6Ill1ZWJvblRlYWNoIiwibmFtZSI6ImNxaW53biIsImlkIjoiMjAxOTA5MDYyMzIyMjA3MTQyMjQ2OCIsInJvbGUiOiIyMDE5MDkxNzIxMDUzMzQyODcxMzMyIiwic3ViIjoicGFzc3dvcmQiLCJuYmYiOjE1NzM1NTg0NTUsImV4cCI6MTU3MzU2NTY1NSwiaWF0IjoxNTczNTU4NDU1fQ",
  "Header": {
    "alg": "HS256",
    "typ": "JWT"
  },
  "Id": null,
  "Issuer": "YuebonTeach",
  "Payload": {
    "aud": "wxapplet",
    "iss": "YuebonTeach",
    "name": "cqinwn",
    "id": "2019090623222071422468",
    "role": "2019091721053342871332",
    "sub": "password",
    "nbf": 1573558455,
    "exp": 1573565655,
    "iat": 1573558455
  },
  "InnerToken": null,
  "RawAuthenticationTag": null,
  "RawCiphertext": null,
  "RawData": "eyJhbGciOiJIUzI1NiIsInR5cCI6IkpXVCJ9.eyJhdWQiOiJ3eGFwcGxldCIsImlzcyI6Ill1ZWJvblRlYWNoIiwibmFtZSI6ImNxaW53biIsImlkIjoiMjAxOTA5MDYyMzIyMjA3MTQyMjQ2OCIsInJvbGUiOiIyMDE5MDkxNzIxMDUzMzQyODcxMzMyIiwic3ViIjoicGFzc3dvcmQiLCJuYmYiOjE1NzM1NTg0NTUsImV4cCI6MTU3MzU2NTY1NSwiaWF0IjoxNTczNTU4NDU1fQ.qikggIZvyKwUO47cQ50RvTTLebjqQ-y4mvU_oFDaVzQ",
  "RawEncryptedKey": null,
  "RawInitializationVector": null,
  "RawHeader": "eyJhbGciOiJIUzI1NiIsInR5cCI6IkpXVCJ9",
  "RawPayload": "eyJhdWQiOiJ3eGFwcGxldCIsImlzcyI6Ill1ZWJvblRlYWNoIiwibmFtZSI6ImNxaW53biIsImlkIjoiMjAxOTA5MDYyMzIyMjA3MTQyMjQ2OCIsInJvbGUiOiIyMDE5MDkxNzIxMDUzMzQyODcxMzMyIiwic3ViIjoicGFzc3dvcmQiLCJuYmYiOjE1NzM1NTg0NTUsImV4cCI6MTU3MzU2NTY1NSwiaWF0IjoxNTczNTU4NDU1fQ",
  "RawSignature": "qikggIZvyKwUO47cQ50RvTTLebjqQ-y4mvU_oFDaVzQ",
  "SecurityKey": null,
  "SignatureAlgorithm": "HS256",
  "SigningCredentials": null,
  "EncryptingCredentials": null,
  "SigningKey": null,
  "Subject": "password",
  "ValidFrom": "2019-11-12 11:34:15",
  "ValidTo": "2019-11-12 13:34:15"
}
[20:36:47] (Yuebon.Quartz.Jobs.OperateTrajectoryMsgJob) 方法名称：Execute
日志内容：定时执行开始：2019/11/12 20:36:47
[20:36:47] (Yuebon.Quartz.Jobs.OperateTrajectoryMsgJob) 方法名称：Execute
日志内容：定时执行结束：2019/11/12 20:36:47
[20:41:47] (Yuebon.Quartz.Jobs.OperateTrajectoryMsgJob) 方法名称：Execute
日志内容：定时执行开始：2019/11/12 20:41:47
[20:41:47] (Yuebon.Quartz.Jobs.OperateTrajectoryMsgJob) 方法名称：Execute
日志内容：定时执行结束：2019/11/12 20:41:47
[20:46:46] (Yuebon.Quartz.Jobs.OperateTrajectoryMsgJob) 方法名称：Execute
日志内容：定时执行开始：2019/11/12 20:46:46
[20:46:47] (Yuebon.Quartz.Jobs.OperateTrajectoryMsgJob) 方法名称：Execute
日志内容：定时执行结束：2019/11/12 20:46:47
[20:51:47] (Yuebon.Quartz.Jobs.OperateTrajectoryMsgJob) 方法名称：Execute
日志内容：定时执行开始：2019/11/12 20:51:47
[20:51:47] (Yuebon.Quartz.Jobs.OperateTrajectoryMsgJob) 方法名称：Execute
日志内容：定时执行结束：2019/11/12 20:51:47
[20:56:47] (Yuebon.Quartz.Jobs.OperateTrajectoryMsgJob) 方法名称：Execute
日志内容：定时执行开始：2019/11/12 20:56:47
[20:56:47] (Yuebon.Quartz.Jobs.OperateTrajectoryMsgJob) 方法名称：Execute
日志内容：定时执行结束：2019/11/12 20:56:47
[21:01:47] (Yuebon.Quartz.Jobs.OperateTrajectoryMsgJob) 方法名称：Execute
日志内容：定时执行开始：2019/11/12 21:01:47
[21:01:47] (Yuebon.Quartz.Jobs.OperateTrajectoryMsgJob) 方法名称：Execute
日志内容：定时执行结束：2019/11/12 21:01:47
[21:06:47] (Yuebon.Quartz.Jobs.OperateTrajectoryMsgJob) 方法名称：Execute
日志内容：定时执行开始：2019/11/12 21:06:47
[21:06:47] (Yuebon.Quartz.Jobs.OperateTrajectoryMsgJob) 方法名称：Execute
日志内容：定时执行结束：2019/11/12 21:06:47
