[13:32:29] (Yuebon.Security.Application.UploadFileApp) 方法名称：Add
日志内容：收到新文件: 2.png
[13:32:30] (Yuebon.Security.Application.UploadFileApp) 方法名称：Add
日志内容：收到新文件: 1420492
[13:33:31] (Yuebon.Security.Application.UploadFileApp) 方法名称：UploadFile
日志内容：文件写入：D:\netcorespace\YueGroup\src\Yuebon.Api\Yuebon.WebApi\bin\Debug\netcoreapp3.0\/20190912/
[13:34:13] (Yuebon.Security.Application.UploadFileApp) 方法名称：Add
日志内容：收到新文件: 2.png
[13:34:15] (Yuebon.Security.Application.UploadFileApp) 方法名称：Add
日志内容：收到新文件: 1420492
[13:36:53] (Yuebon.Security.Application.UploadFileApp) 方法名称：UploadFile
日志内容：文件写入：D:\netcorespace\YueGroup\src\Yuebon.Api\Yuebon.WebApi\bin\Debug\netcoreapp3.0\/20190912/
[13:46:12] (Yuebon.Security.Application.UploadFileApp) 方法名称：Add
日志内容：收到新文件: 2.png
[13:46:12] (Yuebon.Security.Application.UploadFileApp) 方法名称：Add
日志内容：收到新文件: 1420492
[13:46:12] (Yuebon.Security.Application.UploadFileApp) 方法名称：UploadFile
日志内容：文件写入：D:\netcorespace\YueGroup\src\Yuebon.Api\Yuebon.WebApi\bin\Debug\netcoreapp3.0\/20190912/
[13:46:59] (Yuebon.Security.Application.UploadFileApp) 方法名称：Add
日志内容：收到新文件: 2.png
[13:46:59] (Yuebon.Security.Application.UploadFileApp) 方法名称：Add
日志内容：收到新文件: 1420492
[13:46:59] (Yuebon.Security.Application.UploadFileApp) 方法名称：UploadFile
日志内容：文件写入：D:\netcorespace\YueGroup\src\Yuebon.Api\Yuebon.WebApi\bin\Debug\netcoreapp3.0\/20190912/
[13:56:51] (Yuebon.Security.Application.UploadFileApp) 方法名称：Add
日志内容：收到新文件: 2.png
[13:56:51] (Yuebon.Security.Application.UploadFileApp) 方法名称：Add
日志内容：收到新文件: 1420492
[13:56:51] (Yuebon.Security.Application.UploadFileApp) 方法名称：UploadFile
日志内容：文件写入：D:\netcorespace\YueGroup\src\Yuebon.Api\Yuebon.WebApi\bin\Debug\netcoreapp3.0\/20190912/
[13:58:21] (Yuebon.Security.Application.UploadFileApp) 方法名称：Add
日志内容：收到新文件: 2.png
[13:58:21] (Yuebon.Security.Application.UploadFileApp) 方法名称：Add
日志内容：收到新文件: 1420492
[13:58:21] (Yuebon.Security.Application.UploadFileApp) 方法名称：UploadFile
日志内容：文件写入：D:\netcorespace\YueGroup\src\Yuebon.Api\Yuebon.WebApi\bin\Debug\netcoreapp3.0\/20190912/
[14:08:07] (Yuebon.Security.Application.UploadFileApp) 方法名称：Add
日志内容：收到新文件: 2.png
[14:08:07] (Yuebon.Security.Application.UploadFileApp) 方法名称：Add
日志内容：收到新文件: 1420492
[14:08:07] (Yuebon.Security.Application.UploadFileApp) 方法名称：UploadFile
日志内容：文件写入：D:\netcorespace\YueGroup\src\Yuebon.Api\Yuebon.WebApi\bin\Debug\netcoreapp3.0\/20190912/
[14:52:37] (Yuebon.Security.Application.UploadFileApp) 方法名称：Add
日志内容：收到新文件: 2.png
[14:52:38] (Yuebon.Security.Application.UploadFileApp) 方法名称：Add
日志内容：收到新文件: 1420492
[14:52:38] (Yuebon.Security.Application.UploadFileApp) 方法名称：UploadFile
日志内容：文件写入：D:\netcorespace\YueGroup\src\Yuebon.Api\Yuebon.WebApi\bin\Debug\netcoreapp3.0\/upload/20190912/
[14:53:53] (Yuebon.Security.Application.UploadFileApp) 方法名称：Add
日志内容：收到新文件: 2.png
[14:53:53] (Yuebon.Security.Application.UploadFileApp) 方法名称：Add
日志内容：收到新文件: 1420492
[14:53:53] (Yuebon.Security.Application.UploadFileApp) 方法名称：UploadFile
日志内容：文件写入：D:\netcorespace\YueGroup\src\Yuebon.Api\Yuebon.WebApi\bin\Debug\netcoreapp3.0\/upload/20190912/
[14:54:46] (Yuebon.Security.Application.UploadFileApp) 方法名称：Add
日志内容：收到新文件: 2.png
[14:54:46] (Yuebon.Security.Application.UploadFileApp) 方法名称：Add
日志内容：收到新文件: 1420492
[14:54:46] (Yuebon.Security.Application.UploadFileApp) 方法名称：UploadFile
日志内容：文件写入：D:\netcorespace\YueGroup\src\Yuebon.Api\Yuebon.WebApi\bin\Debug\netcoreapp3.0\/upload/20190912/
[14:57:35] (Yuebon.Security.Application.UploadFileApp) 方法名称：Add
日志内容：收到新文件: 3.png
[14:57:35] (Yuebon.Security.Application.UploadFileApp) 方法名称：Add
日志内容：收到新文件: 1498751
[14:57:35] (Yuebon.Security.Application.UploadFileApp) 方法名称：UploadFile
日志内容：文件写入：D:\netcorespace\YueGroup\src\Yuebon.Api\Yuebon.WebApi\bin\Debug\netcoreapp3.0\/upload/20190912/
[14:58:52] (Yuebon.Security.Application.UploadFileApp) 方法名称：Add
日志内容：收到新文件: 3.png
[14:58:52] (Yuebon.Security.Application.UploadFileApp) 方法名称：Add
日志内容：收到新文件: 1498751
[14:58:52] (Yuebon.Security.Application.UploadFileApp) 方法名称：UploadFile
日志内容：文件写入：D:\netcorespace\YueGroup\src\Yuebon.Api\Yuebon.WebApi\bin\Debug\netcoreapp3.0\/upload/20190912/
[14:58:53] (Yuebon.Security.Application.UploadFileApp) 方法名称：Add
日志内容：收到新文件: 9.jpg
[14:58:53] (Yuebon.Security.Application.UploadFileApp) 方法名称：Add
日志内容：收到新文件: 705751
[14:58:53] (Yuebon.Security.Application.UploadFileApp) 方法名称：UploadFile
日志内容：文件写入：D:\netcorespace\YueGroup\src\Yuebon.Api\Yuebon.WebApi\bin\Debug\netcoreapp3.0\/upload/20190912/
[15:00:10] (Yuebon.Security.Application.UploadFileApp) 方法名称：Add
日志内容：收到新文件: 6.png
[15:00:10] (Yuebon.Security.Application.UploadFileApp) 方法名称：Add
日志内容：收到新文件: 1423533
[15:00:10] (Yuebon.Security.Application.UploadFileApp) 方法名称：UploadFile
日志内容：文件写入：D:\netcorespace\YueGroup\src\Yuebon.Api\Yuebon.WebApi\bin\Debug\netcoreapp3.0\/upload/20190912/
[15:00:11] (Yuebon.Security.Application.UploadFileApp) 方法名称：Add
日志内容：收到新文件: 8.jpg
[15:00:11] (Yuebon.Security.Application.UploadFileApp) 方法名称：Add
日志内容：收到新文件: 599222
[15:00:11] (Yuebon.Security.Application.UploadFileApp) 方法名称：UploadFile
日志内容：文件写入：D:\netcorespace\YueGroup\src\Yuebon.Api\Yuebon.WebApi\bin\Debug\netcoreapp3.0\/upload/20190912/
[15:00:47] (Yuebon.Security.Application.UploadFileApp) 方法名称：Add
日志内容：收到新文件: 2.png
[15:00:47] (Yuebon.Security.Application.UploadFileApp) 方法名称：Add
日志内容：收到新文件: 1420492
[15:00:47] (Yuebon.Security.Application.UploadFileApp) 方法名称：UploadFile
日志内容：文件写入：D:\netcorespace\YueGroup\src\Yuebon.Api\Yuebon.WebApi\bin\Debug\netcoreapp3.0\/upload/20190912/
[15:06:47] (Yuebon.Security.Application.UploadFileApp) 方法名称：Add
日志内容：收到新文件: 12.jpg
[15:06:47] (Yuebon.Security.Application.UploadFileApp) 方法名称：Add
日志内容：收到新文件: 752998
[15:06:47] (Yuebon.Security.Application.UploadFileApp) 方法名称：UploadFile
日志内容：文件写入：D:\netcorespace\YueGroup\src\Yuebon.Api\Yuebon.WebApi\bin\Debug\netcoreapp3.0\/upload/20190912/
[15:07:43] (Yuebon.Security.Application.UploadFileApp) 方法名称：Add
日志内容：收到新文件: 12.jpg
[15:07:43] (Yuebon.Security.Application.UploadFileApp) 方法名称：Add
日志内容：收到新文件: 752998
[15:07:43] (Yuebon.Security.Application.UploadFileApp) 方法名称：UploadFile
日志内容：文件写入：D:\netcorespace\YueGroup\src\Yuebon.Api\Yuebon.WebApi\bin\Debug\netcoreapp3.0\/upload/20190912/
[15:17:03] (Yuebon.Security.Application.UploadFileApp) 方法名称：Add
日志内容：收到新文件: 2.png
[15:17:03] (Yuebon.Security.Application.UploadFileApp) 方法名称：Add
日志内容：收到新文件: 1420492
[15:17:03] (Yuebon.Security.Application.UploadFileApp) 方法名称：UploadFile
日志内容：文件写入：D:\netcorespace\YueGroup\src\Yuebon.Api\Yuebon.WebApi\bin\Debug\netcoreapp3.0\/upload/20190912/
[15:18:56] (Yuebon.Security.Application.UploadFileApp) 方法名称：Add
日志内容：收到新文件: 2.png
[15:18:56] (Yuebon.Security.Application.UploadFileApp) 方法名称：Add
日志内容：收到新文件: 1420492
[15:18:56] (Yuebon.Security.Application.UploadFileApp) 方法名称：UploadFile
日志内容：文件写入：D:\netcorespace\YueGroup\src\Yuebon.Api\Yuebon.WebApi\bin\Debug\netcoreapp3.0\/upload/20190912/
