【13:12:36.696】  Yuebon.Quartz.Job.MessageNotice.OperateTrajectoryQuartz T19 
方法名称：SendTrajectoryNotice
日志内容：消息推送,用户:
{
  "ErrCode": "-1",
  "ErrMsg": null,
  "Success": false,
  "ResData": null
}
【13:34:38.784】  Yuebon.Quartz.Job.MessageNotice.OperateTrajectoryQuartz T4 
方法名称：SendTrajectoryNotice
日志内容：消息推送,用户:
{
  "ErrCode": "-1",
  "ErrMsg": null,
  "Success": false,
  "ResData": null
}
【13:39:05.794】  Yuebon.Quartz.Job.MessageNotice.OperateTrajectoryQuartz T8 
方法名称：SendTrajectoryNotice
日志内容：消息推送,用户:
{
  "ErrCode": "-1",
  "ErrMsg": null,
  "Success": false,
  "ResData": null
}
【13:41:03.349】  Yuebon.Quartz.Job.MessageNotice.OperateTrajectoryQuartz T19 
方法名称：SendTrajectoryNotice
日志内容：消息推送,用户:
{
  "ErrCode": "-1",
  "ErrMsg": null,
  "Success": false,
  "ResData": null
}
【13:43:34.049】  Yuebon.Quartz.Job.MessageNotice.OperateTrajectoryQuartz T4 
方法名称：SendTrajectoryNotice
日志内容：消息推送,用户:
{
  "ErrCode": "-1",
  "ErrMsg": null,
  "Success": false,
  "ResData": null
}
【13:47:03.608】  Yuebon.Quartz.Job.MessageNotice.OperateTrajectoryQuartz T7 
方法名称：SendTrajectoryNotice
日志内容：消息推送,用户:
{
  "ErrCode": "-1",
  "ErrMsg": null,
  "Success": false,
  "ResData": null
}
【13:53:08.474】  Yuebon.Quartz.Job.MessageNotice.OperateTrajectoryQuartz T22 
方法名称：SendTrajectoryNotice
日志内容：消息推送,用户:
{
  "ErrCode": "-1",
  "ErrMsg": null,
  "Success": false,
  "ResData": null
}
【13:58:06.460】  Yuebon.Quartz.Job.MessageNotice.OperateTrajectoryQuartz T49 
方法名称：SendTrajectoryNotice
日志内容：消息推送,用户:
{
  "ErrCode": "-1",
  "ErrMsg": null,
  "Success": false,
  "ResData": null
}
【14:03:06.385】  Yuebon.Quartz.Job.MessageNotice.OperateTrajectoryQuartz T49 
方法名称：SendTrajectoryNotice
日志内容：消息推送,用户:
{
  "ErrCode": "-1",
  "ErrMsg": null,
  "Success": false,
  "ResData": null
}
【14:08:06.343】  Yuebon.Quartz.Job.MessageNotice.OperateTrajectoryQuartz T49 
方法名称：SendTrajectoryNotice
日志内容：消息推送,用户:
{
  "ErrCode": "-1",
  "ErrMsg": null,
  "Success": false,
  "ResData": null
}
